{"contracts/BaseCreditPool.sol":{"l":{"136":39,"137":39,"138":39,"139":39,"140":39,"141":39,"142":39,"143":39,"145":39,"146":39,"147":39,"149":39,"161":14,"163":13,"165":12,"168":12,"170":8,"171":1,"174":9,"177":9,"179":5,"182":5,"183":4,"184":4,"190":5,"192":9,"201":51,"203":51,"204":50,"206":50,"207":45,"208":39,"221":1,"225":1,"226":1,"227":1,"251":37,"253":37,"273":11,"274":10,"291":51,"308":13,"311":13,"313":13,"315":12,"316":5,"322":12,"325":5,"327":5,"329":5,"331":5,"333":5,"335":5,"339":87,"347":73,"351":3,"359":22,"360":22,"375":6,"395":67,"396":67,"398":67,"400":67,"418":69,"420":67,"421":2,"428":54,"429":1,"431":53,"432":1,"446":58,"449":48,"453":48,"456":48,"460":10,"461":4,"462":4,"463":1,"466":9,"477":7,"481":5,"491":5,"494":53,"496":53,"500":52,"503":52,"505":52,"521":82,"523":81,"525":77,"527":77,"530":4,"531":4,"532":3,"533":3,"534":3,"540":1,"545":76,"547":74,"554":74,"555":74,"557":74,"558":28,"559":28,"562":74,"564":74,"605":46,"607":44,"609":43,"611":43,"616":5,"617":3,"619":1,"622":39,"625":10,"630":39,"636":39,"642":39,"645":6,"646":2,"655":37,"658":37,"660":37,"661":18,"662":4,"663":4,"665":4,"666":2,"668":2,"669":2,"672":14,"675":14,"677":14,"678":14,"679":14,"680":14,"683":14,"687":18,"689":16,"702":18,"703":3,"706":19,"707":19,"709":19,"710":2,"720":17,"721":17,"725":19,"726":19,"727":19,"728":19,"729":19,"732":19,"733":8,"734":8,"738":37,"740":37,"742":31,"743":31,"754":37,"763":5,"765":5,"766":4,"767":4,"768":2,"770":2,"771":2,"773":4,"774":4,"775":4,"780":1,"786":128,"787":3,"807":87,"808":87,"809":87,"814":87,"815":87,"816":87,"824":87,"825":82,"827":82,"828":81,"829":6,"831":81,"835":82,"836":82,"837":29,"843":82,"844":56,"846":26,"850":82,"853":82,"854":17,"857":82,"859":82,"865":285,"874":60,"879":328,"888":128,"893":13,"894":1,"899":79,"900":3},"path":"/Users/richard/Huma/huma-contracts/contracts/BaseCreditPool.sol","s":{"1":39,"2":39,"3":39,"4":39,"5":39,"6":39,"7":39,"8":14,"9":13,"10":12,"11":12,"12":4,"13":8,"14":9,"15":5,"16":5,"17":4,"18":9,"19":51,"20":51,"21":50,"22":50,"23":45,"24":39,"25":1,"26":1,"27":1,"28":37,"29":1,"30":11,"31":10,"32":1,"33":9,"34":51,"35":13,"36":13,"37":13,"38":12,"39":12,"40":5,"41":5,"42":5,"43":87,"44":73,"45":3,"46":2,"47":1,"48":22,"49":22,"50":6,"51":67,"52":67,"53":67,"54":69,"55":67,"56":65,"57":54,"58":53,"59":58,"60":10,"61":4,"62":9,"63":7,"64":53,"65":53,"66":52,"67":52,"68":52,"69":52,"70":82,"71":81,"72":77,"73":77,"74":4,"75":3,"76":76,"77":74,"78":74,"79":28,"80":74,"81":74,"82":46,"83":44,"84":43,"85":43,"86":5,"87":2,"88":1,"89":39,"90":39,"91":39,"92":39,"93":6,"94":2,"95":2,"96":37,"97":37,"98":37,"99":18,"100":4,"101":14,"102":18,"103":18,"104":3,"105":19,"106":2,"107":17,"108":1,"109":16,"110":12,"111":19,"112":8,"113":37,"114":37,"115":31,"116":31,"117":37,"118":5,"119":5,"120":4,"121":4,"122":2,"123":1,"124":128,"125":87,"126":87,"127":87,"128":87,"129":87,"130":82,"131":81,"132":81,"133":56,"134":25,"135":1,"136":82,"137":82,"138":82,"139":82,"140":82,"141":17,"142":82,"143":82,"144":60,"145":328,"146":128,"147":13,"148":79},"b":{"1":[4,8],"2":[1,7],"3":[5,4],"4":[4,1],"5":[1,50],"6":[1,36],"7":[10,1],"8":[1,9],"9":[1,12],"10":[5,7],"11":[7,5],"12":[2,1],"13":[6,16],"14":[1,1],"15":[2,4],"16":[5,62],"17":[2,65],"18":[54,11],"19":[1,53],"20":[1,52],"21":[48,10],"22":[4,6],"23":[1,3],"24":[2,7],"25":[2,5],"26":[52,0],"27":[1,81],"28":[4,73],"29":[3,1],"30":[28,46],"31":[1,43],"32":[5,38],"33":[1,1],"34":[1,3],"35":[3,2],"36":[1,1],"37":[10,29],"38":[6,33],"39":[2,4],"40":[2,0],"41":[18,19],"42":[4,14],"43":[2,2],"44":[1,13],"45":[16,2],"46":[3,15],"47":[2,17],"48":[1,16],"49":[12,4],"50":[8,11],"51":[31,6],"52":[4,1],"53":[2,2],"54":[3,125],"55":[48,39],"56":[20,67],"57":[82,5],"58":[81,1],"59":[6,75],"60":[56,25],"61":[1,24],"62":[29,53],"63":[56,26],"64":[17,65],"65":[17,65],"66":[16,1],"67":[1,12],"68":[3,76]},"f":{"1":39,"2":14,"3":51,"4":1,"5":37,"6":11,"7":51,"8":13,"9":87,"10":73,"11":3,"12":22,"13":6,"14":67,"15":69,"16":58,"17":82,"18":46,"19":5,"20":128,"21":87,"22":285,"23":60,"24":328,"25":128,"26":13,"27":79},"fnMap":{"1":{"name":"approveCredit","line":129,"loc":{"start":{"line":129,"column":4},"end":{"line":150,"column":4}}},"2":{"name":"changeCreditLine","line":160,"loc":{"start":{"line":160,"column":4},"end":{"line":193,"column":4}}},"3":{"name":"drawdown","line":200,"loc":{"start":{"line":200,"column":4},"end":{"line":209,"column":4}}},"4":{"name":"extendCreditLineDuration","line":216,"loc":{"start":{"line":216,"column":4},"end":{"line":233,"column":4}}},"5":{"name":"makePayment","line":245,"loc":{"start":{"line":245,"column":4},"end":{"line":254,"column":4}}},"6":{"name":"refreshAccount","line":267,"loc":{"start":{"line":267,"column":4},"end":{"line":277,"column":4}}},"7":{"name":"requestCredit","line":285,"loc":{"start":{"line":285,"column":4},"end":{"line":299,"column":4}}},"8":{"name":"triggerDefault","line":307,"loc":{"start":{"line":307,"column":4},"end":{"line":336,"column":4}}},"9":{"name":"creditRecordMapping","line":338,"loc":{"start":{"line":338,"column":4},"end":{"line":340,"column":4}}},"10":{"name":"creditRecordStaticMapping","line":342,"loc":{"start":{"line":342,"column":4},"end":{"line":348,"column":4}}},"11":{"name":"isApproved","line":350,"loc":{"start":{"line":350,"column":4},"end":{"line":353,"column":4}}},"12":{"name":"isDefaultReady","line":358,"loc":{"start":{"line":358,"column":4},"end":{"line":365,"column":4}}},"13":{"name":"isLate","line":374,"loc":{"start":{"line":374,"column":4},"end":{"line":381,"column":4}}},"14":{"name":"_approveCredit","line":383,"loc":{"start":{"line":383,"column":4},"end":{"line":401,"column":4}}},"15":{"name":"_checkDrawdownEligibility","line":413,"loc":{"start":{"line":413,"column":4},"end":{"line":434,"column":4}}},"16":{"name":"_drawdown","line":441,"loc":{"start":{"line":441,"column":4},"end":{"line":506,"column":4}}},"17":{"name":"_initiateCredit","line":513,"loc":{"start":{"line":513,"column":4},"end":{"line":572,"column":4}}},"18":{"name":"_makePayment","line":593,"loc":{"start":{"line":593,"column":4},"end":{"line":755,"column":4}}},"19":{"name":"_recoverDefaultedAmount","line":762,"loc":{"start":{"line":762,"column":4},"end":{"line":782,"column":4}}},"20":{"name":"_maxCreditLineCheck","line":785,"loc":{"start":{"line":785,"column":4},"end":{"line":789,"column":4}}},"21":{"name":"_updateDueInfo","line":802,"loc":{"start":{"line":802,"column":4},"end":{"line":861,"column":4}}},"22":{"name":"_setCreditRecord","line":864,"loc":{"start":{"line":864,"column":4},"end":{"line":866,"column":4}}},"23":{"name":"_calcCorrection","line":869,"loc":{"start":{"line":869,"column":4},"end":{"line":875,"column":4}}},"24":{"name":"_getCreditRecord","line":878,"loc":{"start":{"line":878,"column":4},"end":{"line":880,"column":4}}},"25":{"name":"_getCreditRecordStatic","line":883,"loc":{"start":{"line":883,"column":4},"end":{"line":889,"column":4}}},"26":{"name":"onlyPDSServiceAccount","line":892,"loc":{"start":{"line":892,"column":4},"end":{"line":895,"column":4}}},"27":{"name":"onlyEAServiceAccount","line":898,"loc":{"start":{"line":898,"column":4},"end":{"line":901,"column":4}}}},"statementMap":{"1":{"start":{"line":136,"column":8},"end":{"line":136,"column":27}},"2":{"start":{"line":137,"column":8},"end":{"line":137,"column":29}},"3":{"start":{"line":138,"column":8},"end":{"line":138,"column":39}},"4":{"start":{"line":139,"column":8},"end":{"line":139,"column":75}},"5":{"start":{"line":145,"column":8},"end":{"line":145,"column":62}},"6":{"start":{"line":147,"column":8},"end":{"line":147,"column":53}},"7":{"start":{"line":149,"column":8},"end":{"line":149,"column":94}},"8":{"start":{"line":161,"column":8},"end":{"line":161,"column":27}},"9":{"start":{"line":163,"column":8},"end":{"line":163,"column":42}},"10":{"start":{"line":165,"column":8},"end":{"line":165,"column":81}},"11":{"start":{"line":168,"column":8},"end":{"line":168,"column":6438}},"12":{"start":{"line":168,"column":45},"end":{"line":168,"column":66}},"13":{"start":{"line":170,"column":12},"end":{"line":170,"column":6585}},"14":{"start":{"line":177,"column":8},"end":{"line":177,"column":6853}},"15":{"start":{"line":179,"column":12},"end":{"line":179,"column":77}},"16":{"start":{"line":182,"column":12},"end":{"line":182,"column":7153}},"17":{"start":{"line":184,"column":16},"end":{"line":184,"column":7306}},"18":{"start":{"line":192,"column":8},"end":{"line":192,"column":72}},"19":{"start":{"line":201,"column":8},"end":{"line":201,"column":37}},"20":{"start":{"line":203,"column":8},"end":{"line":203,"column":65}},"21":{"start":{"line":204,"column":8},"end":{"line":204,"column":62}},"22":{"start":{"line":206,"column":8},"end":{"line":206,"column":60}},"23":{"start":{"line":207,"column":8},"end":{"line":207,"column":75}},"24":{"start":{"line":208,"column":8},"end":{"line":208,"column":70}},"25":{"start":{"line":221,"column":8},"end":{"line":221,"column":29}},"26":{"start":{"line":225,"column":8},"end":{"line":225,"column":44}},"27":{"start":{"line":227,"column":8},"end":{"line":227,"column":9156}},"28":{"start":{"line":251,"column":8},"end":{"line":251,"column":59}},"29":{"start":{"line":251,"column":36},"end":{"line":251,"column":58}},"30":{"start":{"line":273,"column":8},"end":{"line":273,"column":11244}},"31":{"start":{"line":274,"column":12},"end":{"line":274,"column":11381}},"32":{"start":{"line":274,"column":42},"end":{"line":274,"column":87}},"33":{"start":{"line":275,"column":17},"end":{"line":275,"column":61}},"34":{"start":{"line":291,"column":8},"end":{"line":291,"column":12022}},"35":{"start":{"line":308,"column":8},"end":{"line":308,"column":27}},"36":{"start":{"line":311,"column":8},"end":{"line":311,"column":62}},"37":{"start":{"line":313,"column":8},"end":{"line":313,"column":96}},"38":{"start":{"line":315,"column":8},"end":{"line":315,"column":12837}},"39":{"start":{"line":322,"column":8},"end":{"line":322,"column":79}},"40":{"start":{"line":331,"column":8},"end":{"line":331,"column":31}},"41":{"start":{"line":333,"column":8},"end":{"line":333,"column":59}},"42":{"start":{"line":335,"column":8},"end":{"line":335,"column":21}},"43":{"start":{"line":339,"column":8},"end":{"line":339,"column":44}},"44":{"start":{"line":347,"column":8},"end":{"line":347,"column":50}},"45":{"start":{"line":351,"column":8},"end":{"line":351,"column":14124}},"46":{"start":{"line":351,"column":79},"end":{"line":351,"column":90}},"47":{"start":{"line":352,"column":13},"end":{"line":352,"column":25}},"48":{"start":{"line":359,"column":8},"end":{"line":359,"column":83}},"49":{"start":{"line":360,"column":8},"end":{"line":360,"column":14520}},"50":{"start":{"line":375,"column":8},"end":{"line":375,"column":15262}},"51":{"start":{"line":395,"column":8},"end":{"line":395,"column":77}},"52":{"start":{"line":396,"column":8},"end":{"line":396,"column":79}},"53":{"start":{"line":400,"column":8},"end":{"line":400,"column":17}},"54":{"start":{"line":418,"column":8},"end":{"line":418,"column":27}},"55":{"start":{"line":420,"column":8},"end":{"line":420,"column":17268}},"56":{"start":{"line":422,"column":13},"end":{"line":422,"column":17426}},"57":{"start":{"line":428,"column":12},"end":{"line":428,"column":17973}},"58":{"start":{"line":431,"column":12},"end":{"line":431,"column":18090}},"59":{"start":{"line":446,"column":8},"end":{"line":446,"column":18495}},"60":{"start":{"line":460,"column":12},"end":{"line":460,"column":19095}},"61":{"start":{"line":462,"column":16},"end":{"line":462,"column":19263}},"62":{"start":{"line":466,"column":12},"end":{"line":466,"column":19385}},"63":{"start":{"line":477,"column":12},"end":{"line":477,"column":84}},"64":{"start":{"line":494,"column":8},"end":{"line":494,"column":37}},"65":{"start":{"line":496,"column":8},"end":{"line":496,"column":20621}},"66":{"start":{"line":500,"column":8},"end":{"line":500,"column":60}},"67":{"start":{"line":500,"column":30},"end":{"line":500,"column":59}},"68":{"start":{"line":503,"column":8},"end":{"line":503,"column":67}},"69":{"start":{"line":505,"column":8},"end":{"line":505,"column":34}},"70":{"start":{"line":521,"column":8},"end":{"line":521,"column":82}},"71":{"start":{"line":523,"column":8},"end":{"line":523,"column":27}},"72":{"start":{"line":525,"column":8},"end":{"line":525,"column":62}},"73":{"start":{"line":527,"column":8},"end":{"line":527,"column":21673}},"74":{"start":{"line":531,"column":12},"end":{"line":531,"column":21934}},"75":{"start":{"line":534,"column":16},"end":{"line":534,"column":22100}},"76":{"start":{"line":545,"column":8},"end":{"line":545,"column":39}},"77":{"start":{"line":554,"column":8},"end":{"line":554,"column":34}},"78":{"start":{"line":557,"column":8},"end":{"line":557,"column":22879}},"79":{"start":{"line":559,"column":12},"end":{"line":559,"column":98}},"80":{"start":{"line":562,"column":8},"end":{"line":562,"column":38}},"81":{"start":{"line":564,"column":8},"end":{"line":564,"column":23099}},"82":{"start":{"line":605,"column":8},"end":{"line":605,"column":27}},"83":{"start":{"line":607,"column":8},"end":{"line":607,"column":59}},"84":{"start":{"line":609,"column":8},"end":{"line":609,"column":62}},"85":{"start":{"line":611,"column":8},"end":{"line":611,"column":24933}},"86":{"start":{"line":616,"column":12},"end":{"line":616,"column":25143}},"87":{"start":{"line":618,"column":17},"end":{"line":618,"column":25281}},"88":{"start":{"line":619,"column":16},"end":{"line":619,"column":39}},"89":{"start":{"line":622,"column":8},"end":{"line":622,"column":25369}},"90":{"start":{"line":630,"column":8},"end":{"line":630,"column":25751}},"91":{"start":{"line":636,"column":8},"end":{"line":636,"column":25988}},"92":{"start":{"line":642,"column":8},"end":{"line":642,"column":26260}},"93":{"start":{"line":645,"column":12},"end":{"line":645,"column":26507}},"94":{"start":{"line":646,"column":16},"end":{"line":646,"column":26601}},"95":{"start":{"line":649,"column":18},"end":{"line":649,"column":41}},"96":{"start":{"line":655,"column":8},"end":{"line":655,"column":31}},"97":{"start":{"line":658,"column":8},"end":{"line":658,"column":36}},"98":{"start":{"line":660,"column":8},"end":{"line":660,"column":27063}},"99":{"start":{"line":661,"column":12},"end":{"line":661,"column":27108}},"100":{"start":{"line":665,"column":16},"end":{"line":665,"column":27259}},"101":{"start":{"line":683,"column":16},"end":{"line":683,"column":94}},"102":{"start":{"line":687,"column":12},"end":{"line":687,"column":28174}},"103":{"start":{"line":702,"column":12},"end":{"line":702,"column":28858}},"104":{"start":{"line":703,"column":16},"end":{"line":703,"column":65}},"105":{"start":{"line":709,"column":12},"end":{"line":709,"column":29107}},"106":{"start":{"line":710,"column":16},"end":{"line":710,"column":65}},"107":{"start":{"line":721,"column":16},"end":{"line":721,"column":30065}},"108":{"start":{"line":721,"column":39},"end":{"line":721,"column":86}},"109":{"start":{"line":722,"column":21},"end":{"line":722,"column":93}},"110":{"start":{"line":722,"column":44},"end":{"line":722,"column":92}},"111":{"start":{"line":732,"column":12},"end":{"line":732,"column":30463}},"112":{"start":{"line":734,"column":16},"end":{"line":734,"column":92}},"113":{"start":{"line":738,"column":8},"end":{"line":738,"column":37}},"114":{"start":{"line":740,"column":8},"end":{"line":740,"column":30710}},"115":{"start":{"line":742,"column":12},"end":{"line":742,"column":86}},"116":{"start":{"line":743,"column":12},"end":{"line":743,"column":30957}},"117":{"start":{"line":754,"column":8},"end":{"line":754,"column":72}},"118":{"start":{"line":763,"column":8},"end":{"line":763,"column":82}},"119":{"start":{"line":765,"column":8},"end":{"line":765,"column":31816}},"120":{"start":{"line":766,"column":12},"end":{"line":766,"column":38}},"121":{"start":{"line":767,"column":12},"end":{"line":767,"column":31898}},"122":{"start":{"line":771,"column":16},"end":{"line":771,"column":69}},"123":{"start":{"line":780,"column":12},"end":{"line":780,"column":44}},"124":{"start":{"line":786,"column":8},"end":{"line":786,"column":32825}},"125":{"start":{"line":808,"column":8},"end":{"line":808,"column":43}},"126":{"start":{"line":809,"column":8},"end":{"line":809,"column":57}},"127":{"start":{"line":814,"column":8},"end":{"line":814,"column":33}},"128":{"start":{"line":815,"column":8},"end":{"line":815,"column":24}},"129":{"start":{"line":824,"column":8},"end":{"line":824,"column":34568}},"130":{"start":{"line":827,"column":12},"end":{"line":827,"column":34673}},"131":{"start":{"line":828,"column":16},"end":{"line":828,"column":34795}},"132":{"start":{"line":831,"column":16},"end":{"line":831,"column":34937}},"133":{"start":{"line":831,"column":36},"end":{"line":831,"column":80}},"134":{"start":{"line":832,"column":21},"end":{"line":832,"column":87}},"135":{"start":{"line":832,"column":41},"end":{"line":832,"column":86}},"136":{"start":{"line":835,"column":12},"end":{"line":835,"column":87}},"137":{"start":{"line":836,"column":12},"end":{"line":836,"column":35211}},"138":{"start":{"line":843,"column":12},"end":{"line":843,"column":35500}},"139":{"start":{"line":850,"column":12},"end":{"line":850,"column":35816}},"140":{"start":{"line":853,"column":12},"end":{"line":853,"column":35966}},"141":{"start":{"line":854,"column":16},"end":{"line":854,"column":91}},"142":{"start":{"line":857,"column":12},"end":{"line":857,"column":41}},"143":{"start":{"line":859,"column":12},"end":{"line":859,"column":64}},"144":{"start":{"line":874,"column":8},"end":{"line":874,"column":68}},"145":{"start":{"line":879,"column":8},"end":{"line":879,"column":44}},"146":{"start":{"line":888,"column":8},"end":{"line":888,"column":50}},"147":{"start":{"line":893,"column":8},"end":{"line":893,"column":37438}},"148":{"start":{"line":899,"column":8},"end":{"line":899,"column":37707}}},"branchMap":{"1":{"line":168,"type":"if","locations":[{"start":{"line":168,"column":8},"end":{"line":168,"column":8}},{"start":{"line":168,"column":8},"end":{"line":168,"column":8}}]},"2":{"line":170,"type":"if","locations":[{"start":{"line":170,"column":12},"end":{"line":170,"column":12}},{"start":{"line":170,"column":12},"end":{"line":170,"column":12}}]},"3":{"line":177,"type":"if","locations":[{"start":{"line":177,"column":8},"end":{"line":177,"column":8}},{"start":{"line":177,"column":8},"end":{"line":177,"column":8}}]},"4":{"line":182,"type":"if","locations":[{"start":{"line":182,"column":12},"end":{"line":182,"column":12}},{"start":{"line":182,"column":12},"end":{"line":182,"column":12}}]},"5":{"line":203,"type":"if","locations":[{"start":{"line":203,"column":8},"end":{"line":203,"column":8}},{"start":{"line":203,"column":8},"end":{"line":203,"column":8}}]},"6":{"line":251,"type":"if","locations":[{"start":{"line":251,"column":8},"end":{"line":251,"column":8}},{"start":{"line":251,"column":8},"end":{"line":251,"column":8}}]},"7":{"line":273,"type":"if","locations":[{"start":{"line":273,"column":8},"end":{"line":273,"column":8}},{"start":{"line":273,"column":8},"end":{"line":273,"column":8}}]},"8":{"line":274,"type":"if","locations":[{"start":{"line":274,"column":12},"end":{"line":274,"column":12}},{"start":{"line":274,"column":12},"end":{"line":274,"column":12}}]},"9":{"line":313,"type":"if","locations":[{"start":{"line":313,"column":8},"end":{"line":313,"column":8}},{"start":{"line":313,"column":8},"end":{"line":313,"column":8}}]},"10":{"line":315,"type":"if","locations":[{"start":{"line":315,"column":8},"end":{"line":315,"column":8}},{"start":{"line":315,"column":8},"end":{"line":315,"column":8}}]},"11":{"line":322,"type":"if","locations":[{"start":{"line":322,"column":8},"end":{"line":322,"column":8}},{"start":{"line":322,"column":8},"end":{"line":322,"column":8}}]},"12":{"line":351,"type":"if","locations":[{"start":{"line":351,"column":8},"end":{"line":351,"column":8}},{"start":{"line":351,"column":8},"end":{"line":351,"column":8}}]},"13":{"line":363,"type":"if","locations":[{"start":{"line":363,"column":18},"end":{"line":363,"column":21}},{"start":{"line":364,"column":18},"end":{"line":364,"column":22}}]},"14":{"line":377,"type":"cond-expr","locations":[{"start":{"line":377,"column":17},"end":{"line":377,"column":64}},{"start":{"line":378,"column":20},"end":{"line":378,"column":75}}]},"15":{"line":379,"type":"if","locations":[{"start":{"line":379,"column":18},"end":{"line":379,"column":21}},{"start":{"line":380,"column":18},"end":{"line":380,"column":22}}]},"16":{"line":396,"type":"if","locations":[{"start":{"line":396,"column":8},"end":{"line":396,"column":8}},{"start":{"line":396,"column":8},"end":{"line":396,"column":8}}]},"17":{"line":420,"type":"if","locations":[{"start":{"line":420,"column":8},"end":{"line":420,"column":8}},{"start":{"line":420,"column":8},"end":{"line":420,"column":8}}]},"18":{"line":422,"type":"if","locations":[{"start":{"line":422,"column":13},"end":{"line":422,"column":13}},{"start":{"line":422,"column":13},"end":{"line":422,"column":13}}]},"19":{"line":428,"type":"if","locations":[{"start":{"line":428,"column":12},"end":{"line":428,"column":12}},{"start":{"line":428,"column":12},"end":{"line":428,"column":12}}]},"20":{"line":431,"type":"if","locations":[{"start":{"line":431,"column":12},"end":{"line":431,"column":12}},{"start":{"line":431,"column":12},"end":{"line":431,"column":12}}]},"21":{"line":446,"type":"if","locations":[{"start":{"line":446,"column":8},"end":{"line":446,"column":8}},{"start":{"line":446,"column":8},"end":{"line":446,"column":8}}]},"22":{"line":460,"type":"if","locations":[{"start":{"line":460,"column":12},"end":{"line":460,"column":12}},{"start":{"line":460,"column":12},"end":{"line":460,"column":12}}]},"23":{"line":462,"type":"if","locations":[{"start":{"line":462,"column":16},"end":{"line":462,"column":16}},{"start":{"line":462,"column":16},"end":{"line":462,"column":16}}]},"24":{"line":466,"type":"if","locations":[{"start":{"line":466,"column":12},"end":{"line":466,"column":12}},{"start":{"line":466,"column":12},"end":{"line":466,"column":12}}]},"25":{"line":477,"type":"if","locations":[{"start":{"line":477,"column":12},"end":{"line":477,"column":12}},{"start":{"line":477,"column":12},"end":{"line":477,"column":12}}]},"26":{"line":500,"type":"if","locations":[{"start":{"line":500,"column":8},"end":{"line":500,"column":8}},{"start":{"line":500,"column":8},"end":{"line":500,"column":8}}]},"27":{"line":521,"type":"if","locations":[{"start":{"line":521,"column":8},"end":{"line":521,"column":8}},{"start":{"line":521,"column":8},"end":{"line":521,"column":8}}]},"28":{"line":527,"type":"if","locations":[{"start":{"line":527,"column":8},"end":{"line":527,"column":8}},{"start":{"line":527,"column":8},"end":{"line":527,"column":8}}]},"29":{"line":531,"type":"if","locations":[{"start":{"line":531,"column":12},"end":{"line":531,"column":12}},{"start":{"line":531,"column":12},"end":{"line":531,"column":12}}]},"30":{"line":557,"type":"if","locations":[{"start":{"line":557,"column":8},"end":{"line":557,"column":8}},{"start":{"line":557,"column":8},"end":{"line":557,"column":8}}]},"31":{"line":607,"type":"if","locations":[{"start":{"line":607,"column":8},"end":{"line":607,"column":8}},{"start":{"line":607,"column":8},"end":{"line":607,"column":8}}]},"32":{"line":611,"type":"if","locations":[{"start":{"line":611,"column":8},"end":{"line":611,"column":8}},{"start":{"line":611,"column":8},"end":{"line":611,"column":8}}]},"33":{"line":612,"type":"cond-expr","locations":[{"start":{"line":612,"column":12},"end":{"line":612,"column":47}},{"start":{"line":613,"column":12},"end":{"line":613,"column":46}}]},"34":{"line":612,"type":"cond-expr","locations":[{"start":{"line":612,"column":12},"end":{"line":613,"column":46}},{"start":{"line":614,"column":12},"end":{"line":614,"column":45}}]},"35":{"line":616,"type":"if","locations":[{"start":{"line":616,"column":12},"end":{"line":616,"column":12}},{"start":{"line":616,"column":12},"end":{"line":616,"column":12}}]},"36":{"line":618,"type":"if","locations":[{"start":{"line":618,"column":17},"end":{"line":618,"column":17}},{"start":{"line":618,"column":17},"end":{"line":618,"column":17}}]},"37":{"line":622,"type":"if","locations":[{"start":{"line":622,"column":8},"end":{"line":622,"column":8}},{"start":{"line":622,"column":8},"end":{"line":622,"column":8}}]},"38":{"line":642,"type":"if","locations":[{"start":{"line":642,"column":8},"end":{"line":642,"column":8}},{"start":{"line":642,"column":8},"end":{"line":642,"column":8}}]},"39":{"line":645,"type":"if","locations":[{"start":{"line":645,"column":12},"end":{"line":645,"column":12}},{"start":{"line":645,"column":12},"end":{"line":645,"column":12}}]},"40":{"line":646,"type":"if","locations":[{"start":{"line":646,"column":16},"end":{"line":646,"column":16}},{"start":{"line":646,"column":16},"end":{"line":646,"column":16}}]},"41":{"line":660,"type":"if","locations":[{"start":{"line":660,"column":8},"end":{"line":660,"column":8}},{"start":{"line":660,"column":8},"end":{"line":660,"column":8}}]},"42":{"line":661,"type":"if","locations":[{"start":{"line":661,"column":12},"end":{"line":661,"column":12}},{"start":{"line":661,"column":12},"end":{"line":661,"column":12}}]},"43":{"line":665,"type":"if","locations":[{"start":{"line":665,"column":16},"end":{"line":665,"column":16}},{"start":{"line":665,"column":16},"end":{"line":665,"column":16}}]},"44":{"line":683,"type":"if","locations":[{"start":{"line":683,"column":16},"end":{"line":683,"column":16}},{"start":{"line":683,"column":16},"end":{"line":683,"column":16}}]},"45":{"line":687,"type":"if","locations":[{"start":{"line":687,"column":12},"end":{"line":687,"column":12}},{"start":{"line":687,"column":12},"end":{"line":687,"column":12}}]},"46":{"line":702,"type":"if","locations":[{"start":{"line":702,"column":12},"end":{"line":702,"column":12}},{"start":{"line":702,"column":12},"end":{"line":702,"column":12}}]},"47":{"line":709,"type":"if","locations":[{"start":{"line":709,"column":12},"end":{"line":709,"column":12}},{"start":{"line":709,"column":12},"end":{"line":709,"column":12}}]},"48":{"line":721,"type":"if","locations":[{"start":{"line":721,"column":16},"end":{"line":721,"column":16}},{"start":{"line":721,"column":16},"end":{"line":721,"column":16}}]},"49":{"line":722,"type":"if","locations":[{"start":{"line":722,"column":21},"end":{"line":722,"column":21}},{"start":{"line":722,"column":21},"end":{"line":722,"column":21}}]},"50":{"line":732,"type":"if","locations":[{"start":{"line":732,"column":12},"end":{"line":732,"column":12}},{"start":{"line":732,"column":12},"end":{"line":732,"column":12}}]},"51":{"line":740,"type":"if","locations":[{"start":{"line":740,"column":8},"end":{"line":740,"column":8}},{"start":{"line":740,"column":8},"end":{"line":740,"column":8}}]},"52":{"line":765,"type":"if","locations":[{"start":{"line":765,"column":8},"end":{"line":765,"column":8}},{"start":{"line":765,"column":8},"end":{"line":765,"column":8}}]},"53":{"line":767,"type":"if","locations":[{"start":{"line":767,"column":12},"end":{"line":767,"column":12}},{"start":{"line":767,"column":12},"end":{"line":767,"column":12}}]},"54":{"line":786,"type":"if","locations":[{"start":{"line":786,"column":8},"end":{"line":786,"column":8}},{"start":{"line":786,"column":8},"end":{"line":786,"column":8}}]},"55":{"line":808,"type":"if","locations":[{"start":{"line":808,"column":8},"end":{"line":808,"column":8}},{"start":{"line":808,"column":8},"end":{"line":808,"column":8}}]},"56":{"line":809,"type":"if","locations":[{"start":{"line":809,"column":45},"end":{"line":809,"column":48}},{"start":{"line":809,"column":52},"end":{"line":809,"column":56}}]},"57":{"line":824,"type":"if","locations":[{"start":{"line":824,"column":8},"end":{"line":824,"column":8}},{"start":{"line":824,"column":8},"end":{"line":824,"column":8}}]},"58":{"line":827,"type":"if","locations":[{"start":{"line":827,"column":12},"end":{"line":827,"column":12}},{"start":{"line":827,"column":12},"end":{"line":827,"column":12}}]},"59":{"line":828,"type":"if","locations":[{"start":{"line":828,"column":16},"end":{"line":828,"column":16}},{"start":{"line":828,"column":16},"end":{"line":828,"column":16}}]},"60":{"line":831,"type":"if","locations":[{"start":{"line":831,"column":16},"end":{"line":831,"column":16}},{"start":{"line":831,"column":16},"end":{"line":831,"column":16}}]},"61":{"line":832,"type":"if","locations":[{"start":{"line":832,"column":21},"end":{"line":832,"column":21}},{"start":{"line":832,"column":21},"end":{"line":832,"column":21}}]},"62":{"line":836,"type":"if","locations":[{"start":{"line":836,"column":12},"end":{"line":836,"column":12}},{"start":{"line":836,"column":12},"end":{"line":836,"column":12}}]},"63":{"line":843,"type":"if","locations":[{"start":{"line":843,"column":12},"end":{"line":843,"column":12}},{"start":{"line":843,"column":12},"end":{"line":843,"column":12}}]},"64":{"line":850,"type":"if","locations":[{"start":{"line":850,"column":12},"end":{"line":850,"column":12}},{"start":{"line":850,"column":12},"end":{"line":850,"column":12}}]},"65":{"line":853,"type":"if","locations":[{"start":{"line":853,"column":12},"end":{"line":853,"column":12}},{"start":{"line":853,"column":12},"end":{"line":853,"column":12}}]},"66":{"line":854,"type":"if","locations":[{"start":{"line":854,"column":16},"end":{"line":854,"column":16}},{"start":{"line":854,"column":16},"end":{"line":854,"column":16}}]},"67":{"line":893,"type":"if","locations":[{"start":{"line":893,"column":8},"end":{"line":893,"column":8}},{"start":{"line":893,"column":8},"end":{"line":893,"column":8}}]},"68":{"line":899,"type":"if","locations":[{"start":{"line":899,"column":8},"end":{"line":899,"column":8}},{"start":{"line":899,"column":8},"end":{"line":899,"column":8}}]}}},"contracts/BaseCreditPoolStorage.sol":{"l":{},"path":"/Users/richard/Huma/huma-contracts/contracts/BaseCreditPoolStorage.sol","s":{},"b":{},"f":{},"fnMap":{},"statementMap":{},"branchMap":{}},"contracts/BaseFeeManager.sol":{"l":{"68":94,"69":94,"70":94,"71":94,"72":94,"73":94,"94":151,"95":150,"96":150,"115":60,"117":60,"132":53,"133":53,"134":53,"150":60,"151":59,"152":59,"169":53,"171":53,"173":52,"175":52,"217":124,"218":20,"223":104,"224":51,"230":51,"232":53,"245":104,"246":104,"248":104,"250":146,"251":60,"258":146,"261":146,"265":146,"266":16,"267":16,"268":12,"273":12,"274":12,"276":16,"280":146,"289":146,"291":146,"292":146,"293":146,"294":146,"298":104,"299":28,"300":28,"303":104,"332":3},"path":"/Users/richard/Huma/huma-contracts/contracts/BaseFeeManager.sol","s":{"1":94,"2":151,"3":150,"4":60,"5":60,"6":53,"7":60,"8":59,"9":53,"10":52,"11":124,"12":20,"13":104,"14":51,"15":104,"16":104,"17":104,"18":146,"19":146,"20":16,"21":12,"22":12,"23":146,"24":104,"25":104,"26":3},"b":{"1":[94,1],"2":[151,1],"3":[1,150],"4":[53,0],"5":[59,1],"6":[59,0],"7":[1,52],"8":[20,104],"9":[51,53],"10":[60,86],"11":[16,130],"12":[12,4],"13":[28,76]},"f":{"1":94,"2":151,"3":60,"4":53,"5":60,"6":53,"7":124,"8":3},"fnMap":{"1":{"name":"setFees","line":67,"loc":{"start":{"line":61,"column":4},"end":{"line":80,"column":4}}},"2":{"name":"setMinPrincipalRateInBps","line":92,"loc":{"start":{"line":88,"column":4},"end":{"line":97,"column":4}}},"3":{"name":"calcCorrection","line":109,"loc":{"start":{"line":109,"column":4},"end":{"line":118,"column":4}}},"4":{"name":"calcFrontLoadingFee","line":125,"loc":{"start":{"line":125,"column":4},"end":{"line":135,"column":4}}},"5":{"name":"calcLateFee","line":145,"loc":{"start":{"line":145,"column":4},"end":{"line":154,"column":4}}},"6":{"name":"distBorrowingAmount","line":163,"loc":{"start":{"line":163,"column":4},"end":{"line":176,"column":4}}},"7":{"name":"getDueInfo","line":200,"loc":{"start":{"line":200,"column":4},"end":{"line":310,"column":4}}},"8":{"name":"getFees","line":319,"loc":{"start":{"line":319,"column":4},"end":{"line":333,"column":4}}}},"statementMap":{"1":{"start":{"line":73,"column":8},"end":{"line":73,"column":2635}},"2":{"start":{"line":94,"column":8},"end":{"line":94,"column":97}},"3":{"start":{"line":96,"column":8},"end":{"line":96,"column":60}},"4":{"start":{"line":115,"column":8},"end":{"line":115,"column":57}},"5":{"start":{"line":117,"column":8},"end":{"line":117,"column":95}},"6":{"start":{"line":133,"column":8},"end":{"line":133,"column":5051}},"7":{"start":{"line":150,"column":8},"end":{"line":150,"column":5697}},"8":{"start":{"line":152,"column":12},"end":{"line":152,"column":92}},"9":{"start":{"line":171,"column":8},"end":{"line":171,"column":92}},"10":{"start":{"line":175,"column":8},"end":{"line":175,"column":44}},"11":{"start":{"line":217,"column":8},"end":{"line":217,"column":8927}},"12":{"start":{"line":218,"column":12},"end":{"line":218,"column":86}},"13":{"start":{"line":223,"column":8},"end":{"line":223,"column":9260}},"14":{"start":{"line":230,"column":12},"end":{"line":230,"column":47}},"15":{"start":{"line":245,"column":8},"end":{"line":245,"column":24}},"16":{"start":{"line":246,"column":8},"end":{"line":246,"column":28}},"17":{"start":{"line":248,"column":8},"end":{"line":248,"column":10378}},"18":{"start":{"line":250,"column":12},"end":{"line":250,"column":10489}},"19":{"start":{"line":265,"column":12},"end":{"line":265,"column":11135}},"20":{"start":{"line":267,"column":16},"end":{"line":267,"column":11284}},"21":{"start":{"line":268,"column":20},"end":{"line":268,"column":69}},"22":{"start":{"line":273,"column":20},"end":{"line":273,"column":64}},"23":{"start":{"line":289,"column":12},"end":{"line":289,"column":12305}},"24":{"start":{"line":298,"column":8},"end":{"line":298,"column":12743}},"25":{"start":{"line":303,"column":8},"end":{"line":303,"column":12898}},"26":{"start":{"line":332,"column":8},"end":{"line":332,"column":96}}},"branchMap":{"1":{"line":67,"type":"if","locations":[{"start":{"line":67,"column":32},"end":{"line":67,"column":32}},{"start":{"line":67,"column":32},"end":{"line":67,"column":32}}]},"2":{"line":92,"type":"if","locations":[{"start":{"line":92,"column":8},"end":{"line":92,"column":8}},{"start":{"line":92,"column":8},"end":{"line":92,"column":8}}]},"3":{"line":94,"type":"if","locations":[{"start":{"line":94,"column":8},"end":{"line":94,"column":8}},{"start":{"line":94,"column":8},"end":{"line":94,"column":8}}]},"4":{"line":133,"type":"if","locations":[{"start":{"line":133,"column":8},"end":{"line":133,"column":8}},{"start":{"line":133,"column":8},"end":{"line":133,"column":8}}]},"5":{"line":150,"type":"if","locations":[{"start":{"line":150,"column":8},"end":{"line":150,"column":8}},{"start":{"line":150,"column":8},"end":{"line":150,"column":8}}]},"6":{"line":152,"type":"if","locations":[{"start":{"line":152,"column":12},"end":{"line":152,"column":12}},{"start":{"line":152,"column":12},"end":{"line":152,"column":12}}]},"7":{"line":171,"type":"if","locations":[{"start":{"line":171,"column":8},"end":{"line":171,"column":8}},{"start":{"line":171,"column":8},"end":{"line":171,"column":8}}]},"8":{"line":217,"type":"if","locations":[{"start":{"line":217,"column":8},"end":{"line":217,"column":8}},{"start":{"line":217,"column":8},"end":{"line":217,"column":8}}]},"9":{"line":223,"type":"if","locations":[{"start":{"line":223,"column":8},"end":{"line":223,"column":8}},{"start":{"line":223,"column":8},"end":{"line":223,"column":8}}]},"10":{"line":250,"type":"if","locations":[{"start":{"line":250,"column":12},"end":{"line":250,"column":12}},{"start":{"line":250,"column":12},"end":{"line":250,"column":12}}]},"11":{"line":265,"type":"if","locations":[{"start":{"line":265,"column":12},"end":{"line":265,"column":12}},{"start":{"line":265,"column":12},"end":{"line":265,"column":12}}]},"12":{"line":267,"type":"if","locations":[{"start":{"line":267,"column":16},"end":{"line":267,"column":16}},{"start":{"line":267,"column":16},"end":{"line":267,"column":16}}]},"13":{"line":298,"type":"if","locations":[{"start":{"line":298,"column":8},"end":{"line":298,"column":8}},{"start":{"line":298,"column":8},"end":{"line":298,"column":8}}]}}},"contracts/BasePool.sol":{"l":{"48":426,"52":138,"53":138,"56":138,"59":138,"77":147,"78":145,"86":276,"87":276,"99":11,"100":10,"101":9,"106":8,"107":8,"109":7,"111":5,"112":5,"113":5,"115":5,"122":1,"126":421,"127":420,"129":418,"130":1,"132":417,"133":417,"134":417,"135":417,"137":417,"144":112,"145":112,"159":5,"161":5,"174":13,"175":13,"189":418,"190":417,"191":417,"198":4,"199":4,"200":4,"207":138,"209":138,"211":138,"212":138,"220":3,"221":2,"222":2,"229":4,"230":3,"231":3,"234":2,"236":2,"237":2,"239":2,"242":2,"244":2,"252":3,"253":2,"270":2,"271":2,"272":2,"273":2,"278":2,"283":140,"289":2,"294":2,"299":775,"307":142,"308":142,"311":142,"312":142,"318":140,"324":140,"325":140,"326":140,"327":140,"329":140,"341":433,"342":424,"347":420,"352":145,"357":425},"path":"/Users/richard/Huma/huma-contracts/contracts/BasePool.sol","s":{"1":426,"2":138,"3":138,"4":147,"5":145,"6":276,"7":276,"8":11,"9":10,"10":9,"11":8,"12":8,"13":7,"14":5,"15":5,"16":5,"17":1,"18":421,"19":420,"20":418,"21":417,"22":417,"23":417,"24":112,"25":5,"26":5,"27":13,"28":13,"29":418,"30":417,"31":4,"32":4,"33":138,"34":138,"35":138,"36":3,"37":2,"38":4,"39":3,"40":3,"41":2,"42":2,"43":2,"44":2,"45":2,"46":3,"47":2,"48":2,"49":140,"50":2,"51":138,"52":2,"53":2,"54":775,"55":142,"56":142,"57":142,"58":142,"59":140,"60":140,"61":433,"62":424,"63":420,"64":145,"65":425},"b":{"1":[138,1],"2":[1,9],"3":[1,8],"4":[1,7],"5":[1,420],"6":[1,417],"7":[5,0],"8":[13,0],"9":[1,2],"10":[2,138],"11":[142,0],"12":[2,140],"13":[9,424],"14":[4,420],"15":[2,418],"16":[2,423]},"f":{"1":426,"2":138,"3":147,"4":276,"5":11,"6":1,"7":421,"8":112,"9":5,"10":13,"11":418,"12":4,"13":138,"14":3,"15":4,"16":3,"17":2,"18":2,"19":140,"20":2,"21":2,"22":775,"23":142,"24":140,"25":433,"26":420,"27":145,"28":425},"fnMap":{"1":{"name":"constructor","line":47,"loc":{"start":{"line":47,"column":4},"end":{"line":49,"column":4}}},"2":{"name":"initialize","line":51,"loc":{"start":{"line":51,"column":4},"end":{"line":60,"column":4}}},"3":{"name":"deposit","line":76,"loc":{"start":{"line":76,"column":4},"end":{"line":79,"column":4}}},"4":{"name":"makeInitialDeposit","line":85,"loc":{"start":{"line":85,"column":4},"end":{"line":88,"column":4}}},"5":{"name":"withdraw","line":98,"loc":{"start":{"line":98,"column":4},"end":{"line":116,"column":4}}},"6":{"name":"withdrawAll","line":121,"loc":{"start":{"line":121,"column":4},"end":{"line":123,"column":4}}},"7":{"name":"_deposit","line":125,"loc":{"start":{"line":125,"column":4},"end":{"line":138,"column":4}}},"8":{"name":"distributeIncome","line":143,"loc":{"start":{"line":143,"column":4},"end":{"line":146,"column":4}}},"9":{"name":"distributeLosses","line":158,"loc":{"start":{"line":158,"column":4},"end":{"line":162,"column":4}}},"10":{"name":"reverseIncome","line":173,"loc":{"start":{"line":173,"column":4},"end":{"line":177,"column":4}}},"11":{"name":"addApprovedLender","line":188,"loc":{"start":{"line":188,"column":4},"end":{"line":192,"column":4}}},"12":{"name":"disablePool","line":197,"loc":{"start":{"line":197,"column":4},"end":{"line":201,"column":4}}},"13":{"name":"enablePool","line":206,"loc":{"start":{"line":206,"column":4},"end":{"line":213,"column":4}}},"14":{"name":"removeApprovedLender","line":219,"loc":{"start":{"line":219,"column":4},"end":{"line":223,"column":4}}},"15":{"name":"setPoolConfig","line":228,"loc":{"start":{"line":228,"column":4},"end":{"line":245,"column":4}}},"16":{"name":"updateCoreData","line":251,"loc":{"start":{"line":251,"column":4},"end":{"line":254,"column":4}}},"17":{"name":"getCoreData","line":260,"loc":{"start":{"line":260,"column":4},"end":{"line":274,"column":4}}},"18":{"name":"isApprovedLender","line":277,"loc":{"start":{"line":277,"column":4},"end":{"line":279,"column":4}}},"19":{"name":"isPoolOn","line":282,"loc":{"start":{"line":282,"column":4},"end":{"line":285,"column":4}}},"20":{"name":"lastDepositTime","line":288,"loc":{"start":{"line":288,"column":4},"end":{"line":290,"column":4}}},"21":{"name":"poolConfig","line":293,"loc":{"start":{"line":293,"column":4},"end":{"line":295,"column":4}}},"22":{"name":"totalPoolValue","line":298,"loc":{"start":{"line":298,"column":4},"end":{"line":300,"column":4}}},"23":{"name":"_safeApproveForPoolConfig","line":306,"loc":{"start":{"line":306,"column":4},"end":{"line":314,"column":4}}},"24":{"name":"_updateCoreData","line":317,"loc":{"start":{"line":317,"column":4},"end":{"line":336,"column":4}}},"25":{"name":"_protocolAndPoolOn","line":340,"loc":{"start":{"line":340,"column":4},"end":{"line":343,"column":4}}},"26":{"name":"_onlyApprovedLender","line":346,"loc":{"start":{"line":346,"column":4},"end":{"line":348,"column":4}}},"27":{"name":"_onlyOwnerOrHumaMasterAdmin","line":351,"loc":{"start":{"line":351,"column":4},"end":{"line":353,"column":4}}},"28":{"name":"_onlyPoolOperator","line":356,"loc":{"start":{"line":356,"column":4},"end":{"line":358,"column":4}}}},"statementMap":{"1":{"start":{"line":48,"column":8},"end":{"line":48,"column":29}},"2":{"start":{"line":53,"column":8},"end":{"line":53,"column":24}},"3":{"start":{"line":56,"column":8},"end":{"line":56,"column":51}},"4":{"start":{"line":77,"column":8},"end":{"line":77,"column":27}},"5":{"start":{"line":78,"column":8},"end":{"line":78,"column":43}},"6":{"start":{"line":86,"column":8},"end":{"line":86,"column":56}},"7":{"start":{"line":87,"column":8},"end":{"line":87,"column":43}},"8":{"start":{"line":99,"column":8},"end":{"line":99,"column":27}},"9":{"start":{"line":100,"column":8},"end":{"line":100,"column":59}},"10":{"start":{"line":101,"column":8},"end":{"line":101,"column":3992}},"11":{"start":{"line":106,"column":8},"end":{"line":106,"column":79}},"12":{"start":{"line":107,"column":8},"end":{"line":107,"column":89}},"13":{"start":{"line":109,"column":8},"end":{"line":109,"column":93}},"14":{"start":{"line":111,"column":8},"end":{"line":111,"column":66}},"15":{"start":{"line":113,"column":8},"end":{"line":113,"column":56}},"16":{"start":{"line":115,"column":8},"end":{"line":115,"column":59}},"17":{"start":{"line":122,"column":8},"end":{"line":122,"column":59}},"18":{"start":{"line":126,"column":8},"end":{"line":126,"column":59}},"19":{"start":{"line":127,"column":8},"end":{"line":127,"column":34}},"20":{"start":{"line":129,"column":8},"end":{"line":129,"column":5036}},"21":{"start":{"line":132,"column":8},"end":{"line":132,"column":62}},"22":{"start":{"line":135,"column":8},"end":{"line":135,"column":71}},"23":{"start":{"line":137,"column":8},"end":{"line":137,"column":55}},"24":{"start":{"line":144,"column":8},"end":{"line":144,"column":64}},"25":{"start":{"line":159,"column":8},"end":{"line":159,"column":6392}},"26":{"start":{"line":161,"column":8},"end":{"line":161,"column":54}},"27":{"start":{"line":174,"column":8},"end":{"line":174,"column":61}},"28":{"start":{"line":175,"column":8},"end":{"line":175,"column":7249}},"29":{"start":{"line":189,"column":8},"end":{"line":189,"column":26}},"30":{"start":{"line":191,"column":8},"end":{"line":191,"column":50}},"31":{"start":{"line":198,"column":8},"end":{"line":198,"column":26}},"32":{"start":{"line":200,"column":8},"end":{"line":200,"column":37}},"33":{"start":{"line":207,"column":8},"end":{"line":207,"column":36}},"34":{"start":{"line":209,"column":8},"end":{"line":209,"column":46}},"35":{"start":{"line":212,"column":8},"end":{"line":212,"column":36}},"36":{"start":{"line":220,"column":8},"end":{"line":220,"column":26}},"37":{"start":{"line":222,"column":8},"end":{"line":222,"column":53}},"38":{"start":{"line":229,"column":8},"end":{"line":229,"column":36}},"39":{"start":{"line":230,"column":8},"end":{"line":230,"column":48}},"40":{"start":{"line":231,"column":8},"end":{"line":231,"column":66}},"41":{"start":{"line":234,"column":8},"end":{"line":234,"column":35}},"42":{"start":{"line":236,"column":8},"end":{"line":236,"column":69}},"43":{"start":{"line":237,"column":8},"end":{"line":237,"column":59}},"44":{"start":{"line":242,"column":8},"end":{"line":242,"column":51}},"45":{"start":{"line":244,"column":8},"end":{"line":244,"column":58}},"46":{"start":{"line":252,"column":8},"end":{"line":252,"column":36}},"47":{"start":{"line":253,"column":8},"end":{"line":253,"column":24}},"48":{"start":{"line":278,"column":8},"end":{"line":278,"column":40}},"49":{"start":{"line":283,"column":8},"end":{"line":283,"column":10929}},"50":{"start":{"line":283,"column":38},"end":{"line":283,"column":49}},"51":{"start":{"line":284,"column":13},"end":{"line":284,"column":25}},"52":{"start":{"line":289,"column":8},"end":{"line":289,"column":40}},"53":{"start":{"line":294,"column":8},"end":{"line":294,"column":35}},"54":{"start":{"line":299,"column":8},"end":{"line":299,"column":30}},"55":{"start":{"line":307,"column":8},"end":{"line":307,"column":45}},"56":{"start":{"line":308,"column":8},"end":{"line":308,"column":77}},"57":{"start":{"line":311,"column":8},"end":{"line":311,"column":12043}},"58":{"start":{"line":312,"column":12},"end":{"line":312,"column":55}},"59":{"start":{"line":318,"column":8},"end":{"line":318,"column":12364}},"60":{"start":{"line":329,"column":8},"end":{"line":329,"column":12735}},"61":{"start":{"line":341,"column":8},"end":{"line":341,"column":66}},"62":{"start":{"line":342,"column":8},"end":{"line":342,"column":65}},"63":{"start":{"line":347,"column":8},"end":{"line":347,"column":80}},"64":{"start":{"line":352,"column":8},"end":{"line":352,"column":57}},"65":{"start":{"line":357,"column":8},"end":{"line":357,"column":85}}},"branchMap":{"1":{"line":51,"type":"if","locations":[{"start":{"line":51,"column":57},"end":{"line":51,"column":57}},{"start":{"line":51,"column":57},"end":{"line":51,"column":57}}]},"2":{"line":100,"type":"if","locations":[{"start":{"line":100,"column":8},"end":{"line":100,"column":8}},{"start":{"line":100,"column":8},"end":{"line":100,"column":8}}]},"3":{"line":101,"type":"if","locations":[{"start":{"line":101,"column":8},"end":{"line":101,"column":8}},{"start":{"line":101,"column":8},"end":{"line":101,"column":8}}]},"4":{"line":107,"type":"if","locations":[{"start":{"line":107,"column":8},"end":{"line":107,"column":8}},{"start":{"line":107,"column":8},"end":{"line":107,"column":8}}]},"5":{"line":126,"type":"if","locations":[{"start":{"line":126,"column":8},"end":{"line":126,"column":8}},{"start":{"line":126,"column":8},"end":{"line":126,"column":8}}]},"6":{"line":129,"type":"if","locations":[{"start":{"line":129,"column":8},"end":{"line":129,"column":8}},{"start":{"line":129,"column":8},"end":{"line":129,"column":8}}]},"7":{"line":159,"type":"if","locations":[{"start":{"line":159,"column":8},"end":{"line":159,"column":8}},{"start":{"line":159,"column":8},"end":{"line":159,"column":8}}]},"8":{"line":175,"type":"if","locations":[{"start":{"line":175,"column":8},"end":{"line":175,"column":8}},{"start":{"line":175,"column":8},"end":{"line":175,"column":8}}]},"9":{"line":231,"type":"if","locations":[{"start":{"line":231,"column":8},"end":{"line":231,"column":8}},{"start":{"line":231,"column":8},"end":{"line":231,"column":8}}]},"10":{"line":283,"type":"if","locations":[{"start":{"line":283,"column":8},"end":{"line":283,"column":8}},{"start":{"line":283,"column":8},"end":{"line":283,"column":8}}]},"11":{"line":311,"type":"if","locations":[{"start":{"line":311,"column":8},"end":{"line":311,"column":8}},{"start":{"line":311,"column":8},"end":{"line":311,"column":8}}]},"12":{"line":311,"type":"cond-expr","locations":[{"start":{"line":311,"column":12},"end":{"line":311,"column":41}},{"start":{"line":311,"column":46},"end":{"line":311,"column":75}}]},"13":{"line":341,"type":"if","locations":[{"start":{"line":341,"column":8},"end":{"line":341,"column":8}},{"start":{"line":341,"column":8},"end":{"line":341,"column":8}}]},"14":{"line":342,"type":"if","locations":[{"start":{"line":342,"column":8},"end":{"line":342,"column":8}},{"start":{"line":342,"column":8},"end":{"line":342,"column":8}}]},"15":{"line":347,"type":"if","locations":[{"start":{"line":347,"column":8},"end":{"line":347,"column":8}},{"start":{"line":347,"column":8},"end":{"line":347,"column":8}}]},"16":{"line":357,"type":"if","locations":[{"start":{"line":357,"column":8},"end":{"line":357,"column":8}},{"start":{"line":357,"column":8},"end":{"line":357,"column":8}}]}}},"contracts/BasePoolConfig.sol":{"l":{"154":147,"155":147,"156":146,"157":145,"158":144,"160":144,"162":144,"163":144,"164":1,"165":143,"167":143,"169":143,"170":143,"177":143,"178":143,"179":143,"180":143,"181":143,"182":143,"183":143,"194":280,"195":279,"197":278,"199":278,"203":113,"204":1,"207":112,"209":112,"210":112,"212":112,"214":112,"216":112,"218":112,"220":112,"222":112,"224":112,"226":112,"230":14,"231":1,"234":13,"236":13,"237":13,"239":13,"241":13,"243":13,"245":13,"247":13,"249":13,"251":13,"253":13,"261":202,"262":202,"263":201,"264":201,"268":7,"269":6,"270":6,"274":177,"276":176,"277":2,"278":174,"279":174,"280":174,"288":143,"289":142,"291":141,"292":1,"295":140,"296":2,"303":139,"304":139,"305":139,"307":139,"308":1,"310":1,"311":1,"315":139,"319":4,"320":3,"321":2,"322":2,"326":4,"327":3,"328":2,"329":2,"337":175,"338":175,"339":174,"340":173,"341":173,"345":138,"346":138,"347":138,"348":138,"356":98,"357":98,"358":98,"366":140,"367":140,"368":139,"369":139,"373":177,"374":176,"375":2,"377":174,"378":174,"379":174,"383":4,"384":3,"385":2,"386":2,"393":2,"394":1,"395":1,"399":141,"400":140,"401":139,"402":139,"406":3,"407":2,"408":1,"409":1,"410":1,"411":1,"421":37,"423":37,"424":37,"432":94,"433":94,"434":94,"440":4,"441":3,"442":3,"443":2,"445":1,"449":4,"450":3,"451":3,"452":2,"453":1,"454":1,"455":1,"459":4,"460":3,"461":2,"462":1,"463":1,"467":1,"468":1,"469":1,"484":31,"495":140,"503":143,"512":138,"513":138,"519":7,"520":3,"523":2,"528":67,"541":140,"542":140,"543":140,"544":140,"570":141,"571":141,"586":276,"591":430,"595":129,"599":5,"603":4,"608":4,"613":276,"617":2,"621":52,"625":26,"629":419,"633":40,"644":3,"645":2,"647":1,"649":1,"657":1,"665":1,"672":13,"678":1692,"679":12,"688":2,"689":2,"691":2,"696":1545},"path":"/Users/richard/Huma/huma-contracts/contracts/BasePoolConfig.sol","s":{"1":147,"2":146,"3":145,"4":144,"5":144,"6":280,"7":279,"8":278,"9":113,"10":112,"11":112,"12":112,"13":112,"14":112,"15":112,"16":14,"17":13,"18":13,"19":13,"20":13,"21":13,"22":13,"23":202,"24":202,"25":201,"26":7,"27":6,"28":177,"29":176,"30":174,"31":143,"32":142,"33":141,"34":140,"35":2,"36":139,"37":139,"38":1,"39":1,"40":1,"41":139,"42":4,"43":3,"44":2,"45":4,"46":3,"47":2,"48":175,"49":175,"50":174,"51":173,"52":138,"53":138,"54":138,"55":98,"56":98,"57":140,"58":140,"59":139,"60":177,"61":176,"62":174,"63":4,"64":3,"65":2,"66":2,"67":1,"68":141,"69":140,"70":139,"71":3,"72":2,"73":1,"74":1,"75":37,"76":37,"77":94,"78":94,"79":4,"80":3,"81":3,"82":1,"83":4,"84":3,"85":3,"86":1,"87":1,"88":4,"89":3,"90":1,"91":1,"92":1,"93":1,"94":31,"95":140,"96":143,"97":138,"98":138,"99":7,"100":3,"101":4,"102":2,"103":67,"104":141,"105":141,"106":276,"107":430,"108":129,"109":5,"110":4,"111":4,"112":276,"113":2,"114":52,"115":26,"116":419,"117":40,"118":3,"119":2,"120":1,"121":1,"122":1,"123":13,"124":1692,"125":2,"126":2,"127":1545},"b":{"1":[148,1],"2":[147,1],"3":[1,146],"4":[1,145],"5":[1,144],"6":[1,143],"7":[280,1],"8":[1,279],"9":[1,278],"10":[1,112],"11":[1,13],"12":[1,201],"13":[2,174],"14":[1,1],"15":[1,142],"16":[1,140],"17":[2,138],"18":[1,138],"19":[1,0],"20":[1,2],"21":[1,2],"22":[1,174],"23":[1,173],"24":[0,138],"25":[1,139],"26":[2,174],"27":[1,1],"28":[1,2],"29":[1,139],"30":[1,1],"31":[0,3],"32":[2,1],"33":[0,3],"34":[2,1],"35":[1,3],"36":[2,1],"37":[1,139],"38":[2,141],"39":[3,4],"40":[2,2],"41":[138,138],"42":[1,4],"43":[1,3],"44":[1,3],"45":[0,276],"46":[3,2],"47":[1,2],"48":[1,1],"49":[12,1680]},"f":{"1":147,"2":280,"3":113,"4":14,"5":202,"6":7,"7":177,"8":143,"9":4,"10":4,"11":175,"12":138,"13":98,"14":140,"15":177,"16":4,"17":2,"18":141,"19":3,"20":37,"21":94,"22":4,"23":4,"24":4,"25":31,"26":140,"27":143,"28":138,"29":7,"30":67,"31":140,"32":141,"33":276,"34":430,"35":129,"36":5,"37":4,"38":4,"39":276,"40":2,"41":52,"42":26,"43":419,"44":40,"45":3,"46":1,"47":1,"48":13,"49":1692,"50":2,"51":1545},"fnMap":{"1":{"name":"initialize","line":153,"loc":{"start":{"line":148,"column":4},"end":{"line":184,"column":4}}},"2":{"name":"addPoolOperator","line":193,"loc":{"start":{"line":193,"column":4},"end":{"line":200,"column":4}}},"3":{"name":"distributeIncome","line":202,"loc":{"start":{"line":202,"column":4},"end":{"line":227,"column":4}}},"4":{"name":"reverseIncome","line":229,"loc":{"start":{"line":229,"column":4},"end":{"line":254,"column":4}}},"5":{"name":"setAPR","line":260,"loc":{"start":{"line":260,"column":4},"end":{"line":265,"column":4}}},"6":{"name":"setCreditApprovalExpiration","line":267,"loc":{"start":{"line":267,"column":4},"end":{"line":271,"column":4}}},"7":{"name":"setEARewardsAndLiquidity","line":273,"loc":{"start":{"line":273,"column":4},"end":{"line":281,"column":4}}},"8":{"name":"setEvaluationAgent","line":287,"loc":{"start":{"line":287,"column":4},"end":{"line":316,"column":4}}},"9":{"name":"setFeeManager","line":318,"loc":{"start":{"line":318,"column":4},"end":{"line":323,"column":4}}},"10":{"name":"setHumaConfig","line":325,"loc":{"start":{"line":325,"column":4},"end":{"line":330,"column":4}}},"11":{"name":"setMaxCreditLine","line":336,"loc":{"start":{"line":336,"column":4},"end":{"line":342,"column":4}}},"12":{"name":"setPool","line":344,"loc":{"start":{"line":344,"column":4},"end":{"line":349,"column":4}}},"13":{"name":"setPoolDefaultGracePeriod","line":355,"loc":{"start":{"line":355,"column":4},"end":{"line":359,"column":4}}},"14":{"name":"setPoolLiquidityCap","line":365,"loc":{"start":{"line":365,"column":4},"end":{"line":370,"column":4}}},"15":{"name":"setPoolOwnerRewardsAndLiquidity","line":372,"loc":{"start":{"line":372,"column":4},"end":{"line":380,"column":4}}},"16":{"name":"setPoolPayPeriod","line":382,"loc":{"start":{"line":382,"column":4},"end":{"line":387,"column":4}}},"17":{"name":"setPoolName","line":392,"loc":{"start":{"line":392,"column":4},"end":{"line":396,"column":4}}},"18":{"name":"setPoolOwnerTreasury","line":398,"loc":{"start":{"line":398,"column":4},"end":{"line":403,"column":4}}},"19":{"name":"setPoolToken","line":405,"loc":{"start":{"line":405,"column":4},"end":{"line":412,"column":4}}},"20":{"name":"setReceivableRequiredInBps","line":420,"loc":{"start":{"line":420,"column":4},"end":{"line":425,"column":4}}},"21":{"name":"setWithdrawalLockoutPeriod","line":431,"loc":{"start":{"line":431,"column":4},"end":{"line":435,"column":4}}},"22":{"name":"withdrawEAFee","line":437,"loc":{"start":{"line":437,"column":4},"end":{"line":446,"column":4}}},"23":{"name":"withdrawPoolOwnerFee","line":448,"loc":{"start":{"line":448,"column":4},"end":{"line":456,"column":4}}},"24":{"name":"withdrawProtocolFee","line":458,"loc":{"start":{"line":458,"column":4},"end":{"line":470,"column":4}}},"25":{"name":"accruedIncome","line":472,"loc":{"start":{"line":472,"column":4},"end":{"line":492,"column":4}}},"26":{"name":"checkLiquidityRequirementForPoolOwner","line":494,"loc":{"start":{"line":494,"column":4},"end":{"line":500,"column":4}}},"27":{"name":"checkLiquidityRequirementForEA","line":502,"loc":{"start":{"line":502,"column":4},"end":{"line":508,"column":4}}},"28":{"name":"checkLiquidityRequirement","line":511,"loc":{"start":{"line":511,"column":4},"end":{"line":514,"column":4}}},"29":{"name":"checkWithdrawLiquidityRequirement","line":518,"loc":{"start":{"line":518,"column":4},"end":{"line":525,"column":4}}},"30":{"name":"creditApprovalExpirationInSeconds","line":527,"loc":{"start":{"line":527,"column":4},"end":{"line":529,"column":4}}},"31":{"name":"getCoreData","line":531,"loc":{"start":{"line":531,"column":4},"end":{"line":545,"column":4}}},"32":{"name":"getPoolSummary","line":554,"loc":{"start":{"line":554,"column":4},"end":{"line":583,"column":4}}},"33":{"name":"isPoolOwnerTreasuryOrEA","line":585,"loc":{"start":{"line":585,"column":4},"end":{"line":587,"column":4}}},"34":{"name":"isOperator","line":590,"loc":{"start":{"line":590,"column":4},"end":{"line":592,"column":4}}},"35":{"name":"maxCreditLine","line":594,"loc":{"start":{"line":594,"column":4},"end":{"line":596,"column":4}}},"36":{"name":"onlyPoolOwner","line":598,"loc":{"start":{"line":598,"column":4},"end":{"line":600,"column":4}}},"37":{"name":"onlyPoolOwnerTreasury","line":602,"loc":{"start":{"line":602,"column":4},"end":{"line":604,"column":4}}},"38":{"name":"onlyPoolOwnerOrEA","line":607,"loc":{"start":{"line":607,"column":4},"end":{"line":609,"column":4}}},"39":{"name":"onlyPoolOwnerTreasuryOrEA","line":612,"loc":{"start":{"line":612,"column":4},"end":{"line":614,"column":4}}},"40":{"name":"payPeriodInDays","line":616,"loc":{"start":{"line":616,"column":4},"end":{"line":618,"column":4}}},"41":{"name":"poolAprInBps","line":620,"loc":{"start":{"line":620,"column":4},"end":{"line":622,"column":4}}},"42":{"name":"poolDefaultGracePeriodInSeconds","line":624,"loc":{"start":{"line":624,"column":4},"end":{"line":626,"column":4}}},"43":{"name":"poolLiquidityCap","line":628,"loc":{"start":{"line":628,"column":4},"end":{"line":630,"column":4}}},"44":{"name":"receivableRequiredInBps","line":632,"loc":{"start":{"line":632,"column":4},"end":{"line":634,"column":4}}},"45":{"name":"removePoolOperator","line":643,"loc":{"start":{"line":643,"column":4},"end":{"line":650,"column":4}}},"46":{"name":"rewardsAndLiquidityRateForEA","line":652,"loc":{"start":{"line":652,"column":4},"end":{"line":658,"column":4}}},"47":{"name":"rewardsAndLiquidityRateForPoolOwner","line":660,"loc":{"start":{"line":660,"column":4},"end":{"line":669,"column":4}}},"48":{"name":"withdrawalLockoutPeriodInSeconds","line":671,"loc":{"start":{"line":671,"column":4},"end":{"line":673,"column":4}}},"49":{"name":"onlyOwnerOrHumaMasterAdmin","line":677,"loc":{"start":{"line":677,"column":4},"end":{"line":681,"column":4}}},"50":{"name":"_withdrawEAFee","line":683,"loc":{"start":{"line":683,"column":4},"end":{"line":692,"column":4}}},"51":{"name":"_onlyOwnerOrHumaMasterAdmin","line":695,"loc":{"start":{"line":695,"column":4},"end":{"line":697,"column":4}}}},"statementMap":{"1":{"start":{"line":155,"column":8},"end":{"line":155,"column":73}},"2":{"start":{"line":156,"column":8},"end":{"line":156,"column":74}},"3":{"start":{"line":157,"column":8},"end":{"line":157,"column":74}},"4":{"start":{"line":162,"column":8},"end":{"line":162,"column":58}},"5":{"start":{"line":163,"column":8},"end":{"line":163,"column":6394}},"6":{"start":{"line":194,"column":8},"end":{"line":194,"column":72}},"7":{"start":{"line":195,"column":8},"end":{"line":195,"column":71}},"8":{"start":{"line":199,"column":8},"end":{"line":199,"column":53}},"9":{"start":{"line":203,"column":8},"end":{"line":203,"column":8258}},"10":{"start":{"line":207,"column":8},"end":{"line":207,"column":56}},"11":{"start":{"line":209,"column":8},"end":{"line":209,"column":98}},"12":{"start":{"line":212,"column":8},"end":{"line":212,"column":50}},"13":{"start":{"line":214,"column":8},"end":{"line":214,"column":8639}},"14":{"start":{"line":218,"column":8},"end":{"line":218,"column":8827}},"15":{"start":{"line":226,"column":8},"end":{"line":226,"column":78}},"16":{"start":{"line":230,"column":8},"end":{"line":230,"column":9239}},"17":{"start":{"line":234,"column":8},"end":{"line":234,"column":56}},"18":{"start":{"line":236,"column":8},"end":{"line":236,"column":98}},"19":{"start":{"line":239,"column":8},"end":{"line":239,"column":50}},"20":{"start":{"line":241,"column":8},"end":{"line":241,"column":9620}},"21":{"start":{"line":245,"column":8},"end":{"line":245,"column":9808}},"22":{"start":{"line":253,"column":8},"end":{"line":253,"column":75}},"23":{"start":{"line":261,"column":8},"end":{"line":261,"column":36}},"24":{"start":{"line":262,"column":8},"end":{"line":262,"column":95}},"25":{"start":{"line":264,"column":8},"end":{"line":264,"column":45}},"26":{"start":{"line":268,"column":8},"end":{"line":268,"column":36}},"27":{"start":{"line":270,"column":8},"end":{"line":270,"column":91}},"28":{"start":{"line":274,"column":8},"end":{"line":274,"column":36}},"29":{"start":{"line":276,"column":8},"end":{"line":276,"column":11038}},"30":{"start":{"line":280,"column":8},"end":{"line":280,"column":81}},"31":{"start":{"line":288,"column":8},"end":{"line":288,"column":68}},"32":{"start":{"line":289,"column":8},"end":{"line":289,"column":36}},"33":{"start":{"line":291,"column":8},"end":{"line":291,"column":11727}},"34":{"start":{"line":295,"column":8},"end":{"line":295,"column":11896}},"35":{"start":{"line":296,"column":12},"end":{"line":296,"column":79}},"36":{"start":{"line":303,"column":8},"end":{"line":303,"column":39}},"37":{"start":{"line":307,"column":8},"end":{"line":307,"column":12432}},"38":{"start":{"line":308,"column":12},"end":{"line":308,"column":12515}},"39":{"start":{"line":310,"column":12},"end":{"line":310,"column":12594}},"40":{"start":{"line":311,"column":16},"end":{"line":311,"column":65}},"41":{"start":{"line":315,"column":8},"end":{"line":315,"column":67}},"42":{"start":{"line":319,"column":8},"end":{"line":319,"column":36}},"43":{"start":{"line":320,"column":8},"end":{"line":320,"column":74}},"44":{"start":{"line":322,"column":8},"end":{"line":322,"column":55}},"45":{"start":{"line":326,"column":8},"end":{"line":326,"column":36}},"46":{"start":{"line":327,"column":8},"end":{"line":327,"column":74}},"47":{"start":{"line":329,"column":8},"end":{"line":329,"column":55}},"48":{"start":{"line":337,"column":8},"end":{"line":337,"column":36}},"49":{"start":{"line":338,"column":8},"end":{"line":338,"column":63}},"50":{"start":{"line":339,"column":8},"end":{"line":339,"column":66}},"51":{"start":{"line":341,"column":8},"end":{"line":341,"column":57}},"52":{"start":{"line":345,"column":8},"end":{"line":345,"column":36}},"53":{"start":{"line":346,"column":8},"end":{"line":346,"column":68}},"54":{"start":{"line":348,"column":8},"end":{"line":348,"column":43}},"55":{"start":{"line":356,"column":8},"end":{"line":356,"column":36}},"56":{"start":{"line":358,"column":8},"end":{"line":358,"column":73}},"57":{"start":{"line":366,"column":8},"end":{"line":366,"column":36}},"58":{"start":{"line":367,"column":8},"end":{"line":367,"column":65}},"59":{"start":{"line":369,"column":8},"end":{"line":369,"column":62}},"60":{"start":{"line":373,"column":8},"end":{"line":373,"column":36}},"61":{"start":{"line":374,"column":8},"end":{"line":374,"column":15157}},"62":{"start":{"line":379,"column":8},"end":{"line":379,"column":88}},"63":{"start":{"line":383,"column":8},"end":{"line":383,"column":36}},"64":{"start":{"line":384,"column":8},"end":{"line":384,"column":65}},"65":{"start":{"line":386,"column":8},"end":{"line":386,"column":59}},"66":{"start":{"line":393,"column":8},"end":{"line":393,"column":36}},"67":{"start":{"line":395,"column":8},"end":{"line":395,"column":49}},"68":{"start":{"line":399,"column":8},"end":{"line":399,"column":36}},"69":{"start":{"line":400,"column":8},"end":{"line":400,"column":81}},"70":{"start":{"line":402,"column":8},"end":{"line":402,"column":69}},"71":{"start":{"line":406,"column":8},"end":{"line":406,"column":36}},"72":{"start":{"line":407,"column":8},"end":{"line":407,"column":73}},"73":{"start":{"line":409,"column":8},"end":{"line":409,"column":51}},"74":{"start":{"line":411,"column":8},"end":{"line":411,"column":59}},"75":{"start":{"line":421,"column":8},"end":{"line":421,"column":36}},"76":{"start":{"line":424,"column":8},"end":{"line":424,"column":72}},"77":{"start":{"line":432,"column":8},"end":{"line":432,"column":36}},"78":{"start":{"line":434,"column":8},"end":{"line":434,"column":76}},"79":{"start":{"line":440,"column":8},"end":{"line":440,"column":36}},"80":{"start":{"line":441,"column":8},"end":{"line":441,"column":59}},"81":{"start":{"line":442,"column":8},"end":{"line":442,"column":18232}},"82":{"start":{"line":445,"column":8},"end":{"line":445,"column":58}},"83":{"start":{"line":449,"column":8},"end":{"line":449,"column":40}},"84":{"start":{"line":450,"column":8},"end":{"line":450,"column":59}},"85":{"start":{"line":451,"column":8},"end":{"line":451,"column":18676}},"86":{"start":{"line":454,"column":8},"end":{"line":454,"column":65}},"87":{"start":{"line":455,"column":8},"end":{"line":455,"column":53}},"88":{"start":{"line":459,"column":8},"end":{"line":459,"column":78}},"89":{"start":{"line":460,"column":8},"end":{"line":460,"column":19180}},"90":{"start":{"line":463,"column":8},"end":{"line":463,"column":59}},"91":{"start":{"line":467,"column":8},"end":{"line":467,"column":44}},"92":{"start":{"line":468,"column":8},"end":{"line":468,"column":70}},"93":{"start":{"line":469,"column":8},"end":{"line":469,"column":74}},"94":{"start":{"line":484,"column":8},"end":{"line":484,"column":20197}},"95":{"start":{"line":495,"column":8},"end":{"line":495,"column":20647}},"96":{"start":{"line":503,"column":8},"end":{"line":503,"column":20951}},"97":{"start":{"line":512,"column":8},"end":{"line":512,"column":94}},"98":{"start":{"line":513,"column":8},"end":{"line":513,"column":85}},"99":{"start":{"line":519,"column":8},"end":{"line":519,"column":21733}},"100":{"start":{"line":520,"column":12},"end":{"line":520,"column":53}},"101":{"start":{"line":521,"column":15},"end":{"line":521,"column":21837}},"102":{"start":{"line":523,"column":12},"end":{"line":523,"column":60}},"103":{"start":{"line":528,"column":8},"end":{"line":528,"column":61}},"104":{"start":{"line":570,"column":8},"end":{"line":570,"column":79}},"105":{"start":{"line":571,"column":8},"end":{"line":571,"column":23381}},"106":{"start":{"line":586,"column":8},"end":{"line":586,"column":75}},"107":{"start":{"line":591,"column":8},"end":{"line":591,"column":37}},"108":{"start":{"line":595,"column":8},"end":{"line":595,"column":41}},"109":{"start":{"line":599,"column":8},"end":{"line":599,"column":60}},"110":{"start":{"line":603,"column":8},"end":{"line":603,"column":78}},"111":{"start":{"line":608,"column":8},"end":{"line":608,"column":94}},"112":{"start":{"line":613,"column":8},"end":{"line":613,"column":87}},"113":{"start":{"line":617,"column":8},"end":{"line":617,"column":43}},"114":{"start":{"line":621,"column":8},"end":{"line":621,"column":40}},"115":{"start":{"line":625,"column":8},"end":{"line":625,"column":59}},"116":{"start":{"line":629,"column":8},"end":{"line":629,"column":40}},"117":{"start":{"line":633,"column":8},"end":{"line":633,"column":51}},"118":{"start":{"line":644,"column":8},"end":{"line":644,"column":72}},"119":{"start":{"line":645,"column":8},"end":{"line":645,"column":66}},"120":{"start":{"line":649,"column":8},"end":{"line":649,"column":55}},"121":{"start":{"line":657,"column":8},"end":{"line":657,"column":87}},"122":{"start":{"line":665,"column":8},"end":{"line":665,"column":26735}},"123":{"start":{"line":672,"column":8},"end":{"line":672,"column":60}},"124":{"start":{"line":678,"column":8},"end":{"line":678,"column":27211}},"125":{"start":{"line":689,"column":8},"end":{"line":689,"column":63}},"126":{"start":{"line":691,"column":8},"end":{"line":691,"column":70}},"127":{"start":{"line":696,"column":8},"end":{"line":696,"column":45}}},"branchMap":{"1":{"line":153,"type":"if","locations":[{"start":{"line":153,"column":15},"end":{"line":153,"column":15}},{"start":{"line":153,"column":15},"end":{"line":153,"column":15}}]},"2":{"line":153,"type":"if","locations":[{"start":{"line":153,"column":25},"end":{"line":153,"column":25}},{"start":{"line":153,"column":25},"end":{"line":153,"column":25}}]},"3":{"line":155,"type":"if","locations":[{"start":{"line":155,"column":8},"end":{"line":155,"column":8}},{"start":{"line":155,"column":8},"end":{"line":155,"column":8}}]},"4":{"line":156,"type":"if","locations":[{"start":{"line":156,"column":8},"end":{"line":156,"column":8}},{"start":{"line":156,"column":8},"end":{"line":156,"column":8}}]},"5":{"line":157,"type":"if","locations":[{"start":{"line":157,"column":8},"end":{"line":157,"column":8}},{"start":{"line":157,"column":8},"end":{"line":157,"column":8}}]},"6":{"line":163,"type":"if","locations":[{"start":{"line":163,"column":8},"end":{"line":163,"column":8}},{"start":{"line":163,"column":8},"end":{"line":163,"column":8}}]},"7":{"line":193,"type":"if","locations":[{"start":{"line":193,"column":57},"end":{"line":193,"column":57}},{"start":{"line":193,"column":57},"end":{"line":193,"column":57}}]},"8":{"line":194,"type":"if","locations":[{"start":{"line":194,"column":8},"end":{"line":194,"column":8}},{"start":{"line":194,"column":8},"end":{"line":194,"column":8}}]},"9":{"line":195,"type":"if","locations":[{"start":{"line":195,"column":8},"end":{"line":195,"column":8}},{"start":{"line":195,"column":8},"end":{"line":195,"column":8}}]},"10":{"line":203,"type":"if","locations":[{"start":{"line":203,"column":8},"end":{"line":203,"column":8}},{"start":{"line":203,"column":8},"end":{"line":203,"column":8}}]},"11":{"line":230,"type":"if","locations":[{"start":{"line":230,"column":8},"end":{"line":230,"column":8}},{"start":{"line":230,"column":8},"end":{"line":230,"column":8}}]},"12":{"line":262,"type":"if","locations":[{"start":{"line":262,"column":8},"end":{"line":262,"column":8}},{"start":{"line":262,"column":8},"end":{"line":262,"column":8}}]},"13":{"line":276,"type":"if","locations":[{"start":{"line":276,"column":8},"end":{"line":276,"column":8}},{"start":{"line":276,"column":8},"end":{"line":276,"column":8}}]},"14":{"line":276,"type":"cond-expr","locations":[{"start":{"line":276,"column":12},"end":{"line":276,"column":47}},{"start":{"line":276,"column":52},"end":{"line":276,"column":89}}]},"15":{"line":288,"type":"if","locations":[{"start":{"line":288,"column":8},"end":{"line":288,"column":8}},{"start":{"line":288,"column":8},"end":{"line":288,"column":8}}]},"16":{"line":291,"type":"if","locations":[{"start":{"line":291,"column":8},"end":{"line":291,"column":8}},{"start":{"line":291,"column":8},"end":{"line":291,"column":8}}]},"17":{"line":295,"type":"if","locations":[{"start":{"line":295,"column":8},"end":{"line":295,"column":8}},{"start":{"line":295,"column":8},"end":{"line":295,"column":8}}]},"18":{"line":307,"type":"if","locations":[{"start":{"line":307,"column":8},"end":{"line":307,"column":8}},{"start":{"line":307,"column":8},"end":{"line":307,"column":8}}]},"19":{"line":310,"type":"if","locations":[{"start":{"line":310,"column":12},"end":{"line":310,"column":12}},{"start":{"line":310,"column":12},"end":{"line":310,"column":12}}]},"20":{"line":320,"type":"if","locations":[{"start":{"line":320,"column":8},"end":{"line":320,"column":8}},{"start":{"line":320,"column":8},"end":{"line":320,"column":8}}]},"21":{"line":327,"type":"if","locations":[{"start":{"line":327,"column":8},"end":{"line":327,"column":8}},{"start":{"line":327,"column":8},"end":{"line":327,"column":8}}]},"22":{"line":338,"type":"if","locations":[{"start":{"line":338,"column":8},"end":{"line":338,"column":8}},{"start":{"line":338,"column":8},"end":{"line":338,"column":8}}]},"23":{"line":339,"type":"if","locations":[{"start":{"line":339,"column":8},"end":{"line":339,"column":8}},{"start":{"line":339,"column":8},"end":{"line":339,"column":8}}]},"24":{"line":346,"type":"if","locations":[{"start":{"line":346,"column":8},"end":{"line":346,"column":8}},{"start":{"line":346,"column":8},"end":{"line":346,"column":8}}]},"25":{"line":367,"type":"if","locations":[{"start":{"line":367,"column":8},"end":{"line":367,"column":8}},{"start":{"line":367,"column":8},"end":{"line":367,"column":8}}]},"26":{"line":374,"type":"if","locations":[{"start":{"line":374,"column":8},"end":{"line":374,"column":8}},{"start":{"line":374,"column":8},"end":{"line":374,"column":8}}]},"27":{"line":374,"type":"cond-expr","locations":[{"start":{"line":374,"column":12},"end":{"line":374,"column":47}},{"start":{"line":374,"column":52},"end":{"line":374,"column":89}}]},"28":{"line":384,"type":"if","locations":[{"start":{"line":384,"column":8},"end":{"line":384,"column":8}},{"start":{"line":384,"column":8},"end":{"line":384,"column":8}}]},"29":{"line":400,"type":"if","locations":[{"start":{"line":400,"column":8},"end":{"line":400,"column":8}},{"start":{"line":400,"column":8},"end":{"line":400,"column":8}}]},"30":{"line":407,"type":"if","locations":[{"start":{"line":407,"column":8},"end":{"line":407,"column":8}},{"start":{"line":407,"column":8},"end":{"line":407,"column":8}}]},"31":{"line":441,"type":"if","locations":[{"start":{"line":441,"column":8},"end":{"line":441,"column":8}},{"start":{"line":441,"column":8},"end":{"line":441,"column":8}}]},"32":{"line":442,"type":"if","locations":[{"start":{"line":442,"column":8},"end":{"line":442,"column":8}},{"start":{"line":442,"column":8},"end":{"line":442,"column":8}}]},"33":{"line":450,"type":"if","locations":[{"start":{"line":450,"column":8},"end":{"line":450,"column":8}},{"start":{"line":450,"column":8},"end":{"line":450,"column":8}}]},"34":{"line":451,"type":"if","locations":[{"start":{"line":451,"column":8},"end":{"line":451,"column":8}},{"start":{"line":451,"column":8},"end":{"line":451,"column":8}}]},"35":{"line":459,"type":"if","locations":[{"start":{"line":459,"column":8},"end":{"line":459,"column":8}},{"start":{"line":459,"column":8},"end":{"line":459,"column":8}}]},"36":{"line":460,"type":"if","locations":[{"start":{"line":460,"column":8},"end":{"line":460,"column":8}},{"start":{"line":460,"column":8},"end":{"line":460,"column":8}}]},"37":{"line":495,"type":"if","locations":[{"start":{"line":495,"column":8},"end":{"line":495,"column":8}},{"start":{"line":495,"column":8},"end":{"line":495,"column":8}}]},"38":{"line":503,"type":"if","locations":[{"start":{"line":503,"column":8},"end":{"line":503,"column":8}},{"start":{"line":503,"column":8},"end":{"line":503,"column":8}}]},"39":{"line":519,"type":"if","locations":[{"start":{"line":519,"column":8},"end":{"line":519,"column":8}},{"start":{"line":519,"column":8},"end":{"line":519,"column":8}}]},"40":{"line":521,"type":"if","locations":[{"start":{"line":521,"column":15},"end":{"line":521,"column":15}},{"start":{"line":521,"column":15},"end":{"line":521,"column":15}}]},"41":{"line":586,"type":"cond-expr","locations":[{"start":{"line":586,"column":16},"end":{"line":586,"column":43}},{"start":{"line":586,"column":48},"end":{"line":586,"column":73}}]},"42":{"line":599,"type":"if","locations":[{"start":{"line":599,"column":8},"end":{"line":599,"column":8}},{"start":{"line":599,"column":8},"end":{"line":599,"column":8}}]},"43":{"line":603,"type":"if","locations":[{"start":{"line":603,"column":8},"end":{"line":603,"column":8}},{"start":{"line":603,"column":8},"end":{"line":603,"column":8}}]},"44":{"line":608,"type":"if","locations":[{"start":{"line":608,"column":8},"end":{"line":608,"column":8}},{"start":{"line":608,"column":8},"end":{"line":608,"column":8}}]},"45":{"line":613,"type":"if","locations":[{"start":{"line":613,"column":8},"end":{"line":613,"column":8}},{"start":{"line":613,"column":8},"end":{"line":613,"column":8}}]},"46":{"line":643,"type":"if","locations":[{"start":{"line":643,"column":60},"end":{"line":643,"column":60}},{"start":{"line":643,"column":60},"end":{"line":643,"column":60}}]},"47":{"line":644,"type":"if","locations":[{"start":{"line":644,"column":8},"end":{"line":644,"column":8}},{"start":{"line":644,"column":8},"end":{"line":644,"column":8}}]},"48":{"line":645,"type":"if","locations":[{"start":{"line":645,"column":8},"end":{"line":645,"column":8}},{"start":{"line":645,"column":8},"end":{"line":645,"column":8}}]},"49":{"line":678,"type":"if","locations":[{"start":{"line":678,"column":8},"end":{"line":678,"column":8}},{"start":{"line":678,"column":8},"end":{"line":678,"column":8}}]}}},"contracts/BasePoolStorage.sol":{"l":{},"path":"/Users/richard/Huma/huma-contracts/contracts/BasePoolStorage.sol","s":{},"b":{},"f":{},"fnMap":{},"statementMap":{},"branchMap":{}},"contracts/Errors.sol":{"l":{},"path":"/Users/richard/Huma/huma-contracts/contracts/Errors.sol","s":{},"b":{},"f":{},"fnMap":{},"statementMap":{},"branchMap":{}},"contracts/EvaluationAgentNFT.sol":{"l":{"26":142,"28":142,"29":142,"31":142,"32":142,"36":2,"37":1,"38":1,"67":1,"68":1},"path":"/Users/richard/Huma/huma-contracts/contracts/EvaluationAgentNFT.sol","s":{"1":142,"2":142,"3":142,"4":142,"5":142,"6":2,"7":1,"8":1,"9":1,"10":1},"b":{"1":[1,1],"2":[1,2]},"f":{"1":138,"2":142,"3":2,"4":1,"5":1,"6":1,"7":1},"fnMap":{"1":{"name":"constructor","line":17,"loc":{"start":{"line":17,"column":4},"end":{"line":17,"column":57}}},"2":{"name":"mintNFT","line":25,"loc":{"start":{"line":25,"column":4},"end":{"line":33,"column":4}}},"3":{"name":"burn","line":35,"loc":{"start":{"line":35,"column":4},"end":{"line":39,"column":4}}},"4":{"name":"transferFrom","line":41,"loc":{"start":{"line":41,"column":4},"end":{"line":47,"column":4}}},"5":{"name":"safeTransferFrom","line":49,"loc":{"start":{"line":49,"column":4},"end":{"line":55,"column":4}}},"6":{"name":"safeTransferFrom","line":57,"loc":{"start":{"line":57,"column":4},"end":{"line":64,"column":4}}},"7":{"name":"setTokenURI","line":66,"loc":{"start":{"line":66,"column":4},"end":{"line":69,"column":4}}}},"statementMap":{"1":{"start":{"line":26,"column":8},"end":{"line":26,"column":28}},"2":{"start":{"line":28,"column":8},"end":{"line":28,"column":47}},"3":{"start":{"line":29,"column":8},"end":{"line":29,"column":34}},"4":{"start":{"line":31,"column":8},"end":{"line":31,"column":47}},"5":{"start":{"line":32,"column":8},"end":{"line":32,"column":24}},"6":{"start":{"line":36,"column":8},"end":{"line":36,"column":71}},"7":{"start":{"line":37,"column":8},"end":{"line":37,"column":21}},"8":{"start":{"line":38,"column":8},"end":{"line":38,"column":22}},"9":{"start":{"line":67,"column":8},"end":{"line":67,"column":33}},"10":{"start":{"line":68,"column":8},"end":{"line":68,"column":33}}},"branchMap":{"1":{"line":36,"type":"if","locations":[{"start":{"line":36,"column":8},"end":{"line":36,"column":8}},{"start":{"line":36,"column":8},"end":{"line":36,"column":8}}]},"2":{"line":66,"type":"if","locations":[{"start":{"line":66,"column":70},"end":{"line":66,"column":70}},{"start":{"line":66,"column":70},"end":{"line":66,"column":70}}]}}},"contracts/HDT/HDT.sol":{"l":{"19":417,"32":139,"33":139,"35":139,"37":139,"39":139,"47":139,"48":139,"52":1,"59":749,"73":417,"74":417,"75":417,"89":5,"90":5,"91":5,"95":422,"96":422,"98":422,"102":327,"103":327,"105":327,"120":327,"127":146,"134":2,"141":424,"142":422},"path":"/Users/richard/Huma/huma-contracts/contracts/HDT/HDT.sol","s":{"1":417,"2":139,"3":139,"4":139,"5":139,"6":1,"7":749,"8":417,"9":417,"10":5,"11":5,"12":422,"13":422,"14":422,"15":327,"16":327,"17":327,"18":327,"19":146,"20":2,"21":424},"b":{"1":[139,1],"2":[0,139],"3":[139,1],"4":[417,1],"5":[0,417],"6":[5,1],"7":[0,5],"8":[138,284],"9":[0,327],"10":[2,422]},"f":{"1":417,"2":139,"3":139,"4":1,"5":749,"6":417,"7":5,"8":422,"9":327,"10":327,"11":146,"12":2,"13":424},"fnMap":{"1":{"name":"constructor","line":18,"loc":{"start":{"line":18,"column":4},"end":{"line":20,"column":4}}},"2":{"name":"initialize","line":31,"loc":{"start":{"line":27,"column":4},"end":{"line":40,"column":4}}},"3":{"name":"setPool","line":46,"loc":{"start":{"line":46,"column":4},"end":{"line":49,"column":4}}},"4":{"name":"decimals","line":51,"loc":{"start":{"line":51,"column":4},"end":{"line":53,"column":4}}},"5":{"name":"totalAssets","line":58,"loc":{"start":{"line":58,"column":4},"end":{"line":60,"column":4}}},"6":{"name":"mintAmount","line":70,"loc":{"start":{"line":67,"column":4},"end":{"line":76,"column":4}}},"7":{"name":"burnAmount","line":86,"loc":{"start":{"line":83,"column":4},"end":{"line":92,"column":4}}},"8":{"name":"convertToShares","line":94,"loc":{"start":{"line":94,"column":4},"end":{"line":99,"column":4}}},"9":{"name":"convertToAssets","line":101,"loc":{"start":{"line":101,"column":4},"end":{"line":106,"column":4}}},"10":{"name":"withdrawableFundsOf","line":113,"loc":{"start":{"line":113,"column":4},"end":{"line":121,"column":4}}},"11":{"name":"assetToken","line":126,"loc":{"start":{"line":126,"column":4},"end":{"line":128,"column":4}}},"12":{"name":"pool","
[...]
}}]}}},"contracts/interfaces/ICredit.sol":{"l":{},"path":"/Users/richard/Huma/huma-contracts/contracts/interfaces/ICredit.sol","s":{},"b":{},"f":{},"fnMap":{},"statementMap":{},"branchMap":{}},"contracts/interfaces/IFeeManager.sol":{"l":{},"path":"/Users/richard/Huma/huma-contracts/contracts/interfaces/IFeeManager.sol","s":{},"b":{},"f":{},"fnMap":{},"statementMap":{},"branchMap":{}},"contracts/interfaces/ILiquidityProvider.sol":{"l":{},"path":"/Users/richard/Huma/huma-contracts/contracts/interfaces/ILiquidityProvider.sol","s":{},"b":{},"f":{},"fnMap":{},"statementMap":{},"branchMap":{}},"contracts/interfaces/IPool.sol":{"l":{},"path":"/Users/richard/Huma/huma-contracts/contracts/interfaces/IPool.sol","s":{},"b":{},"f":{},"fnMap":{},"statementMap":{},"branchMap":{}},"contracts/interfaces/IReceivable.sol":{"l":{},"path":"/Users/richard/Huma/huma-contracts/contracts/interfaces/IReceivable.sol","s":{},"b":{},"f":{},"fnMap":{},"statementMap":{},"branchMap":{}},"contracts/libraries/BaseStructs.sol":{"l":{},"path":"/Users/richard/Huma/huma-contracts/contracts/libraries/BaseStructs.sol","s":{},"b":{},"f":{},"fnMap":{},"statementMap":{},"branchMap":{}},"contracts/mock/InvoiceNFT.sol":{"l":{"37":6,"38":6,"42":0,"46":0,"47":0,"49":0,"51":0,"55":23,"56":23,"58":23,"59":23,"60":23,"62":23,"63":23,"67":0,"68":0,"72":9,"76":20,"84":41,"85":18,"86":18,"87":18,"88":18,"89":18,"90":18,"91":18,"92":3,"93":3,"95":18,"99":41,"100":41,"101":41,"102":41},"path":"/Users/richard/Huma/huma-contracts/contracts/mock/InvoiceNFT.sol","s":{"1":6,"2":0,"3":0,"4":0,"5":0,"6":0,"7":23,"8":23,"9":23,"10":23,"11":23,"12":23,"13":23,"14":0,"15":0,"16":9,"17":20,"18":41,"19":18,"20":18,"21":18,"22":18,"23":18,"24":18,"25":18,"26":41,"27":41,"28":41},"b":{"1":[0,6],"2":[18,23],"3":[18,0],"4":[18,0],"5":[3,15],"6":[41,0]},"f":{"1":6,"2":0,"3":0,"4":23,"5":0,"6":9,"7":20,"8":41},"fnMap":{"1":{"name":"constructor","line":36,"loc":{"start":{"line":36,"column":4},"end":{"line":39,"column":4}}},"2":{"name":"getCurrentTokenId","line":41,"loc":{"start":{"line":41,"column":4},"end":{"line":43,"column":4}}},"3":{"name":"payOwner","line":45,"loc":{"start":{"line":45,"column":4},"end":{"line":52,"column":4}}},"4":{"name":"mintNFT","line":54,"loc":{"start":{"line":54,"column":4},"end":{"line":64,"column":4}}},"5":{"name":"setTokenURI","line":66,"loc":{"start":{"line":66,"column":4},"end":{"line":69,"column":4}}},"6":{"name":"getNFTIds","line":71,"loc":{"start":{"line":71,"column":4},"end":{"line":73,"column":4}}},"7":{"name":"getTokenIdIndex","line":75,"loc":{"start":{"line":75,"column":4},"end":{"line":77,"column":4}}},"8":{"name":"_afterTokenTransfer","line":79,"loc":{"start":{"line":79,"column":4},"end":{"line":104,"column":4}}}},"statementMap":{"1":{"start":{"line":37,"column":8},"end":{"line":37,"column":75}},"2":{"start":{"line":42,"column":8},"end":{"line":42,"column":34}},"3":{"start":{"line":46,"column":8},"end":{"line":46,"column":40}},"4":{"start":{"line":47,"column":8},"end":{"line":47,"column":29}},"5":{"start":{"line":49,"column":8},"end":{"line":49,"column":72}},"6":{"start":{"line":51,"column":8},"end":{"line":51,"column":93}},"7":{"start":{"line":55,"column":8},"end":{"line":55,"column":38}},"8":{"start":{"line":56,"column":8},"end":{"line":56,"column":28}},"9":{"start":{"line":58,"column":8},"end":{"line":58,"column":47}},"10":{"start":{"line":59,"column":8},"end":{"line":59,"column":34}},"11":{"start":{"line":60,"column":8},"end":{"line":60,"column":40}},"12":{"start":{"line":62,"column":8},"end":{"line":62,"column":47}},"13":{"start":{"line":63,"column":8},"end":{"line":63,"column":24}},"14":{"start":{"line":67,"column":8},"end":{"line":67,"column":33}},"15":{"start":{"line":68,"column":8},"end":{"line":68,"column":33}},"16":{"start":{"line":72,"column":8},"end":{"line":72,"column":36}},"17":{"start":{"line":76,"column":8},"end":{"line":76,"column":39}},"18":{"start":{"line":84,"column":8},"end":{"line":84,"column":2825}},"19":{"start":{"line":85,"column":12},"end":{"line":85,"column":52}},"20":{"start":{"line":86,"column":12},"end":{"line":86,"column":2921}},"21":{"start":{"line":88,"column":16},"end":{"line":88,"column":63}},"22":{"start":{"line":89,"column":16},"end":{"line":89,"column":45}},"23":{"start":{"line":90,"column":16},"end":{"line":90,"column":3105}},"24":{"start":{"line":91,"column":20},"end":{"line":91,"column":3171}},"25":{"start":{"line":95,"column":20},"end":{"line":95,"column":33}},"26":{"start":{"line":99,"column":8},"end":{"line":99,"column":3423}},"27":{"start":{"line":100,"column":12},"end":{"line":100,"column":57}},"28":{"start":{"line":101,"column":12},"end":{"line":101,"column":33}}},"branchMap":{"1":{"line":37,"type":"if","locations":[{"start":{"line":37,"column":8},"end":{"line":37,"column":8}},{"start":{"line":37,"column":8},"end":{"line":37,"column":8}}]},"2":{"line":84,"type":"if","locations":[{"start":{"line":84,"column":8},"end":{"line":84,"column":8}},{"start":{"line":84,"column":8},"end":{"line":84,"column":8}}]},"3":{"line":86,"type":"if","locations":[{"start":{"line":86,"column":12},"end":{"line":86,"column":12}},{"start":{"line":86,"column":12},"end":{"line":86,"column":12}}]},"4":{"line":90,"type":"if","locations":[{"start":{"line":90,"column":16},"end":{"line":90,"column":16}},{"start":{"line":90,"column":16},"end":{"line":90,"column":16}}]},"5":{"line":91,"type":"if","locations":[{"start":{"line":91,"column":20},"end":{"line":91,"column":20}},{"start":{"line":91,"column":20},"end":{"line":91,"column":20}}]},"6":{"line":99,"type":"if","locations":[{"start":{"line":99,"column":8},"end":{"line":99,"column":8}},{"start":{"line":99,"column":8},"end":{"line":99,"column":8}}]}}},"contracts/mock/MockBaseCreditPoolV2.sol":{"l":{"10":1,"11":1,"13":1,"14":1,"18":1,"22":0,"26":1,"27":0},"path":"/Users/richard/Huma/huma-contracts/contracts/mock/MockBaseCreditPoolV2.sol","s":{"1":1,"2":1,"3":1,"4":1,"5":0,"6":1},"b":{"1":[0,1],"2":[0,1]},"f":{"1":1,"2":1,"3":0,"4":1},"fnMap":{"1":{"name":"changeCreditLine","line":9,"loc":{"start":{"line":9,"column":4},"end":{"line":15,"column":4}}},"2":{"name":"getCreditLine","line":17,"loc":{"start":{"line":17,"column":4},"end":{"line":19,"column":4}}},"3":{"name":"creditRecordMapping","line":21,"loc":{"start":{"line":21,"column":4},"end":{"line":23,"column":4}}},"4":{"name":"onlyEAServiceAccount","line":25,"loc":{"start":{"line":25,"column":4},"end":{"line":28,"column":4}}}},"statementMap":{"1":{"start":{"line":10,"column":8},"end":{"line":10,"column":27}},"2":{"start":{"line":11,"column":8},"end":{"line":11,"column":29}},"3":{"start":{"line":13,"column":8},"end":{"line":13,"column":96}},"4":{"start":{"line":18,"column":8},"end":{"line":18,"column":62}},"5":{"start":{"line":22,"column":8},"end":{"line":22,"column":44}},"6":{"start":{"line":26,"column":8},"end":{"line":26,"column":1032}}},"branchMap":{"1":{"line":13,"type":"if","locations":[{"start":{"line":13,"column":8},"end":{"line":13,"column":8}},{"start":{"line":13,"column":8},"end":{"line":13,"column":8}}]},"2":{"line":26,"type":"if","locations":[{"start":{"line":26,"column":8},"end":{"line":26,"column":8}},{"start":{"line":26,"column":8},"end":{"line":26,"column":8}}]}}},"contracts/mock/TestToken.sol":{"l":{"9":138,"13":416,"17":0,"21":21,"25":3,"29":834,"33":24},"path":"/Users/richard/Huma/huma-contracts/contracts/mock/TestToken.sol","s":{"1":138,"2":416,"3":0,"4":21,"5":3,"6":834,"7":24},"b":{"1":[3,8]},"f":{"1":138,"2":416,"3":0,"4":21,"5":3,"6":834,"7":24},"fnMap":{"1":{"name":"constructor","line":8,"loc":{"start":{"line":8,"column":4},"end":{"line":10,"column":4}}},"2":{"name":"give1000To","line":12,"loc":{"start":{"line":12,"column":4},"end":{"line":14,"column":4}}},"3":{"name":"give100000To","line":16,"loc":{"start":{"line":16,"column":4},"end":{"line":18,"column":4}}},"4":{"name":"mint","line":20,"loc":{"start":{"line":20,"column":4},"end":{"line":22,"column":4}}},"5":{"name":"burn","line":24,"loc":{"start":{"line":24,"column":4},"end":{"line":26,"column":4}}},"6":{"name":"decimals","line":28,"loc":{"start":{"line":28,"column":4},"end":{"line":30,"column":4}}},"7":{"name":"supportsInterface","line":32,"loc":{"start":{"line":32,"column":4},"end":{"line":34,"column":4}}}},"statementMap":{"1":{"start":{"line":9,"column":8},"end":{"line":9,"column":47}},"2":{"start":{"line":13,"column":8},"end":{"line":13,"column":39}},"3":{"start":{"line":17,"column":8},"end":{"line":17,"column":41}},"4":{"start":{"line":21,"column":8},"end":{"line":21,"column":24}},"5":{"start":{"line":25,"column":8},"end":{"line":25,"column":26}},"6":{"start":{"line":29,"column":8},"end":{"line":29,"column":16}},"7":{"start":{"line":33,"column":8},"end":{"line":33,"column":69}}},"branchMap":{"1":{"line":33,"type":"cond-expr","locations":[{"start":{"line":33,"column":15},"end":{"line":33,"column":39}},{"start":{"line":33,"column":44},"end":{"line":33,"column":68}}]}}},"contracts/openzeppelin/TimelockController.sol":{"l":{},"path":"/Users/richard/Huma/huma-contracts/contracts/openzeppelin/TimelockController.sol","s":{},"b":{},"f":{},"fnMap":{},"statementMap":{},"branchMap":{}},"contracts/openzeppelin/TransparentUpgradeableProxy.sol":{"l":{},"path":"/Users/richard/Huma/huma-contracts/contracts/openzeppelin/TransparentUpgradeableProxy.sol","s":{},"b":{},"f":{},"fnMap":{},"statementMap":{},"branchMap":{}},"contracts/ReceivableFactoringPool.sol":{"l":{"71":35,"73":34,"76":33,"78":32,"81":31,"93":6,"94":6,"105":1,"117":19,"118":19,"119":19,"121":18,"123":17,"125":16,"127":13,"128":13,"145":1,"146":1,"155":12,"168":11,"169":10,"178":5,"179":4,"181":4,"183":3,"184":3,"185":1,"187":2,"203":7,"207":6,"208":6,"216":3,"220":1,"229":4,"230":4,"238":3,"239":3,"243":2,"244":2,"253":12,"255":11,"257":9,"263":9,"264":6,"266":6,"269":6,"271":6,"273":3,"287":37,"293":36,"298":36,"315":16,"317":16,"319":16,"320":15,"323":13,"328":13,"329":1,"331":12,"334":2,"336":1,"351":6,"352":6,"368":40},"path":"/Users/richard/Huma/huma-contracts/contracts/ReceivableFactoringPool.sol","s":{"1":35,"2":34,"3":33,"4":32,"5":31,"6":6,"7":6,"8":19,"9":19,"10":19,"11":18,"12":17,"13":16,"14":13,"15":13,"16":1,"17":1,"18":12,"19":11,"20":10,"21":5,"22":4,"23":4,"24":3,"25":1,"26":2,"27":7,"28":6,"29":6,"30":3,"31":1,"32":4,"33":4,"34":3,"35":2,"36":12,"37":11,"38":9,"39":9,"40":6,"41":4,"42":6,"43":5,"44":6,"45":3,"46":37,"47":36,"48":16,"49":16,"50":16,"51":15,"52":13,"53":12,"54":2,"55":1,"56":6,"57":6,"58":40},"b":{"1":[1,32],"2":[1,17],"3":[1,16],"4":[1,3],"5":[1,2],"6":[2,9],"7":[6,3],"8":[4,2],"9":[5,1],"10":[1,36],"11":[1,15],"12":[13,2],"13":[1,12],"14":[1,1],"15":[1,39]},"f":{"1":35,"2":6,"3":1,"4":19,"5":1,"6":12,"7":11,"8":5,"9":7,"10":6,"11":3,"12":1,"13":4,"14":3,"15":2,"16":12,"17":37,"18":16,"19":6,"20":40},"fnMap":{"1":{"name":"approveCredit","line":61,"loc":{"start":{"line":61,"column":4},"end":{"line":82,"column":4}}},"2":{"name":"changeCreditLine","line":92,"loc":{"start":{"line":92,"column":4},"end":{"line":95,"column":4}}},"3":{"name":"drawdown","line":101,"loc":{"start":{"line":101,"column":4},"end":{"line":106,"column":4}}},"4":{"name":"drawdownWithReceivable","line":112,"loc":{"start":{"line":112,"column":4},"end":{"line":135,"column":4}}},"5":{"name":"markPaymentInvalid","line":144,"loc":{"start":{"line":144,"column":4},"end":{"line":147,"column":4}}},"6":{"name":"onERC721Received","line":149,"loc":{"start":{"line":149,"column":4},"end":{"line":156,"column":4}}},"7":{"name":"onReceivedPayment","line":163,"loc":{"start":{"line":163,"column":4},"end":{"line":175,"column":4}}},"8":{"name":"processPaymentAfterReview","line":177,"loc":{"start":{"line":177,"column":4},"end":{"line":194,"column":4}}},"9":{"name":"isPaymentProcessed","line":196,"loc":{"start":{"line":196,"column":4},"end":{"line":204,"column":4}}},"10":{"name":"isPaymentUnderReview","line":206,"loc":{"start":{"line":206,"column":4},"end":{"line":209,"column":4}}},"11":{"name":"receivableInfoMapping","line":211,"loc":{"start":{"line":211,"column":4},"end":{"line":217,"column":4}}},"12":{"name":"receivableOwnershipMapping","line":219,"loc":{"start":{"line":219,"column":4},"end":{"line":221,"column":4}}},"13":{"name":"_disburseRemainingFunds","line":228,"loc":{"start":{"line":228,"column":4},"end":{"line":231,"column":4}}},"14":{"name":"_flagForReview","line":233,"loc":{"start":{"line":233,"column":4},"end":{"line":240,"column":4}}},"15":{"name":"_markPaymentInvalid","line":242,"loc":{"start":{"line":242,"column":4},"end":{"line":245,"column":4}}},"16":{"name":"_processReceivedPayment","line":247,"loc":{"start":{"line":247,"column":4},"end":{"line":275,"column":4}}},"17":{"name":"_setReceivableInfo","line":280,"loc":{"start":{"line":280,"column":4},"end":{"line":299,"column":4}}},"18":{"name":"_transferReceivableAsset","line":309,"loc":{"start":{"line":309,"column":4},"end":{"line":338,"column":4}}},"19":{"name":"_checkReceivableAssetFor","line":345,"loc":{"start":{"line":345,"column":4},"end":{"line":356,"column":4}}},"20":{"name":"_checkReceivableRequirement","line":364,"loc":{"start":{"line":364,"column":4},"end":{"line":372,"column":4}}}},"statementMap":{"1":{"start":{"line":71,"column":8},"end":{"line":71,"column":29}},"2":{"start":{"line":73,"column":8},"end":{"line":73,"column":65}},"3":{"start":{"line":76,"column":8},"end":{"line":76,"column":78}},"4":{"start":{"line":78,"column":8},"end":{"line":78,"column":87}},"5":{"start":{"line":81,"column":8},"end":{"line":81,"column":95}},"6":{"start":{"line":93,"column":8},"end":{"line":93,"column":57}},"7":{"start":{"line":94,"column":8},"end":{"line":94,"column":55}},"8":{"start":{"line":117,"column":8},"end":{"line":117,"column":37}},"9":{"start":{"line":118,"column":8},"end":{"line":118,"column":62}},"10":{"start":{"line":119,"column":8},"end":{"line":119,"column":66}},"11":{"start":{"line":121,"column":8},"end":{"line":121,"column":78}},"12":{"start":{"line":123,"column":8},"end":{"line":123,"column":93}},"13":{"start":{"line":125,"column":8},"end":{"line":125,"column":75}},"14":{"start":{"line":127,"column":8},"end":{"line":127,"column":81}},"15":{"start":{"line":128,"column":8},"end":{"line":128,"column":5045}},"16":{"start":{"line":145,"column":8},"end":{"line":145,"column":30}},"17":{"start":{"line":146,"column":8},"end":{"line":146,"column":41}},"18":{"start":{"line":155,"column":8},"end":{"line":155,"column":45}},"19":{"start":{"line":168,"column":8},"end":{"line":168,"column":30}},"20":{"start":{"line":169,"column":8},"end":{"line":169,"column":6355}},"21":{"start":{"line":178,"column":8},"end":{"line":178,"column":44}},"22":{"start":{"line":179,"column":8},"end":{"line":179,"column":80}},"23":{"start":{"line":181,"column":8},"end":{"line":181,"column":86}},"24":{"start":{"line":184,"column":8},"end":{"line":184,"column":6884}},"25":{"start":{"line":185,"column":12},"end":{"line":185,"column":45}},"26":{"start":{"line":187,"column":12},"end":{"line":187,"column":6982}},"27":{"start":{"line":203,"column":8},"end":{"line":203,"column":50}},"28":{"start":{"line":207,"column":8},"end":{"line":207,"column":80}},"29":{"start":{"line":208,"column":8},"end":{"line":208,"column":48}},"30":{"start":{"line":216,"column":8},"end":{"line":216,"column":46}},"31":{"start":{"line":220,"column":8},"end":{"line":220,"column":58}},"32":{"start":{"line":229,"column":8},"end":{"line":229,"column":54}},"33":{"start":{"line":230,"column":8},"end":{"line":230,"column":50}},"34":{"start":{"line":239,"column":8},"end":{"line":239,"column":69}},"35":{"start":{"line":244,"column":8},"end":{"line":244,"column":46}},"36":{"start":{"line":253,"column":8},"end":{"line":253,"column":27}},"37":{"start":{"line":255,"column":8},"end":{"line":255,"column":88}},"38":{"start":{"line":257,"column":8},"end":{"line":257,"column":9222}},"39":{"start":{"line":263,"column":8},"end":{"line":263,"column":9375}},"40":{"start":{"line":266,"column":12},"end":{"line":266,"column":91}},"41":{"start":{"line":266,"column":37},"end":{"line":266,"column":90}},"42":{"start":{"line":269,"column":12},"end":{"line":269,"column":71}},"43":{"start":{"line":269,"column":25},"end":{"line":269,"column":70}},"44":{"start":{"line":271,"column":12},"end":{"line":271,"column":86}},"45":{"start":{"line":273,"column":12},"end":{"line":273,"column":58}},"46":{"start":{"line":287,"column":8},"end":{"line":287,"column":10250}},"47":{"start":{"line":293,"column":8},"end":{"line":293,"column":10470}},"48":{"start":{"line":315,"column":8},"end":{"line":315,"column":70}},"49":{"start":{"line":317,"column":8},"end":{"line":317,"column":47}},"50":{"start":{"line":319,"column":8},"end":{"line":319,"column":90}},"51":{"start":{"line":320,"column":8},"end":{"line":320,"column":11543}},"52":{"start":{"line":328,"column":12},"end":{"line":328,"column":12021}},"53":{"start":{"line":331,"column":12},"end":{"line":331,"column":94}},"54":{"start":{"line":334,"column":12},"end":{"line":334,"column":98}},"55":{"start":{"line":336,"column":12},"end":{"line":336,"column":93}},"56":{"start":{"line":351,"column":8},"end":{"line":351,"column":77}},"57":{"start":{"line":352,"column":8},"end":{"line":352,"column":12948}},"58":{"start":{"line":368,"column":8},"end":{"line":368,"column":13519}}},"branchMap":{"1":{"line":76,"type":"if","locations":[{"start":{"line":76,"column":8},"end":{"line":76,"column":8}},{"start":{"line":76,"column":8},"end":{"line":76,"column":8}}]},"2":{"line":121,"type":"if","locations":[{"start":{"line":121,"column":8},"end":{"line":121,"column":8}},{"start":{"line":121,"column":8},"end":{"line":121,"column":8}}]},"3":{"line":123,"type":"if","locations":[{"start":{"line":123,"column":8},"end":{"line":123,"column":8}},{"start":{"line":123,"column":8},"end":{"line":123,"column":8}}]},"4":{"line":181,"type":"if","locations":[{"start":{"line":181,"column":8},"end":{"line":181,"column":8}},{"start":{"line":181,"column":8},"end":{"line":181,"column":8}}]},"5":{"line":184,"type":"if","locations":[{"start":{"line":184,"column":8},"end":{"line":184,"column":8}},{"start":{"line":184,"column":8},"end":{"line":184,"column":8}}]},"6":{"line":255,"type":"if","locations":[{"start":{"line":255,"column":8},"end":{"line":255,"column":8}},{"start":{"line":255,"column":8},"end":{"line":255,"column":8}}]},"7":{"line":263,"type":"if","locations":[{"start":{"line":263,"column":8},"end":{"line":263,"column":8}},{"start":{"line":263,"column":8},"end":{"line":263,"column":8}}]},"8":{"line":266,"type":"if","locations":[{"start":{"line":266,"column":12},"end":{"line":266,"column":12}},{"start":{"line":266,"column":12},"end":{"line":266,"column":12}}]},"9":{"line":269,"type":"if","locations":[{"start":{"line":269,"column":12},"end":{"line":269,"column":12}},{"start":{"line":269,"column":12},"end":{"line":269,"column":12}}]},"10":{"line":287,"type":"if","locations":[{"start":{"line":287,"column":8},"end":{"line":287,"column":8}},{"start":{"line":287,"column":8},"end":{"line":287,"column":8}}]},"11":{"line":319,"type":"if","locations":[{"start":{"line":319,"column":8},"end":{"line":319,"column":8}},{"start":{"line":319,"column":8},"end":{"line":319,"column":8}}]},"12":{"line":320,"type":"if","locations":[{"start":{"line":320,"column":8},"end":{"line":320,"column":8}},{"start":{"line":320,"column":8},"end":{"line":320,"column":8}}]},"13":{"line":328,"type":"if","locations":[{"start":{"line":328,"column":12},"end":{"line":328,"column":12}},{"start":{"line":328,"column":12},"end":{"line":328,"column":12}}]},"14":{"line":334,"type":"if","locations":[{"start":{"line":334,"column":12},"end":{"line":334,"column":12}},{"start":{"line":334,"column":12},"end":{"line":334,"column":12}}]},"15":{"line":368,"type":"if","locations":[{"start":{"line":368,"column":8},"end":{"line":368,"column":8}},{"start":{"line":368,"column":8},"end":{"line":368,"column":8}}]}}},"contracts/ReceivableFactoringPoolStorage.sol":{"l":{},"path":"/Users/richard/Huma/huma-contracts/contracts/ReceivableFactoringPoolStorage.sol","s":{},"b":{},"f":{},"fnMap":{},"statementMap":{},"branchMap":{}}}