{"contracts/BaseCreditPool.sol":{"l":{"136":44,"137":44,"138":44,"139":44,"140":44,"141":44,"142":44,"143":44,"145":44,"146":44,"147":44,"149":43,"161":15,"163":14,"165":13,"168":13,"170":8,"171":1,"174":10,"177":10,"179":5,"182":5,"183":4,"184":4,"190":5,"192":10,"201":55,"203":55,"204":54,"206":54,"207":49,"208":43,"221":1,"225":1,"226":1,"227":1,"251":38,"253":38,"273":13,"274":12,"291":55,"308":14,"311":14,"313":14,"315":13,"316":6,"322":13,"325":6,"327":6,"329":6,"331":6,"333":6,"335":6,"339":90,"347":76,"351":5,"359":25,"360":25,"375":6,"388":73,"397":72,"398":72,"400":72,"402":72,"420":74,"422":72,"423":2,"430":59,"431":1,"433":58,"434":1,"448":63,"451":53,"455":53,"458":53,"462":10,"463":4,"464":4,"465":1,"468":9,"479":7,"483":5,"493":5,"496":58,"498":58,"502":57,"505":57,"507":57,"523":87,"525":86,"527":82,"529":82,"532":4,"533":4,"534":3,"535":3,"536":3,"542":1,"547":81,"549":79,"556":79,"557":79,"559":79,"560":29,"561":29,"564":79,"566":79,"607":48,"609":46,"611":45,"613":45,"618":5,"619":3,"621":1,"624":41,"627":10,"632":41,"638":41,"644":41,"647":7,"648":3,"657":39,"660":39,"662":39,"663":22,"664":4,"665":4,"667":4,"668":2,"670":2,"671":2,"674":18,"677":18,"679":18,"680":18,"681":18,"682":18,"685":18,"689":22,"691":20,"704":22,"705":3,"708":17,"709":17,"711":17,"712":2,"722":15,"723":15,"727":17,"728":17,"729":17,"730":17,"731":17,"734":17,"735":9,"736":9,"740":39,"742":39,"744":32,"745":32,"756":39,"765":5,"767":5,"768":4,"769":4,"770":2,"772":2,"773":2,"775":4,"776":4,"777":4,"782":1,"788":139,"789":3,"809":95,"810":95,"811":95,"816":95,"817":95,"818":95,"826":95,"827":90,"829":90,"830":89,"831":7,"833":89,"837":90,"838":90,"839":32,"845":90,"846":63,"848":27,"852":90,"855":90,"856":20,"859":90,"861":90,"867":309,"876":66,"881":354,"890":142,"895":14,"896":1,"901":86,"902":3},"path":"/Users/57block/Huma/huma-contracts/contracts/BaseCreditPool.sol","s":{"1":44,"2":44,"3":44,"4":44,"5":44,"6":44,"7":43,"8":15,"9":14,"10":13,"11":13,"12":5,"13":8,"14":10,"15":5,"16":5,"17":4,"18":10,"19":55,"20":55,"21":54,"22":54,"23":49,"24":43,"25":1,"26":1,"27":1,"28":38,"29":1,"30":13,"31":12,"32":1,"33":11,"34":55,"35":14,"36":14,"37":14,"38":13,"39":13,"40":6,"41":6,"42":6,"43":90,"44":76,"45":5,"46":4,"47":1,"48":25,"49":25,"50":6,"51":73,"52":72,"53":72,"54":72,"55":74,"56":72,"57":70,"58":59,"59":58,"60":63,"61":10,"62":4,"63":9,"64":7,"65":58,"66":58,"67":57,"68":55,"69":57,"70":57,"71":87,"72":86,"73":82,"74":82,"75":4,"76":3,"77":81,"78":79,"79":79,"80":29,"81":79,"82":79,"83":48,"84":46,"85":45,"86":45,"87":5,"88":2,"89":1,"90":41,"91":41,"92":41,"93":41,"94":7,"95":3,"96":2,"97":39,"98":39,"99":39,"100":22,"101":4,"102":18,"103":22,"104":22,"105":3,"106":17,"107":2,"108":15,"109":1,"110":14,"111":9,"112":17,"113":9,"114":39,"115":39,"116":32,"117":32,"118":39,"119":5,"120":5,"121":4,"122":4,"123":2,"124":1,"125":139,"126":95,"127":95,"128":95,"129":95,"130":95,"131":90,"132":89,"133":89,"134":62,"135":27,"136":1,"137":90,"138":90,"139":90,"140":90,"141":90,"142":20,"143":90,"144":90,"145":66,"146":354,"147":142,"148":14,"149":86},"b":{"1":[5,8],"2":[1,7],"3":[5,5],"4":[4,1],"5":[1,54],"6":[1,37],"7":[12,1],"8":[1,11],"9":[1,13],"10":[6,7],"11":[7,6],"12":[4,1],"13":[7,18],"14":[1,1],"15":[2,4],"16":[1,72],"17":[5,67],"18":[2,70],"19":[59,11],"20":[1,58],"21":[1,57],"22":[53,10],"23":[4,6],"24":[1,3],"25":[2,7],"26":[2,5],"27":[55,2],"28":[1,86],"29":[4,78],"30":[3,1],"31":[29,50],"32":[1,45],"33":[5,40],"34":[1,1],"35":[1,3],"36":[3,2],"37":[1,1],"38":[10,31],"39":[7,34],"40":[3,4],"41":[2,1],"42":[22,17],"43":[4,18],"44":[2,2],"45":[1,17],"46":[20,2],"47":[3,19],"48":[2,15],"49":[1,14],"50":[9,5],"51":[9,8],"52":[32,7],"53":[4,1],"54":[2,2],"55":[3,136],"56":[53,42],"57":[23,72],"58":[90,5],"59":[89,1],"60":[7,82],"61":[62,27],"62":[1,26],"63":[32,58],"64":[63,27],"65":[20,70],"66":[20,70],"67":[19,1],"68":[1,13],"69":[3,83]},"f":{"1":44,"2":15,"3":55,"4":1,"5":38,"6":13,"7":55,"8":14,"9":90,"10":76,"11":5,"12":25,"13":6,"14":73,"15":74,"16":63,"17":87,"18":48,"19":5,"20":139,"21":95,"22":309,"23":66,"24":354,"25":142,"26":14,"27":86},"fnMap":{"1":{"name":"approveCredit","line":129,"loc":{"start":{"line":129,"column":4},"end":{"line":150,"column":4}}},"2":{"name":"changeCreditLine","line":160,"loc":{"start":{"line":160,"column":4},"end":{"line":193,"column":4}}},"3":{"name":"drawdown","line":200,"loc":{"start":{"line":200,"column":4},"end":{"line":209,"column":4}}},"4":{"name":"extendCreditLineDuration","line":216,"loc":{"start":{"line":216,"column":4},"end":{"line":233,"column":4}}},"5":{"name":"makePayment","line":245,"loc":{"start":{"line":245,"column":4},"end":{"line":254,"column":4}}},"6":{"name":"refreshAccount","line":267,"loc":{"start":{"line":267,"column":4},"end":{"line":277,"column":4}}},"7":{"name":"requestCredit","line":285,"loc":{"start":{"line":285,"column":4},"end":{"line":299,"column":4}}},"8":{"name":"triggerDefault","line":307,"loc":{"start":{"line":307,"column":4},"end":{"line":336,"column":4}}},"9":{"name":"creditRecordMapping","line":338,"loc":{"start":{"line":338,"column":4},"end":{"line":340,"column":4}}},"10":{"name":"creditRecordStaticMapping","line":342,"loc":{"start":{"line":342,"column":4},"end":{"line":348,"column":4}}},"11":{"name":"isApproved","line":350,"loc":{"start":{"line":350,"column":4},"end":{"line":353,"column":4}}},"12":{"name":"isDefaultReady","line":358,"loc":{"start":{"line":358,"column":4},"end":{"line":365,"column":4}}},"13":{"name":"isLate","line":374,"loc":{"start":{"line":374,"column":4},"end":{"line":381,"column":4}}},"14":{"name":"_approveCredit","line":383,"loc":{"start":{"line":383,"column":4},"end":{"line":403,"column":4}}},"15":{"name":"_checkDrawdownEligibility","line":415,"loc":{"start":{"line":415,"column":4},"end":{"line":436,"column":4}}},"16":{"name":"_drawdown","line":443,"loc":{"start":{"line":443,"column":4},"end":{"line":508,"column":4}}},"17":{"name":"_initiateCredit","line":515,"loc":{"start":{"line":515,"column":4},"end":{"line":574,"column":4}}},"18":{"name":"_makePayment","line":595,"loc":{"start":{"line":595,"column":4},"end":{"line":757,"column":4}}},"19":{"name":"_recoverDefaultedAmount","line":764,"loc":{"start":{"line":764,"column":4},"end":{"line":784,"column":4}}},"20":{"name":"_maxCreditLineCheck","line":787,"loc":{"start":{"line":787,"column":4},"end":{"line":791,"column":4}}},"21":{"name":"_updateDueInfo","line":804,"loc":{"start":{"line":804,"column":4},"end":{"line":863,"column":4}}},"22":{"name":"_setCreditRecord","line":866,"loc":{"start":{"line":866,"column":4},"end":{"line":868,"column":4}}},"23":{"name":"_calcCorrection","line":871,"loc":{"start":{"line":871,"column":4},"end":{"line":877,"column":4}}},"24":{"name":"_getCreditRecord","line":880,"loc":{"start":{"line":880,"column":4},"end":{"line":882,"column":4}}},"25":{"name":"_getCreditRecordStatic","line":885,"loc":{"start":{"line":885,"column":4},"end":{"line":891,"column":4}}},"26":{"name":"onlyPDSServiceAccount","line":894,"loc":{"start":{"line":894,"column":4},"end":{"line":897,"column":4}}},"27":{"name":"onlyEAServiceAccount","line":900,"loc":{"start":{"line":900,"column":4},"end":{"line":903,"column":4}}}},"statementMap":{"1":{"start":{"line":136,"column":8},"end":{"line":136,"column":27}},"2":{"start":{"line":137,"column":8},"end":{"line":137,"column":29}},"3":{"start":{"line":138,"column":8},"end":{"line":138,"column":39}},"4":{"start":{"line":139,"column":8},"end":{"line":139,"column":75}},"5":{"start":{"line":145,"column":8},"end":{"line":145,"column":62}},"6":{"start":{"line":147,"column":8},"end":{"line":147,"column":53}},"7":{"start":{"line":149,"column":8},"end":{"line":149,"column":94}},"8":{"start":{"line":161,"column":8},"end":{"line":161,"column":27}},"9":{"start":{"line":163,"column":8},"end":{"line":163,"column":42}},"10":{"start":{"line":165,"column":8},"end":{"line":165,"column":81}},"11":{"start":{"line":168,"column":8},"end":{"line":168,"column":6438}},"12":{"start":{"line":168,"column":45},"end":{"line":168,"column":66}},"13":{"start":{"line":170,"column":12},"end":{"line":170,"column":6585}},"14":{"start":{"line":177,"column":8},"end":{"line":177,"column":6853}},"15":{"start":{"line":179,"column":12},"end":{"line":179,"column":77}},"16":{"start":{"line":182,"column":12},"end":{"line":182,"column":7153}},"17":{"start":{"line":184,"column":16},"end":{"line":184,"column":7306}},"18":{"start":{"line":192,"column":8},"end":{"line":192,"column":72}},"19":{"start":{"line":201,"column":8},"end":{"line":201,"column":37}},"20":{"start":{"line":203,"column":8},"end":{"line":203,"column":65}},"21":{"start":{"line":204,"column":8},"end":{"line":204,"column":62}},"22":{"start":{"line":206,"column":8},"end":{"line":206,"column":60}},"23":{"start":{"line":207,"column":8},"end":{"line":207,"column":75}},"24":{"start":{"line":208,"column":8},"end":{"line":208,"column":70}},"25":{"start":{"line":221,"column":8},"end":{"line":221,"column":29}},"26":{"start":{"line":225,"column":8},"end":{"line":225,"column":44}},"27":{"start":{"line":227,"column":8},"end":{"line":227,"column":9156}},"28":{"start":{"line":251,"column":8},"end":{"line":251,"column":59}},"29":{"start":{"line":251,"column":36},"end":{"line":251,"column":58}},"30":{"start":{"line":273,"column":8},"end":{"line":273,"column":11244}},"31":{"start":{"line":274,"column":12},"end":{"line":274,"column":11381}},"32":{"start":{"line":274,"column":42},"end":{"line":274,"column":87}},"33":{"start":{"line":275,"column":17},"end":{"line":275,"column":61}},"34":{"start":{"line":291,"column":8},"end":{"line":291,"column":12022}},"35":{"start":{"line":308,"column":8},"end":{"line":308,"column":27}},"36":{"start":{"line":311,"column":8},"end":{"line":311,"column":62}},"37":{"start":{"line":313,"column":8},"end":{"line":313,"column":96}},"38":{"start":{"line":315,"column":8},"end":{"line":315,"column":12837}},"39":{"start":{"line":322,"column":8},"end":{"line":322,"column":79}},"40":{"start":{"line":331,"column":8},"end":{"line":331,"column":31}},"41":{"start":{"line":333,"column":8},"end":{"line":333,"column":59}},"42":{"start":{"line":335,"column":8},"end":{"line":335,"column":21}},"43":{"start":{"line":339,"column":8},"end":{"line":339,"column":44}},"44":{"start":{"line":347,"column":8},"end":{"line":347,"column":50}},"45":{"start":{"line":351,"column":8},"end":{"line":351,"column":14124}},"46":{"start":{"line":351,"column":79},"end":{"line":351,"column":90}},"47":{"start":{"line":352,"column":13},"end":{"line":352,"column":25}},"48":{"start":{"line":359,"column":8},"end":{"line":359,"column":83}},"49":{"start":{"line":360,"column":8},"end":{"line":360,"column":14520}},"50":{"start":{"line":375,"column":8},"end":{"line":375,"column":15262}},"51":{"start":{"line":388,"column":8},"end":{"line":388,"column":85}},"52":{"start":{"line":397,"column":8},"end":{"line":397,"column":77}},"53":{"start":{"line":398,"column":8},"end":{"line":398,"column":79}},"54":{"start":{"line":402,"column":8},"end":{"line":402,"column":17}},"55":{"start":{"line":420,"column":8},"end":{"line":420,"column":27}},"56":{"start":{"line":422,"column":8},"end":{"line":422,"column":17356}},"57":{"start":{"line":424,"column":13},"end":{"line":424,"column":17514}},"58":{"start":{"line":430,"column":12},"end":{"line":430,"column":18061}},"59":{"start":{"line":433,"column":12},"end":{"line":433,"column":18178}},"60":{"start":{"line":448,"column":8},"end":{"line":448,"column":18583}},"61":{"start":{"line":462,"column":12},"end":{"line":462,"column":19183}},"62":{"start":{"line":464,"column":16},"end":{"line":464,"column":19351}},"63":{"start":{"line":468,"column":12},"end":{"line":468,"column":19473}},"64":{"start":{"line":479,"column":12},"end":{"line":479,"column":84}},"65":{"start":{"line":496,"column":8},"end":{"line":496,"column":37}},"66":{"start":{"line":498,"column":8},"end":{"line":498,"column":20709}},"67":{"start":{"line":502,"column":8},"end":{"line":502,"column":60}},"68":{"start":{"line":502,"column":30},"end":{"line":502,"column":59}},"69":{"start":{"line":505,"column":8},"end":{"line":505,"column":67}},"70":{"start":{"line":507,"column":8},"end":{"line":507,"column":34}},"71":{"start":{"line":523,"column":8},"end":{"line":523,"column":82}},"72":{"start":{"line":525,"column":8},"end":{"line":525,"column":27}},"73":{"start":{"line":527,"column":8},"end":{"line":527,"column":62}},"74":{"start":{"line":529,"column":8},"end":{"line":529,"column":21761}},"75":{"start":{"line":533,"column":12},"end":{"line":533,"column":22022}},"76":{"start":{"line":536,"column":16},"end":{"line":536,"column":22188}},"77":{"start":{"line":547,"column":8},"end":{"line":547,"column":39}},"78":{"start":{"line":556,"column":8},"end":{"line":556,"column":34}},"79":{"start":{"line":559,"column":8},"end":{"line":559,"column":22967}},"80":{"start":{"line":561,"column":12},"end":{"line":561,"column":98}},"81":{"start":{"line":564,"column":8},"end":{"line":564,"column":38}},"82":{"start":{"line":566,"column":8},"end":{"line":566,"column":23187}},"83":{"start":{"line":607,"column":8},"end":{"line":607,"column":27}},"84":{"start":{"line":609,"column":8},"end":{"line":609,"column":59}},"85":{"start":{"line":611,"column":8},"end":{"line":611,"column":62}},"86":{"start":{"line":613,"column":8},"end":{"line":613,"column":25021}},"87":{"start":{"line":618,"column":12},"end":{"line":618,"column":25231}},"88":{"start":{"line":620,"column":17},"end":{"line":620,"column":25369}},"89":{"start":{"line":621,"column":16},"end":{"line":621,"column":39}},"90":{"start":{"line":624,"column":8},"end":{"line":624,"column":25457}},"91":{"start":{"line":632,"column":8},"end":{"line":632,"column":25839}},"92":{"start":{"line":638,"column":8},"end":{"line":638,"column":26076}},"93":{"start":{"line":644,"column":8},"end":{"line":644,"column":26348}},"94":{"start":{"line":647,"column":12},"end":{"line":647,"column":26595}},"95":{"start":{"line":648,"column":16},"end":{"line":648,"column":26689}},"96":{"start":{"line":651,"column":18},"end":{"line":651,"column":41}},"97":{"start":{"line":657,"column":8},"end":{"line":657,"column":31}},"98":{"start":{"line":660,"column":8},"end":{"line":660,"column":36}},"99":{"start":{"line":662,"column":8},"end":{"line":662,"column":27151}},"100":{"start":{"line":663,"column":12},"end":{"line":663,"column":27196}},"101":{"start":{"line":667,"column":16},"end":{"line":667,"column":27347}},"102":{"start":{"line":685,"column":16},"end":{"line":685,"column":94}},"103":{"start":{"line":689,"column":12},"end":{"line":689,"column":28262}},"104":{"start":{"line":704,"column":12},"end":{"line":704,"column":28946}},"105":{"start":{"line":705,"column":16},"end":{"line":705,"column":65}},"106":{"start":{"line":711,"column":12},"end":{"line":711,"column":29195}},"107":{"start":{"line":712,"column":16},"end":{"line":712,"column":65}},"108":{"start":{"line":723,"column":16},"end":{"line":723,"column":30153}},"109":{"start":{"line":723,"column":39},"end":{"line":723,"column":86}},"110":{"start":{"line":724,"column":21},"end":{"line":724,"column":93}},"111":{"start":{"line":724,"column":44},"end":{"line":724,"column":92}},"112":{"start":{"line":734,"column":12},"end":{"line":734,"column":30551}},"113":{"start":{"line":736,"column":16},"end":{"line":736,"column":92}},"114":{"start":{"line":740,"column":8},"end":{"line":740,"column":37}},"115":{"start":{"line":742,"column":8},"end":{"line":742,"column":30798}},"116":{"start":{"line":744,"column":12},"end":{"line":744,"column":86}},"117":{"start":{"line":745,"column":12},"end":{"line":745,"column":31045}},"118":{"start":{"line":756,"column":8},"end":{"line":756,"column":72}},"119":{"start":{"line":765,"column":8},"end":{"line":765,"column":82}},"120":{"start":{"line":767,"column":8},"end":{"line":767,"column":31904}},"121":{"start":{"line":768,"column":12},"end":{"line":768,"column":38}},"122":{"start":{"line":769,"column":12},"end":{"line":769,"column":31986}},"123":{"start":{"line":773,"column":16},"end":{"line":773,"column":69}},"124":{"start":{"line":782,"column":12},"end":{"line":782,"column":44}},"125":{"start":{"line":788,"column":8},"end":{"line":788,"column":32913}},"126":{"start":{"line":810,"column":8},"end":{"line":810,"column":43}},"127":{"start":{"line":811,"column":8},"end":{"line":811,"column":57}},"128":{"start":{"line":816,"column":8},"end":{"line":816,"column":33}},"129":{"start":{"line":817,"column":8},"end":{"line":817,"column":24}},"130":{"start":{"line":826,"column":8},"end":{"line":826,"column":34656}},"131":{"start":{"line":829,"column":12},"end":{"line":829,"column":34761}},"132":{"start":{"line":830,"column":16},"end":{"line":830,"column":34883}},"133":{"start":{"line":833,"column":16},"end":{"line":833,"column":35025}},"134":{"start":{"line":833,"column":36},"end":{"line":833,"column":80}},"135":{"start":{"line":834,"column":21},"end":{"line":834,"column":87}},"136":{"start":{"line":834,"column":41},"end":{"line":834,"column":86}},"137":{"start":{"line":837,"column":12},"end":{"line":837,"column":87}},"138":{"start":{"line":838,"column":12},"end":{"line":838,"column":35299}},"139":{"start":{"line":845,"column":12},"end":{"line":845,"column":35588}},"140":{"start":{"line":852,"column":12},"end":{"line":852,"column":35904}},"141":{"start":{"line":855,"column":12},"end":{"line":855,"column":36054}},"142":{"start":{"line":856,"column":16},"end":{"line":856,"column":91}},"143":{"start":{"line":859,"column":12},"end":{"line":859,"column":41}},"144":{"start":{"line":861,"column":12},"end":{"line":861,"column":64}},"145":{"start":{"line":876,"column":8},"end":{"line":876,"column":68}},"146":{"start":{"line":881,"column":8},"end":{"line":881,"column":44}},"147":{"start":{"line":890,"column":8},"end":{"line":890,"column":50}},"148":{"start":{"line":895,"column":8},"end":{"line":895,"column":37526}},"149":{"start":{"line":901,"column":8},"end":{"line":901,"column":37795}}},"branchMap":{"1":{"line":168,"type":"if","locations":[{"start":{"line":168,"column":8},"end":{"line":168,"column":8}},{"start":{"line":168,"column":8},"end":{"line":168,"column":8}}]},"2":{"line":170,"type":"if","locations":[{"start":{"line":170,"column":12},"end":{"line":170,"column":12}},{"start":{"line":170,"column":12},"end":{"line":170,"column":12}}]},"3":{"line":177,"type":"if","locations":[{"start":{"line":177,"column":8},"end":{"line":177,"column":8}},{"start":{"line":177,"column":8},"end":{"line":177,"column":8}}]},"4":{"line":182,"type":"if","locations":[{"start":{"line":182,"column":12},"end":{"line":182,"column":12}},{"start":{"line":182,"column":12},"end":{"line":182,"column":12}}]},"5":{"line":203,"type":"if","locations":[{"start":{"line":203,"column":8},"end":{"line":203,"column":8}},{"start":{"line":203,"column":8},"end":{"line":203,"column":8}}]},"6":{"line":251,"type":"if","locations":[{"start":{"line":251,"column":8},"end":{"line":251,"column":8}},{"start":{"line":251,"column":8},"end":{"line":251,"column":8}}]},"7":{"line":273,"type":"if","locations":[{"start":{"line":273,"column":8},"end":{"line":273,"column":8}},{"start":{"line":273,"column":8},"end":{"line":273,"column":8}}]},"8":{"line":274,"type":"if","locations":[{"start":{"line":274,"column":12},"end":{"line":274,"column":12}},{"start":{"line":274,"column":12},"end":{"line":274,"column":12}}]},"9":{"line":313,"type":"if","locations":[{"start":{"line":313,"column":8},"end":{"line":313,"column":8}},{"start":{"line":313,"column":8},"end":{"line":313,"column":8}}]},"10":{"line":315,"type":"if","locations":[{"start":{"line":315,"column":8},"end":{"line":315,"column":8}},{"start":{"line":315,"column":8},"end":{"line":315,"column":8}}]},"11":{"line":322,"type":"if","locations":[{"start":{"line":322,"column":8},"end":{"line":322,"column":8}},{"start":{"line":322,"column":8},"end":{"line":322,"column":8}}]},"12":{"line":351,"type":"if","locations":[{"start":{"line":351,"column":8},"end":{"line":351,"column":8}},{"start":{"line":351,"column":8},"end":{"line":351,"column":8}}]},"13":{"line":363,"type":"if","locations":[{"start":{"line":363,"column":18},"end":{"line":363,"column":21}},{"start":{"line":364,"column":18},"end":{"line":364,"column":22}}]},"14":{"line":377,"type":"cond-expr","locations":[{"start":{"line":377,"column":17},"end":{"line":377,"column":64}},{"start":{"line":378,"column":20},"end":{"line":378,"column":75}}]},"15":{"line":379,"type":"if","locations":[{"start":{"line":379,"column":18},"end":{"line":379,"column":21}},{"start":{"line":380,"column":18},"end":{"line":380,"column":22}}]},"16":{"line":388,"type":"if","locations":[{"start":{"line":388,"column":8},"end":{"line":388,"column":8}},{"start":{"line":388,"column":8},"end":{"line":388,"column":8}}]},"17":{"line":398,"type":"if","locations":[{"start":{"line":398,"column":8},"end":{"line":398,"column":8}},{"start":{"line":398,"column":8},"end":{"line":398,"column":8}}]},"18":{"line":422,"type":"if","locations":[{"start":{"line":422,"column":8},"end":{"line":422,"column":8}},{"start":{"line":422,"column":8},"end":{"line":422,"column":8}}]},"19":{"line":424,"type":"if","locations":[{"start":{"line":424,"column":13},"end":{"line":424,"column":13}},{"start":{"line":424,"column":13},"end":{"line":424,"column":13}}]},"20":{"line":430,"type":"if","locations":[{"start":{"line":430,"column":12},"end":{"line":430,"column":12}},{"start":{"line":430,"column":12},"end":{"line":430,"column":12}}]},"21":{"line":433,"type":"if","locations":[{"start":{"line":433,"column":12},"end":{"line":433,"column":12}},{"start":{"line":433,"column":12},"end":{"line":433,"column":12}}]},"22":{"line":448,"type":"if","locations":[{"start":{"line":448,"column":8},"end":{"line":448,"column":8}},{"start":{"line":448,"column":8},"end":{"line":448,"column":8}}]},"23":{"line":462,"type":"if","locations":[{"start":{"line":462,"column":12},"end":{"line":462,"column":12}},{"start":{"line":462,"column":12},"end":{"line":462,"column":12}}]},"24":{"line":464,"type":"if","locations":[{"start":{"line":464,"column":16},"end":{"line":464,"column":16}},{"start":{"line":464,"column":16},"end":{"line":464,"column":16}}]},"25":{"line":468,"type":"if","locations":[{"start":{"line":468,"column":12},"end":{"line":468,"column":12}},{"start":{"line":468,"column":12},"end":{"line":468,"column":12}}]},"26":{"line":479,"type":"if","locations":[{"start":{"line":479,"column":12},"end":{"line":479,"column":12}},{"start":{"line":479,"column":12},"end":{"line":479,"column":12}}]},"27":{"line":502,"type":"if","locations":[{"start":{"line":502,"column":8},"end":{"line":502,"column":8}},{"start":{"line":502,"column":8},"end":{"line":502,"column":8}}]},"28":{"line":523,"type":"if","locations":[{"start":{"line":523,"column":8},"end":{"line":523,"column":8}},{"start":{"line":523,"column":8},"end":{"line":523,"column":8}}]},"29":{"line":529,"type":"if","locations":[{"start":{"line":529,"column":8},"end":{"line":529,"column":8}},{"start":{"line":529,"column":8},"end":{"line":529,"column":8}}]},"30":{"line":533,"type":"if","locations":[{"start":{"line":533,"column":12},"end":{"line":533,"column":12}},{"start":{"line":533,"column":12},"end":{"line":533,"column":12}}]},"31":{"line":559,"type":"if","locations":[{"start":{"line":559,"column":8},"end":{"line":559,"column":8}},{"start":{"line":559,"column":8},"end":{"line":559,"column":8}}]},"32":{"line":609,"type":"if","locations":[{"start":{"line":609,"column":8},"end":{"line":609,"column":8}},{"start":{"line":609,"column":8},"end":{"line":609,"column":8}}]},"33":{"line":613,"type":"if","locations":[{"start":{"line":613,"column":8},"end":{"line":613,"column":8}},{"start":{"line":613,"column":8},"end":{"line":613,"column":8}}]},"34":{"line":614,"type":"cond-expr","locations":[{"start":{"line":614,"column":12},"end":{"line":614,"column":47}},{"start":{"line":615,"column":12},"end":{"line":615,"column":46}}]},"35":{"line":614,"type":"cond-expr","locations":[{"start":{"line":614,"column":12},"end":{"line":615,"column":46}},{"start":{"line":616,"column":12},"end":{"line":616,"column":45}}]},"36":{"line":618,"type":"if","locations":[{"start":{"line":618,"column":12},"end":{"line":618,"column":12}},{"start":{"line":618,"column":12},"end":{"line":618,"column":12}}]},"37":{"line":620,"type":"if","locations":[{"start":{"line":620,"column":17},"end":{"line":620,"column":17}},{"start":{"line":620,"column":17},"end":{"line":620,"column":17}}]},"38":{"line":624,"type":"if","locations":[{"start":{"line":624,"column":8},"end":{"line":624,"column":8}},{"start":{"line":624,"column":8},"end":{"line":624,"column":8}}]},"39":{"line":644,"type":"if","locations":[{"start":{"line":644,"column":8},"end":{"line":644,"column":8}},{"start":{"line":644,"column":8},"end":{"line":644,"column":8}}]},"40":{"line":647,"type":"if","locations":[{"start":{"line":647,"column":12},"end":{"line":647,"column":12}},{"start":{"line":647,"column":12},"end":{"line":647,"column":12}}]},"41":{"line":648,"type":"if","locations":[{"start":{"line":648,"column":16},"end":{"line":648,"column":16}},{"start":{"line":648,"column":16},"end":{"line":648,"column":16}}]},"42":{"line":662,"type":"if","locations":[{"start":{"line":662,"column":8},"end":{"line":662,"column":8}},{"start":{"line":662,"column":8},"end":{"line":662,"column":8}}]},"43":{"line":663,"type":"if","locations":[{"start":{"line":663,"column":12},"end":{"line":663,"column":12}},{"start":{"line":663,"column":12},"end":{"line":663,"column":12}}]},"44":{"line":667,"type":"if","locations":[{"start":{"line":667,"column":16},"end":{"line":667,"column":16}},{"start":{"line":667,"column":16},"end":{"line":667,"column":16}}]},"45":{"line":685,"type":"if","locations":[{"start":{"line":685,"column":16},"end":{"line":685,"column":16}},{"start":{"line":685,"column":16},"end":{"line":685,"column":16}}]},"46":{"line":689,"type":"if","locations":[{"start":{"line":689,"column":12},"end":{"line":689,"column":12}},{"start":{"line":689,"column":12},"end":{"line":689,"column":12}}]},"47":{"line":704,"type":"if","locations":[{"start":{"line":704,"column":12},"end":{"line":704,"column":12}},{"start":{"line":704,"column":12},"end":{"line":704,"column":12}}]},"48":{"line":711,"type":"if","locations":[{"start":{"line":711,"column":12},"end":{"line":711,"column":12}},{"start":{"line":711,"column":12},"end":{"line":711,"column":12}}]},"49":{"line":723,"type":"if","locations":[{"start":{"line":723,"column":16},"end":{"line":723,"column":16}},{"start":{"line":723,"column":16},"end":{"line":723,"column":16}}]},"50":{"line":724,"type":"if","locations":[{"start":{"line":724,"column":21},"end":{"line":724,"column":21}},{"start":{"line":724,"column":21},"end":{"line":724,"column":21}}]},"51":{"line":734,"type":"if","locations":[{"start":{"line":734,"column":12},"end":{"line":734,"column":12}},{"start":{"line":734,"column":12},"end":{"line":734,"column":12}}]},"52":{"line":742,"type":"if","locations":[{"start":{"line":742,"column":8},"end":{"line":742,"column":8}},{"start":{"line":742,"column":8},"end":{"line":742,"column":8}}]},"53":{"line":767,"type":"if","locations":[{"start":{"line":767,"column":8},"end":{"line":767,"column":8}},{"start":{"line":767,"column":8},"end":{"line":767,"column":8}}]},"54":{"line":769,"type":"if","locations":[{"start":{"line":769,"column":12},"end":{"line":769,"column":12}},{"start":{"line":769,"column":12},"end":{"line":769,"column":12}}]},"55":{"line":788,"type":"if","locations":[{"start":{"line":788,"column":8},"end":{"line":788,"column":8}},{"start":{"line":788,"column":8},"end":{"line":788,"column":8}}]},"56":{"line":810,"type":"if","locations":[{"start":{"line":810,"column":8},"end":{"line":810,"column":8}},{"start":{"line":810,"column":8},"end":{"line":810,"column":8}}]},"57":{"line":811,"type":"if","locations":[{"start":{"line":811,"column":45},"end":{"line":811,"column":48}},{"start":{"line":811,"column":52},"end":{"line":811,"column":56}}]},"58":{"line":826,"type":"if","locations":[{"start":{"line":826,"column":8},"end":{"line":826,"column":8}},{"start":{"line":826,"column":8},"end":{"line":826,"column":8}}]},"59":{"line":829,"type":"if","locations":[{"start":{"line":829,"column":12},"end":{"line":829,"column":12}},{"start":{"line":829,"column":12},"end":{"line":829,"column":12}}]},"60":{"line":830,"type":"if","locations":[{"start":{"line":830,"column":16},"end":{"line":830,"column":16}},{"start":{"line":830,"column":16},"end":{"line":830,"column":16}}]},"61":{"line":833,"type":"if","locations":[{"start":{"line":833,"column":16},"end":{"line":833,"column":16}},{"start":{"line":833,"column":16},"end":{"line":833,"column":16}}]},"62":{"line":834,"type":"if","locations":[{"start":{"line":834,"column":21},"end":{"line":834,"column":21}},{"start":{"line":834,"column":21},"end":{"line":834,"column":21}}]},"63":{"line":838,"type":"if","locations":[{"start":{"line":838,"column":12},"end":{"line":838,"column":12}},{"start":{"line":838,"column":12},"end":{"line":838,"column":12}}]},"64":{"line":845,"type":"if","locations":[{"start":{"line":845,"column":12},"end":{"line":845,"column":12}},{"start":{"line":845,"column":12},"end":{"line":845,"column":12}}]},"65":{"line":852,"type":"if","locations":[{"start":{"line":852,"column":12},"end":{"line":852,"column":12}},{"start":{"line":852,"column":12},"end":{"line":852,"column":12}}]},"66":{"line":855,"type":"if","locations":[{"start":{"line":855,"column":12},"end":{"line":855,"column":12}},{"start":{"line":855,"column":12},"end":{"line":855,"column":12}}]},"67":{"line":856,"type":"if","locations":[{"start":{"line":856,"column":16},"end":{"line":856,"column":16}},{"start":{"line":856,"column":16},"end":{"line":856,"column":16}}]},"68":{"line":895,"type":"if","locations":[{"start":{"line":895,"column":8},"end":{"line":895,"column":8}},{"start":{"line":895,"column":8},"end":{"line":895,"column":8}}]},"69":{"line":901,"type":"if","locations":[{"start":{"line":901,"column":8},"end":{"line":901,"column":8}},{"start":{"line":901,"column":8},"end":{"line":901,"column":8}}]}}},"contracts/BaseCreditPoolStorage.sol":{"l":{},"path":"/Users/57block/Huma/huma-contracts/contracts/BaseCreditPoolStorage.sol","s":{},"b":{},"f":{},"fnMap":{},"statementMap":{},"branchMap":{}},"contracts/BaseFeeManager.sol":{"l":{"68":30,"69":30,"70":30,"71":30,"72":30,"73":30,"94":19,"95":18,"96":18,"115":66,"117":66,"132":58,"133":58,"134":56,"150":65,"151":64,"152":64,"169":58,"171":58,"173":57,"175":57,"217":133,"218":20,"223":113,"224":55,"230":55,"232":58,"245":113,"246":113,"248":113,"250":155,"251":64,"258":155,"261":155,"265":155,"266":21,"267":21,"268":17,"273":17,"274":17,"276":21,"280":155,"289":155,"291":155,"292":155,"293":155,"294":155,"298":113,"299":29,"300":29,"303":113,"332":3},"path":"/Users/57block/Huma/huma-contracts/contracts/BaseFeeManager.sol","s":{"1":30,"2":19,"3":18,"4":66,"5":66,"6":58,"7":65,"8":64,"9":58,"10":57,"11":133,"12":20,"13":113,"14":55,"15":113,"16":113,"17":113,"18":155,"19":155,"20":21,"21":17,"22":17,"23":155,"24":113,"25":113,"26":3},"b":{"1":[30,1],"2":[19,1],"3":[1,18],"4":[56,2],"5":[64,1],"6":[60,4],"7":[1,57],"8":[20,113],"9":[55,58],"10":[64,91],"11":[21,134],"12":[17,4],"13":[29,84]},"f":{"1":30,"2":19,"3":66,"4":58,"5":65,"6":58,"7":133,"8":3},"fnMap":{"1":{"name":"setFees","line":67,"loc":{"start":{"line":61,"column":4},"end":{"line":80,"column":4}}},"2":{"name":"setMinPrincipalRateInBps","line":92,"loc":{"start":{"line":88,"column":4},"end":{"line":97,"column":4}}},"3":{"name":"calcCorrection","line":109,"loc":{"start":{"line":109,"column":4},"end":{"line":118,"column":4}}},"4":{"name":"calcFrontLoadingFee","line":125,"loc":{"start":{"line":125,"column":4},"end":{"line":135,"column":4}}},"5":{"name":"calcLateFee","line":145,"loc":{"start":{"line":145,"column":4},"end":{"line":154,"column":4}}},"6":{"name":"distBorrowingAmount","line":163,"loc":{"start":{"line":163,"column":4},"end":{"line":176,"column":4}}},"7":{"name":"getDueInfo","line":200,"loc":{"start":{"line":200,"column":4},"end":{"line":310,"column":4}}},"8":{"name":"getFees","line":319,"loc":{"start":{"line":319,"column":4},"end":{"line":333,"column":4}}}},"statementMap":{"1":{"start":{"line":73,"column":8},"end":{"line":73,"column":2635}},"2":{"start":{"line":94,"column":8},"end":{"line":94,"column":97}},"3":{"start":{"line":96,"column":8},"end":{"line":96,"column":60}},"4":{"start":{"line":115,"column":8},"end":{"line":115,"column":57}},"5":{"start":{"line":117,"column":8},"end":{"line":117,"column":95}},"6":{"start":{"line":133,"column":8},"end":{"line":133,"column":5051}},"7":{"start":{"line":150,"column":8},"end":{"line":150,"column":5697}},"8":{"start":{"line":152,"column":12},"end":{"line":152,"column":92}},"9":{"start":{"line":171,"column":8},"end":{"line":171,"column":92}},"10":{"start":{"line":175,"column":8},"end":{"line":175,"column":44}},"11":{"start":{"line":217,"column":8},"end":{"line":217,"column":8927}},"12":{"start":{"line":218,"column":12},"end":{"line":218,"column":86}},"13":{"start":{"line":223,"column":8},"end":{"line":223,"column":9260}},"14":{"start":{"line":230,"column":12},"end":{"line":230,"column":47}},"15":{"start":{"line":245,"column":8},"end":{"line":245,"column":24}},"16":{"start":{"line":246,"column":8},"end":{"line":246,"column":28}},"17":{"start":{"line":248,"column":8},"end":{"line":248,"column":10378}},"18":{"start":{"line":250,"column":12},"end":{"line":250,"column":10489}},"19":{"start":{"line":265,"column":12},"end":{"line":265,"column":11135}},"20":{"start":{"line":267,"column":16},"end":{"line":267,"column":11284}},"21":{"start":{"line":268,"column":20},"end":{"line":268,"column":69}},"22":{"start":{"line":273,"column":20},"end":{"line":273,"column":64}},"23":{"start":{"line":289,"column":12},"end":{"line":289,"column":12305}},"24":{"start":{"line":298,"column":8},"end":{"line":298,"column":12743}},"25":{"start":{"line":303,"column":8},"end":{"line":303,"column":12898}},"26":{"start":{"line":332,"column":8},"end":{"line":332,"column":96}}},"branchMap":{"1":{"line":67,"type":"if","locations":[{"start":{"line":67,"column":32},"end":{"line":67,"column":32}},{"start":{"line":67,"column":32},"end":{"line":67,"column":32}}]},"2":{"line":92,"type":"if","locations":[{"start":{"line":92,"column":8},"end":{"line":92,"column":8}},{"start":{"line":92,"column":8},"end":{"line":92,"column":8}}]},"3":{"line":94,"type":"if","locations":[{"start":{"line":94,"column":8},"end":{"line":94,"column":8}},{"start":{"line":94,"column":8},"end":{"line":94,"column":8}}]},"4":{"line":133,"type":"if","locations":[{"start":{"line":133,"column":8},"end":{"line":133,"column":8}},{"start":{"line":133,"column":8},"end":{"line":133,"column":8}}]},"5":{"line":150,"type":"if","locations":[{"start":{"line":150,"column":8},"end":{"line":150,"column":8}},{"start":{"line":150,"column":8},"end":{"line":150,"column":8}}]},"6":{"line":152,"type":"if","locations":[{"start":{"line":152,"column":12},"end":{"line":152,"column":12}},{"start":{"line":152,"column":12},"end":{"line":152,"column":12}}]},"7":{"line":171,"type":"if","locations":[{"start":{"line":171,"column":8},"end":{"line":171,"column":8}},{"start":{"line":171,"column":8},"end":{"line":171,"column":8}}]},"8":{"line":217,"type":"if","locations":[{"start":{"line":217,"column":8},"end":{"line":217,"column":8}},{"start":{"line":217,"column":8},"end":{"line":217,"column":8}}]},"9":{"line":223,"type":"if","locations":[{"start":{"line":223,"column":8},"end":{"line":223,"column":8}},{"start":{"line":223,"column":8},"end":{"line":223,"column":8}}]},"10":{"line":250,"type":"if","locations":[{"start":{"line":250,"column":12},"end":{"line":250,"column":12}},{"start":{"line":250,"column":12},"end":{"line":250,"column":12}}]},"11":{"line":265,"type":"if","locations":[{"start":{"line":265,"column":12},"end":{"line":265,"column":12}},{"start":{"line":265,"column":12},"end":{"line":265,"column":12}}]},"12":{"line":267,"type":"if","locations":[{"start":{"line":267,"column":16},"end":{"line":267,"column":16}},{"start":{"line":267,"column":16},"end":{"line":267,"column":16}}]},"13":{"line":298,"type":"if","locations":[{"start":{"line":298,"column":8},"end":{"line":298,"column":8}},{"start":{"line":298,"column":8},"end":{"line":298,"column":8}}]}}},"contracts/BasePool.sol":{"l":{"48":36,"52":8,"53":8,"56":8,"59":8,"77":17,"78":15,"86":17,"87":16,"99":11,"100":10,"101":9,"106":8,"107":8,"109":7,"111":5,"112":5,"113":5,"115":5,"122":1,"126":31,"127":30,"129":28,"130":1,"132":27,"133":27,"134":27,"135":27,"137":27,"144":121,"145":121,"159":6,"161":6,"174":10,"175":10,"189":28,"190":27,"191":27,"198":4,"199":4,"200":4,"207":8,"209":8,"211":8,"212":8,"220":3,"221":2,"222":2,"229":4,"230":3,"231":3,"234":2,"236":2,"237":2,"239":2,"242":2,"244":2,"252":3,"253":2,"270":2,"271":2,"272":2,"273":2,"278":2,"283":12,"289":2,"294":2,"299":131,"307":12,"308":12,"311":12,"312":12,"318":10,"324":10,"325":10,"326":10,"327":10,"329":10,"341":323,"342":314,"347":30,"352":15,"357":35},"path":"/Users/57block/Huma/huma-contracts/contracts/BasePool.sol","s":{"1":36,"2":8,"3":8,"4":17,"5":15,"6":17,"7":16,"8":11,"9":10,"10":9,"11":8,"12":8,"13":7,"14":5,"15":5,"16":5,"17":1,"18":31,"19":30,"20":28,"21":27,"22":27,"23":27,"24":121,"25":6,"26":6,"27":10,"28":10,"29":28,"30":27,"31":4,"32":4,"33":8,"34":8,"35":8,"36":3,"37":2,"38":4,"39":3,"40":3,"41":2,"42":2,"43":2,"44":2,"45":2,"46":3,"47":2,"48":2,"49":12,"50":4,"51":8,"52":2,"53":2,"54":131,"55":12,"56":12,"57":12,"58":12,"59":10,"60":10,"61":323,"62":314,"63":30,"64":15,"65":35},"b":{"1":[8,1],"2":[1,9],"3":[1,8],"4":[1,7],"5":[1,30],"6":[1,27],"7":[5,1],"8":[10,0],"9":[1,2],"10":[4,8],"11":[12,0],"12":[2,10],"13":[9,314],"14":[4,310],"15":[2,28],"16":[2,33]},"f":{"1":36,"2":8,"3":17,"4":17,"5":11,"6":1,"7":31,"8":121,"9":6,"10":10,"11":28,"12":4,"13":8,"14":3,"15":4,"16":3,"17":2,"18":2,"19":12,"20":2,"21":2,"22":131,"23":12,"24":10,"25":323,"26":30,"27":15,"28":35},"fnMap":{"1":{"name":"constructor","line":47,"loc":{"start":{"line":47,"column":4},"end":{"line":49,"column":4}}},"2":{"name":"initialize","line":51,"loc":{"start":{"line":51,"column":4},"end":{"line":60,"column":4}}},"3":{"name":"deposit","line":76,"loc":{"start":{"line":76,"column":4},"end":{"line":79,"column":4}}},"4":{"name":"makeInitialDeposit","line":85,"loc":{"start":{"line":85,"column":4},"end":{"line":88,"column":4}}},"5":{"name":"withdraw","line":98,"loc":{"start":{"line":98,"column":4},"end":{"line":116,"column":4}}},"6":{"name":"withdrawAll","line":121,"loc":{"start":{"line":121,"column":4},"end":{"line":123,"column":4}}},"7":{"name":"_deposit","line":125,"loc":{"start":{"line":125,"column":4},"end":{"line":138,"column":4}}},"8":{"name":"distributeIncome","line":143,"loc":{"start":{"line":143,"column":4},"end":{"line":146,"column":4}}},"9":{"name":"distributeLosses","line":158,"loc":{"start":{"line":158,"column":4},"end":{"line":162,"column":4}}},"10":{"name":"reverseIncome","line":173,"loc":{"start":{"line":173,"column":4},"end":{"line":177,"column":4}}},"11":{"name":"addApprovedLender","line":188,"loc":{"start":{"line":188,"column":4},"end":{"line":192,"column":4}}},"12":{"name":"disablePool","line":197,"loc":{"start":{"line":197,"column":4},"end":{"line":201,"column":4}}},"13":{"name":"enablePool","line":206,"loc":{"start":{"line":206,"column":4},"end":{"line":213,"column":4}}},"14":{"name":"removeApprovedLender","line":219,"loc":{"start":{"line":219,"column":4},"end":{"line":223,"column":4}}},"15":{"name":"setPoolConfig","line":228,"loc":{"start":{"line":228,"column":4},"end":{"line":245,"column":4}}},"16":{"name":"updateCoreData","line":251,"loc":{"start":{"line":251,"column":4},"end":{"line":254,"column":4}}},"17":{"name":"getCoreData","line":260,"loc":{"start":{"line":260,"column":4},"end":{"line":274,"column":4}}},"18":{"name":"isApprovedLender","line":277,"loc":{"start":{"line":277,"column":4},"end":{"line":279,"column":4}}},"19":{"name":"isPoolOn","line":282,"loc":{"start":{"line":282,"column":4},"end":{"line":285,"column":4}}},"20":{"name":"lastDepositTime","line":288,"loc":{"start":{"line":288,"column":4},"end":{"line":290,"column":4}}},"21":{"name":"poolConfig","line":293,"loc":{"start":{"line":293,"column":4},"end":{"line":295,"column":4}}},"22":{"name":"totalPoolValue","line":298,"loc":{"start":{"line":298,"column":4},"end":{"line":300,"column":4}}},"23":{"name":"_safeApproveForPoolConfig","line":306,"loc":{"start":{"line":306,"column":4},"end":{"line":314,"column":4}}},"24":{"name":"_updateCoreData","line":317,"loc":{"start":{"line":317,"column":4},"end":{"line":336,"column":4}}},"25":{"name":"_protocolAndPoolOn","line":340,"loc":{"start":{"line":340,"column":4},"end":{"line":343,"column":4}}},"26":{"name":"_onlyApprovedLender","line":346,"loc":{"start":{"line":346,"column":4},"end":{"line":348,"column":4}}},"27":{"name":"_onlyOwnerOrHumaMasterAdmin","line":351,"loc":{"start":{"line":351,"column":4},"end":{"line":353,"column":4}}},"28":{"name":"_onlyPoolOperator","line":356,"loc":{"start":{"line":356,"column":4},"end":{"line":358,"column":4}}}},"statementMap":{"1":{"start":{"line":48,"column":8},"end":{"line":48,"column":29}},"2":{"start":{"line":53,"column":8},"end":{"line":53,"column":24}},"3":{"start":{"line":56,"column":8},"end":{"line":56,"column":51}},"4":{"start":{"line":77,"column":8},"end":{"line":77,"column":27}},"5":{"start":{"line":78,"column":8},"end":{"line":78,"column":43}},"6":{"start":{"line":86,"column":8},"end":{"line":86,"column":56}},"7":{"start":{"line":87,"column":8},"end":{"line":87,"column":43}},"8":{"start":{"line":99,"column":8},"end":{"line":99,"column":27}},"9":{"start":{"line":100,"column":8},"end":{"line":100,"column":59}},"10":{"start":{"line":101,"column":8},"end":{"line":101,"column":3992}},"11":{"start":{"line":106,"column":8},"end":{"line":106,"column":79}},"12":{"start":{"line":107,"column":8},"end":{"line":107,"column":89}},"13":{"start":{"line":109,"column":8},"end":{"line":109,"column":93}},"14":{"start":{"line":111,"column":8},"end":{"line":111,"column":66}},"15":{"start":{"line":113,"column":8},"end":{"line":113,"column":56}},"16":{"start":{"line":115,"column":8},"end":{"line":115,"column":59}},"17":{"start":{"line":122,"column":8},"end":{"line":122,"column":59}},"18":{"start":{"line":126,"column":8},"end":{"line":126,"column":59}},"19":{"start":{"line":127,"column":8},"end":{"line":127,"column":34}},"20":{"start":{"line":129,"column":8},"end":{"line":129,"column":5036}},"21":{"start":{"line":132,"column":8},"end":{"line":132,"column":62}},"22":{"start":{"line":135,"column":8},"end":{"line":135,"column":71}},"23":{"start":{"line":137,"column":8},"end":{"line":137,"column":55}},"24":{"start":{"line":144,"column":8},"end":{"line":144,"column":64}},"25":{"start":{"line":159,"column":8},"end":{"line":159,"column":6392}},"26":{"start":{"line":161,"column":8},"end":{"line":161,"column":54}},"27":{"start":{"line":174,"column":8},"end":{"line":174,"column":61}},"28":{"start":{"line":175,"column":8},"end":{"line":175,"column":7249}},"29":{"start":{"line":189,"column":8},"end":{"line":189,"column":26}},"30":{"start":{"line":191,"column":8},"end":{"line":191,"column":50}},"31":{"start":{"line":198,"column":8},"end":{"line":198,"column":26}},"32":{"start":{"line":200,"column":8},"end":{"line":200,"column":37}},"33":{"start":{"line":207,"column":8},"end":{"line":207,"column":36}},"34":{"start":{"line":209,"column":8},"end":{"line":209,"column":46}},"35":{"start":{"line":212,"column":8},"end":{"line":212,"column":36}},"36":{"start":{"line":220,"column":8},"end":{"line":220,"column":26}},"37":{"start":{"line":222,"column":8},"end":{"line":222,"column":53}},"38":{"start":{"line":229,"column":8},"end":{"line":229,"column":36}},"39":{"start":{"line":230,"column":8},"end":{"line":230,"column":48}},"40":{"start":{"line":231,"column":8},"end":{"line":231,"column":66}},"41":{"start":{"line":234,"column":8},"end":{"line":234,"column":35}},"42":{"start":{"line":236,"column":8},"end":{"line":236,"column":69}},"43":{"start":{"line":237,"column":8},"end":{"line":237,"column":59}},"44":{"start":{"line":242,"column":8},"end":{"line":242,"column":51}},"45":{"start":{"line":244,"column":8},"end":{"line":244,"column":58}},"46":{"start":{"line":252,"column":8},"end":{"line":252,"column":36}},"47":{"start":{"line":253,"column":8},"end":{"line":253,"column":24}},"48":{"start":{"line":278,"column":8},"end":{"line":278,"column":40}},"49":{"start":{"line":283,"column":8},"end":{"line":283,"column":10929}},"50":{"start":{"line":283,"column":38},"end":{"line":283,"column":49}},"51":{"start":{"line":284,"column":13},"end":{"line":284,"column":25}},"52":{"start":{"line":289,"column":8},"end":{"line":289,"column":40}},"53":{"start":{"line":294,"column":8},"end":{"line":294,"column":35}},"54":{"start":{"line":299,"column":8},"end":{"line":299,"column":30}},"55":{"start":{"line":307,"column":8},"end":{"line":307,"column":45}},"56":{"start":{"line":308,"column":8},"end":{"line":308,"column":77}},"57":{"start":{"line":311,"column":8},"end":{"line":311,"column":12043}},"58":{"start":{"line":312,"column":12},"end":{"line":312,"column":55}},"59":{"start":{"line":318,"column":8},"end":{"line":318,"column":12364}},"60":{"start":{"line":329,"column":8},"end":{"line":329,"column":12735}},"61":{"start":{"line":341,"column":8},"end":{"line":341,"column":66}},"62":{"start":{"line":342,"column":8},"end":{"line":342,"column":65}},"63":{"start":{"line":347,"column":8},"end":{"line":347,"column":80}},"64":{"start":{"line":352,"column":8},"end":{"line":352,"column":57}},"65":{"start":{"line":357,"column":8},"end":{"line":357,"column":85}}},"branchMap":{"1":{"line":51,"type":"if","locations":[{"start":{"line":51,"column":57},"end":{"line":51,"column":57}},{"start":{"line":51,"column":57},"end":{"line":51,"column":57}}]},"2":{"line":100,"type":"if","locations":[{"start":{"line":100,"column":8},"end":{"line":100,"column":8}},{"start":{"line":100,"column":8},"end":{"line":100,"column":8}}]},"3":{"line":101,"type":"if","locations":[{"start":{"line":101,"column":8},"end":{"line":101,"column":8}},{"start":{"line":101,"column":8},"end":{"line":101,"column":8}}]},"4":{"line":107,"type":"if","locations":[{"start":{"line":107,"column":8},"end":{"line":107,"column":8}},{"start":{"line":107,"column":8},"end":{"line":107,"column":8}}]},"5":{"line":126,"type":"if","locations":[{"start":{"line":126,"column":8},"end":{"line":126,"column":8}},{"start":{"line":126,"column":8},"end":{"line":126,"column":8}}]},"6":{"line":129,"type":"if","locations":[{"start":{"line":129,"column":8},"end":{"line":129,"column":8}},{"start":{"line":129,"column":8},"end":{"line":129,"column":8}}]},"7":{"line":159,"type":"if","locations":[{"start":{"line":159,"column":8},"end":{"line":159,"column":8}},{"start":{"line":159,"column":8},"end":{"line":159,"column":8}}]},"8":{"line":175,"type":"if","locations":[{"start":{"line":175,"column":8},"end":{"line":175,"column":8}},{"start":{"line":175,"column":8},"end":{"line":175,"column":8}}]},"9":{"line":231,"type":"if","locations":[{"start":{"line":231,"column":8},"end":{"line":231,"column":8}},{"start":{"line":231,"column":8},"end":{"line":231,"column":8}}]},"10":{"line":283,"type":"if","locations":[{"start":{"line":283,"column":8},"end":{"line":283,"column":8}},{"start":{"line":283,"column":8},"end":{"line":283,"column":8}}]},"11":{"line":311,"type":"if","locations":[{"start":{"line":311,"column":8},"end":{"line":311,"column":8}},{"start":{"line":311,"column":8},"end":{"line":311,"column":8}}]},"12":{"line":311,"type":"cond-expr","locations":[{"start":{"line":311,"column":12},"end":{"line":311,"column":41}},{"start":{"line":311,"column":46},"end":{"line":311,"column":75}}]},"13":{"line":341,"type":"if","locations":[{"start":{"line":341,"column":8},"end":{"line":341,"column":8}},{"start":{"line":341,"column":8},"end":{"line":341,"column":8}}]},"14":{"line":342,"type":"if","locations":[{"start":{"line":342,"column":8},"end":{"line":342,"column":8}},{"start":{"line":342,"column":8},"end":{"line":342,"column":8}}]},"15":{"line":347,"type":"if","locations":[{"start":{"line":347,"column":8},"end":{"line":347,"column":8}},{"start":{"line":347,"column":8},"end":{"line":347,"column":8}}]},"16":{"line":357,"type":"if","locations":[{"start":{"line":357,"column":8},"end":{"line":357,"column":8}},{"start":{"line":357,"column":8},"end":{"line":357,"column":8}}]}}},"contracts/BasePoolConfig.sol":{"l":{"154":17,"155":17,"156":16,"157":15,"158":14,"160":14,"162":14,"163":14,"164":1,"165":13,"167":13,"169":13,"170":13,"177":13,"178":13,"179":13,"180":13,"181":13,"182":13,"183":13,"196":20,"197":19,"199":18,"201":18,"205":122,"206":1,"209":121,"211":121,"212":121,"214":121,"216":121,"218":121,"220":121,"222":121,"224":121,"226":121,"228":121,"232":11,"233":1,"236":10,"238":10,"239":10,"241":10,"243":10,"245":10,"247":10,"249":10,"251":10,"253":10,"255":10,"263":39,"264":39,"265":38,"266":38,"270":7,"271":6,"272":6,"276":14,"278":13,"279":2,"280":11,"281":11,"282":11,"290":15,"291":14,"293":13,"294":1,"297":12,"298":4,"305":11,"306":11,"307":11,"309":11,"310":3,"312":3,"313":1,"317":11,"321":4,"322":3,"323":2,"324":2,"328":4,"329":3,"330":2,"331":2,"339":13,"340":13,"341":12,"342":11,"343":11,"347":9,"348":9,"349":8,"350":8,"358":9,"359":9,"360":9,"368":10,"369":10,"370":9,"371":9,"375":14,"376":13,"377":2,"379":11,"380":11,"381":11,"385":4,"386":3,"387":2,"388":2,"395":2,"396":1,"397":1,"401":11,"402":10,"403":9,"404":9,"408":3,"409":2,"410":1,"411":1,"412":1,"413":1,"423":4,"425":4,"426":4,"434":4,"435":4,"436":4,"442":5,"443":4,"444":3,"445":2,"447":1,"451":5,"452":4,"453":3,"454":2,"455":1,"456":1,"457":1,"461":4,"462":3,"463":2,"464":1,"465":1,"469":1,"470":1,"471":1,"486":32,"497":10,"505":15,"514":8,"515":8,"521":7,"522":3,"525":2,"530":72,"543":10,"544":10,"545":10,"546":10,"572":11,"573":11,"588":17,"593":40,"597":140,"601":5,"605":5,"610":5,"615":17,"619":2,"623":56,"627":29,"631":29,"635":42,"646":3,"647":2,"649":1,"651":1,"659":1,"667":1,"674":13,"680":182,"681":12,"690":2,"691":2,"693":2,"698":165},"path":"/Users/57block/Huma/huma-contracts/contracts/BasePoolConfig.sol","s":{"1":17,"2":16,"3":15,"4":14,"5":14,"6":20,"7":19,"8":18,"9":122,"10":121,"11":121,"12":121,"13":121,"14":121,"15":121,"16":11,"17":10,"18":10,"19":10,"20":10,"21":10,"22":10,"23":39,"24":39,"25":38,"26":7,"27":6,"28":14,"29":13,"30":11,"31":15,"32":14,"33":13,"34":12,"35":4,"36":11,"37":11,"38":3,"39":3,"40":1,"41":11,"42":4,"43":3,"44":2,"45":4,"46":3,"47":2,"48":13,"49":13,"50":12,"51":11,"52":9,"53":9,"54":8,"55":9,"56":9,"57":10,"58":10,"59":9,"60":14,"61":13,"62":11,"63":4,"64":3,"65":2,"66":2,"67":1,"68":11,"69":10,"70":9,"71":3,"72":2,"73":1,"74":1,"75":4,"76":4,"77":4,"78":4,"79":5,"80":4,"81":3,"82":1,"83":5,"84":4,"85":3,"86":1,"87":1,"88":4,"89":3,"90":1,"91":1,"92":1,"93":1,"94":32,"95":10,"96":15,"97":8,"98":8,"99":7,"100":3,"101":4,"102":2,"103":72,"104":11,"105":11,"106":17,"107":40,"108":140,"109":5,"110":5,"111":5,"112":17,"113":2,"114":56,"115":29,"116":29,"117":42,"118":3,"119":2,"120":1,"121":1,"122":1,"123":13,"124":182,"125":2,"126":2,"127":165},"b":{"1":[18,1],"2":[17,1],"3":[1,16],"4":[1,15],"5":[1,14],"6":[1,13],"7":[20,1],"8":[1,19],"9":[1,18],"10":[1,121],"11":[1,10],"12":[1,38],"13":[2,11],"14":[1,1],"15":[1,14],"16":[1,12],"17":[4,8],"18":[3,8],"19":[1,2],"20":[1,2],"21":[1,2],"22":[1,12],"23":[1,11],"24":[1,8],"25":[1,9],"26":[2,11],"27":[1,1],"28":[1,2],"29":[1,9],"30":[1,1],"31":[1,3],"32":[2,1],"33":[1,3],"34":[2,1],"35":[1,3],"36":[2,1],"37":[1,9],"38":[2,13],"39":[3,4],"40":[2,2],"41":[8,8],"42":[1,4],"43":[1,4],"44":[1,4],"45":[1,16],"46":[3,2],"47":[1,2],"48":[1,1],"49":[12,170]},"f":{"1":17,"2":20,"3":122,"4":11,"5":39,"6":7,"7":14,"8":15,"9":4,"10":4,"11":13,"12":9,"13":9,"14":10,"15":14,"16":4,"17":2,"18":11,"19":3,"20":4,"21":4,"22":5,"23":5,"24":4,"25":32,"26":10,"27":15,"28":8,"29":7,"30":72,"31":10,"32":11,"33":17,"34":40,"35":140,"36":5,"37":5,"38":5,"39":17,"40":2,"41":56,"42":29,"43":29,"44":42,"45":3,"46":1,"47":1,"48":13,"49":182,"50":2,"51":165},"fnMap":{"1":{"name":"initialize","line":153,"loc":{"start":{"line":148,"column":4},"end":{"line":184,"column":4}}},"2":{"name":"addPoolOperator","line":195,"loc":{"start":{"line":195,"column":4},"end":{"line":202,"column":4}}},"3":{"name":"distributeIncome","line":204,"loc":{"start":{"line":204,"column":4},"end":{"line":229,"column":4}}},"4":{"name":"reverseIncome","line":231,"loc":{"start":{"line":231,"column":4},"end":{"line":256,"column":4}}},"5":{"name":"setAPR","line":262,"loc":{"start":{"line":262,"column":4},"end":{"line":267,"column":4}}},"6":{"name":"setCreditApprovalExpiration","line":269,"loc":{"start":{"line":269,"column":4},"end":{"line":273,"column":4}}},"7":{"name":"setEARewardsAndLiquidity","line":275,"loc":{"start":{"line":275,"column":4},"end":{"line":283,"column":4}}},"8":{"name":"setEvaluationAgent","line":289,"loc":{"start":{"line":289,"column":4},"end":{"line":318,"column":4}}},"9":{"name":"setFeeManager","line":320,"loc":{"start":{"line":320,"column":4},"end":{"line":325,"column":4}}},"10":{"name":"setHumaConfig","line":327,"loc":{"start":{"line":327,"column":4},"end":{"line":332,"column":4}}},"11":{"name":"setMaxCreditLine","line":338,"loc":{"start":{"line":338,"column":4},"end":{"line":344,"column":4}}},"12":{"name":"setPool","line":346,"loc":{"start":{"line":346,"column":4},"end":{"line":351,"column":4}}},"13":{"name":"setPoolDefaultGracePeriod","line":357,"loc":{"start":{"line":357,"column":4},"end":{"line":361,"column":4}}},"14":{"name":"setPoolLiquidityCap","line":367,"loc":{"start":{"line":367,"column":4},"end":{"line":372,"column":4}}},"15":{"name":"setPoolOwnerRewardsAndLiquidity","line":374,"loc":{"start":{"line":374,"column":4},"end":{"line":382,"column":4}}},"16":{"name":"setPoolPayPeriod","line":384,"loc":{"start":{"line":384,"column":4},"end":{"line":389,"column":4}}},"17":{"name":"setPoolName","line":394,"loc":{"start":{"line":394,"column":4},"end":{"line":398,"column":4}}},"18":{"name":"setPoolOwnerTreasury","line":400,"loc":{"start":{"line":400,"column":4},"end":{"line":405,"column":4}}},"19":{"name":"setPoolToken","line":407,"loc":{"start":{"line":407,"column":4},"end":{"line":414,"column":4}}},"20":{"name":"setReceivableRequiredInBps","line":422,"loc":{"start":{"line":422,"column":4},"end":{"line":427,"column":4}}},"21":{"name":"setWithdrawalLockoutPeriod","line":433,"loc":{"start":{"line":433,"column":4},"end":{"line":437,"column":4}}},"22":{"name":"withdrawEAFee","line":439,"loc":{"start":{"line":439,"column":4},"end":{"line":448,"column":4}}},"23":{"name":"withdrawPoolOwnerFee","line":450,"loc":{"start":{"line":450,"column":4},"end":{"line":458,"column":4}}},"24":{"name":"withdrawProtocolFee","line":460,"loc":{"start":{"line":460,"column":4},"end":{"line":472,"column":4}}},"25":{"name":"accruedIncome","line":474,"loc":{"start":{"line":474,"column":4},"end":{"line":494,"column":4}}},"26":{"name":"checkLiquidityRequirementForPoolOwner","line":496,"loc":{"start":{"line":496,"column":4},"end":{"line":502,"column":4}}},"27":{"name":"checkLiquidityRequirementForEA","line":504,"loc":{"start":{"line":504,"column":4},"end":{"line":510,"column":4}}},"28":{"name":"checkLiquidityRequirement","line":513,"loc":{"start":{"line":513,"column":4},"end":{"line":516,"column":4}}},"29":{"name":"checkWithdrawLiquidityRequirement","line":520,"loc":{"start":{"line":520,"column":4},"end":{"line":527,"column":4}}},"30":{"name":"creditApprovalExpirationInSeconds","line":529,"loc":{"start":{"line":529,"column":4},"end":{"line":531,"column":4}}},"31":{"name":"getCoreData","line":533,"loc":{"start":{"line":533,"column":4},"end":{"line":547,"column":4}}},"32":{"name":"getPoolSummary","line":556,"loc":{"start":{"line":556,"column":4},"end":{"line":585,"column":4}}},"33":{"name":"isPoolOwnerTreasuryOrEA","line":587,"loc":{"start":{"line":587,"column":4},"end":{"line":589,"column":4}}},"34":{"name":"isOperator","line":592,"loc":{"start":{"line":592,"column":4},"end":{"line":594,"column":4}}},"35":{"name":"maxCreditLine","line":596,"loc":{"start":{"line":596,"column":4},"end":{"line":598,"column":4}}},"36":{"name":"onlyPoolOwner","line":600,"loc":{"start":{"line":600,"column":4},"end":{"line":602,"column":4}}},"37":{"name":"onlyPoolOwnerTreasury","line":604,"loc":{"start":{"line":604,"column":4},"end":{"line":606,"column":4}}},"38":{"name":"onlyPoolOwnerOrEA","line":609,"loc":{"start":{"line":609,"column":4},"end":{"line":611,"column":4}}},"39":{"name":"onlyPoolOwnerTreasuryOrEA","line":614,"loc":{"start":{"line":614,"column":4},"end":{"line":616,"column":4}}},"40":{"name":"payPeriodInDays","line":618,"loc":{"start":{"line":618,"column":4},"end":{"line":620,"column":4}}},"41":{"name":"poolAprInBps","line":622,"loc":{"start":{"line":622,"column":4},"end":{"line":624,"column":4}}},"42":{"name":"poolDefaultGracePeriodInSeconds","line":626,"loc":{"start":{"line":626,"column":4},"end":{"line":628,"column":4}}},"43":{"name":"poolLiquidityCap","line":630,"loc":{"start":{"line":630,"column":4},"end":{"line":632,"column":4}}},"44":{"name":"receivableRequiredInBps","line":634,"loc":{"start":{"line":634,"column":4},"end":{"line":636,"column":4}}},"45":{"name":"removePoolOperator","line":645,"loc":{"start":{"line":645,"column":4},"end":{"line":652,"column":4}}},"46":{"name":"rewardsAndLiquidityRateForEA","line":654,"loc":{"start":{"line":654,"column":4},"end":{"line":660,"column":4}}},"47":{"name":"rewardsAndLiquidityRateForPoolOwner","line":662,"loc":{"start":{"line":662,"column":4},"end":{"line":671,"column":4}}},"48":{"name":"withdrawalLockoutPeriodInSeconds","line":673,"loc":{"start":{"line":673,"column":4},"end":{"line":675,"column":4}}},"49":{"name":"onlyOwnerOrHumaMasterAdmin","line":679,"loc":{"start":{"line":679,"column":4},"end":{"line":683,"column":4}}},"50":{"name":"_withdrawEAFee","line":685,"loc":{"start":{"line":685,"column":4},"end":{"line":694,"column":4}}},"51":{"name":"_onlyOwnerOrHumaMasterAdmin","line":697,"loc":{"start":{"line":697,"column":4},"end":{"line":699,"column":4}}}},"statementMap":{"1":{"start":{"line":155,"column":8},"end":{"line":155,"column":73}},"2":{"start":{"line":156,"column":8},"end":{"line":156,"column":74}},"3":{"start":{"line":157,"column":8},"end":{"line":157,"column":74}},"4":{"start":{"line":162,"column":8},"end":{"line":162,"column":58}},"5":{"start":{"line":163,"column":8},"end":{"line":163,"column":6394}},"6":{"start":{"line":196,"column":8},"end":{"line":196,"column":72}},"7":{"start":{"line":197,"column":8},"end":{"line":197,"column":71}},"8":{"start":{"line":201,"column":8},"end":{"line":201,"column":53}},"9":{"start":{"line":205,"column":8},"end":{"line":205,"column":8443}},"10":{"start":{"line":209,"column":8},"end":{"line":209,"column":56}},"11":{"start":{"line":211,"column":8},"end":{"line":211,"column":98}},"12":{"start":{"line":214,"column":8},"end":{"line":214,"column":50}},"13":{"start":{"line":216,"column":8},"end":{"line":216,"column":8824}},"14":{"start":{"line":220,"column":8},"end":{"line":220,"column":9012}},"15":{"start":{"line":228,"column":8},"end":{"line":228,"column":78}},"16":{"start":{"line":232,"column":8},"end":{"line":232,"column":9424}},"17":{"start":{"line":236,"column":8},"end":{"line":236,"column":56}},"18":{"start":{"line":238,"column":8},"end":{"line":238,"column":98}},"19":{"start":{"line":241,"column":8},"end":{"line":241,"column":50}},"20":{"start":{"line":243,"column":8},"end":{"line":243,"column":9805}},"21":{"start":{"line":247,"column":8},"end":{"line":247,"column":9993}},"22":{"start":{"line":255,"column":8},"end":{"line":255,"column":75}},"23":{"start":{"line":263,"column":8},"end":{"line":263,"column":36}},"24":{"start":{"line":264,"column":8},"end":{"line":264,"column":95}},"25":{"start":{"line":266,"column":8},"end":{"line":266,"column":45}},"26":{"start":{"line":270,"column":8},"end":{"line":270,"column":36}},"27":{"start":{"line":272,"column":8},"end":{"line":272,"column":91}},"28":{"start":{"line":276,"column":8},"end":{"line":276,"column":36}},"29":{"start":{"line":278,"column":8},"end":{"line":278,"column":11223}},"30":{"start":{"line":282,"column":8},"end":{"line":282,"column":81}},"31":{"start":{"line":290,"column":8},"end":{"line":290,"column":68}},"32":{"start":{"line":291,"column":8},"end":{"line":291,"column":36}},"33":{"start":{"line":293,"column":8},"end":{"line":293,"column":11912}},"34":{"start":{"line":297,"column":8},"end":{"line":297,"column":12081}},"35":{"start":{"line":298,"column":12},"end":{"line":298,"column":79}},"36":{"start":{"line":305,"column":8},"end":{"line":305,"column":39}},"37":{"start":{"line":309,"column":8},"end":{"line":309,"column":12617}},"38":{"start":{"line":310,"column":12},"end":{"line":310,"column":12700}},"39":{"start":{"line":312,"column":12},"end":{"line":312,"column":12779}},"40":{"start":{"line":313,"column":16},"end":{"line":313,"column":65}},"41":{"start":{"line":317,"column":8},"end":{"line":317,"column":67}},"42":{"start":{"line":321,"column":8},"end":{"line":321,"column":36}},"43":{"start":{"line":322,"column":8},"end":{"line":322,"column":74}},"44":{"start":{"line":324,"column":8},"end":{"line":324,"column":55}},"45":{"start":{"line":328,"column":8},"end":{"line":328,"column":36}},"46":{"start":{"line":329,"column":8},"end":{"line":329,"column":74}},"47":{"start":{"line":331,"column":8},"end":{"line":331,"column":55}},"48":{"start":{"line":339,"column":8},"end":{"line":339,"column":36}},"49":{"start":{"line":340,"column":8},"end":{"line":340,"column":63}},"50":{"start":{"line":341,"column":8},"end":{"line":341,"column":66}},"51":{"start":{"line":343,"column":8},"end":{"line":343,"column":57}},"52":{"start":{"line":347,"column":8},"end":{"line":347,"column":36}},"53":{"start":{"line":348,"column":8},"end":{"line":348,"column":68}},"54":{"start":{"line":350,"column":8},"end":{"line":350,"column":43}},"55":{"start":{"line":358,"column":8},"end":{"line":358,"column":36}},"56":{"start":{"line":360,"column":8},"end":{"line":360,"column":73}},"57":{"start":{"line":368,"column":8},"end":{"line":368,"column":36}},"58":{"start":{"line":369,"column":8},"end":{"line":369,"column":65}},"59":{"start":{"line":371,"column":8},"end":{"line":371,"column":62}},"60":{"start":{"line":375,"column":8},"end":{"line":375,"column":36}},"61":{"start":{"line":376,"column":8},"end":{"line":376,"column":15342}},"62":{"start":{"line":381,"column":8},"end":{"line":381,"column":88}},"63":{"start":{"line":385,"column":8},"end":{"line":385,"column":36}},"64":{"start":{"line":386,"column":8},"end":{"line":386,"column":65}},"65":{"start":{"line":388,"column":8},"end":{"line":388,"column":59}},"66":{"start":{"line":395,"column":8},"end":{"line":395,"column":36}},"67":{"start":{"line":397,"column":8},"end":{"line":397,"column":49}},"68":{"start":{"line":401,"column":8},"end":{"line":401,"column":36}},"69":{"start":{"line":402,"column":8},"end":{"line":402,"column":81}},"70":{"start":{"line":404,"column":8},"end":{"line":404,"column":69}},"71":{"start":{"line":408,"column":8},"end":{"line":408,"column":36}},"72":{"start":{"line":409,"column":8},"end":{"line":409,"column":73}},"73":{"start":{"line":411,"column":8},"end":{"line":411,"column":51}},"74":{"start":{"line":413,"column":8},"end":{"line":413,"column":59}},"75":{"start":{"line":423,"column":8},"end":{"line":423,"column":36}},"76":{"start":{"line":426,"column":8},"end":{"line":426,"column":72}},"77":{"start":{"line":434,"column":8},"end":{"line":434,"column":36}},"78":{"start":{"line":436,"column":8},"end":{"line":436,"column":76}},"79":{"start":{"line":442,"column":8},"end":{"line":442,"column":36}},"80":{"start":{"line":443,"column":8},"end":{"line":443,"column":59}},"81":{"start":{"line":444,"column":8},"end":{"line":444,"column":18417}},"82":{"start":{"line":447,"column":8},"end":{"line":447,"column":58}},"83":{"start":{"line":451,"column":8},"end":{"line":451,"column":40}},"84":{"start":{"line":452,"column":8},"end":{"line":452,"column":59}},"85":{"start":{"line":453,"column":8},"end":{"line":453,"column":18861}},"86":{"start":{"line":456,"column":8},"end":{"line":456,"column":65}},"87":{"start":{"line":457,"column":8},"end":{"line":457,"column":53}},"88":{"start":{"line":461,"column":8},"end":{"line":461,"column":78}},"89":{"start":{"line":462,"column":8},"end":{"line":462,"column":19365}},"90":{"start":{"line":465,"column":8},"end":{"line":465,"column":59}},"91":{"start":{"line":469,"column":8},"end":{"line":469,"column":44}},"92":{"start":{"line":470,"column":8},"end":{"line":470,"column":70}},"93":{"start":{"line":471,"column":8},"end":{"line":471,"column":74}},"94":{"start":{"line":486,"column":8},"end":{"line":486,"column":20382}},"95":{"start":{"line":497,"column":8},"end":{"line":497,"column":20832}},"96":{"start":{"line":505,"column":8},"end":{"line":505,"column":21136}},"97":{"start":{"line":514,"column":8},"end":{"line":514,"column":94}},"98":{"start":{"line":515,"column":8},"end":{"line":515,"column":85}},"99":{"start":{"line":521,"column":8},"end":{"line":521,"column":21918}},"100":{"start":{"line":522,"column":12},"end":{"line":522,"column":53}},"101":{"start":{"line":523,"column":15},"end":{"line":523,"column":22022}},"102":{"start":{"line":525,"column":12},"end":{"line":525,"column":60}},"103":{"start":{"line":530,"column":8},"end":{"line":530,"column":61}},"104":{"start":{"line":572,"column":8},"end":{"line":572,"column":79}},"105":{"start":{"line":573,"column":8},"end":{"line":573,"column":23566}},"106":{"start":{"line":588,"column":8},"end":{"line":588,"column":75}},"107":{"start":{"line":593,"column":8},"end":{"line":593,"column":37}},"108":{"start":{"line":597,"column":8},"end":{"line":597,"column":41}},"109":{"start":{"line":601,"column":8},"end":{"line":601,"column":60}},"110":{"start":{"line":605,"column":8},"end":{"line":605,"column":78}},"111":{"start":{"line":610,"column":8},"end":{"line":610,"column":94}},"112":{"start":{"line":615,"column":8},"end":{"line":615,"column":87}},"113":{"start":{"line":619,"column":8},"end":{"line":619,"column":43}},"114":{"start":{"line":623,"column":8},"end":{"line":623,"column":40}},"115":{"start":{"line":627,"column":8},"end":{"line":627,"column":59}},"116":{"start":{"line":631,"column":8},"end":{"line":631,"column":40}},"117":{"start":{"line":635,"column":8},"end":{"line":635,"column":51}},"118":{"start":{"line":646,"column":8},"end":{"line":646,"column":72}},"119":{"start":{"line":647,"column":8},"end":{"line":647,"column":66}},"120":{"start":{"line":651,"column":8},"end":{"line":651,"column":55}},"121":{"start":{"line":659,"column":8},"end":{"line":659,"column":87}},"122":{"start":{"line":667,"column":8},"end":{"line":667,"column":26920}},"123":{"start":{"line":674,"column":8},"end":{"line":674,"column":60}},"124":{"start":{"line":680,"column":8},"end":{"line":680,"column":27396}},"125":{"start":{"line":691,"column":8},"end":{"line":691,"column":63}},"126":{"start":{"line":693,"column":8},"end":{"line":693,"column":70}},"127":{"start":{"line":698,"column":8},"end":{"line":698,"column":45}}},"branchMap":{"1":{"line":153,"type":"if","locations":[{"start":{"line":153,"column":15},"end":{"line":153,"column":15}},{"start":{"line":153,"column":15},"end":{"line":153,"column":15}}]},"2":{"line":153,"type":"if","locations":[{"start":{"line":153,"column":25},"end":{"line":153,"column":25}},{"start":{"line":153,"column":25},"end":{"line":153,"column":25}}]},"3":{"line":155,"type":"if","locations":[{"start":{"line":155,"column":8},"end":{"line":155,"column":8}},{"start":{"line":155,"column":8},"end":{"line":155,"column":8}}]},"4":{"line":156,"type":"if","locations":[{"start":{"line":156,"column":8},"end":{"line":156,"column":8}},{"start":{"line":156,"column":8},"end":{"line":156,"column":8}}]},"5":{"line":157,"type":"if","locations":[{"start":{"line":157,"column":8},"end":{"line":157,"column":8}},{"start":{"line":157,"column":8},"end":{"line":157,"column":8}}]},"6":{"line":163,"type":"if","locations":[{"start":{"line":163,"column":8},"end":{"line":163,"column":8}},{"start":{"line":163,"column":8},"end":{"line":163,"column":8}}]},"7":{"line":195,"type":"if","locations":[{"start":{"line":195,"column":57},"end":{"line":195,"column":57}},{"start":{"line":195,"column":57},"end":{"line":195,"column":57}}]},"8":{"line":196,"type":"if","locations":[{"start":{"line":196,"column":8},"end":{"line":196,"column":8}},{"start":{"line":196,"column":8},"end":{"line":196,"column":8}}]},"9":{"line":197,"type":"if","locations":[{"start":{"line":197,"column":8},"end":{"line":197,"column":8}},{"start":{"line":197,"column":8},"end":{"line":197,"column":8}}]},"10":{"line":205,"type":"if","locations":[{"start":{"line":205,"column":8},"end":{"line":205,"column":8}},{"start":{"line":205,"column":8},"end":{"line":205,"column":8}}]},"11":{"line":232,"type":"if","locations":[{"start":{"line":232,"column":8},"end":{"line":232,"column":8}},{"start":{"line":232,"column":8},"end":{"line":232,"column":8}}]},"12":{"line":264,"type":"if","locations":[{"start":{"line":264,"column":8},"end":{"line":264,"column":8}},{"start":{"line":264,"column":8},"end":{"line":264,"column":8}}]},"13":{"line":278,"type":"if","locations":[{"start":{"line":278,"column":8},"end":{"line":278,"column":8}},{"start":{"line":278,"column":8},"end":{"line":278,"column":8}}]},"14":{"line":278,"type":"cond-expr","locations":[{"start":{"line":278,"column":12},"end":{"line":278,"column":47}},{"start":{"line":278,"column":52},"end":{"line":278,"column":89}}]},"15":{"line":290,"type":"if","locations":[{"start":{"line":290,"column":8},"end":{"line":290,"column":8}},{"start":{"line":290,"column":8},"end":{"line":290,"column":8}}]},"16":{"line":293,"type":"if","locations":[{"start":{"line":293,"column":8},"end":{"line":293,"column":8}},{"start":{"line":293,"column":8},"end":{"line":293,"column":8}}]},"17":{"line":297,"type":"if","locations":[{"start":{"line":297,"column":8},"end":{"line":297,"column":8}},{"start":{"line":297,"column":8},"end":{"line":297,"column":8}}]},"18":{"line":309,"type":"if","locations":[{"start":{"line":309,"column":8},"end":{"line":309,"column":8}},{"start":{"line":309,"column":8},"end":{"line":309,"column":8}}]},"19":{"line":312,"type":"if","locations":[{"start":{"line":312,"column":12},"end":{"line":312,"column":12}},{"start":{"line":312,"column":12},"end":{"line":312,"column":12}}]},"20":{"line":322,"type":"if","locations":[{"start":{"line":322,"column":8},"end":{"line":322,"column":8}},{"start":{"line":322,"column":8},"end":{"line":322,"column":8}}]},"21":{"line":329,"type":"if","locations":[{"start":{"line":329,"column":8},"end":{"line":329,"column":8}},{"start":{"line":329,"column":8},"end":{"line":329,"column":8}}]},"22":{"line":340,"type":"if","locations":[{"start":{"line":340,"column":8},"end":{"line":340,"column":8}},{"start":{"line":340,"column":8},"end":{"line":340,"column":8}}]},"23":{"line":341,"type":"if","locations":[{"start":{"line":341,"column":8},"end":{"line":341,"column":8}},{"start":{"line":341,"column":8},"end":{"line":341,"column":8}}]},"24":{"line":348,"type":"if","locations":[{"start":{"line":348,"column":8},"end":{"line":348,"column":8}},{"start":{"line":348,"column":8},"end":{"line":348,"column":8}}]},"25":{"line":369,"type":"if","locations":[{"start":{"line":369,"column":8},"end":{"line":369,"column":8}},{"start":{"line":369,"column":8},"end":{"line":369,"column":8}}]},"26":{"line":376,"type":"if","locations":[{"start":{"line":376,"column":8},"end":{"line":376,"column":8}},{"start":{"line":376,"column":8},"end":{"line":376,"column":8}}]},"27":{"line":376,"type":"cond-expr","locations":[{"start":{"line":376,"column":12},"end":{"line":376,"column":47}},{"start":{"line":376,"column":52},"end":{"line":376,"column":89}}]},"28":{"line":386,"type":"if","locations":[{"start":{"line":386,"column":8},"end":{"line":386,"column":8}},{"start":{"line":386,"column":8},"end":{"line":386,"column":8}}]},"29":{"line":402,"type":"if","locations":[{"start":{"line":402,"column":8},"end":{"line":402,"column":8}},{"start":{"line":402,"column":8},"end":{"line":402,"column":8}}]},"30":{"line":409,"type":"if","locations":[{"start":{"line":409,"column":8},"end":{"line":409,"column":8}},{"start":{"line":409,"column":8},"end":{"line":409,"column":8}}]},"31":{"line":443,"type":"if","locations":[{"start":{"line":443,"column":8},"end":{"line":443,"column":8}},{"start":{"line":443,"column":8},"end":{"line":443,"column":8}}]},"32":{"line":444,"type":"if","locations":[{"start":{"line":444,"column":8},"end":{"line":444,"column":8}},{"start":{"line":444,"column":8},"end":{"line":444,"column":8}}]},"33":{"line":452,"type":"if","locations":[{"start":{"line":452,"column":8},"end":{"line":452,"column":8}},{"start":{"line":452,"column":8},"end":{"line":452,"column":8}}]},"34":{"line":453,"type":"if","locations":[{"start":{"line":453,"column":8},"end":{"line":453,"column":8}},{"start":{"line":453,"column":8},"end":{"line":453,"column":8}}]},"35":{"line":461,"type":"if","locations":[{"start":{"line":461,"column":8},"end":{"line":461,"column":8}},{"start":{"line":461,"column":8},"end":{"line":461,"column":8}}]},"36":{"line":462,"type":"if","locations":[{"start":{"line":462,"column":8},"end":{"line":462,"column":8}},{"start":{"line":462,"column":8},"end":{"line":462,"column":8}}]},"37":{"line":497,"type":"if","locations":[{"start":{"line":497,"column":8},"end":{"line":497,"column":8}},{"start":{"line":497,"column":8},"end":{"line":497,"column":8}}]},"38":{"line":505,"type":"if","locations":[{"start":{"line":505,"column":8},"end":{"line":505,"column":8}},{"start":{"line":505,"column":8},"end":{"line":505,"column":8}}]},"39":{"line":521,"type":"if","locations":[{"start":{"line":521,"column":8},"end":{"line":521,"column":8}},{"start":{"line":521,"column":8},"end":{"line":521,"column":8}}]},"40":{"line":523,"type":"if","locations":[{"start":{"line":523,"column":15},"end":{"line":523,"column":15}},{"start":{"line":523,"column":15},"end":{"line":523,"column":15}}]},"41":{"line":588,"type":"cond-expr","locations":[{"start":{"line":588,"column":16},"end":{"line":588,"column":43}},{"start":{"line":588,"column":48},"end":{"line":588,"column":73}}]},"42":{"line":601,"type":"if","locations":[{"start":{"line":601,"column":8},"end":{"line":601,"column":8}},{"start":{"line":601,"column":8},"end":{"line":601,"column":8}}]},"43":{"line":605,"type":"if","locations":[{"start":{"line":605,"column":8},"end":{"line":605,"column":8}},{"start":{"line":605,"column":8},"end":{"line":605,"column":8}}]},"44":{"line":610,"type":"if","locations":[{"start":{"line":610,"column":8},"end":{"line":610,"column":8}},{"start":{"line":610,"column":8},"end":{"line":610,"column":8}}]},"45":{"line":615,"type":"if","locations":[{"start":{"line":615,"column":8},"end":{"line":615,"column":8}},{"start":{"line":615,"column":8},"end":{"line":615,"column":8}}]},"46":{"line":645,"type":"if","locations":[{"start":{"line":645,"column":60},"end":{"line":645,"column":60}},{"start":{"line":645,"column":60},"end":{"line":645,"column":60}}]},"47":{"line":646,"type":"if","locations":[{"start":{"line":646,"column":8},"end":{"line":646,"column":8}},{"start":{"line":646,"column":8},"end":{"line":646,"column":8}}]},"48":{"line":647,"type":"if","locations":[{"start":{"line":647,"column":8},"end":{"line":647,"column":8}},{"start":{"line":647,"column":8},"end":{"line":647,"column":8}}]},"49":{"line":680,"type":"if","locations":[{"start":{"line":680,"column":8},"end":{"line":680,"column":8}},{"start":{"line":680,"column":8},"end":{"line":680,"column":8}}]}}},"contracts/BasePoolStorage.sol":{"l":{},"path":"/Users/57block/Huma/huma-contracts/contracts/BasePoolStorage.sol","s":{},"b":{},"f":{},"fnMap":{},"statementMap":{},"branchMap":{}},"contracts/Errors.sol":{"l":{},"path":"/Users/57block/Huma/huma-contracts/contracts/Errors.sol","s":{},"b":{},"f":{},"fnMap":{},"statementMap":{},"branchMap":{}},"contracts/EvaluationAgentNFT.sol":{"l":{"26":12,"28":12,"29":12,"31":12,"32":12,"36":2,"37":1,"38":1,"67":1,"68":1},"path":"/Users/57block/Huma/huma-contracts/contracts/EvaluationAgentNFT.sol","s":{"1":12,"2":12,"3":12,"4":12,"5":12,"6":2,"7":1,"8":1,"9":1,"10":1},"b":{"1":[1,1],"2":[1,2]},"f":{"1":30,"2":12,"3":2,"4":1,"5":1,"6":1,"7":1},"fnMap":{"1":{"name":"constructor","line":17,"loc":{"start":{"line":17,"column":4},"end":{"line":17,"column":57}}},"2":{"name":"mintNFT","line":25,"loc":{"start":{"line":25,"column":4},"end":{"line":33,"column":4}}},"3":{"name":"burn","line":35,"loc":{"start":{"line":35,"column":4},"end":{"line":39,"column":4}}},"4":{"name":"transferFrom","line":41,"loc":{"start":{"line":41,"column":4},"end":{"line":47,"column":4}}},"5":{"name":"safeTransferFrom","line":49,"loc":{"start":{"line":49,"column":4},"end":{"line":55,"column":4}}},"6":{"name":"safeTransferFrom","line":57,"loc":{"start":{"line":57,"column":4},"end":{"line":64,"column":4}}},"7":{"name":"setTokenURI","line":66,"loc":{"start":{"line":66,"column":4},"end":{"line":69,"column":4}}}},"statementMap":{"1":{"start":{"line":26,"column":8},"end":{"line":26,"column":28}},"2":{"start":{"line":28,"column":8},"end":{"line":28,"column":47}},"3":{"start":{"line":29,"column":8},"end":{"line":29,"column":34}},"4":{"start":{"line":31,"column":8},"end":{"line":31,"column":47}},"5":{"start":{"line":32,"column":8},"end":{"line":32,"column":24}},"6":{"start":{"line":36,"column":8},"end":{"line":36,"column":71}},"7":{"start":{"line":37,"column":8},"end":{"line":37,"column":21}},"8":{"start":{"line":38,"column":8},"end":{"line":38,"column":22}},"9":{"start":{"line":67,"column":8},"end":{"line":67,"column":33}},"10":{"start":{"line":68,"column":8},"end":{"line":68,"column":33}}},"branchMap":{"1":{"line":36,"type":"if","locations":[{"start":{"line":36,"column":8},"end":{"line":36,"column":8}},{"start":{"line":36,"column":8},"end":{"line":36,"column":8}}]},"2":{"line":66,"type":"if","locations":[{"start":{"line":66,"column":70},"end":{"line":66,"column":70}},{"start":{"line":66,"column":70},"end":{"line":66,"column":70}}]}}},"contracts/HDT/HDT.sol":{"l":{"19":30,"32":11,"33":10,"35":10,"37":10,"39":10,"47":10,"48":10,"52":1,"59":104,"73":28,"74":28,"75":27,"89":6,"90":6,"91":5,"95":34,"96":34,"98":34,"102":70,"103":70,"105":70,"120":70,"127":16,"134":2,"141":36,"142":34},"path":"/Users/57block/Huma/huma-contracts/contracts/HDT/HDT.sol","s":{"1":30,"2":11,"3":10,"4":10,"5":10,"6":1,"7":104,"8":28,"9":27,"10":6,"11":5,"12":34,"13":34,"14":34,"15":70,"16":70,"17":70,"18":70,"19":16,"20":2,"21":36},"b":{"1":[11,1],"2":[1,10],"3":[10,1],"4":[28,1],"5":[1,27],"6":[6,1],"7":[1,5],"8":[10,24],"9":[1,69],"10":[2,34]},"f":{"1":30,"2":11,"3":10,"4":1,"5":104,"6":28,"7":6,"8":34,"9":70,"10":70,"11":16,"12":2,"13":36},"fnMap":{"1":{"name":"constructor","line":18,"loc":{"start":{"line":18,"column":4},"end":{"line":20,"column":4}}},"2":{"name":"initialize","line":31,"loc":{"start":{"line":27,"column":4},"end":{"line":40,"column":4}}},"3":{"name":"setPool","line":46,"loc":{"start":{"line":46,"column":4},"end":{"line":49,"column":4}}},"4":{"name":"decimals","line":51,"loc":{"start":{"line":51,"column":4},"end":{"line":53,"column":4}}},"5":{"name":"totalAssets","line":58,"loc":{"start":{"line":58,"column":4},"end":{"line":60,"column":4}}},"6":{"name":"mintAmount","line":70,"loc":{"start":{"line":67,"column":4},"end":{"line":76,"column":4}}},"7":{"name":"burnAmount","line":86,"loc":{"start":{"line":83,"column":4},"end":{"line":92,"column":4}}},"8":{"name":"convertToShares","line":94,"loc":{"start":{"line":94,"column":4},"end":{"line":99,"column":4}}},"9":{"name":"convertToAssets","line":101,"loc":{"start":{"line":101,"column":4},"end":{"line":106,"column":4}}},"10":{"name":"withdrawableFundsOf","line":113,"loc":{"start":{"line":113,"column":4},"end":{"line":121,"column":4}}},"11":{"name":"assetToken","line":126,"loc":{"start":{"line":126,"column":4},"end":{"line":128,"column":4}}},"12":{"name":"pool","line":133,"loc":{"start":{"line":133,"column":4},"end":{"line":135,"column":4}}},"13":{"name":"onlyPool","line":140,"loc":{"s
[...]
},"15":{"name":"unpause","line":264,"loc":{"start":{"line":264,"column":4},"end":{"line":266,"column":4}}},"16":{"name":"isAssetValid","line":269,"loc":{"start":{"line":269,"column":4},"end":{"line":271,"column":4}}},"17":{"name":"isPauser","line":274,"loc":{"start":{"line":274,"column":4},"end":{"line":276,"column":4}}},"18":{"name":"isPoolAdmin","line":279,"loc":{"start":{"line":279,"column":4},"end":{"line":281,"column":4}}}},"statementMap":{"1":{"start":{"line":85,"column":8},"end":{"line":85,"column":59}},"2":{"start":{"line":100,"column":8},"end":{"line":100,"column":44}},"3":{"start":{"line":111,"column":8},"end":{"line":111,"column":70}},"4":{"start":{"line":112,"column":8},"end":{"line":112,"column":60}},"5":{"start":{"line":116,"column":8},"end":{"line":116,"column":45}},"6":{"start":{"line":127,"column":8},"end":{"line":127,"column":73}},"7":{"start":{"line":128,"column":8},"end":{"line":128,"column":68}},"8":{"start":{"line":132,"column":8},"end":{"line":132,"column":51}},"9":{"start":{"line":140,"column":8},"end":{"line":140,"column":15}},"10":{"start":{"line":151,"column":8},"end":{"line":151,"column":70}},"11":{"start":{"line":152,"column":8},"end":{"line":152,"column":56}},"12":{"start":{"line":156,"column":8},"end":{"line":156,"column":47}},"13":{"start":{"line":167,"column":8},"end":{"line":167,"column":73}},"14":{"start":{"line":168,"column":8},"end":{"line":168,"column":65}},"15":{"start":{"line":172,"column":8},"end":{"line":172,"column":53}},"16":{"start":{"line":179,"column":8},"end":{"line":179,"column":78}},"17":{"start":{"line":181,"column":8},"end":{"line":181,"column":57}},"18":{"start":{"line":189,"column":8},"end":{"line":189,"column":77}},"19":{"start":{"line":191,"column":8},"end":{"line":191,"column":52}},"20":{"start":{"line":201,"column":8},"end":{"line":201,"column":71}},"21":{"start":{"line":202,"column":8},"end":{"line":202,"column":7900}},"22":{"start":{"line":204,"column":12},"end":{"line":204,"column":46}},"23":{"start":{"line":216,"column":8},"end":{"line":216,"column":8515}},"24":{"start":{"line":218,"column":12},"end":{"line":218,"column":55}},"25":{"start":{"line":221,"column":12},"end":{"line":221,"column":57}},"26":{"start":{"line":230,"column":8},"end":{"line":230,"column":77}},"27":{"start":{"line":232,"column":8},"end":{"line":232,"column":53}},"28":{"start":{"line":242,"column":8},"end":{"line":242,"column":9747}},"29":{"start":{"line":245,"column":8},"end":{"line":245,"column":59}},"30":{"start":{"line":255,"column":8},"end":{"line":255,"column":89}},"31":{"start":{"line":256,"column":8},"end":{"line":256,"column":36}},"32":{"start":{"line":258,"column":8},"end":{"line":258,"column":44}},"33":{"start":{"line":265,"column":8},"end":{"line":265,"column":17}},"34":{"start":{"line":270,"column":8},"end":{"line":270,"column":42}},"35":{"start":{"line":275,"column":8},"end":{"line":275,"column":31}},"36":{"start":{"line":280,"column":8},"end":{"line":280,"column":34}}},"branchMap":{"1":{"line":85,"type":"if","locations":[{"start":{"line":85,"column":8},"end":{"line":85,"column":8}},{"start":{"line":85,"column":8},"end":{"line":85,"column":8}}]},"2":{"line":110,"type":"if","locations":[{"start":{"line":110,"column":49},"end":{"line":110,"column":49}},{"start":{"line":110,"column":49},"end":{"line":110,"column":49}}]},"3":{"line":111,"type":"if","locations":[{"start":{"line":111,"column":8},"end":{"line":111,"column":8}},{"start":{"line":111,"column":8},"end":{"line":111,"column":8}}]},"4":{"line":112,"type":"if","locations":[{"start":{"line":112,"column":8},"end":{"line":112,"column":8}},{"start":{"line":112,"column":8},"end":{"line":112,"column":8}}]},"5":{"line":126,"type":"if","locations":[{"start":{"line":126,"column":55},"end":{"line":126,"column":55}},{"start":{"line":126,"column":55},"end":{"line":126,"column":55}}]},"6":{"line":127,"type":"if","locations":[{"start":{"line":127,"column":8},"end":{"line":127,"column":8}},{"start":{"line":127,"column":8},"end":{"line":127,"column":8}}]},"7":{"line":128,"type":"if","locations":[{"start":{"line":128,"column":8},"end":{"line":128,"column":8}},{"start":{"line":128,"column":8},"end":{"line":128,"column":8}}]},"8":{"line":139,"type":"if","locations":[{"start":{"line":139,"column":30},"end":{"line":139,"column":30}},{"start":{"line":139,"column":30},"end":{"line":139,"column":30}}]},"9":{"line":150,"type":"if","locations":[{"start":{"line":150,"column":52},"end":{"line":150,"column":52}},{"start":{"line":150,"column":52},"end":{"line":150,"column":52}}]},"10":{"line":151,"type":"if","locations":[{"start":{"line":151,"column":8},"end":{"line":151,"column":8}},{"start":{"line":151,"column":8},"end":{"line":151,"column":8}}]},"11":{"line":152,"type":"if","locations":[{"start":{"line":152,"column":8},"end":{"line":152,"column":8}},{"start":{"line":152,"column":8},"end":{"line":152,"column":8}}]},"12":{"line":166,"type":"if","locations":[{"start":{"line":166,"column":58},"end":{"line":166,"column":58}},{"start":{"line":166,"column":58},"end":{"line":166,"column":58}}]},"13":{"line":167,"type":"if","locations":[{"start":{"line":167,"column":8},"end":{"line":167,"column":8}},{"start":{"line":167,"column":8},"end":{"line":167,"column":8}}]},"14":{"line":168,"type":"if","locations":[{"start":{"line":168,"column":8},"end":{"line":168,"column":8}},{"start":{"line":168,"column":8},"end":{"line":168,"column":8}}]},"15":{"line":178,"type":"if","locations":[{"start":{"line":178,"column":71},"end":{"line":178,"column":71}},{"start":{"line":178,"column":71},"end":{"line":178,"column":71}}]},"16":{"line":179,"type":"if","locations":[{"start":{"line":179,"column":8},"end":{"line":179,"column":8}},{"start":{"line":179,"column":8},"end":{"line":179,"column":8}}]},"17":{"line":188,"type":"if","locations":[{"start":{"line":188,"column":66},"end":{"line":188,"column":66}},{"start":{"line":188,"column":66},"end":{"line":188,"column":66}}]},"18":{"line":189,"type":"if","locations":[{"start":{"line":189,"column":8},"end":{"line":189,"column":8}},{"start":{"line":189,"column":8},"end":{"line":189,"column":8}}]},"19":{"line":200,"type":"if","locations":[{"start":{"line":200,"column":56},"end":{"line":200,"column":56}},{"start":{"line":200,"column":56},"end":{"line":200,"column":56}}]},"20":{"line":201,"type":"if","locations":[{"start":{"line":201,"column":8},"end":{"line":201,"column":8}},{"start":{"line":201,"column":8},"end":{"line":201,"column":8}}]},"21":{"line":202,"type":"if","locations":[{"start":{"line":202,"column":8},"end":{"line":202,"column":8}},{"start":{"line":202,"column":8},"end":{"line":202,"column":8}}]},"22":{"line":215,"type":"if","locations":[{"start":{"line":215,"column":67},"end":{"line":215,"column":67}},{"start":{"line":215,"column":67},"end":{"line":215,"column":67}}]},"23":{"line":216,"type":"if","locations":[{"start":{"line":216,"column":8},"end":{"line":216,"column":8}},{"start":{"line":216,"column":8},"end":{"line":216,"column":8}}]},"24":{"line":229,"type":"if","locations":[{"start":{"line":229,"column":67},"end":{"line":229,"column":67}},{"start":{"line":229,"column":67},"end":{"line":229,"column":67}}]},"25":{"line":230,"type":"if","locations":[{"start":{"line":230,"column":8},"end":{"line":230,"column":8}},{"start":{"line":230,"column":8},"end":{"line":230,"column":8}}]},"26":{"line":241,"type":"if","locations":[{"start":{"line":241,"column":73},"end":{"line":241,"column":73}},{"start":{"line":241,"column":73},"end":{"line":241,"column":73}}]},"27":{"line":242,"type":"if","locations":[{"start":{"line":242,"column":8},"end":{"line":242,"column":8}},{"start":{"line":242,"column":8},"end":{"line":242,"column":8}}]},"28":{"line":254,"type":"if","locations":[{"start":{"line":254,"column":50},"end":{"line":254,"column":50}},{"start":{"line":254,"column":50},"end":{"line":254,"column":50}}]},"29":{"line":255,"type":"if","locations":[{"start":{"line":255,"column":8},"end":{"line":255,"column":8}},{"start":{"line":255,"column":8},"end":{"line":255,"column":8}}]},"30":{"line":264,"type":"if","locations":[{"start":{"line":264,"column":32},"end":{"line":264,"column":32}},{"start":{"line":264,"column":32},"end":{"line":264,"column":32}}]}}},"contracts/interfaces/ICredit.sol":{"l":{},"path":"/Users/57block/Huma/huma-contracts/contracts/interfaces/ICredit.sol","s":{},"b":{},"f":{},"fnMap":{},"statementMap":{},"branchMap":{}},"contracts/interfaces/IFeeManager.sol":{"l":{},"path":"/Users/57block/Huma/huma-contracts/contracts/interfaces/IFeeManager.sol","s":{},"b":{},"f":{},"fnMap":{},"statementMap":{},"branchMap":{}},"contracts/interfaces/ILiquidityProvider.sol":{"l":{},"path":"/Users/57block/Huma/huma-contracts/contracts/interfaces/ILiquidityProvider.sol","s":{},"b":{},"f":{},"fnMap":{},"statementMap":{},"branchMap":{}},"contracts/interfaces/IPool.sol":{"l":{},"path":"/Users/57block/Huma/huma-contracts/contracts/interfaces/IPool.sol","s":{},"b":{},"f":{},"fnMap":{},"statementMap":{},"branchMap":{}},"contracts/interfaces/IReceivable.sol":{"l":{},"path":"/Users/57block/Huma/huma-contracts/contracts/interfaces/IReceivable.sol","s":{},"b":{},"f":{},"fnMap":{},"statementMap":{},"branchMap":{}},"contracts/libraries/BaseStructs.sol":{"l":{},"path":"/Users/57block/Huma/huma-contracts/contracts/libraries/BaseStructs.sol","s":{},"b":{},"f":{},"fnMap":{},"statementMap":{},"branchMap":{}},"contracts/ReceivableFactoringPool.sol":{"l":{"71":36,"73":35,"76":34,"78":33,"81":32,"93":7,"94":7,"105":1,"117":20,"118":20,"119":20,"121":19,"123":18,"125":17,"127":14,"128":14,"145":1,"146":1,"155":13,"168":12,"169":11,"178":5,"179":4,"181":4,"183":3,"184":3,"185":1,"187":2,"203":8,"207":7,"208":7,"216":3,"220":1,"229":5,"230":5,"238":3,"239":3,"243":2,"244":2,"253":13,"255":12,"257":10,"263":10,"264":7,"266":7,"269":7,"271":7,"273":3,"287":39,"293":38,"298":38,"315":17,"317":17,"319":17,"320":16,"323":14,"328":14,"329":1,"331":13,"334":2,"336":1,"351":7,"352":7,"368":42},"path":"/Users/57block/Huma/huma-contracts/contracts/ReceivableFactoringPool.sol","s":{"1":36,"2":35,"3":34,"4":33,"5":32,"6":7,"7":7,"8":20,"9":20,"10":20,"11":19,"12":18,"13":17,"14":14,"15":14,"16":1,"17":1,"18":13,"19":12,"20":11,"21":5,"22":4,"23":4,"24":3,"25":1,"26":2,"27":8,"28":7,"29":7,"30":3,"31":1,"32":5,"33":5,"34":3,"35":2,"36":13,"37":12,"38":10,"39":10,"40":7,"41":5,"42":7,"43":6,"44":7,"45":3,"46":39,"47":38,"48":17,"49":17,"50":17,"51":16,"52":14,"53":13,"54":2,"55":1,"56":7,"57":7,"58":42},"b":{"1":[1,33],"2":[1,18],"3":[1,17],"4":[1,3],"5":[1,2],"6":[2,10],"7":[7,3],"8":[5,2],"9":[6,1],"10":[1,38],"11":[1,16],"12":[14,2],"13":[1,13],"14":[1,1],"15":[1,41]},"f":{"1":36,"2":7,"3":1,"4":20,"5":1,"6":13,"7":12,"8":5,"9":8,"10":7,"11":3,"12":1,"13":5,"14":3,"15":2,"16":13,"17":39,"18":17,"19":7,"20":42},"fnMap":{"1":{"name":"approveCredit","line":61,"loc":{"start":{"line":61,"column":4},"end":{"line":82,"column":4}}},"2":{"name":"changeCreditLine","line":92,"loc":{"start":{"line":92,"column":4},"end":{"line":95,"column":4}}},"3":{"name":"drawdown","line":101,"loc":{"start":{"line":101,"column":4},"end":{"line":106,"column":4}}},"4":{"name":"drawdownWithReceivable","line":112,"loc":{"start":{"line":112,"column":4},"end":{"line":135,"column":4}}},"5":{"name":"markPaymentInvalid","line":144,"loc":{"start":{"line":144,"column":4},"end":{"line":147,"column":4}}},"6":{"name":"onERC721Received","line":149,"loc":{"start":{"line":149,"column":4},"end":{"line":156,"column":4}}},"7":{"name":"onReceivedPayment","line":163,"loc":{"start":{"line":163,"column":4},"end":{"line":175,"column":4}}},"8":{"name":"processPaymentAfterReview","line":177,"loc":{"start":{"line":177,"column":4},"end":{"line":194,"column":4}}},"9":{"name":"isPaymentProcessed","line":196,"loc":{"start":{"line":196,"column":4},"end":{"line":204,"column":4}}},"10":{"name":"isPaymentUnderReview","line":206,"loc":{"start":{"line":206,"column":4},"end":{"line":209,"column":4}}},"11":{"name":"receivableInfoMapping","line":211,"loc":{"start":{"line":211,"column":4},"end":{"line":217,"column":4}}},"12":{"name":"receivableOwnershipMapping","line":219,"loc":{"start":{"line":219,"column":4},"end":{"line":221,"column":4}}},"13":{"name":"_disburseRemainingFunds","line":228,"loc":{"start":{"line":228,"column":4},"end":{"line":231,"column":4}}},"14":{"name":"_flagForReview","line":233,"loc":{"start":{"line":233,"column":4},"end":{"line":240,"column":4}}},"15":{"name":"_markPaymentInvalid","line":242,"loc":{"start":{"line":242,"column":4},"end":{"line":245,"column":4}}},"16":{"name":"_processReceivedPayment","line":247,"loc":{"start":{"line":247,"column":4},"end":{"line":275,"column":4}}},"17":{"name":"_setReceivableInfo","line":280,"loc":{"start":{"line":280,"column":4},"end":{"line":299,"column":4}}},"18":{"name":"_transferReceivableAsset","line":309,"loc":{"start":{"line":309,"column":4},"end":{"line":338,"column":4}}},"19":{"name":"_checkReceivableAssetFor","line":345,"loc":{"start":{"line":345,"column":4},"end":{"line":356,"column":4}}},"20":{"name":"_checkReceivableRequirement","line":364,"loc":{"start":{"line":364,"column":4},"end":{"line":372,"column":4}}}},"statementMap":{"1":{"start":{"line":71,"column":8},"end":{"line":71,"column":29}},"2":{"start":{"line":73,"column":8},"end":{"line":73,"column":65}},"3":{"start":{"line":76,"column":8},"end":{"line":76,"column":78}},"4":{"start":{"line":78,"column":8},"end":{"line":78,"column":87}},"5":{"start":{"line":81,"column":8},"end":{"line":81,"column":95}},"6":{"start":{"line":93,"column":8},"end":{"line":93,"column":57}},"7":{"start":{"line":94,"column":8},"end":{"line":94,"column":55}},"8":{"start":{"line":117,"column":8},"end":{"line":117,"column":37}},"9":{"start":{"line":118,"column":8},"end":{"line":118,"column":62}},"10":{"start":{"line":119,"column":8},"end":{"line":119,"column":66}},"11":{"start":{"line":121,"column":8},"end":{"line":121,"column":78}},"12":{"start":{"line":123,"column":8},"end":{"line":123,"column":93}},"13":{"start":{"line":125,"column":8},"end":{"line":125,"column":75}},"14":{"start":{"line":127,"column":8},"end":{"line":127,"column":81}},"15":{"start":{"line":128,"column":8},"end":{"line":128,"column":5045}},"16":{"start":{"line":145,"column":8},"end":{"line":145,"column":30}},"17":{"start":{"line":146,"column":8},"end":{"line":146,"column":41}},"18":{"start":{"line":155,"column":8},"end":{"line":155,"column":45}},"19":{"start":{"line":168,"column":8},"end":{"line":168,"column":30}},"20":{"start":{"line":169,"column":8},"end":{"line":169,"column":6355}},"21":{"start":{"line":178,"column":8},"end":{"line":178,"column":44}},"22":{"start":{"line":179,"column":8},"end":{"line":179,"column":80}},"23":{"start":{"line":181,"column":8},"end":{"line":181,"column":86}},"24":{"start":{"line":184,"column":8},"end":{"line":184,"column":6884}},"25":{"start":{"line":185,"column":12},"end":{"line":185,"column":45}},"26":{"start":{"line":187,"column":12},"end":{"line":187,"column":6982}},"27":{"start":{"line":203,"column":8},"end":{"line":203,"column":50}},"28":{"start":{"line":207,"column":8},"end":{"line":207,"column":80}},"29":{"start":{"line":208,"column":8},"end":{"line":208,"column":48}},"30":{"start":{"line":216,"column":8},"end":{"line":216,"column":46}},"31":{"start":{"line":220,"column":8},"end":{"line":220,"column":58}},"32":{"start":{"line":229,"column":8},"end":{"line":229,"column":54}},"33":{"start":{"line":230,"column":8},"end":{"line":230,"column":50}},"34":{"start":{"line":239,"column":8},"end":{"line":239,"column":69}},"35":{"start":{"line":244,"column":8},"end":{"line":244,"column":46}},"36":{"start":{"line":253,"column":8},"end":{"line":253,"column":27}},"37":{"start":{"line":255,"column":8},"end":{"line":255,"column":88}},"38":{"start":{"line":257,"column":8},"end":{"line":257,"column":9222}},"39":{"start":{"line":263,"column":8},"end":{"line":263,"column":9375}},"40":{"start":{"line":266,"column":12},"end":{"line":266,"column":91}},"41":{"start":{"line":266,"column":37},"end":{"line":266,"column":90}},"42":{"start":{"line":269,"column":12},"end":{"line":269,"column":71}},"43":{"start":{"line":269,"column":25},"end":{"line":269,"column":70}},"44":{"start":{"line":271,"column":12},"end":{"line":271,"column":86}},"45":{"start":{"line":273,"column":12},"end":{"line":273,"column":58}},"46":{"start":{"line":287,"column":8},"end":{"line":287,"column":10250}},"47":{"start":{"line":293,"column":8},"end":{"line":293,"column":10470}},"48":{"start":{"line":315,"column":8},"end":{"line":315,"column":70}},"49":{"start":{"line":317,"column":8},"end":{"line":317,"column":47}},"50":{"start":{"line":319,"column":8},"end":{"line":319,"column":90}},"51":{"start":{"line":320,"column":8},"end":{"line":320,"column":11543}},"52":{"start":{"line":328,"column":12},"end":{"line":328,"column":12021}},"53":{"start":{"line":331,"column":12},"end":{"line":331,"column":94}},"54":{"start":{"line":334,"column":12},"end":{"line":334,"column":98}},"55":{"start":{"line":336,"column":12},"end":{"line":336,"column":93}},"56":{"start":{"line":351,"column":8},"end":{"line":351,"column":77}},"57":{"start":{"line":352,"column":8},"end":{"line":352,"column":12948}},"58":{"start":{"line":368,"column":8},"end":{"line":368,"column":13519}}},"branchMap":{"1":{"line":76,"type":"if","locations":[{"start":{"line":76,"column":8},"end":{"line":76,"column":8}},{"start":{"line":76,"column":8},"end":{"line":76,"column":8}}]},"2":{"line":121,"type":"if","locations":[{"start":{"line":121,"column":8},"end":{"line":121,"column":8}},{"start":{"line":121,"column":8},"end":{"line":121,"column":8}}]},"3":{"line":123,"type":"if","locations":[{"start":{"line":123,"column":8},"end":{"line":123,"column":8}},{"start":{"line":123,"column":8},"end":{"line":123,"column":8}}]},"4":{"line":181,"type":"if","locations":[{"start":{"line":181,"column":8},"end":{"line":181,"column":8}},{"start":{"line":181,"column":8},"end":{"line":181,"column":8}}]},"5":{"line":184,"type":"if","locations":[{"start":{"line":184,"column":8},"end":{"line":184,"column":8}},{"start":{"line":184,"column":8},"end":{"line":184,"column":8}}]},"6":{"line":255,"type":"if","locations":[{"start":{"line":255,"column":8},"end":{"line":255,"column":8}},{"start":{"line":255,"column":8},"end":{"line":255,"column":8}}]},"7":{"line":263,"type":"if","locations":[{"start":{"line":263,"column":8},"end":{"line":263,"column":8}},{"start":{"line":263,"column":8},"end":{"line":263,"column":8}}]},"8":{"line":266,"type":"if","locations":[{"start":{"line":266,"column":12},"end":{"line":266,"column":12}},{"start":{"line":266,"column":12},"end":{"line":266,"column":12}}]},"9":{"line":269,"type":"if","locations":[{"start":{"line":269,"column":12},"end":{"line":269,"column":12}},{"start":{"line":269,"column":12},"end":{"line":269,"column":12}}]},"10":{"line":287,"type":"if","locations":[{"start":{"line":287,"column":8},"end":{"line":287,"column":8}},{"start":{"line":287,"column":8},"end":{"line":287,"column":8}}]},"11":{"line":319,"type":"if","locations":[{"start":{"line":319,"column":8},"end":{"line":319,"column":8}},{"start":{"line":319,"column":8},"end":{"line":319,"column":8}}]},"12":{"line":320,"type":"if","locations":[{"start":{"line":320,"column":8},"end":{"line":320,"column":8}},{"start":{"line":320,"column":8},"end":{"line":320,"column":8}}]},"13":{"line":328,"type":"if","locations":[{"start":{"line":328,"column":12},"end":{"line":328,"column":12}},{"start":{"line":328,"column":12},"end":{"line":328,"column":12}}]},"14":{"line":334,"type":"if","locations":[{"start":{"line":334,"column":12},"end":{"line":334,"column":12}},{"start":{"line":334,"column":12},"end":{"line":334,"column":12}}]},"15":{"line":368,"type":"if","locations":[{"start":{"line":368,"column":8},"end":{"line":368,"column":8}},{"start":{"line":368,"column":8},"end":{"line":368,"column":8}}]}}},"contracts/ReceivableFactoringPoolStorage.sol":{"l":{},"path":"/Users/57block/Huma/huma-contracts/contracts/ReceivableFactoringPoolStorage.sol","s":{},"b":{},"f":{},"fnMap":{},"statementMap":{},"branchMap":{}}}