{
"contracts/BaseCreditPool.sol":{"l":{"136":39,"137":39,"138":39,"139":39,"140":39,"141":39,"142":39,"143":39,"145":39,"146":39,"147":39,"149":39,"161":14,"163":13,"165":12,"168":12,"170":8,"171":1,"174":9,"177":9,"179":5,"182":5,"183":4,"184":4,"190":5,"192":9,"201":51,"203":51,"204":50,"206":50,"207":45,"208":39,"221":1,"225":1,"226":1,"227":1,"251":37,"253":37,"273":11,"274":10,"291":51,"308":13,"311":13,"313":13,"315":12,"316":5,"322":12,"325":5,"327":5,"329":5,"331":5,"333":5,"335":5,"339":87,"347":73,"351":3,"359":22,"360":22,"375":6,"395":67,"396":67,"398":67,"400":67,"418":69,"420":67,"421":2,"428":54,"429":1,"431":53,"432":1,"446":58,"449":48,"453":48,"456":48,"460":10,"461":4,"462":4,"463":1,"466":9,"477":7,"481":5,"491":5,"494":53,"496":53,"500":52,"503":52,"505":52,"521":82,"523":81,"525":77,"527":77,"530":4,"531":4,"532":3,"533":3,"534":3,"540":1,"545":76,"547":74,"554":74,"555":74,"557":74,"558":28,"559":28,"562":74,"564":74,"603":46,"605":44,"607":43,"609":43,"614":5,"615":3,"617":1,"620":39,"623":10,"628":39,"634":39,"640":39,"643":6,"644":2,"653":37,"656":37,"658":37,"659":18,"660":4,"661":4,"663":4,"664":2,"666":2,"667":2,"670":14,"673":14,"675":14,"676":14,"677":14,"678":14,"681":14,"685":18,"687":16,"700":18,"701":3,"704":19,"705":19,"707":19,"708":2,"718":17,"719":17,"723":19,"724":19,"725":19,"726":19,"727":19,"730":19,"731":8,"732":8,"736":37,"738":37,"740":31,"741":31,"752":37,"761":5,"763":5,"764":4,"765":4,"766":2,"768":2,"769":2,"771":4,"772":4,"773":4,"778":1,"784":128,"785":3,"805":87,"806":87,"807":87,"812":87,"813":87,"814":87,"822":87,"823":82,"825":82,"826":81,"827":6,"829":81,"833":82,"834":29,"841":53,"848":82,"849":56,"851":26,"855":82,"858":82,"859":17,"862":82,"864":82,"870":259,"879":128,"884":13,"885":1,"890":79,"891":3},"path":"/Users/jpeng/dev/huma-contracts/contracts/BaseCreditPool.sol","s":{"1":39,"2":39,"3":39,"4":39,"5":39,"6":39,"7":14,"8":13,"9":12,"10":12,"11":4,"12":8,"13":9,"14":5,"15":5,"16":4,"17":9,"18":51,"19":51,"20":50,"21":50,"22":45,"23":39,"24":1,"25":1,"26":1,"27":37,"28":1,"29":11,"30":10,"31":1,"32":9,"33":51,"34":13,"35":13,"36":13,"37":12,"38":12,"39":5,"40":5,"41":5,"42":87,"43":73,"44":3,"45":2,"46":1,"47":22,"48":22,"49":6,"50":67,"51":67,"52":67,"53":69,"54":67,"55":65,"56":54,"57":53,"58":58,"59":10,"60":4,"61":9,"62":7,"63":53,"64":52,"65":52,"66":52,"67":52,"68":82,"69":81,"70":77,"71":77,"72":4,"73":3,"74":76,"75":74,"76":74,"77":28,"78":74,"79":46,"80":44,"81":43,"82":43,"83":5,"84":2,"85":1,"86":39,"87":39,"88":39,"89":39,"90":6,"91":2,"92":2,"93":37,"94":37,"95":37,"96":18,"97":4,"98":14,"99":18,"100":18,"101":3,"102":19,"103":2,"104":17,"105":1,"106":16,"107":12,"108":19,"109":8,"110":37,"111":31,"112":31,"113":37,"114":5,"115":5,"116":4,"117":4,"118":2,"119":1,"120":128,"121":87,"122":87,"123":87,"124":87,"125":87,"126":82,"127":81,"128":81,"129":56,"130":25,"131":1,"132":82,"133":82,"134":82,"135":82,"136":17,"137":82,"138":259,"139":128,"140":13,"141":79},"b":{"1":[4,8],"2":[1,7],"3":[5,4],"4":[4,1],"5":[1,50],"6":[1,36],"7":[10,1],"8":[1,9],"9":[1,12],"10":[5,7],"11":[7,5],"12":[2,1],"13":[6,16],"14":[1,1],"15":[2,4],"16":[5,62],"17":[2,65],"18":[54,11],"19":[1,53],"20":[1,52],"21":[48,10],"22":[4,6],"23":[1,3],"24":[2,7],"25":[2,5],"26":[52,0],"27":[1,81],"28":[4,73],"29":[3,1],"30":[28,46],"31":[1,43],"32":[5,38],"33":[1,1],"34":[1,3],"35":[3,2],"36":[1,1],"37":[10,29],"38":[6,33],"39":[2,4],"40":[2,0],"41":[18,19],"42":[4,14],"43":[2,2],"44":[1,13],"45":[16,2],"46":[3,15],"47":[2,17],"48":[1,16],"49":[12,4],"50":[8,11],"51":[31,6],"52":[4,1],"53":[2,2],"54":[3,125],"55":[48,39],"56":[20,67],"57":[82,5],"58":[81,1],"59":[6,75],"60":[56,25],"61":[1,24],"62":[29,53],"63":[56,26],"64":[17,65],"65":[17,65],"66":[16,1],"67":[1,12],"68":[3,76]},"f":{"1":39,"2":14,"3":51,"4":1,"5":37,"6":11,"7":51,"8":13,"9":87,"10":73,"11":3,"12":22,"13":6,"14":67,"15":69,"16":58,"17":82,"18":46,"19":5,"20":128,"21":87,"22":259,"23":128,"24":13,"25":79},"fnMap":{"1":{"name":"approveCredit","line":129,"loc":{"start":{"line":129,"column":4},"end":{"line":150,"column":4}}},"2":{"name":"changeCreditLine","line":160,"loc":{"start":{"line":160,"column":4},"end":{"line":193,"column":4}}},"3":{"name":"drawdown","line":200,"loc":{"start":{"line":200,"column":4},"end":{"line":209,"column":4}}},"4":{"name":"extendCreditLineDuration","line":216,"loc":{"start":{"line":216,"column":4},"end":{"line":233,"column":4}}},"5":{"name":"makePayment","line":245,"loc":{"start":{"line":245,"column":4},"end":{"line":254,"column":4}}},"6":{"name":"refreshAccount","line":267,"loc":{"start":{"line":267,"column":4},"end":{"line":277,"column":4}}},"7":{"name":"requestCredit","line":285,"loc":{"start":{"line":285,"column":4},"end":{"line":299,"column":4}}},"8":{"name":"triggerDefault","line":307,"loc":{"start":{"line":307,"column":4},"end":{"line":336,"column":4}}},"9":{"name":"creditRecordMapping","line":338,"loc":{"start":{"line":338,"column":4},"end":{"line":340,"column":4}}},"10":{"name":"creditRecordStaticMapping","line":342,"loc":{"start":{"line":342,"column":4},"end":{"line":348,"column":4}}},"11":{"name":"isApproved","line":350,"loc":{"start":{"line":350,"column":4},"end":{"line":353,"column":4}}},"12":{"name":"isDefaultReady","line":358,"loc":{"start":{"line":358,"column":4},"end":{"line":365,"column":4}}},"13":{"name":"isLate","line":374,"loc":{"start":{"line":374,"column":4},"end":{"line":381,"column":4}}},"14":{"name":"_approveCredit","line":383,"loc":{"start":{"line":383,"column":4},"end":{"line":401,"column":4}}},"15":{"name":"_checkDrawdownEligibility","line":413,"loc":{"start":{"line":413,"column":4},"end":{"line":434,"column":4}}},"16":{"name":"_drawdown","line":441,"loc":{"start":{"line":441,"column":4},"end":{"line":506,"column":4}}},"17":{"name":"_initiateCredit","line":513,"loc":{"start":{"line":513,"column":4},"end":{"line":572,"column":4}}},"18":{"name":"_makePayment","line":591,"loc":{"start":{"line":591,"column":4},"end":{"line":753,"column":4}}},"19":{"name":"_recoverDefaultedAmount","line":760,"loc":{"start":{"line":760,"column":4},"end":{"line":780,"column":4}}},"20":{"name":"_maxCreditLineCheck","line":783,"loc":{"start":{"line":783,"column":4},"end":{"line":787,"column":4}}},"21":{"name":"_updateDueInfo","line":800,"loc":{"start":{"line":800,"column":4},"end":{"line":866,"column":4}}},"22":{"name":"_getCreditRecord","line":869,"loc":{"start":{"line":869,"column":4},"end":{"line":871,"column":4}}},"23":{"name":"_getCreditRecordStatic","line":874,"loc":{"start":{"line":874,"column":4},"end":{"line":880,"column":4}}},"24":{"name":"onlyPDSServiceAccount","line":883,"loc":{"start":{"line":883,"column":4},"end":{"line":886,"column":4}}},"25":{"name":"onlyEAServiceAccount","line":889,"loc":{"start":{"line":889,"column":4},"end":{"line":892,"column":4}}}},"statementMap":{"1":{"start":{"line":136,"column":8},"end":{"line":136,"column":27}},"2":{"start":{"line":137,"column":8},"end":{"line":137,"column":29}},"3":{"start":{"line":138,"column":8},"end":{"line":138,"column":39}},"4":{"start":{"line":139,"column":8},"end":{"line":139,"column":75}},"5":{"start":{"line":145,"column":8},"end":{"line":145,"column":62}},"6":{"start":{"line":149,"column":8},"end":{"line":149,"column":94}},"7":{"start":{"line":161,"column":8},"end":{"line":161,"column":27}},"8":{"start":{"line":163,"column":8},"end":{"line":163,"column":42}},"9":{"start":{"line":165,"column":8},"end":{"line":165,"column":81}},"10":{"start":{"line":168,"column":8},"end":{"line":168,"column":6395}},"11":{"start":{"line":168,"column":45},"end":{"line":168,"column":66}},"12":{"start":{"line":170,"column":12},"end":{"line":170,"column":6542}},"13":{"start":{"line":177,"column":8},"end":{"line":177,"column":6810}},"14":{"start":{"line":179,"column":12},"end":{"line":179,"column":77}},"15":{"start":{"line":182,"column":12},"end":{"line":182,"column":7110}},"16":{"start":{"line":184,"column":16},"end":{"line":184,"column":7263}},"17":{"start":{"line":192,"column":8},"end":{"line":192,"column":72}},"18":{"start":{"line":201,"column":8},"end":{"line":201,"column":37}},"19":{"start":{"line":203,"column":8},"end":{"line":203,"column":65}},"20":{"start":{"line":204,"column":8},"end":{"line":204,"column":66}},"21":{"start":{"line":206,"column":8},"end":{"line":206,"column":60}},"22":{"start":{"line":207,"column":8},"end":{"line":207,"column":75}},"23":{"start":{"line":208,"column":8},"end":{"line":208,"column":70}},"24":{"start":{"line":221,"column":8},"end":{"line":221,"column":29}},"25":{"start":{"line":225,"column":8},"end":{"line":225,"column":44}},"26":{"start":{"line":227,"column":8},"end":{"line":227,"column":9117}},"27":{"start":{"line":251,"column":8},"end":{"line":251,"column":59}},"28":{"start":{"line":251,"column":36},"end":{"line":251,"column":58}},"29":{"start":{"line":273,"column":8},"end":{"line":273,"column":11205}},"30":{"start":{"line":274,"column":12},"end":{"line":274,"column":11342}},"31":{"start":{"line":274,"column":42},"end":{"line":274,"column":87}},"32":{"start":{"line":275,"column":17},"end":{"line":275,"column":61}},"33":{"start":{"line":291,"column":8},"end":{"line":291,"column":11983}},"34":{"start":{"line":308,"column":8},"end":{"line":308,"column":27}},"35":{"start":{"line":311,"column":8},"end":{"line":311,"column":62}},"36":{"start":{"line":313,"column":8},"end":{"line":313,"column":96}},"37":{"start":{"line":315,"column":8},"end":{"line":315,"column":12798}},"38":{"start":{"line":322,"column":8},"end":{"line":322,"column":79}},"39":{"start":{"line":331,"column":8},"end":{"line":331,"column":31}},"40":{"start":{"line":333,"column":8},"end":{"line":333,"column":59}},"41":{"start":{"line":335,"column":8},"end":{"line":335,"column":21}},"42":{"start":{"line":339,"column":8},"end":{"line":339,"column":44}},"43":{"start":{"line":347,"column":8},"end":{"line":347,"column":50}},"44":{"start":{"line":351,"column":8},"end":{"line":351,"column":14085}},"45":{"start":{"line":351,"column":79},"end":{"line":351,"column":90}},"46":{"start":{"line":352,"column":13},"end":{"line":352,"column":25}},"47":{"start":{"line":359,"column":8},"end":{"line":359,"column":83}},"48":{"start":{"line":360,"column":8},"end":{"line":360,"column":14481}},"49":{"start":{"line":375,"column":8},"end":{"line":375,"column":15223}},"50":{"start":{"line":395,"column":8},"end":{"line":395,"column":77}},"51":{"start":{"line":396,"column":8},"end":{"line":396,"column":79}},"52":{"start":{"line":400,"column":8},"end":{"line":400,"column":17}},"53":{"start":{"line":418,"column":8},"end":{"line":418,"column":27}},"54":{"start":{"line":420,"column":8},"end":{"line":420,"column":17229}},"55":{"start":{"line":422,"column":13},"end":{"line":422,"column":17387}},"56":{"start":{"line":428,"column":12},"end":{"line":428,"column":17934}},"57":{"start":{"line":431,"column":12},"end":{"line":431,"column":18051}},"58":{"start":{"line":446,"column":8},"end":{"line":446,"column":18456}},"59":{"start":{"line":460,"column":12},"end":{"line":460,"column":19056}},"60":{"start":{"line":462,"column":16},"end":{"line":462,"column":19224}},"61":{"start":{"line":466,"column":12},"end":{"line":466,"column":19346}},"62":{"start":{"line":477,"column":12},"end":{"line":477,"column":84}},"63":{"start":{"line":496,"column":8},"end":{"line":496,"column":20598}},"64":{"start":{"line":500,"column":8},"end":{"line":500,"column":60}},"65":{"start":{"line":500,"column":30},"end":{"line":500,"column":59}},"66":{"start":{"line":503,"column":8},"end":{"line":503,"column":67}},"67":{"start":{"line":505,"column":8},"end":{"line":505,"column":34}},"68":{"start":{"line":521,"column":8},"end":{"line":521,"column":82}},"69":{"start":{"line":523,"column":8},"end":{"line":523,"column":27}},"70":{"start":{"line":525,"column":8},"end":{"line":525,"column":62}},"71":{"start":{"line":527,"column":8},"end":{"line":527,"column":21650}},"72":{"start":{"line":531,"column":12},"end":{"line":531,"column":21911}},"73":{"start":{"line":534,"column":16},"end":{"line":534,"column":22077}},"74":{"start":{"line":545,"column":8},"end":{"line":545,"column":39}},"75":{"start":{"line":554,"column":8},"end":{"line":554,"column":34}},"76":{"start":{"line":557,"column":8},"end":{"line":557,"column":22856}},"77":{"start":{"line":559,"column":12},"end":{"line":559,"column":98}},"78":{"start":{"line":564,"column":8},"end":{"line":564,"column":23081}},"79":{"start":{"line":603,"column":8},"end":{"line":603,"column":27}},"80":{"start":{"line":605,"column":8},"end":{"line":605,"column":59}},"81":{"start":{"line":607,"column":8},"end":{"line":607,"column":62}},"82":{"start":{"line":609,"column":8},"end":{"line":609,"column":24795}},"83":{"start":{"line":614,"column":12},"end":{"line":614,"column":25005}},"84":{"start":{"line":616,"column":17},"end":{"line":616,"column":25143}},"85":{"start":{"line":617,"column":16},"end":{"line":617,"column":39}},"86":{"start":{"line":620,"column":8},"end":{"line":620,"column":25231}},"87":{"start":{"line":628,"column":8},"end":{"line":628,"column":25613}},"88":{"start":{"line":634,"column":8},"end":{"line":634,"column":25861}},"89":{"start":{"line":640,"column":8},"end":{"line":640,"column":26133}},"90":{"start":{"line":643,"column":12},"end":{"line":643,"column":26380}},"91":{"start":{"line":644,"column":16},"end":{"line":644,"column":26474}},"92":{"start":{"line":647,"column":18},"end":{"line":647,"column":41}},"93":{"start":{"line":653,"column":8},"end":{"line":653,"column":31}},"94":{"start":{"line":656,"column":8},"end":{"line":656,"column":36}},"95":{"start":{"line":658,"column":8},"end":{"line":658,"column":26936}},"96":{"start":{"line":659,"column":12},"end":{"line":659,"column":26981}},"97":{"start":{"line":663,"column":16},"end":{"line":663,"column":27132}},"98":{"start":{"line":681,"column":16},"end":{"line":681,"column":94}},"99":{"start":{"line":685,"column":12},"end":{"line":685,"column":28047}},"100":{"start":{"line":700,"column":12},"end":{"line":700,"column":28742}},"101":{"start":{"line":701,"column":16},"end":{"line":701,"column":65}},"102":{"start":{"line":707,"column":12},"end":{"line":707,"column":28991}},"103":{"start":{"line":708,"column":16},"end":{"line":708,"column":65}},"104":{"start":{"line":719,"column":16},"end":{"line":719,"column":29949}},"105":{"start":{"line":719,"column":39},"end":{"line":719,"column":86}},"106":{"start":{"line":720,"column":21},"end":{"line":720,"column":93}},"107":{"start":{"line":720,"column":44},"end":{"line":720,"column":92}},"108":{"start":{"line":730,"column":12},"end":{"line":730,"column":30347}},"109":{"start":{"line":732,"column":16},"end":{"line":732,"column":92}},"110":{"start":{"line":738,"column":8},"end":{"line":738,"column":30599}},"111":{"start":{"line":740,"column":12},"end":{"line":740,"column":86}},"112":{"start":{"line":741,"column":12},"end":{"line":741,"column":30846}},"113":{"start":{"line":752,"column":8},"end":{"line":752,"column":72}},"114":{"start":{"line":761,"column":8},"end":{"line":761,"column":82}},"115":{"start":{"line":763,"column":8},"end":{"line":763,"column":31705}},"116":{"start":{"line":764,"column":12},"end":{"line":764,"column":38}},"117":{"start":{"line":765,"column":12},"end":{"line":765,"column":31787}},"118":{"start":{"line":769,"column":16},"end":{"line":769,"column":69}},"119":{"start":{"line":778,"column":12},"end":{"line":778,"column":44}},"120":{"start":{"line":784,"column":8},"end":{"line":784,"column":32714}},"121":{"start":{"line":806,"column":8},"end":{"line":806,"column":43}},"122":{"start":{"line":807,"column":8},"end":{"line":807,"column":57}},"123":{"start":{"line":812,"column":8},"end":{"line":812,"column":33}},"124":{"start":{"line":813,"column":8},"end":{"line":813,"column":24}},"125":{"start":{"line":822,"column":8},"end":{"line":822,"column":34457}},"126":{"start":{"line":825,"column":12},"end":{"line":825,"column":34562}},"127":{"start":{"line":826,"column":16},"end":{"line":826,"column":34684}},"128":{"start":{"line":829,"column":16},"end":{"line":829,"column":34826}},"129":{"start":{"line":829,"column":36},"end":{"line":829,"column":80}},"130":{"start":{"line":830,"column":21},"end":{"line":830,"column":87}},"131":{"start":{"line":830,"column":41},"end":{"line":830,"column":86}},"132":{"start":{"line":833,"column":12},"end":{"line":833,"column":34939}},"133":{"start":{"line":848,"column":12},"end":{"line":848,"column":35548}},"134":{"start":{"line":855,"column":12},"end":{"line":855,"column":35864}},"135":{"start":{"line":858,"column":12},"end":{"line":858,"column":36014}},"136":{"start":{"line":859,"column":16},"end":{"line":859,"column":91}},"137":{"start":{"line":864,"column":12},"end":{"line":864,"column":64}},"138":{"start":{"line":870,"column":8},"end":{"line":870,"column":44}},"139":{"start":{"line":879,"column":8},"end":{"line":879,"column":50}},"140":{"start":{"line":884,"column":8},"end":{"line":884,"column":36991}},"141":{"start":{"line":890,"column":8},"end":{"line":890,"column":37260}}},"branchMap":{"1":{"line":168,"type":"if","locations":[{"start":{"line":168,"column":8},"end":{"line":168,"column":8}},{"start":{"line":168,"column":8},"end":{"line":168,"column":8}}]},"2":{"line":170,"type":"if","locations":[{"start":{"line":170,"column":12},"end":{"line":170,"column":12}},{"start":{"line":170,"column":12},"end":{"line":170,"column":12}}]},"3":{"line":177,"type":"if","locations":[{"start":{"line":177,"column":8},"end":{"line":177,"column":8}},{"start":{"line":177,"column":8},"end":{"line":177,"column":8}}]},"4":{"line":182,"type":"if","locations":[{"start":{"line":182,"column":12},"end":{"line":182,"column":12}},{"start":{"line":182,"column":12},"end":{"line":182,"column":12}}]},"5":{"line":203,"type":"if","locations":[{"start":{"line":203,"column":8},"end":{"line":203,"column":8}},{"start":{"line":203,"column":8},"end":{"line":203,"column":8}}]},"6":{"line":251,"type":"if","locations":[{"start":{"line":251,"column":8},"end":{"line":251,"column":8}},{"start":{"line":251,"column":8},"end":{"line":251,"column":8}}]},"7":{"line":273,"type":"if","locations":[{"start":{"line":273,"column":8},"end":{"line":273,"column":8}},{"start":{"line":273,"column":8},"end":{"line":273,"column":8}}]},"8":{"line":274,"type":"if","locations":[{"start":{"line":274,"column":12},"end":{"line":274,"column":12}},{"start":{"line":274,"column":12},"end":{"line":274,"column":12}}]},"9":{"line":313,"type":"if","locations":[{"start":{"line":313,"column":8},"end":{"line":313,"column":8}},{"start":{"line":313,"column":8},"end":{"line":313,"column":8}}]},"10":{"line":315,"type":"if","locations":[{"start":{"line":315,"column":8},"end":{"line":315,"column":8}},{"start":{"line":315,"column":8},"end":{"line":315,"column":8}}]},"11":{"line":322,"type":"if","locations":[{"start":{"line":322,"column":8},"end":{"line":322,"column":8}},{"start":{"line":322,"column":8},"end":{"line":322,"column":8}}]},"12":{"line":351,"type":"if","locations":[{"start":{"line":351,"column":8},"end":{"line":351,"column":8}},{"start":{"line":351,"column":8},"end":{"line":351,"column":8}}]},"13":{"line":363,"type":"if","locations":[{"start":{"line":363,"column":18},"end":{"line":363,"column":21}},{"start":{"line":364,"column":18},"end":{"line":364,"column":22}}]},"14":{"line":377,"type":"cond-expr","locations":[{"start":{"line":377,"column":17},"end":{"line":377,"column":64}},{"start":{"line":378,"column":20},"end":{"line":378,"column":75}}]},"15":{"line":379,"type":"if","locations":[{"start":{"line":379,"column":18},"end":{"line":379,"column":21}},{"start":{"line":380,"column":18},"end":{"line":380,"column":22}}]},"16":{"line":396,"type":"if","locations":[{"start":{"line":396,"column":8},"end":{"line":396,"column":8}},{"start":{"line":396,"column":8},"end":{"line":396,"column":8}}]},"17":{"line":420,"type":"if","locations":[{"start":{"line":420,"column":8},"end":{"line":420,"column":8}},{"start":{"line":420,"column":8},"end":{"line":420,"column":8}}]},"18":{"line":422,"type":"if","locations":[{"start":{"line":422,"column":13},"end":{"line":422,"column":13}},{"start":{"line":422,"column":13},"end":{"line":422,"column":13}}]},"19":{"line":428,"type":"if","locations":[{"start":{"line":428,"column":12},"end":{"line":428,"column":12}},{"start":{"line":428,"column":12},"end":{"line":428,"column":12}}]},"20":{"line":431,"type":"if","locations":[{"start":{"line":431,"column":12},"end":{"line":431,"column":12}},{"start":{"line":431,"column":12},"end":{"line":431,"column":12}}]},"21":{"line":446,"type":"if","locations":[{"start":{"line":446,"column":8},"end":{"line":446,"column":8}},{"start":{"line":446,"column":8},"end":{"line":446,"column":8}}]},"22":{"line":460,"type":"if","locations":[{"start":{"line":460,"column":12},"end":{"line":460,"column":12}},{"start":{"line":460,"column":12},"end":{"line":460,"column":12}}]},"23":{"line":462,"type":"if","locations":[{"start":{"line":462,"column":16},"end":{"line":462,"column":16}},{"start":{"line":462,"column":16},"end":{"line":462,"column":16}}]},"24":{"line":466,"type":"if","locations":[{"start":{"line":466,"column":12},"end":{"line":466,"column":12}},{"start":{"line":466,"column":12},"end":{"line":466,"column":12}}]},"25":{"line":477,"type":"if","locations":[{"start":{"line":477,"column":12},"end":{"line":477,"column":12}},{"start":{"line":477,"column":12},"end":{"line":477,"column":12}}]},"26":{"line":500,"type":"if","locations":[{"start":{"line":500,"column":8},"end":{"line":500,"column":8}},{"start":{"line":500,"column":8},"end":{"line":500,"column":8}}]},"27":{"line":521,"type":"if","locations":[{"start":{"line":521,"column":8},"end":{"line":521,"column":8}},{"start":{"line":521,"column":8},"end":{"line":521,"column":8}}]},"28":{"line":527,"type":"if","locations":[{"start":{"line":527,"column":8},"end":{"line":527,"column":8}},{"start":{"line":527,"column":8},"end":{"line":527,"column":8}}]},"29":{"line":531,"type":"if","locations":[{"start":{"line":531,"column":12},"end":{"line":531,"column":12}},{"start":{"line":531,"column":12},"end":{"line":531,"column":12}}]},"30":{"line":557,"type":"if","locations":[{"start":{"line":557,"column":8},"end":{"line":557,"column":8}},{"start":{"line":557,"column":8},"end":{"line":557,"column":8}}]},"31":{"line":605,"type":"if","locations":[{"start":{"line":605,"column":8},"end":{"line":605,"column":8}},{"start":{"line":605,"column":8},"end":{"line":605,"column":8}}]},"32":{"line":609,"type":"if","locations":[{"start":{"line":609,"column":8},"end":{"line":609,"column":8}},{"start":{"line":609,"column":8},"end":{"line":609,"column":8}}]},"33":{"line":610,"type":"cond-expr","locations":[{"start":{"line":610,"column":12},"end":{"line":610,"column":47}},{"start":{"line":611,"column":12},"end":{"line":611,"column":46}}]},"34":{"line":610,"type":"cond-expr","locations":[{"start":{"line":610,"column":12},"end":{"line":611,"column":46}},{"start":{"line":612,"column":12},"end":{"line":612,"column":45}}]},"35":{"line":614,"type":"if","locations":[{"start":{"line":614,"column":12},"end":{"line":614,"column":12}},{"start":{"line":614,"column":12},"end":{"line":614,"column":12}}]},"36":{"line":616,"type":"if","locations":[{"start":{"line":616,"column":17},"end":{"line":616,"column":17}},{"start":{"line":616,"column":17},"end":{"line":616,"column":17}}]},"37":{"line":620,"type":"if","locations":[{"start":{"line":620,"column":8},"end":{"line":620,"column":8}},{"start":{"line":620,"column":8},"end":{"line":620,"column":8}}]},"38":{"line":640,"type":"if","locations":[{"start":{"line":640,"column":8},"end":{"line":640,"column":8}},{"start":{"line":640,"column":8},"end":{"line":640,"column":8}}]},"39":{"line":643,"type":"if","locations":[{"start":{"line":643,"column":12},"end":{"line":643,"column":12}},{"start":{"line":643,"column":12},"end":{"line":643,"column":12}}]},"40":{"line":644,"type":"if","locations":[{"start":{"line":644,"column":16},"end":{"line":644,"column":16}},{"start":{"line":644,"column":16},"end":{"line":644,"column":16}}]},"41":{"line":658,"type":"if","locations":[{"start":{"line":658,"column":8},"end":{"line":658,"column":8}},{"start":{"line":658,"column":8},"end":{"line":658,"column":8}}]},"42":{"line":659,"type":"if","locations":[{"start":{"line":659,"column":12},"end":{"line":659,"column":12}},{"start":{"line":659,"column":12},"end":{"line":659,"column":12}}]},"43":{"line":663,"type":"if","locations":[{"start":{"line":663,"column":16},"end":{"line":663,"column":16}},{"start":{"line":663,"column":16},"end":{"line":663,"column":16}}]},"44":{"line":681,"type":"if","locations":[{"start":{"line":681,"column":16},"end":{"line":681,"column":16}},{"start":{"line":681,"column":16},"end":{"line":681,"column":16}}]},"45":{"line":685,"type":"if","locations":[{"start":{"line":685,"column":12},"end":{"line":685,"column":12}},{"start":{"line":685,"column":12},"end":{"line":685,"column":12}}]},"46":{"line":700,"type":"if","locations":[{"start":{"line":700,"column":12},"end":{"line":700,"column":12}},{"start":{"line":700,"column":12},"end":{"line":700,"column":12}}]},"47":{"line":707,"type":"if","locations":[{"start":{"line":707,"column":12},"end":{"line":707,"column":12}},{"start":{"line":707,"column":12},"end":{"line":707,"column":12}}]},"48":{"line":719,"type":"if","locations":[{"start":{"line":719,"column":16},"end":{"line":719,"column":16}},{"start":{"line":719,"column":16},"end":{"line":719,"column":16}}]},"49":{"line":720,"type":"if","locations":[{"start":{"line":720,"column":21},"end":{"line":720,"column":21}},{"start":{"line":720,"column":21},"end":{"line":720,"column":21}}]},"50":{"line":730,"type":"if","locations":[{"start":{"line":730,"column":12},"end":{"line":730,"column":12}},{"start":{"line":730,"column":12},"end":{"line":730,"column":12}}]},"51":{"line":738,"type":"if","locations":[{"start":{"line":738,"column":8},"end":{"line":738,"column":8}},{"start":{"line":738,"column":8},"end":{"line":738,"column":8}}]},"52":{"line":763,"type":"if","locations":[{"start":{"line":763,"column":8},"end":{"line":763,"column":8}},{"start":{"line":763,"column":8},"end":{"line":763,"column":8}}]},"53":{"line":765,"type":"if","locations":[{"start":{"line":765,"column":12},"end":{"line":765,"column":12}},{"start":{"line":765,"column":12},"end":{"line":765,"column":12}}]},"54":{"line":784,"type":"if","locations":[{"start":{"line":784,"column":8},"end":{"line":784,"column":8}},{"start":{"line":784,"column":8},"end":{"line":784,"column":8}}]},"55":{"line":806,"type":"if","locations":[{"start":{"line":806,"column":8},"end":{"line":806,"column":8}},{"start":{"line":806,"column":8},"end":{"line":806,"column":8}}]},"56":{"line":807,"type":"if","locations":[{"start":{"line":807,"column":45},"end":{"line":807,"column":48}},{"start":{"line":807,"column":52},"end":{"line":807,"column":56}}]},"57":{"line":822,"type":"if","locations":[{"start":{"line":822,"column":8},"end":{"line":822,"column":8}},{"start":{"line":822,"column":8},"end":{"line":822,"column":8}}]},"58":{"line":825,"type":"if","locations":[{"start":{"line":825,"column":12},"end":{"line":825,"column":12}},{"start":{"line":825,"column":12},"end":{"line":825,"column":12}}]},"59":{"line":826,"type":"if","locations":[{"start":{"line":826,"column":16},"end":{"line":826,"column":16}},{"start":{"line":826,"column":16},"end":{"line":826,"column":16}}]},"60":{"line":829,"type":"if","locations":[{"start":{"line":829,"column":16},"end":{"line":829,"column":16}},{"start":{"line":829,"column":16},"end":{"line":829,"column":16}}]},"61":{"line":830,"type":"if","locations":[{"start":{"line":830,"column":21},"end":{"line":830,"column":21}},{"start":{"line":830,"column":21},"end":{"line":830,"column":21}}]},"62":{"line":833,"type":"if","locations":[{"start":{"line":833,"column":12},"end":{"line":833,"column":12}},{"start":{"line":833,"column":12},"end":{"line":833,"column":12}}]},"63":{"line":848,"type":"if","locations":[{"start":{"line":848,"column":12},"end":{"line":848,"column":12}},{"start":{"line":848,"column":12},"end":{"line":848,"column":12}}]},"64":{"line":855,"type":"if","locations":[{"start":{"line":855,"column":12},"end":{"line":855,"column":12}},{"start":{"line":855,"column":12},"end":{"line":855,"column":12}}]},"65":{"line":858,"type":"if","locations":[{"start":{"line":858,"column":12},"end":{"line":858,"column":12}},{"start":{"line":858,"column":12},"end":{"line":858,"column":12}}]},"66":{"line":859,"type":"if","locations":[{"start":{"line":859,"column":16},"end":{"line":859,"column":16}},{"start":{"line":859,"column":16},"end":{"line":859,"column":16}}]},"67":{"line":884,"type":"if","locations":[{"start":{"line":884,"column":8},"end":{"line":884,"column":8}},{"start":{"line":884,"column":8},"end":{"line":884,"column":8}}]},"68":{"line":890,"type":"if","locations":[{"start":{"line":890,"column":8},"end":{"line":890,"column":8}},{"start":{"line":890,"column":8},"end":{"line":890,"column":8}}]}}},
"contracts/BaseCreditPoolStorage.sol":{"l":{},"path":"/Users/jpeng/dev/huma-contracts/contracts/BaseCreditPoolStorage.sol","s":{},"b":{},"f":{},"fnMap":{},"statementMap":{},"branchMap":{}},
"contracts/BaseFeeManager.sol":{"l":{"68":94,"69":94,"70":94,"71":94,"72":94,"73":94,"94":151,"95":150,"96":150,"115":60,"117":60,"132":53,"133":53,"134":53,"150":60,"151":59,"152":59,"169":53,"171":53,"173":52,"175":52,"217":124,"218":20,"223":104,"224":51,"230":51,"232":53,"245":104,"246":104,"248":104,"250":146,"251":60,"258":146,"261":146,"265":146,"266":16,"267":16,"268":12,"273":12,"274":12,"276":16,"280":146,"289":146,"291":146,"292":146,"293":146,"294":146,"298":104,"299":28,"300":28,"303":104,"332":3},"path":"/Users/jpeng/dev/huma-contracts/contracts/BaseFeeManager.sol","s":{"1":94,"2":151,"3":150,"4":60,"5":60,"6":53,"7":60,"8":59,"9":53,"10":52,"11":124,"12":20,"13":104,"14":51,"15":104,"16":104,"17":104,"18":146,"19":146,"20":16,"21":12,"22":12,"23":146,"24":104,"25":104,"26":3},"b":{"1":[94,1],"2":[151,1],"3":[1,150],"4":[53,0],"5":[59,1],"6":[59,0],"7":[1,52],"8":[20,104],"9":[51,53],"10":[60,86],"11":[16,130],"12":[12,4],"13":[28,76]},"f":{"1":94,"2":151,"3":60,"4":53,"5":60,"6":53,"7":124,"8":3},"fnMap":{"1":{"name":"setFees","line":67,"loc":{"start":{"line":61,"column":4},"end":{"line":80,"column":4}}},"2":{"name":"setMinPrincipalRateInBps","line":92,"loc":{"start":{"line":88,"column":4},"end":{"line":97,"column":4}}},"3":{"name":"calcCorrection","line":109,"loc":{"start":{"line":109,"column":4},"end":{"line":118,"column":4}}},"4":{"name":"calcFrontLoadingFee","line":125,"loc":{"start":{"line":125,"column":4},"end":{"line":135,"column":4}}},"5":{"name":"calcLateFee","line":145,"loc":{"start":{"line":145,"column":4},"end":{"line":154,"column":4}}},"6":{"name":"distBorrowingAmount","line":163,"loc":{"start":{"line":163,"column":4},"end":{"line":176,"column":4}}},"7":{"name":"getDueInfo","line":200,"loc":{"start":{"line":200,"column":4},"end":{"line":310,"column":4}}},"8":{"name":"getFees","line":319,"loc":{"start":{"line":319,"column":4},"end":{"line":333,"column":4}}}},"statementMap":{"1":{"start":{"line":73,"column":8},"end":{"line":73,"column":2635}},"2":{"start":{"line":94,"column":8},"end":{"line":94,"column":97}},"3":{"start":{"line":96,"column":8},"end":{"line":96,"column":60}},"4":{"start":{"line":115,"column":8},"end":{"line":115,"column":57}},"5":{"start":{"line":117,"column":8},"end":{"line":117,"column":95}},"6":{"start":{"line":133,"column":8},"end":{"line":133,"column":5051}},"7":{"start":{"line":150,"column":8},"end":{"line":150,"column":5697}},"8":{"start":{"line":152,"column":12},"end":{"line":152,"column":92}},"9":{"start":{"line":171,"column":8},"end":{"line":171,"column":92}},"10":{"start":{"line":175,"column":8},"end":{"line":175,"column":44}},"11":{"start":{"line":217,"column":8},"end":{"line":217,"column":8927}},"12":{"start":{"line":218,"column":12},"end":{"line":218,"column":86}},"13":{"start":{"line":223,"column":8},"end":{"line":223,"column":9260}},"14":{"start":{"line":230,"column":12},"end":{"line":230,"column":47}},"15":{"start":{"line":245,"column":8},"end":{"line":245,"column":24}},"16":{"start":{"line":246,"column":8},"end":{"line":246,"column":28}},"17":{"start":{"line":248,"column":8},"end":{"line":248,"column":10378}},"18":{"start":{"line":250,"column":12},"end":{"line":250,"column":10489}},"19":{"start":{"line":265,"column":12},"end":{"line":265,"column":11135}},"20":{"start":{"line":267,"column":16},"end":{"line":267,"column":11284}},"21":{"start":{"line":268,"column":20},"end":{"line":268,"column":69}},"22":{"start":{"line":273,"column":20},"end":{"line":273,"column":64}},"23":{"start":{"line":289,"column":12},"end":{"line":289,"column":12305}},"24":{"start":{"line":298,"column":8},"end":{"line":298,"column":12743}},"25":{"start":{"line":303,"column":8},"end":{"line":303,"column":12898}},"26":{"start":{"line":332,"column":8},"end":{"line":332,"column":96}}},"branchMap":{"1":{"line":67,"type":"if","locations":[{"start":{"line":67,"column":32},"end":{"line":67,"column":32}},{"start":{"line":67,"column":32},"end":{"line":67,"column":32}}]},"2":{"line":92,"type":"if","locations":[{"start":{"line":92,"column":8},"end":{"line":92,"column":8}},{"start":{"line":92,"column":8},"end":{"line":92,"column":8}}]},"3":{"line":94,"type":"if","locations":[{"start":{"line":94,"column":8},"end":{"line":94,"column":8}},{"start":{"line":94,"column":8},"end":{"line":94,"column":8}}]},"4":{"line":133,"type":"if","locations":[{"start":{"line":133,"column":8},"end":{"line":133,"column":8}},{"start":{"line":133,"column":8},"end":{"line":133,"column":8}}]},"5":{"line":150,"type":"if","locations":[{"start":{"line":150,"column":8},"end":{"line":150,"column":8}},{"start":{"line":150,"column":8},"end":{"line":150,"column":8}}]},"6":{"line":152,"type":"if","locations":[{"start":{"line":152,"column":12},"end":{"line":152,"column":12}},{"start":{"line":152,"column":12},"end":{"line":152,"column":12}}]},"7":{"line":171,"type":"if","locations":[{"start":{"line":171,"column":8},"end":{"line":171,"column":8}},{"start":{"line":171,"column":8},"end":{"line":171,"column":8}}]},"8":{"line":217,"type":"if","locations":[{"start":{"line":217,"column":8},"end":{"line":217,"column":8}},{"start":{"line":217,"column":8},"end":{"line":217,"column":8}}]},"9":{"line":223,"type":"if","locations":[{"start":{"line":223,"column":8},"end":{"line":223,"column":8}},{"start":{"line":223,"column":8},"end":{"line":223,"column":8}}]},"10":{"line":250,"type":"if","locations":[{"start":{"line":250,"column":12},"end":{"line":250,"column":12}},{"start":{"line":250,"column":12},"end":{"line":250,"column":12}}]},"11":{"line":265,"type":"if","locations":[{"start":{"line":265,"column":12},"end":{"line":265,"column":12}},{"start":{"line":265,"column":12},"end":{"line":265,"column":12}}]},"12":{"line":267,"type":"if","locations":[{"start":{"line":267,"column":16},"end":{"line":267,"column":16}},{"start":{"line":267,"column":16},"end":{"line":267,"column":16}}]},"13":{"line":298,"type":"if","locations":[{"start":{"line":298,"column":8},"end":{"line":298,"column":8}},{"start":{"line":298,"column":8},"end":{"line":298,"column":8}}]}}},
"contracts/BasePool.sol":{"l":{"48":426,"52":138,"53":138,"56":138,"59":138,"77":147,"78":145,"86":276,"87":276,"99":11,"100":10,"101":9,"106":8,"107":8,"109":7,"110":7,"111":7,"113":7,"114":3,"116":2,"118":5,"125":1,"129":421,"130":420,"132":418,"133":1,"135":417,"136":417,"137":417,"138":417,"140":417,"147":112,"148":112,"162":5,"164":5,"177":13,"178":13,"192":418,"193":417,"194":417,"201":4,"202":4,"203":4,"210":138,"212":138,"214":138,"215":138,"223":3,"224":2,"225":2,"232":4,"233":3,"234":3,"237":2,"239":2,"240":2,"242":2,"245":2,"247":2,"255":3,"256":2,"273":2,"274":2,"275":2,"276":2,"281":2,"286":140,"292":2,"297":2,"302":777,"310":142,"311":142,"314":142,"315":142,"321":140,"327":140,"328":140,"329":140,"330":140,"332":140,"344":433,"345":424,"350":420,"355":145,"360":425},"path":"/Users/jpeng/dev/huma-contracts/contracts/BasePool.sol","s":{"1":426,"2":138,"3":138,"4":147,"5":145,"6":276,"7":276,"8":11,"9":10,"10":9,"11":8,"12":8,"13":7,"14":7,"15":7,"16":3,"17":4,"18":2,"19":5,"20":1,"21":421,"22":420,"23":418,"24":417,"25":417,"26":417,"27":112,"28":5,"29":5,"30":13,"31":13,"32":418,"33":417,"34":4,"35":4,"36":138,"37":138,"38":138,"39":3,"40":2,"41":4,"42":3,"43":3,"44":2,"45":2,"46":2,"47":2,"48":2,"49":3,"50":2,"51":2,"52":140,"53":2,"54":138,"55":2,"56":2,"57":777,"58":142,"59":142,"60":142,"61":142,"62":140,"63":140,"64":433,"65":424,"66":420,"67":145,"68":425},"b":{"1":[138,1],"2":[1,9],"3":[1,8],"4":[1,7],"5":[3,4],"6":[2,2],"7":[1,420],"8":[1,417],"9":[5,0],"10":[13,0],"11":[1,2],"12":[2,138],"13":[142,0],"14":[2,140],"15":[9,424],"16":[4,420],"17":[2,418],"18":[2,423]},"f":{"1":426,"2":138,"3":147,"4":276,"5":11,"6":1,"7":421,"8":112,"9":5,"10":13,"11":418,"12":4,"13":138,"14":3,"15":4,"16":3,"17":2,"18":2,"19":140,"20":2,"21":2,"22":777,"23":142,"24":140,"25":433,"26":420,"27":145,"28":425},"fnMap":{"1":{"name":"constructor","line":47,"loc":{"start":{"line":47,"column":4},"end":{"line":49,"column":4}}},"2":{"name":"initialize","line":51,"loc":{"start":{"line":51,"column":4},"end":{"line":60,"column":4}}},"3":{"name":"deposit","line":76,"loc":{"start":{"line":76,"column":4},"end":{"line":79,"column":4}}},"4":{"name":"makeInitialDeposit","line":85,"loc":{"start":{"line":85,"column":4},"end":{"line":88,"column":4}}},"5":{"name":"withdraw","line":98,"loc":{"start":{"line":98,"column":4},"end":{"line":119,"column":4}}},"6":{"name":"withdrawAll","line":124,"loc":{"start":{"line":124,"column":4},"end":{"line":126,"column":4}}},"7":{"name":"_deposit","line":128,"loc":{"start":{"line":128,"column":4},"end":{"line":141,"column":4}}},"8":{"name":"distributeIncome","line":146,"loc":{"start":{"line":146,"column":4},"end":{"line":149,"column":4}}},"9":{"name":"distributeLosses","line":161,"loc":{"start":{"line":161,"column":4},"end":{"line":165,"column":4}}},"10":{"name":"reverseIncome","line":176,"loc":{"start":{"line":176,"column":4},"end":{"line":180,"column":4}}},"11":{"name":"addApprovedLender","line":191,"loc":{"start":{"line":191,"column":4},"end":{"line":195,"column":4}}},"12":{"name":"disablePool","line":200,"loc":{"start":{"line":200,"column":4},"end":{"line":204,"column":4}}},"13":{"name":"enablePool","line":209,"loc":{"start":{"line":209,"column":4},"end":{"line":216,"column":4}}},"14":{"name":"removeApprovedLender","line":222,"loc":{"start":{"line":222,"column":4},"end":{"line":226,"column":4}}},"15":{"name":"setPoolConfig","line":231,"loc":{"start":{"line":231,"column":4},"end":{"line":248,"column":4}}},"16":{"name":"updateCoreData","line":254,"loc":{"start":{"line":254,"column":4},"end":{"line":257,"column":4}}},"17":{"name":"getCoreData","line":263,"loc":{"start":{"line":263,"column":4},"end":{"line":277,"column":4}}},"18":{"name":"isApprovedLender","line":280,"loc":{"start":{"line":280,"column":4},"end":{"line":282,"column":4}}},"19":{"name":"isPoolOn","line":285,"loc":{"start":{"line":285,"column":4},"end":{"line":288,"column":4}}},"20":{"name":"lastDepositTime","line":291,"loc":{"start":{"line":291,"column":4},"end":{"line":293,"column":4}}},"21":{"name":"poolConfig","line":296,"loc":{"start":{"line":296,"column":4},"end":{"line":298,"column":4}}},"22":{"name":"totalPoolValue","line":301,"loc":{"start":{"line":301,"column":4},"end":{"line":303,"column":4}}},"23":{"name":"_safeApproveForPoolConfig","line":309,"loc":{"start":{"line":309,"column":4},"end":{"line":317,"column":4}}},"24":{"name":"_updateCoreData","line":320,"loc":{"start":{"line":320,"column":4},"end":{"line":339,"column":4}}},"25":{"name":"_protocolAndPoolOn","line":343,"loc":{"start":{"line":343,"column":4},"end":{"line":346,"column":4}}},"26":{"name":"_onlyApprovedLender","line":349,"loc":{"start":{"line":349,"column":4},"end":{"line":351,"column":4}}},"27":{"name":"_onlyOwnerOrHumaMasterAdmin","line":354,"loc":{"start":{"line":354,"column":4},"end":{"line":356,"column":4}}},"28":{"name":"_onlyPoolOperator","line":359,"loc":{"start":{"line":359,"column":4},"end":{"line":361,"column":4}}}},"statementMap":{"1":{"start":{"line":48,"column":8},"end":{"line":48,"column":29}},"2":{"start":{"line":53,"column":8},"end":{"line":53,"column":24}},"3":{"start":{"line":56,"column":8},"end":{"line":56,"column":51}},"4":{"start":{"line":77,"column":8},"end":{"line":77,"column":27}},"5":{"start":{"line":78,"column":8},"end":{"line":78,"column":43}},"6":{"start":{"line":86,"column":8},"end":{"line":86,"column":56}},"7":{"start":{"line":87,"column":8},"end":{"line":87,"column":43}},"8":{"start":{"line":99,"column":8},"end":{"line":99,"column":27}},"9":{"start":{"line":100,"column":8},"end":{"line":100,"column":59}},"10":{"start":{"line":101,"column":8},"end":{"line":101,"column":3992}},"11":{"start":{"line":106,"column":8},"end":{"line":106,"column":79}},"12":{"start":{"line":107,"column":8},"end":{"line":107,"column":89}},"13":{"start":{"line":109,"column":8},"end":{"line":109,"column":66}},"14":{"start":{"line":111,"column":8},"end":{"line":111,"column":56}},"15":{"start":{"line":113,"column":8},"end":{"line":113,"column":4554}},"16":{"start":{"line":114,"column":12},"end":{"line":114,"column":82}},"17":{"start":{"line":115,"column":13},"end":{"line":115,"column":4701}},"18":{"start":{"line":116,"column":12},"end":{"line":116,"column":89}},"19":{"start":{"line":118,"column":8},"end":{"line":118,"column":59}},"20":{"start":{"line":125,"column":8},"end":{"line":125,"column":59}},"21":{"start":{"line":129,"column":8},"end":{"line":129,"column":59}},"22":{"start":{"line":130,"column":8},"end":{"line":130,"column":34}},"23":{"start":{"line":132,"column":8},"end":{"line":132,"column":5238}},"24":{"start":{"line":135,"column":8},"end":{"line":135,"column":62}},"25":{"start":{"line":138,"column":8},"end":{"line":138,"column":71}},"26":{"start":{"line":140,"column":8},"end":{"line":140,"column":55}},"27":{"start":{"line":147,"column":8},"end":{"line":147,"column":64}},"28":{"start":{"line":162,"column":8},"end":{"line":162,"column":6594}},"29":{"start":{"line":164,"column":8},"end":{"line":164,"column":54}},"30":{"start":{"line":177,"column":8},"end":{"line":177,"column":61}},"31":{"start":{"line":178,"column":8},"end":{"line":178,"column":7451}},"32":{"start":{"line":192,"column":8},"end":{"line":192,"column":26}},"33":{"start":{"line":194,"column":8},"end":{"line":194,"column":50}},"34":{"start":{"line":201,"column":8},"end":{"line":201,"column":26}},"35":{"start":{"line":203,"column":8},"end":{"line":203,"column":37}},"36":{"start":{"line":210,"column":8},"end":{"line":210,"column":36}},"37":{"start":{"line":212,"column":8},"end":{"line":212,"column":46}},"38":{"start":{"line":215,"column":8},"end":{"line":215,"column":36}},"39":{"start":{"line":223,"column":8},"end":{"line":223,"column":26}},"40":{"start":{"line":225,"column":8},"end":{"line":225,"column":53}},"41":{"start":{"line":232,"column":8},"end":{"line":232,"column":36}},"42":{"start":{"line":233,"column":8},"end":{"line":233,"column":48}},"43":{"start":{"line":234,"column":8},"end":{"line":234,"column":66}},"44":{"start":{"line":237,"column":8},"end":{"line":237,"column":35}},"45":{"start":{"line":239,"column":8},"end":{"line":239,"column":69}},"46":{"start":{"line":240,"column":8},"end":{"line":240,"column":59}},"47":{"start":{"line":245,"column":8},"end":{"line":245,"column":51}},"48":{"start":{"line":247,"column":8},"end":{"line":247,"column":58}},"49":{"start":{"line":255,"column":8},"end":{"line":255,"column":36}},"50":{"start":{"line":256,"column":8},"end":{"line":256,"column":24}},"51":{"start":{"line":281,"column":8},"end":{"line":281,"column":40}},"52":{"start":{"line":286,"column":8},"end":{"line":286,"column":11009}},"53":{"start":{"line":286,"column":38},"end":{"line":286,"column":49}},"54":{"start":{"line":287,"column":13},"end":{"line":287,"column":25}},"55":{"start":{"line":292,"column":8},"end":{"line":292,"column":40}},"56":{"start":{"line":297,"column":8},"end":{"line":297,"column":35}},"57":{"start":{"line":302,"column":8},"end":{"line":302,"column":30}},"58":{"start":{"line":310,"column":8},"end":{"line":310,"column":45}},"59":{"start":{"line":311,"column":8},"end":{"line":311,"column":77}},"60":{"start":{"line":314,"column":8},"end":{"line":314,"column":12123}},"61":{"start":{"line":315,"column":12},"end":{"line":315,"column":55}},"62":{"start":{"line":321,"column":8},"end":{"line":321,"column":12444}},"63":{"start":{"line":332,"column":8},"end":{"line":332,"column":12815}},"64":{"start":{"line":344,"column":8},"end":{"line":344,"column":66}},"65":{"start":{"line":345,"column":8},"end":{"line":345,"column":65}},"66":{"start":{"line":350,"column":8},"end":{"line":350,"column":80}},"67":{"start":{"line":355,"column":8},"end":{"line":355,"column":57}},"68":{"start":{"line":360,"column":8},"end":{"line":360,"column":85}}},"branchMap":{"1":{"line":51,"type":"if","locations":[{"start":{"line":51,"column":57},"end":{"line":51,"column":57}},{"start":{"line":51,"column":57},"end":{"line":51,"column":57}}]},"2":{"line":100,"type":"if","locations":[{"start":{"line":100,"column":8},"end":{"line":100,"column":8}},{"start":{"line":100,"column":8},"end":{"line":100,"column":8}}]},"3":{"line":101,"type":"if","locations":[{"start":{"line":101,"column":8},"end":{"line":101,"column":8}},{"start":{"line":101,"column":8},"end":{"line":101,"column":8}}]},"4":{"line":107,"type":"if","locations":[{"start":{"line":107,"column":8},"end":{"line":107,"column":8}},{"start":{"line":107,"column":8},"end":{"line":107,"column":8}}]},"5":{"line":113,"type":"if","locations":[{"start":{"line":113,"column":8},"end":{"line":113,"column":8}},{"start":{"line":113,"column":8},"end":{"line":113,"column":8}}]},"6":{"line":115,"type":"if","locations":[{"start":{"line":115,"column":13},"end":{"line":115,"column":13}},{"start":{"line":115,"column":13},"end":{"line":115,"column":13}}]},"7":{"line":129,"type":"if","locations":[{"start":{"line":129,"column":8},"end":{"line":129,"column":8}},{"start":{"line":129,"column":8},"end":{"line":129,"column":8}}]},"8":{"line":132,"type":"if","locations":[{"start":{"line":132,"column":8},"end":{"line":132,"column":8}},{"start":{"line":132,"column":8},"end":{"line":132,"column":8}}]},"9":{"line":162,"type":"if","locations":[{"start":{"line":162,"column":8},"end":{"line":162,"column":8}},{"start":{"line":162,"column":8},"end":{"line":162,"column":8}}]},"10":{"line":178,"type":"if","locations":[{"start":{"line":178,"column":8},"end":{"line":178,"column":8}},{"start":{"line":178,"column":8},"end":{"line":178,"column":8}}]},"11":{"line":234,"type":"if","locations":[{"start":{"line":234,"column":8},"end":{"line":234,"column":8}},{"start":{"line":234,"column":8},"end":{"line":234,"column":8}}]},"12":{"line":286,"type":"if","locations":[{"start":{"line":286,"column":8},"end":{"line":286,"column":8}},{"start":{"line":286,"column":8},"end":{"line":286,"column":8}}]},"13":{"line":314,"type":"if","locations":[{"start":{"line":314,"column":8},"end":{"line":314,"column":8}},{"start":{"line":314,"column":8},"end":{"line":314,"column":8}}]},"14":{"line":314,"type":"cond-expr","locations":[{"start":{"line":314,"column":12},"end":{"line":314,"column":41}},{"start":{"line":314,"column":46},"end":{"line":314,"column":75}}]},"15":{"line":344,"type":"if","locations":[{"start":{"line":344,"column":8},"end":{"line":344,"column":8}},{"start":{"line":344,"column":8},"end":{"line":344,"column":8}}]},"16":{"line":345,"type":"if","locations":[{"start":{"line":345,"column":8},"end":{"line":345,"column":8}},{"start":{"line":345,"column":8},"end":{"line":345,"column":8}}]},"17":{"line":350,"type":"if","locations":[{"start":{"line":350,"column":8},"end":{"line":350,"column":8}},{"start":{"line":350,"column":8},"end":{"line":350,"column":8}}]},"18":{"line":360,"type":"if","locations":[{"start":{"line":360,"column":8},"end":{"line":360,"column":8}},{"start":{"line":360,"column":8},"end":{"line":360,"column":8}}]}}},
"contracts/BasePoolConfig.sol":{"l":{"149":147,"150":147,"151":146,"152":145,"153":144,"155":144,"157":144,"158":144,"159":1,"160":143,"162":143,"164":143,"165":143,"172":143,"173":143,"174":143,"175":143,"176":143,"177":143,"178":143,"189":280,"190":279,"192":278,"194":278,"198":113,"199":1,"202":112,"203":112,"205":112,"207":112,"209":112,"211":112,"213":112,"215":112,"217":112,"221":14,"222":1,"225":13,"226":13,"228":13,"230":13,"232":13,"234":13,"236":13,"238":13,"240":13,"248":202,"249":202,"250":201,"251":201,"255":7,"256":6,"257":6,"261":177,"263":176,"264":2,"265":174,"266":174,"267":174,"275":143,"276":142,"278":141,"279":1,"282":140,"283":2,"290":139,"291":139,"292":139,"294":139,"295":1,"296":1,"297":1,"301":139,"305":4,"306":3,"307":2,"308":2,"312":4,"313":3,"314":2,"315":2,"323":175,"324":175,"325":174,"326":173,"327":173,"331":138,"332":138,"333":138,"334":138,"342":98,"343":98,"344":98,"352":140,"353":140,"354":139,"355":139,"359":177,"360":176,"361":2,"363":174,"364":174,"365":174,"369":4,"370":3,"371":2,"372":2,"379":2,"380":1,"381":1,"385":141,"386":140,"387":139,"388":139,"392":3,"393":2,"394":1,"395":1,"396":1,"397":1,"407":37,"409":37,"410":37,"418":94,"419":94,"420":94,"426":4,"427":3,"428":3,"429":2,"431":1,"435":4,"436":3,"437":3,"438":2,"439":1,"440":1,"441":1,"445":4,"446":3,"447":2,"448":1,"449":1,"453":1,"454":1,"455":1,"470":31,"481":140,"489":143,"497":138,"498":138,"502":67,"515":140,"516":140,"517":140,"518":140,"544":141,"545":141,"560":276,"565":430,"569":129,"573":5,"577":4,"582":4,"587":276,"591":2,"595":52,"599":26,"603":419,"607":40,"618":3,"619":2,"621":1,"623":1,"631":1,"639":1,"646":13,"652":1692,"653":12,"662":2,"663":2,"665":2,"670":1545},"path":"/Users/jpeng/dev/huma-contracts/contracts/BasePoolConfig.sol","s":{"1":147,"2":146,"3":145,"4":144,"5":144,"6":280,"7":279,"8":278,"9":113,"10":112,"11":112,"12":112,"13":112,"14":112,"15":14,"16":13,"17":13,"18":13,"19":13,"20":13,"21":202,"22":202,"23":201,"24":7,"25":6,"26":177,"27":176,"28":174,"29":143,"30":142,"31":141,"32":140,"33":2,"34":139,"35":139,"36":1,"37":1,"38":1,"39":139,"40":4,"41":3,"42":2,"43":4,"44":3,"45":2,"46":175,"47":175,"48":174,"49":173,"50":138,"51":138,"52":138,"53":98,"54":98,"55":140,"56":140,"57":139,"58":177,"59":176,"60":174,"61":4,"62":3,"63":2,"64":2,"65":1,"66":141,"67":140,"68":139,"69":3,"70":2,"71":1,"72":1,"73":37,"74":37,"75":94,"76":94,"77":4,"78":3,"79":3,"80":1,"81":4,"82":3,"83":3,"84":1,"85":1,"86":4,"87":3,"88":1,"89":1,"90":1,"91":1,"92":31,"93":140,"94":143,"95":138,"96":138,"97":67,"98":141,"99":141,"100":276,"101":430,"102":129,"103":5,"104":4,"105":4,"106":276,"107":2,"108":52,"109":26,"110":419,"111":40,"112":3,"113":2,"114":1,"115":1,"116":1,"117":13,"118":1692,"119":2,"120":2,"121":1545},"b":{"1":[148,1],"2":[147,1],"3":[1,146],"4":[1,145],"5":[1,144],"6":[1,143],"7":[280,1],"8":[1,279],"9":[1,278],"10":[1,112],"11":[1,13],"12":[1,201],"13":[2,174],"14":[1,1],"15":[1,142],"16":[1,140],"17":[2,138],"18":[1,138],"19":[1,0],"20":[1,2],"21":[1,2],"22":[1,174],"23":[1,173],"24":[0,138],"25":[1,139],"26":[2,174],"27":[1,1],"28":[1,2],"29":[1,139],"30":[1,1],"31":[0,3],"32":[2,1],"33":[0,3],"34":[2,1],"35":[1,3],"36":[2,1],"37":[1,139],"38":[2,141],"39":[138,138],"40":[1,4],"41":[1,3],"42":[1,3],"43":[0,276],"44":[3,2],"45":[1,2],"46":[1,1],"47":[12,1680]},"f":{"1":147,"2":280,"3":113,"4":14,"5":202,"6":7,"7":177,"8":143,"9":4,"10":4,"11":175,"12":138,"13":98,"14":140,"15":177,"16":4,"17":2,"18":141,"19":3,"20":37,"21":94,"22":4,"23":4,"24":4,"25":31,"26":140,"27":143,"28":138,"29":67,"30":140,"31":141,"32":276,"33":430,"34":129,"35":5,"36":4,"37":4,"38":276,"39":2,"40":52,"41":26,"42":419,"43":40,"44":3,"45":1,"46":1,"47":13,"48":1692,"49":2,"50":1545},"fnMap":{"1":{"name":"initialize","line":148,"loc":{"start":{"line":143,"column":4},"end":{"line":179,"column":4}}},"2":{"name":"addPoolOperator","line":188,"loc":{"start":{"line":188,"column":4},"end":{"line":195,"column":4}}},"3":{"name":"distributeIncome","line":197,"loc":{"start":{"line":197,"column":4},"end":{"line":218,"column":4}}},"4":{"name":"reverseIncome","line":220,"loc":{"start":{"line":220,"column":4},"end":{"line":241,"column":4}}},"5":{"name":"setAPR","line":247,"loc":{"start":{"line":247,"column":4},"end":{"line":252,"column":4}}},"6":{"name":"setCreditApprovalExpiration","line":254,"loc":{"start":{"line":254,"column":4},"end":{"line":258,"column":4}}},"7":{"name":"setEARewardsAndLiquidity","line":260,"loc":{"start":{"line":260,"column":4},"end":{"line":268,"column":4}}},"8":{"name":"setEvaluationAgent","line":274,"loc":{"start":{"line":274,"column":4},"end":{"line":302,"column":4}}},"9":{"name":"setFeeManager","line":304,"loc":{"start":{"line":304,"column":4},"end":{"line":309,"column":4}}},"10":{"name":"setHumaConfig","line":311,"loc":{"start":{"line":311,"column":4},"end":{"line":316,"column":4}}},"11":{"name":"setMaxCreditLine","line":322,"loc":{"start":{"line":322,"column":4},"end":{"line":328,"column":4}}},"12":{"name":"setPool","line":330,"loc":{"start":{"line":330,"column":4},"end":{"line":335,"column":4}}},"13":{"name":"setPoolDefaultGracePeriod","line":341,"loc":{"start":{"line":341,"column":4},"end":{"line":345,"column":4}}},"14":{"name":"setPoolLiquidityCap","line":351,"loc":{"start":{"line":351,"column":4},"end":{"line":356,"column":4}}},"15":{"name":"setPoolOwnerRewardsAndLiquidity","line":358,"loc":{"start":{"line":358,"column":4},"end":{"line":366,"column":4}}},"16":{"name":"setPoolPayPeriod","line":368,"loc":{"start":{"line":368,"column":4},"end":{"line":373,"column":4}}},"17":{"name":"setPoolName","line":378,"loc":{"start":{"line":378,"column":4},"end":{"line":382,"column":4}}},"18":{"name":"setPoolOwnerTreasury","line":384,"loc":{"start":{"line":384,"column":4},"end":{"line":389,"column":4}}},"19":{"name":"setPoolToken","line":391,"loc":{"start":{"line":391,"column":4},"end":{"line":398,"column":4}}},"20":{"name":"setReceivableRequiredInBps","line":406,"loc":{"start":{"line":406,"column":4},"end":{"line":411,"column":4}}},"21":{"name":"setWithdrawalLockoutPeriod","line":417,"loc":{"start":{"line":417,"column":4},"end":{"line":421,"column":4}}},"22":{"name":"withdrawEAFee","line":423,"loc":{"start":{"line":423,"column":4},"end":{"line":432,"column":4}}},"23":{"name":"withdrawPoolOwnerFee","line":434,"loc":{"start":{"line":434,"column":4},"end":{"line":442,"column":4}}},"24":{"name":"withdrawProtocolFee","line":444,"loc":{"start":{"line":444,"column":4},"end":{"line":456,"column":4}}},"25":{"name":"accruedIncome","line":458,"loc":{"start":{"line":458,"column":4},"end":{"line":478,"column":4}}},"26":{"name":"checkLiquidityRequirementForPoolOwner","line":480,"loc":{"start":{"line":480,"column":4},"end":{"line":486,"column":4}}},"27":{"name":"checkLiquidityRequirementForEA","line":488,"loc":{"start":{"line":488,"column":4},"end":{"line":494,"column":4}}},"28":{"name":"checkLiquidityRequirement","line":496,"loc":{"start":{"line":496,"column":4},"end":{"line":499,"column":4}}},"29":{"name":"creditApprovalExpirationInSeconds","line":501,"loc":{"start":{"line":501,"column":4},"end":{"line":503,"column":4}}},"30":{"name":"getCoreData","line":505,"loc":{"start":{"line":505,"column":4},"end":{"line":519,"column":4}}},"31":{"name":"getPoolSummary","line":528,"loc":{"start":{"line":528,"column":4},"end":{"line":557,"column":4}}},"32":{"name":"isPoolOwnerTreasuryOrEA","line":559,"loc":{"start":{"line":559,"column":4},"end":{"line":561,"column":4}}},"33":{"name":"isOperator","line":564,"loc":{"start":{"line":564,"column":4},"end":{"line":566,"column":4}}},"34":{"name":"maxCreditLine","line":568,"loc":{"start":{"line":568,"column":4},"end":{"line":570,"column":4}}},"35":{"name":"onlyPoolOwner","line":572,"loc":{"start":{"line":572,"column":4},"end":{"line":574,"column":4}}},"36":{"name":"onlyPoolOwnerTreasury","line":576,"loc":{"start":{"line":576,"column":4},"end":{"line":578,"column":4}}},"37":{"name":"onlyPoolOwnerOrEA","line":581,"loc":{"start":{"line":581,"column":4},"end":{"line":583,"column":4}}},"38":{"name":"onlyPoolOwnerTreasuryOrEA","line":586,"loc":{"start":{"line":586,"column":4},"end":{"line":588,"column":4}}},"39":{"name":"payPeriodInDays","line":590,"loc":{"start":{"line":590,"column":4},"end":{"line":592,"column":4}}},"40":{"name":"poolAprInBps","line":594,"loc":{"start":{"line":594,"column":4},"end":{"line":596,"column":4}}},"41":{"name":"poolDefaultGracePeriodInSeconds","line":598,"loc":{"start":{"line":598,"column":4},"end":{"line":600,"column":4}}},"42":{"name":"poolLiquidityCap","line":602,"loc":{"start":{"line":602,"column":4},"end":{"line":604,"column":4}}},"43":{"name":"receivableRequiredInBps","line":606,"loc":{"start":{"line":606,"column":4},"end":{"line":608,"column":4}}},"44":{"name":"removePoolOperator","line":617,"loc":{"start":{"line":617,"column":4},"end":{"line":624,"column":4}}},"45":{"name":"rewardsAndLiquidityRateForEA","line":626,"loc":{"start":{"line":626,"column":4},"end":{"line":632,"column":4}}},"46":{"name":"rewardsAndLiquidityRateForPoolOwner","line":634,"loc":{"start":{"line":634,"column":4},"end":{"line":643,"column":4}}},"47":{"name":"withdrawalLockoutPeriodInSeconds","line":645,"loc":{"start":{"line":645,"column":4},"end":{"line":647,"column":4}}},"48":{"name":"onlyOwnerOrHumaMasterAdmin","line":651,"loc":{"start":{"line":651,"column":4},"end":{"line":655,"column":4}}},"49":{"name":"_withdrawEAFee","line":657,"loc":{"start":{"line":657,"column":4},"end":{"line":666,"column":4}}},"50":{"name":"_onlyOwnerOrHumaMasterAdmin","line":669,"loc":{"start":{"line":669,"column":4},"end":{"line":671,"column":4}}}},"statementMap":{"1":{"start":{"line":150,"column":8},"end":{"line":150,"column":73}},"2":{"start":{"line":151,"column":8},"end":{"line":151,"column":74}},"3":{"start":{"line":152,"column":8},"end":{"line":152,"column":74}},"4":{"start":{"line":157,"column":8},"end":{"line":157,"column":58}},"5":{"start":{"line":158,"column":8},"end":{"line":158,"column":6307}},"6":{"start":{"line":189,"column":8},"end":{"line":189,"column":72}},"7":{"start":{"line":190,"column":8},"end":{"line":190,"column":71}},"8":{"start":{"line":194,"column":8},"end":{"line":194,"column":53}},"9":{"start":{"line":198,"column":8},"end":{"line":198,"column":8171}},"10":{"start":{"line":202,"column":8},"end":{"line":202,"column":98}},"11":{"start":{"line":205,"column":8},"end":{"line":205,"column":50}},"12":{"start":{"line":207,"column":8},"end":{"line":207,"column":8488}},"13":{"start":{"line":211,"column":8},"end":{"line":211,"column":8671}},"14":{"start":{"line":217,"column":8},"end":{"line":217,"column":78}},"15":{"start":{"line":221,"column":8},"end":{"line":221,"column":9040}},"16":{"start":{"line":225,"column":8},"end":{"line":225,"column":98}},"17":{"start":{"line":228,"column":8},"end":{"line":228,"column":50}},"18":{"start":{"line":230,"column":8},"end":{"line":230,"column":9357}},"19":{"start":{"line":234,"column":8},"end":{"line":234,"column":9540}},"20":{"start":{"line":240,"column":8},"end":{"line":240,"column":75}},"21":{"start":{"line":248,"column":8},"end":{"line":248,"column":36}},"22":{"start":{"line":249,"column":8},"end":{"line":249,"column":95}},"23":{"start":{"line":251,"column":8},"end":{"line":251,"column":45}},"24":{"start":{"line":255,"column":8},"end":{"line":255,"column":36}},"25":{"start":{"line":257,"column":8},"end":{"line":257,"column":91}},"26":{"start":{"line":261,"column":8},"end":{"line":261,"column":36}},"27":{"start":{"line":263,"column":8},"end":{"line":263,"column":10727}},"28":{"start":{"line":267,"column":8},"end":{"line":267,"column":81}},"29":{"start":{"line":275,"column":8},"end":{"line":275,"column":68}},"30":{"start":{"line":276,"column":8},"end":{"line":276,"column":36}},"31":{"start":{"line":278,"column":8},"end":{"line":278,"column":11416}},"32":{"start":{"line":282,"column":8},"end":{"line":282,"column":11585}},"33":{"start":{"line":283,"column":12},"end":{"line":283,"column":79}},"34":{"start":{"line":290,"column":8},"end":{"line":290,"column":39}},"35":{"start":{"line":294,"column":8},"end":{"line":294,"column":12121}},"36":{"start":{"line":295,"column":12},"end":{"line":295,"column":98}},"37":{"start":{"line":296,"column":12},"end":{"line":296,"column":12264}},"38":{"start":{"line":297,"column":16},"end":{"line":297,"column":65}},"39":{"start":{"line":301,"column":8},"end":{"line":301,"column":67}},"40":{"start":{"line":305,"column":8},"end":{"line":305,"column":36}},"41":{"start":{"line":306,"column":8},"end":{"line":306,"column":74}},"42":{"start":{"line":308,"column":8},"end":{"line":308,"column":55}},"43":{"start":{"line":312,"column":8},"end":{"line":312,"column":36}},"44":{"start":{"line":313,"column":8},"end":{"line":313,"column":74}},"45":{"start":{"line":315,"column":8},"end":{"line":315,"column":55}},"46":{"start":{"line":323,"column":8},"end":{"line":323,"column":36}},"47":{"start":{"line":324,"column":8},"end":{"line":324,"column":63}},"48":{"start":{"line":325,"column":8},"end":{"line":325,"column":66}},"49":{"start":{"line":327,"column":8},"end":{"line":327,"column":57}},"50":{"start":{"line":331,"column":8},"end":{"line":331,"column":36}},"51":{"start":{"line":332,"column":8},"end":{"line":332,"column":68}},"52":{"start":{"line":334,"column":8},"end":{"line":334,"column":43}},"53":{"start":{"line":342,"column":8},"end":{"line":342,"column":36}},"54":{"start":{"line":344,"column":8},"end":{"line":344,"column":73}},"55":{"start":{"line":352,"column":8},"end":{"line":352,"column":36}},"56":{"start":{"line":353,"column":8},"end":{"line":353,"column":65}},"57":{"start":{"line":355,"column":8},"end":{"line":355,"column":62}},"58":{"start":{"line":359,"column":8},"end":{"line":359,"column":36}},"59":{"start":{"line":360,"column":8},"end":{"line":360,"column":14827}},"60":{"start":{"line":365,"column":8},"end":{"line":365,"column":88}},"61":{"start":{"line":369,"column":8},"end":{"line":369,"column":36}},"62":{"start":{"line":370,"column":8},"end":{"line":370,"column":65}},"63":{"start":{"line":372,"column":8},"end":{"line":372,"column":59}},"64":{"start":{"line":379,"column":8},"end":{"line":379,"column":36}},"65":{"start":{"line":381,"column":8},"end":{"line":381,"column":49}},"66":{"start":{"line":385,"column":8},"end":{"line":385,"column":36}},"67":{"start":{"line":386,"column":8},"end":{"line":386,"column":81}},"68":{"start":{"line":388,"column":8},"end":{"line":388,"column":69}},"69":{"start":{"line":392,"column":8},"end":{"line":392,"column":36}},"70":{"start":{"line":393,"column":8},"end":{"line":393,"column":73}},"71":{"start":{"line":395,"column":8},"end":{"line":395,"column":51}},"72":{"start":{"line":397,"column":8},"end":{"line":397,"column":59}},"73":{"start":{"line":407,"column":8},"end":{"line":407,"column":36}},"74":{"start":{"line":410,"column":8},"end":{"line":410,"column":72}},"75":{"start":{"line":418,"column":8},"end":{"line":418,"column":36}},"76":{"start":{"line":420,"column":8},"end":{"line":420,"column":76}},"77":{"start":{"line":426,"column":8},"end":{"line":426,"column":36}},"78":{"start":{"line":427,"column":8},"end":{"line":427,"column":59}},"79":{"start":{"line":428,"column":8},"end":{"line":428,"column":17902}},"80":{"start":{"line":431,"column":8},"end":{"line":431,"column":58}},"81":{"start":{"line":435,"column":8},"end":{"line":435,"column":40}},"82":{"start":{"line":436,"column":8},"end":{"line":436,"column":59}},"83":{"start":{"line":437,"column":8},"end":{"line":437,"column":18343}},"84":{"start":{"line":440,"column":8},"end":{"line":440,"column":65}},"85":{"start":{"line":441,"column":8},"end":{"line":441,"column":53}},"86":{"start":{"line":445,"column":8},"end":{"line":445,"column":78}},"87":{"start":{"line":446,"column":8},"end":{"line":446,"column":18832}},"88":{"start":{"line":449,"column":8},"end":{"line":449,"column":59}},"89":{"start":{"line":453,"column":8},"end":{"line":453,"column":44}},"90":{"start":{"line":454,"column":8},"end":{"line":454,"column":70}},"91":{"start":{"line":455,"column":8},"end":{"line":455,"column":74}},"92":{"start":{"line":470,"column":8},"end":{"line":470,"column":19834}},"93":{"start":{"line":481,"column":8},"end":{"line":481,"column":20275}},"94":{"start":{"line":489,"column":8},"end":{"line":489,"column":20579}},"95":{"start":{"line":497,"column":8},"end":{"line":497,"column":94}},"96":{"start":{"line":498,"column":8},"end":{"line":498,"column":85}},"97":{"start":{"line":502,"column":8},"end":{"line":502,"column":61}},"98":{"start":{"line":544,"column":8},"end":{"line":544,"column":79}},"99":{"start":{"line":545,"column":8},"end":{"line":545,"column":22329}},"100":{"start":{"line":560,"column":8},"end":{"line":560,"column":75}},"101":{"start":{"line":565,"column":8},"end":{"line":565,"column":37}},"102":{"start":{"line":569,"column":8},"end":{"line":569,"column":41}},"103":{"start":{"line":573,"column":8},"end":{"line":573,"column":60}},"104":{"start":{"line":577,"column":8},"end":{"line":577,"column":78}},"105":{"start":{"line":582,"column":8},"end":{"line":582,"column":94}},"106":{"start":{"line":587,"column":8},"end":{"line":587,"column":87}},"107":{"start":{"line":591,"column":8},"end":{"line":591,"column":43}},"108":{"start":{"line":595,"column":8},"end":{"line":595,"column":40}},"109":{"start":{"line":599,"column":8},"end":{"line":599,"column":59}},"110":{"start":{"line":603,"column":8},"end":{"line":603,"column":40}},"111":{"start":{"line":607,"column":8},"end":{"line":607,"column":51}},"112":{"start":{"line":618,"column":8},"end":{"line":618,"column":72}},"113":{"start":{"line":619,"column":8},"end":{"line":619,"column":66}},"114":{"start":{"line":623,"column":8},"end":{"line":623,"column":55}},"115":{"start":{"line":631,"column":8},"end":{"line":631,"column":87}},"116":{"start":{"line":639,"column":8},"end":{"line":639,"column":25683}},"117":{"start":{"line":646,"column":8},"end":{"line":646,"column":60}},"118":{"start":{"line":652,"column":8},"end":{"line":652,"column":26159}},"119":{"start":{"line":663,"column":8},"end":{"line":663,"column":63}},"120":{"start":{"line":665,"column":8},"end":{"line":665,"column":70}},"121":{"start":{"line":670,"column":8},"end":{"line":670,"column":45}}},"branchMap":{"1":{"line":148,"type":"if","locations":[{"start":{"line":148,"column":15},"end":{"line":148,"column":15}},{"start":{"line":148,"column":15},"end":{"line":148,"column":15}}]},"2":{"line":148,"type":"if","locations":[{"start":{"line":148,"column":25},"end":{"line":148,"column":25}},{"start":{"line":148,"column":25},"end":{"line":148,"column":25}}]},"3":{"line":150,"type":"if","locations":[{"start":{"line":150,"column":8},"end":{"line":150,"column":8}},{"start":{"line":150,"column":8},"end":{"line":150,"column":8}}]},"4":{"line":151,"type":"if","locations":[{"start":{"line":151,"column":8},"end":{"line":151,"column":8}},{"start":{"line":151,"column":8},"end":{"line":151,"column":8}}]},"5":{"line":152,"type":"if","locations":[{"start":{"line":152,"column":8},"end":{"line":152,"column":8}},{"start":{"line":152,"column":8},"end":{"line":152,"column":8}}]},"6":{"line":158,"type":"if","locations":[{"start":{"line":158,"column":8},"end":{"line":158,"column":8}},{"start":{"line":158,"column":8},"end":{"line":158,"column":8}}]},"7":{"line":188,"type":"if","locations":[{"start":{"line":188,"column":57},"end":{"line":188,"column":57}},{"start":{"line":188,"column":57},"end":{"line":188,"column":57}}]},"8":{"line":189,"type":"if","locations":[{"start":{"line":189,"column":8},"end":{"line":189,"column":8}},{"start":{"line":189,"column":8},"end":{"line":189,"column":8}}]},"9":{"line":190,"type":"if","locations":[{"start":{"line":190,"column":8},"end":{"line":190,"column":8}},{"start":{"line":190,"column":8},"end":{"line":190,"column":8}}]},"10":{"line":198,"type":"if","locations":[{"start":{"line":198,"column":8},"end":{"line":198,"column":8}},{"start":{"line":198,"column":8},"end":{"line":198,"column":8}}]},"11":{"line":221,"type":"if","locations":[{"start":{"line":221,"column":8},"end":{"line":221,"column":8}},{"start":{"line":221,"column":8},"end":{"line":221,"column":8}}]},"12":{"line":249,"type":"if","locations":[{"start":{"line":249,"column":8},"end":{"line":249,"column":8}},{"start":{"line":249,"column":8},"end":{"line":249,"column":8}}]},"13":{"line":263,"type":"if","locations":[{"start":{"line":263,"column":8},"end":{"line":263,"column":8}},{"start":{"line":263,"column":8},"end":{"line":263,"column":8}}]},"14":{"line":263,"type":"cond-expr","locations":[{"start":{"line":263,"column":12},"end":{"line":263,"column":47}},{"start":{"line":263,"column":52},"end":{"line":263,"column":89}}]},"15":{"line":275,"type":"if","locations":[{"start":{"line":275,"column":8},"end":{"line":275,"column":8}},{"start":{"line":275,"column":8},"end":{"line":275,"column":8}}]},"16":{"line":278,"type":"if","locations":[{"start":{"line":278,"column":8},"end":{"line":278,"column":8}},{"start":{"line":278,"column":8},"end":{"line":278,"column":8}}]},"17":{"line":282,"type":"if","locations":[{"start":{"line":282,"column":8},"end":{"line":282,"column":8}},{"start":{"line":282,"column":8},"end":{"line":282,"column":8}}]},"18":{"line":294,"type":"if","locations":[{"start":{"line":294,"column":8},"end":{"line":294,"column":8}},{"start":{"line":294,"column":8},"end":{"line":294,"column":8}}]},"19":{"line":296,"type":"if","locations":[{"start":{"line":296,"column":12},"end":{"line":296,"column":12}},{"start":{"line":296,"column":12},"end":{"line":296,"column":12}}]},"20":{"line":306,"type":"if","locations":[{"start":{"line":306,"column":8},"end":{"line":306,"column":8}},{"start":{"line":306,"column":8},"end":{"line":306,"column":8}}]},"21":{"line":313,"type":"if","locations":[{"start":{"line":313,"column":8},"end":{"line":313,"column":8}},{"start":{"line":313,"column":8},"end":{"line":313,"column":8}}]},"22":{"line":324,"type":"if","locations":[{"start":{"line":324,"column":8},"end":{"line":324,"column":8}},{"start":{"line":324,"column":8},"end":{"line":324,"column":8}}]},"23":{"line":325,"type":"if","locations":[{"start":{"line":325,"column":8},"end":{"line":325,"column":8}},{"start":{"line":325,"column":8},"end":{"line":325,"column":8}}]},"24":{"line":332,"type":"if","locations":[{"start":{"line":332,"column":8},"end":{"line":332,"column":8}},{"start":{"line":332,"column":8},"end":{"line":332,"column":8}}]},"25":{"line":353,"type":"if","locations":[{"start":{"line":353,"column":8},"end":{"line":353,"column":8}},{"start":{"line":353,"column":8},"end":{"line":353,"column":8}}]},"26":{"line":360,"type":"if","locations":[{"start":{"line":360,"column":8},"end":{"line":360,"column":8}},{"start":{"line":360,"column":8},"end":{"line":360,"column":8}}]},"27":{"line":360,"type":"cond-expr","locations":[{"start":{"line":360,"column":12},"end":{"line":360,"column":47}},{"start":{"line":360,"column":52},"end":{"line":360,"column":89}}]},"28":{"line":370,"type":"if","locations":[{"start":{"line":370,"column":8},"end":{"line":370,"column":8}},{"start":{"line":370,"column":8},"end":{"line":370,"column":8}}]},"29":{"line":386,"type":"if","locations":[{"start":{"line":386,"column":8},"end":{"line":386,"column":8}},{"start":{"line":386,"column":8},"end":{"line":386,"column":8}}]},"30":{"line":393,"type":"if","locations":[{"start":{"line":393,"column":8},"end":{"line":393,"column":8}},{"start":{"line":393,"column":8},"end":{"line":393,"column":8}}]},"31":{"line":427,"type":"if","locations":[{"start":{"line":427,"column":8},"end":{"line":427,"column":8}},{"start":{"line":427,"column":8},"end":{"line":427,"column":8}}]},"32":{"line":428,"type":"if","locations":[{"start":{"line":428,"column":8},"end":{"line":428,"column":8}},{"start":{"line":428,"column":8},"end":{"line":428,"column":8}}]},"33":{"line":436,"type":"if","locations":[{"start":{"line":436,"column":8},"end":{"line":436,"column":8}},{"start":{"line":436,"column":8},"end":{"line":436,"column":8}}]},"34":{"line":437,"type":"if","locations":[{"start":{"line":437,"column":8},"end":{"line":437,"column":8}},{"start":{"line":437,"column":8},"end":{"line":437,"column":8}}]},"35":{"line":445,"type":"if","locations":[{"start":{"line":445,"column":8},"end":{"line":445,"column":8}},{"start":{"line":445,"column":8},"end":{"line":445,"column":8}}]},"36":{"line":446,"type":"if","locations":[{"start":{"line":446,"column":8},"end":{"line":446,"column":8}},{"start":{"line":446,"column":8},"end":{"line":446,"column":8}}]},"37":{"line":481,"type":"if","locations":[{"start":{"line":481,"column":8},"end":{"line":481,"column":8}},{"start":{"line":481,"column":8},"end":{"line":481,"column":8}}]},"38":{"line":489,"type":"if","locations":[{"start":{"line":489,"column":8},"end":{"line":489,"column":8}},{"start":{"line":489,"column":8},"end":{"line":489,"column":8}}]},"39":{"line":560,"type":"cond-expr","locations":[{"start":{"line":560,"column":16},"end":{"line":560,"column":43}},{"start":{"line":560,"column":48},"end":{"line":560,"column":73}}]},"40":{"line":573,"type":"if","locations":[{"start":{"line":573,"column":8},"end":{"line":573,"column":8}},{"start":{"line":573,"column":8},"end":{"line":573,"column":8}}]},"41":{"line":577,"type":"if","locations":[{"start":{"line":577,"column":8},"end":{"line":577,"column":8}},{"start":{"line":577,"column":8},"end":{"line":577,"column":8}}]},"42":{"line":582,"type":"if","locations":[{"start":{"line":582,"column":8},"end":{"line":582,"column":8}},{"start":{"line":582,"column":8},"end":{"line":582,"column":8}}]},"43":{"line":587,"type":"if","locations":[{"start":{"line":587,"column":8},"end":{"line":587,"column":8}},{"start":{"line":587,"column":8},"end":{"line":587,"column":8}}]},"44":{"line":617,"type":"if","locations":[{"start":{"line":617,"column":60},"end":{"line":617,"column":60}},{"start":{"line":617,"column":60},"end":{"line":617,"column":60}}]},"45":{"line":618,"type":"if","locations":[{"start":{"line":618,"column":8},"end":{"line":618,"column":8}},{"start":{"line":618,"column":8},"end":{"line":618,"column":8}}]},"46":{"line":619,"type":"if","locations":[{"start":{"line":619,"column":8},"end":{"line":619,"column":8}},{"start":{"line":619,"column":8},"end":{"line":619,"column":8}}]},"47":{"line":652,"type":"if","locations":[{"start":{"line":652,"column":8},"end":{"line":652,"column":8}},{"start":{"line":652,"column":8},"end":{"line":652,"column":8}}]}}},
"contracts/BasePoolStorage.sol":{"l":{},"path":"/Users/jpeng/dev/huma-contracts/contracts/BasePoolStorage.sol","s":{},"b":{},"f":{},"fnMap":{},"statementMap":{},"branchMap":{}},
"contracts/Errors.sol":{"l":{},"path":"/Users/jpeng/dev/huma-contracts/contracts/Errors.sol","s":{},"b":{},"f":{},"fnMap":{},"statementMap":{},"branchMap":{}},
"contracts/EvaluationAgentNFT.sol":{"l":{"26":142,"28":142,"29":142,"31":142,"32":142,"36":2,"37":1,"38":1,"67":1,"68":1},"path":"/Users/jpeng/dev/huma-contracts/contracts/EvaluationAgentNFT.sol","s":{"1":142,"2":142,"3":142,"4":142,"5":142,"6":2,"7":1,"8":1,"9":1,"10":1},"b":{"1":[1,1],"2":[1,2]},"f":{"1":138,"2":142,"3":2,"4":1,"5":1,"6":1,"7":1},"fnMap":{"1":{"name":"constructor","line":17,"loc":{"start":{"line":17,"column":4},"end":{"line":17,"column":57}}},"2":{"name":"mintNFT","line":25,"loc":{"start":{"line":25,"column":4},"end":{"line":33,"column":4}}},"3":{"name":"burn","line":35,"loc":{"start":{"line":35,"column":4},"end":{"line":39,"column":4}}},"4":{"name":"transferFrom","line":41,"loc":{"start":{"line":41,"column":4},"end":{"line":47,"column":4}}},"5":{"name":"safeTransferFrom","line":49,"loc":{"start":{"line":49,"column":4},"end":{"line":55,"column":4}}},"6":{"name":"safeTransferFrom","line":57,"loc":{"start":{"line":57,"column":4},"end":{"line":64,"column":4}}},"7":{"name":"setTokenURI","line":66,"loc":{"start":{"line":66,"column":4},"end":{"line":69,"column":4}}}},"statementMap":{"1":{"start":{"line":26,"column":8},"end":{"line":26,"column":28}},"2":{"start":{"line":28,"column":8},"end":{"line":28,"column":47}},"3":{"start":{"line":29,"column":8},"end":{"line":29,"column":34}},"4":{"start":{"line":31,"column":8},"end":{"line":31,"column":47}},"5":{"start":{"line":32,"column":8},"end":{"line":32,"column":24}},"6":{"start":{"line":36,"column":8},"end":{"line":36,"column":71}},"7":{"start":{"line":37,"column":8},"end":{"line":37,"column":21}},"8":{"start":{"line":38,"column":8},"end":{"line":38,"column":22}},"9":{"start":{"line":67,"column":8},"end":{"line":67,"column":33}},"10":{"start":{"line":68,"column":8},"end":{"line":68,"column":33}}},"branchMap":{"1":{"line":36,"type":"if","locations":[{"start":{"line":36,"column":8},"end":{"line":36,"column":8}},{"start":{"line":36,"column":8},"end":{"line":36,"column":8}}]},"2":{"line":66,"type":"if","locations":[{"start":{"line":66,"column":70},"end":{"line":66,"column":70}},{"start":{"line":66,"column":70},"end":{"line":66,"column":70}}]}}},
"contracts/HDT/HDT.sol":{"l":{"19":417,"32":139,"33":139,"35":139,"37":139,"39":139,"47":139,"48":139,"52":1,"59":751,"73":417,"74":417,"75":417,"89":7,"90":7,"91":7,"95":424,"96":424,"98":424,"102":327,"103":327,"105":327,"120":327,"127":146,"134":2,"141":426,"142":424},"path":"/Users/jpeng/dev/huma-contracts/contracts/HDT/HDT.sol","s":{"1":417,"2":139,"3":139,"4":139,"5":139,"6":1,"7":751,"8":417,"9":417,"10":7,"11":7,"12":424,"13":424,"14":424,"15":327,"16":327,"17":327,"18":327,"19":146,"20":2,"21":426},"b":{"1":[139,1],"2":[0,139],"3":[139,1],"4":[417,1],"5":[0,417],"6":[7,1],"7":[0,7],"8":[138,286],"9":[0,327],"10":[2,424]},"f":{"1":417,"2":139,"3":139,"4":1,"5":751,"6":417,"7":7,"8":424,"9":327,"10":327,"11":146,"12":2,"13":426},"fnMap":{"1":{"name":"constructor","line":18,"loc":{"start":{"line":18,"column":4},"end":{"line":20,"column":4}}},"2":{"name":"initialize","line":31,"loc":{"start":{"line":27,"column":4},"end":{"line":40,"column":4}}},"3":{"name":"setPool","line":46,"loc":{"start":{"line":46,"column":4},"end":{"line":49,"column":4}}},"4":{"name":"decimals","line":51,"loc":{"start":{"line":51,"column":4},"end":{"line":53,"column":4}}},"5":{"name":"totalAssets","line":58,"loc":{"start":{"line":58,"column":4},"end":{"line":60,"column":4}}},"6":{"name":"mintAmount","line":70,"loc":{"start":{"line":67,"column":4},"end":{"line":76,"column":4}}},"7":{"name":"burnAmount","line":86,"loc":{"start":{"line":83,"column":4},"end":{"line":92,"column":4}}},"8":{"name":"convertToShares","line":94,"loc":{"start":{"line":94,"column":4},"end":{"line":99,"column":4}}},"9":{"name":"convertToAssets","line":101,"loc":{"start":{"line":101,"column":4},"end":{"line":106,"column":4}}},"10":{"name":"withdrawableFundsOf","line":113,"loc":{"start":{"line":113,"column":4},"end":{"line":121,"column":4}}},"11":{"name":"assetToken","line":126,"loc":{"start":{"line":126,"column":4},"end":{"line":128,"column":4}}},"12":{"name":"pool","line":133,"loc":{"start":{"line":133,"column":4},"end":{"line":135,"column":4}}},"13":{"name":"onlyPool","line":140,"loc":{"start":{"line":140,"column":4},"end":{"line":143,"column":4}}}},"statementMap":{"1":{"start":{"line":19,"column":8},"end":{"line":19,"column":29}},"2":{"start":{"line":32,"column":8},"end":{"line":32,"column":78}},"3":{"start":{"line":35,"column":8},"end":{"line":35,"column":33}},"4":{"start":{"line":39,"column":8},"end":{"line":39,"column":23}},"5":{"start":{"line":48,"column":8},"end":{"line":48,"column":37}},"6":{"start":{"line":52,"column":8},"end":{"line":52,"column":24}},"7":{"start":{"line":59,"column":8},"end":{"line":59,"column":37}},"8":{"start":{"line":74,"column":8},"end":{"line":74,"column":59}},"9":{"start":{"line":75,"column":8},"end":{"line":75,"column":29}},"10":{"start":{"line":90,"column":8},"end":{"line":90,"column":59}},"11":{"start":{"line":91,"column":8},"end":{"line":91,"column":29}},"12":{"start":{"line":95,"column":8},"end":{"line":95,"column":34}},"13":{"start":{"line":96,"column":8},"end":{"line":96,"column":34}},"14":{"start":{"line":98,"column":8},"end":{"line":98,"column":52}},"15":{"start":{"line":102,"column":8},"end":{"line":102,"column":34}},"16":{"start":{"line":103,"column":8},"end":{"line":103,"colu
[...]
"contracts/interfaces/ICredit.sol":{"l":{},"path":"/Users/jpeng/dev/huma-contracts/contracts/interfaces/ICredit.sol","s":{},"b":{},"f":{},"fnMap":{},"statementMap":{},"branchMap":{}},
"contracts/interfaces/IFeeManager.sol":{"l":{},"path":"/Users/jpeng/dev/huma-contracts/contracts/interfaces/IFeeManager.sol","s":{},"b":{},"f":{},"fnMap":{},"statementMap":{},"branchMap":{}},
"contracts/interfaces/ILiquidityProvider.sol":{"l":{},"path":"/Users/jpeng/dev/huma-contracts/contracts/interfaces/ILiquidityProvider.sol","s":{},"b":{},"f":{},"fnMap":{},"statementMap":{},"branchMap":{}},
"contracts/interfaces/IPool.sol":{"l":{},"path":"/Users/jpeng/dev/huma-contracts/contracts/interfaces/IPool.sol","s":{},"b":{},"f":{},"fnMap":{},"statementMap":{},"branchMap":{}},
"contracts/interfaces/IReceivable.sol":{"l":{},"path":"/Users/jpeng/dev/huma-contracts/contracts/interfaces/IReceivable.sol","s":{},"b":{},"f":{},"fnMap":{},"statementMap":{},"branchMap":{}},
"contracts/libraries/BaseStructs.sol":{"l":{},"path":"/Users/jpeng/dev/huma-contracts/contracts/libraries/BaseStructs.sol","s":{},"b":{},"f":{},"fnMap":{},"statementMap":{},"branchMap":{}},
"contracts/mock/InvoiceNFT.sol":{"l":{"37":6,"38":6,"42":0,"46":0,"47":0,"49":0,"51":0,"55":23,"56":23,"58":23,"59":23,"60":23,"62":23,"63":23,"67":0,"68":0,"72":9,"76":20,"84":41,"85":18,"86":18,"87":18,"88":18,"89":18,"90":18,"91":18,"92":3,"93":3,"95":18,"99":41,"100":41,"101":41,"102":41},"path":"/Users/jpeng/dev/huma-contracts/contracts/mock/InvoiceNFT.sol","s":{"1":6,"2":0,"3":0,"4":0,"5":0,"6":0,"7":23,"8":23,"9":23,"10":23,"11":23,"12":23,"13":23,"14":0,"15":0,"16":9,"17":20,"18":41,"19":18,"20":18,"21":18,"22":18,"23":18,"24":18,"25":18,"26":41,"27":41,"28":41},"b":{"1":[0,6],"2":[18,23],"3":[18,0],"4":[18,0],"5":[3,15],"6":[41,0]},"f":{"1":6,"2":0,"3":0,"4":23,"5":0,"6":9,"7":20,"8":41},"fnMap":{"1":{"name":"constructor","line":36,"loc":{"start":{"line":36,"column":4},"end":{"line":39,"column":4}}},"2":{"name":"getCurrentTokenId","line":41,"loc":{"start":{"line":41,"column":4},"end":{"line":43,"column":4}}},"3":{"name":"payOwner","line":45,"loc":{"start":{"line":45,"column":4},"end":{"line":52,"column":4}}},"4":{"name":"mintNFT","line":54,"loc":{"start":{"line":54,"column":4},"end":{"line":64,"column":4}}},"5":{"name":"setTokenURI","line":66,"loc":{"start":{"line":66,"column":4},"end":{"line":69,"column":4}}},"6":{"name":"getNFTIds","line":71,"loc":{"start":{"line":71,"column":4},"end":{"line":73,"column":4}}},"7":{"name":"getTokenIdIndex","line":75,"loc":{"start":{"line":75,"column":4},"end":{"line":77,"column":4}}},"8":{"name":"_afterTokenTransfer","line":79,"loc":{"start":{"line":79,"column":4},"end":{"line":104,"column":4}}}},"statementMap":{"1":{"start":{"line":37,"column":8},"end":{"line":37,"column":75}},"2":{"start":{"line":42,"column":8},"end":{"line":42,"column":34}},"3":{"start":{"line":46,"column":8},"end":{"line":46,"column":40}},"4":{"start":{"line":47,"column":8},"end":{"line":47,"column":29}},"5":{"start":{"line":49,"column":8},"end":{"line":49,"column":72}},"6":{"start":{"line":51,"column":8},"end":{"line":51,"column":93}},"7":{"start":{"line":55,"column":8},"end":{"line":55,"column":38}},"8":{"start":{"line":56,"column":8},"end":{"line":56,"column":28}},"9":{"start":{"line":58,"column":8},"end":{"line":58,"column":47}},"10":{"start":{"line":59,"column":8},"end":{"line":59,"column":34}},"11":{"start":{"line":60,"column":8},"end":{"line":60,"column":40}},"12":{"start":{"line":62,"column":8},"end":{"line":62,"column":47}},"13":{"start":{"line":63,"column":8},"end":{"line":63,"column":24}},"14":{"start":{"line":67,"column":8},"end":{"line":67,"column":33}},"15":{"start":{"line":68,"column":8},"end":{"line":68,"column":33}},"16":{"start":{"line":72,"column":8},"end":{"line":72,"column":36}},"17":{"start":{"line":76,"column":8},"end":{"line":76,"column":39}},"18":{"start":{"line":84,"column":8},"end":{"line":84,"column":2825}},"19":{"start":{"line":85,"column":12},"end":{"line":85,"column":52}},"20":{"start":{"line":86,"column":12},"end":{"line":86,"column":2921}},"21":{"start":{"line":88,"column":16},"end":{"line":88,"column":63}},"22":{"start":{"line":89,"column":16},"end":{"line":89,"column":45}},"23":{"start":{"line":90,"column":16},"end":{"line":90,"column":3105}},"24":{"start":{"line":91,"column":20},"end":{"line":91,"column":3171}},"25":{"start":{"line":95,"column":20},"end":{"line":95,"column":33}},"26":{"start":{"line":99,"column":8},"end":{"line":99,"column":3423}},"27":{"start":{"line":100,"column":12},"end":{"line":100,"column":57}},"28":{"start":{"line":101,"column":12},"end":{"line":101,"column":33}}},"branchMap":{"1":{"line":37,"type":"if","locations":[{"start":{"line":37,"column":8},"end":{"line":37,"column":8}},{"start":{"line":37,"column":8},"end":{"line":37,"column":8}}]},"2":{"line":84,"type":"if","locations":[{"start":{"line":84,"column":8},"end":{"line":84,"column":8}},{"start":{"line":84,"column":8},"end":{"line":84,"column":8}}]},"3":{"line":86,"type":"if","locations":[{"start":{"line":86,"column":12},"end":{"line":86,"column":12}},{"start":{"line":86,"column":12},"end":{"line":86,"column":12}}]},"4":{"line":90,"type":"if","locations":[{"start":{"line":90,"column":16},"end":{"line":90,"column":16}},{"start":{"line":90,"column":16},"end":{"line":90,"column":16}}]},"5":{"line":91,"type":"if","locations":[{"start":{"line":91,"column":20},"end":{"line":91,"column":20}},{"start":{"line":91,"column":20},"end":{"line":91,"column":20}}]},"6":{"line":99,"type":"if","locations":[{"start":{"line":99,"column":8},"end":{"line":99,"column":8}},{"start":{"line":99,"column":8},"end":{"line":99,"column":8}}]}}},
"contracts/mock/MockBaseCreditPoolV2.sol":{"l":{"10":1,"11":1,"13":1,"14":1,"18":1,"22":0,"26":1,"27":0},"path":"/Users/jpeng/dev/huma-contracts/contracts/mock/MockBaseCreditPoolV2.sol","s":{"1":1,"2":1,"3":1,"4":1,"5":0,"6":1},"b":{"1":[0,1],"2":[0,1]},"f":{"1":1,"2":1,"3":0,"4":1},"fnMap":{"1":{"name":"changeCreditLine","line":9,"loc":{"start":{"line":9,"column":4},"end":{"line":15,"column":4}}},"2":{"name":"getCreditLine","line":17,"loc":{"start":{"line":17,"column":4},"end":{"line":19,"column":4}}},"3":{"name":"creditRecordMapping","line":21,"loc":{"start":{"line":21,"column":4},"end":{"line":23,"column":4}}},"4":{"name":"onlyEAServiceAccount","line":25,"loc":{"start":{"line":25,"column":4},"end":{"line":28,"column":4}}}},"statementMap":{"1":{"start":{"line":10,"column":8},"end":{"line":10,"column":27}},"2":{"start":{"line":11,"column":8},"end":{"line":11,"column":29}},"3":{"start":{"line":13,"column":8},"end":{"line":13,"column":96}},"4":{"start":{"line":18,"column":8},"end":{"line":18,"column":62}},"5":{"start":{"line":22,"column":8},"end":{"line":22,"column":44}},"6":{"start":{"line":26,"column":8},"end":{"line":26,"column":1032}}},"branchMap":{"1":{"line":13,"type":"if","locations":[{"start":{"line":13,"column":8},"end":{"line":13,"column":8}},{"start":{"line":13,"column":8},"end":{"line":13,"column":8}}]},"2":{"line":26,"type":"if","locations":[{"start":{"line":26,"column":8},"end":{"line":26,"column":8}},{"start":{"line":26,"column":8},"end":{"line":26,"column":8}}]}}},
"contracts/mock/TestToken.sol":{"l":{"9":138,"13":416,"17":0,"21":21,"25":3,"29":834,"33":24},"path":"/Users/jpeng/dev/huma-contracts/contracts/mock/TestToken.sol","s":{"1":138,"2":416,"3":0,"4":21,"5":3,"6":834,"7":24},"b":{"1":[3,8]},"f":{"1":138,"2":416,"3":0,"4":21,"5":3,"6":834,"7":24},"fnMap":{"1":{"name":"constructor","line":8,"loc":{"start":{"line":8,"column":4},"end":{"line":10,"column":4}}},"2":{"name":"give1000To","line":12,"loc":{"start":{"line":12,"column":4},"end":{"line":14,"column":4}}},"3":{"name":"give100000To","line":16,"loc":{"start":{"line":16,"column":4},"end":{"line":18,"column":4}}},"4":{"name":"mint","line":20,"loc":{"start":{"line":20,"column":4},"end":{"line":22,"column":4}}},"5":{"name":"burn","line":24,"loc":{"start":{"line":24,"column":4},"end":{"line":26,"column":4}}},"6":{"name":"decimals","line":28,"loc":{"start":{"line":28,"column":4},"end":{"line":30,"column":4}}},"7":{"name":"supportsInterface","line":32,"loc":{"start":{"line":32,"column":4},"end":{"line":34,"column":4}}}},"statementMap":{"1":{"start":{"line":9,"column":8},"end":{"line":9,"column":47}},"2":{"start":{"line":13,"column":8},"end":{"line":13,"column":39}},"3":{"start":{"line":17,"column":8},"end":{"line":17,"column":41}},"4":{"start":{"line":21,"column":8},"end":{"line":21,"column":24}},"5":{"start":{"line":25,"column":8},"end":{"line":25,"column":26}},"6":{"start":{"line":29,"column":8},"end":{"line":29,"column":16}},"7":{"start":{"line":33,"column":8},"end":{"line":33,"column":69}}},"branchMap":{"1":{"line":33,"type":"cond-expr","locations":[{"start":{"line":33,"column":15},"end":{"line":33,"column":39}},{"start":{"line":33,"column":44},"end":{"line":33,"column":68}}]}}},
"contracts/openzeppelin/TimelockController.sol":{"l":{},"path":"/Users/jpeng/dev/huma-contracts/contracts/openzeppelin/TimelockController.sol","s":{},"b":{},"f":{},"fnMap":{},"statementMap":{},"branchMap":{}},
"contracts/openzeppelin/TransparentUpgradeableProxy.sol":{"l":{},"path":"/Users/jpeng/dev/huma-contracts/contracts/openzeppelin/TransparentUpgradeableProxy.sol","s":{},"b":{},"f":{},"fnMap":{},"statementMap":{},"branchMap":{}},
"contracts/ReceivableFactoringPool.sol":{"l":{"71":35,"73":34,"76":33,"78":32,"81":31,"93":6,"94":6,"105":1,"117":19,"118":19,"119":19,"121":18,"123":17,"125":16,"127":13,"128":13,"145":1,"146":1,"155":12,"168":11,"169":10,"178":5,"179":4,"181":4,"183":3,"184":3,"185":1,"187":2,"203":7,"207":6,"208":6,"216":3,"220":1,"229":4,"230":4,"238":3,"239":3,"243":2,"244":2,"253":12,"255":11,"257":9,"263":9,"264":6,"266":6,"269":6,"271":6,"273":3,"287":37,"293":36,"298":36,"315":16,"317":16,"319":16,"320":15,"323":13,"328":13,"329":1,"331":12,"334":2,"336":1,"351":6,"352":6,"368":40},"path":"/Users/jpeng/dev/huma-contracts/contracts/ReceivableFactoringPool.sol","s":{"1":35,"2":34,"3":33,"4":32,"5":31,"6":6,"7":6,"8":19,"9":19,"10":19,"11":18,"12":17,"13":16,"14":13,"15":13,"16":1,"17":1,"18":12,"19":11,"20":10,"21":5,"22":4,"23":4,"24":3,"25":1,"26":2,"27":7,"28":6,"29":6,"30":3,"31":1,"32":4,"33":4,"34":3,"35":2,"36":12,"37":11,"38":9,"39":9,"40":6,"41":4,"42":6,"43":5,"44":6,"45":3,"46":37,"47":36,"48":16,"49":16,"50":16,"51":15,"52":13,"53":12,"54":2,"55":1,"56":6,"57":6,"58":40},"b":{"1":[1,32],"2":[1,17],"3":[1,16],"4":[1,3],"5":[1,2],"6":[2,9],"7":[6,3],"8":[4,2],"9":[5,1],"10":[1,36],"11":[1,15],"12":[13,2],"13":[1,12],"14":[1,1],"15":[1,39]},"f":{"1":35,"2":6,"3":1,"4":19,"5":1,"6":12,"7":11,"8":5,"9":7,"10":6,"11":3,"12":1,"13":4,"14":3,"15":2,"16":12,"17":37,"18":16,"19":6,"20":40},"fnMap":{"1":{"name":"approveCredit","line":61,"loc":{"start":{"line":61,"column":4},"end":{"line":82,"column":4}}},"2":{"name":"changeCreditLine","line":92,"loc":{"start":{"line":92,"column":4},"end":{"line":95,"column":4}}},"3":{"name":"drawdown","line":101,"loc":{"start":{"line":101,"column":4},"end":{"line":106,"column":4}}},"4":{"name":"drawdownWithReceivable","line":112,"loc":{"start":{"line":112,"column":4},"end":{"line":135,"column":4}}},"5":{"name":"markPaymentInvalid","line":144,"loc":{"start":{"line":144,"column":4},"end":{"line":147,"column":4}}},"6":{"name":"onERC721Received","line":149,"loc":{"start":{"line":149,"column":4},"end":{"line":156,"column":4}}},"7":{"name":"onReceivedPayment","line":163,"loc":{"start":{"line":163,"column":4},"end":{"line":175,"column":4}}},"8":{"name":"processPaymentAfterReview","line":177,"loc":{"start":{"line":177,"column":4},"end":{"line":194,"column":4}}},"9":{"name":"isPaymentProcessed","line":196,"loc":{"start":{"line":196,"column":4},"end":{"line":204,"column":4}}},"10":{"name":"isPaymentUnderReview","line":206,"loc":{"start":{"line":206,"column":4},"end":{"line":209,"column":4}}},"11":{"name":"receivableInfoMapping","line":211,"loc":{"start":{"line":211,"column":4},"end":{"line":217,"column":4}}},"12":{"name":"receivableOwnershipMapping","line":219,"loc":{"start":{"line":219,"column":4},"end":{"line":221,"column":4}}},"13":{"name":"_disperseRemainingFunds","line":228,"loc":{"start":{"line":228,"column":4},"end":{"line":231,"column":4}}},"14":{"name":"_flagForReview","line":233,"loc":{"start":{"line":233,"column":4},"end":{"line":240,"column":4}}},"15":{"name":"_markPaymentInvalid","line":242,"loc":{"start":{"line":242,"column":4},"end":{"line":245,"column":4}}},"16":{"name":"_processReceivedPayment","line":247,"loc":{"start":{"line":247,"column":4},"end":{"line":275,"column":4}}},"17":{"name":"_setReceivableInfo","line":280,"loc":{"start":{"line":280,"column":4},"end":{"line":299,"column":4}}},"18":{"name":"_transferReceivableAsset","line":309,"loc":{"start":{"line":309,"column":4},"end":{"line":338,"column":4}}},"19":{"name":"_checkReceivableAssetFor","line":345,"loc":{"start":{"line":345,"column":4},"end":{"line":356,"column":4}}},"20":{"name":"_checkReceivableRequirement","line":364,"loc":{"start":{"line":364,"column":4},"end":{"line":372,"column":4}}}},"statementMap":{"1":{"start":{"line":71,"column":8},"end":{"line":71,"column":29}},"2":{"start":{"line":73,"column":8},"end":{"line":73,"column":65}},"3":{"start":{"line":76,"column":8},"end":{"line":76,"column":78}},"4":{"start":{"line":78,"column":8},"end":{"line":78,"column":87}},"5":{"start":{"line":81,"column":8},"end":{"line":81,"column":95}},"6":{"start":{"line":93,"column":8},"end":{"line":93,"column":57}},"7":{"start":{"line":94,"column":8},"end":{"line":94,"column":55}},"8":{"start":{"line":117,"column":8},"end":{"line":117,"column":37}},"9":{"start":{"line":118,"column":8},"end":{"line":118,"column":66}},"10":{"start":{"line":119,"column":8},"end":{"line":119,"column":66}},"11":{"start":{"line":121,"column":8},"end":{"line":121,"column":78}},"12":{"start":{"line":123,"column":8},"end":{"line":123,"column":93}},"13":{"start":{"line":125,"column":8},"end":{"line":125,"column":75}},"14":{"start":{"line":127,"column":8},"end":{"line":127,"column":81}},"15":{"start":{"line":128,"column":8},"end":{"line":128,"column":5049}},"16":{"start":{"line":145,"column":8},"end":{"line":145,"column":30}},"17":{"start":{"line":146,"column":8},"end":{"line":146,"column":41}},"18":{"start":{"line":155,"column":8},"end":{"line":155,"column":45}},"19":{"start":{"line":168,"column":8},"end":{"line":168,"column":30}},"20":{"start":{"line":169,"column":8},"end":{"line":169,"column":6359}},"21":{"start":{"line":178,"column":8},"end":{"line":178,"column":44}},"22":{"start":{"line":179,"column":8},"end":{"line":179,"column":80}},"23":{"start":{"line":181,"column":8},"end":{"line":181,"column":86}},"24":{"start":{"line":184,"column":8},"end":{"line":184,"column":6888}},"25":{"start":{"line":185,"column":12},"end":{"line":185,"column":45}},"26":{"start":{"line":187,"column":12},"end":{"line":187,"column":6986}},"27":{"start":{"line":203,"column":8},"end":{"line":203,"column":50}},"28":{"start":{"line":207,"column":8},"end":{"line":207,"column":80}},"29":{"start":{"line":208,"column":8},"end":{"line":208,"column":48}},"30":{"start":{"line":216,"column":8},"end":{"line":216,"column":46}},"31":{"start":{"line":220,"column":8},"end":{"line":220,"column":58}},"32":{"start":{"line":229,"column":8},"end":{"line":229,"column":54}},"33":{"start":{"line":230,"column":8},"end":{"line":230,"column":50}},"34":{"start":{"line":239,"column":8},"end":{"line":239,"column":69}},"35":{"start":{"line":244,"column":8},"end":{"line":244,"column":46}},"36":{"start":{"line":253,"column":8},"end":{"line":253,"column":27}},"37":{"start":{"line":255,"column":8},"end":{"line":255,"column":88}},"38":{"start":{"line":257,"column":8},"end":{"line":257,"column":9226}},"39":{"start":{"line":263,"column":8},"end":{"line":263,"column":9379}},"40":{"start":{"line":266,"column":12},"end":{"line":266,"column":91}},"41":{"start":{"line":266,"column":37},"end":{"line":266,"column":90}},"42":{"start":{"line":269,"column":12},"end":{"line":269,"column":71}},"43":{"start":{"line":269,"column":25},"end":{"line":269,"column":70}},"44":{"start":{"line":271,"column":12},"end":{"line":271,"column":86}},"45":{"start":{"line":273,"column":12},"end":{"line":273,"column":58}},"46":{"start":{"line":287,"column":8},"end":{"line":287,"column":10254}},"47":{"start":{"line":293,"column":8},"end":{"line":293,"column":10474}},"48":{"start":{"line":315,"column":8},"end":{"line":315,"column":70}},"49":{"start":{"line":317,"column":8},"end":{"line":317,"column":47}},"50":{"start":{"line":319,"column":8},"end":{"line":319,"column":90}},"51":{"start":{"line":320,"column":8},"end":{"line":320,"column":11547}},"52":{"start":{"line":328,"column":12},"end":{"line":328,"column":12025}},"53":{"start":{"line":331,"column":12},"end":{"line":331,"column":94}},"54":{"start":{"line":334,"column":12},"end":{"line":334,"column":98}},"55":{"start":{"line":336,"column":12},"end":{"line":336,"column":93}},"56":{"start":{"line":351,"column":8},"end":{"line":351,"column":77}},"57":{"start":{"line":352,"column":8},"end":{"line":352,"column":12952}},"58":{"start":{"line":368,"column":8},"end":{"line":368,"column":13523}}},"branchMap":{"1":{"line":76,"type":"if","locations":[{"start":{"line":76,"column":8},"end":{"line":76,"column":8}},{"start":{"line":76,"column":8},"end":{"line":76,"column":8}}]},"2":{"line":121,"type":"if","locations":[{"start":{"line":121,"column":8},"end":{"line":121,"column":8}},{"start":{"line":121,"column":8},"end":{"line":121,"column":8}}]},"3":{"line":123,"type":"if","locations":[{"start":{"line":123,"column":8},"end":{"line":123,"column":8}},{"start":{"line":123,"column":8},"end":{"line":123,"column":8}}]},"4":{"line":181,"type":"if","locations":[{"start":{"line":181,"column":8},"end":{"line":181,"column":8}},{"start":{"line":181,"column":8},"end":{"line":181,"column":8}}]},"5":{"line":184,"type":"if","locations":[{"start":{"line":184,"column":8},"end":{"line":184,"column":8}},{"start":{"line":184,"column":8},"end":{"line":184,"column":8}}]},"6":{"line":255,"type":"if","locations":[{"start":{"line":255,"column":8},"end":{"line":255,"column":8}},{"start":{"line":255,"column":8},"end":{"line":255,"column":8}}]},"7":{"line":263,"type":"if","locations":[{"start":{"line":263,"column":8},"end":{"line":263,"column":8}},{"start":{"line":263,"column":8},"end":{"line":263,"column":8}}]},"8":{"line":266,"type":"if","locations":[{"start":{"line":266,"column":12},"end":{"line":266,"column":12}},{"start":{"line":266,"column":12},"end":{"line":266,"column":12}}]},"9":{"line":269,"type":"if","locations":[{"start":{"line":269,"column":12},"end":{"line":269,"column":12}},{"start":{"line":269,"column":12},"end":{"line":269,"column":12}}]},"10":{"line":287,"type":"if","locations":[{"start":{"line":287,"column":8},"end":{"line":287,"column":8}},{"start":{"line":287,"column":8},"end":{"line":287,"column":8}}]},"11":{"line":319,"type":"if","locations":[{"start":{"line":319,"column":8},"end":{"line":319,"column":8}},{"start":{"line":319,"column":8},"end":{"line":319,"column":8}}]},"12":{"line":320,"type":"if","locations":[{"start":{"line":320,"column":8},"end":{"line":320,"column":8}},{"start":{"line":320,"column":8},"end":{"line":320,"column":8}}]},"13":{"line":328,"type":"if","locations":[{"start":{"line":328,"column":12},"end":{"line":328,"column":12}},{"start":{"line":328,"column":12},"end":{"line":328,"column":12}}]},"14":{"line":334,"type":"if","locations":[{"start":{"line":334,"column":12},"end":{"line":334,"column":12}},{"start":{"line":334,"column":12},"end":{"line":334,"column":12}}]},"15":{"line":368,"type":"if","locations":[{"start":{"line":368,"column":8},"end":{"line":368,"column":8}},{"start":{"line":368,"column":8},"end":{"line":368,"column":8}}]}}},
"contracts/ReceivableFactoringPoolStorage.sol":{"l":{},"path":"/Users/jpeng/dev/huma-contracts/contracts/ReceivableFactoringPoolStorage.sol","s":{},"b":{},"f":{},"fnMap":{},"statementMap":{},"branchMap":{}}}
