TN:
SF:/Users/jpeng/dev/huma-contracts/contracts/BaseCreditPool.sol
FN:129,approveCredit
FN:160,changeCreditLine
FN:200,drawdown
FN:216,extendCreditLineDuration
FN:245,makePayment
FN:267,refreshAccount
FN:285,requestCredit
FN:307,triggerDefault
FN:338,creditRecordMapping
FN:342,creditRecordStaticMapping
FN:350,isApproved
FN:358,isDefaultReady
FN:374,isLate
FN:383,_approveCredit
FN:413,_checkDrawdownEligibility
FN:441,_drawdown
FN:513,_initiateCredit
FN:591,_makePayment
FN:760,_recoverDefaultedAmount
FN:783,_maxCreditLineCheck
FN:800,_updateDueInfo
FN:869,_getCreditRecord
FN:874,_getCreditRecordStatic
FN:883,onlyPDSServiceAccount
FN:889,onlyEAServiceAccount
FNF:25
FNH:25
FNDA:39,approveCredit
FNDA:14,changeCreditLine
FNDA:51,drawdown
FNDA:1,extendCreditLineDuration
FNDA:37,makePayment
FNDA:11,refreshAccount
FNDA:51,requestCredit
FNDA:13,triggerDefault
FNDA:87,creditRecordMapping
FNDA:73,creditRecordStaticMapping
FNDA:3,isApproved
FNDA:22,isDefaultReady
FNDA:6,isLate
FNDA:67,_approveCredit
FNDA:69,_checkDrawdownEligibility
FNDA:58,_drawdown
FNDA:82,_initiateCredit
FNDA:46,_makePayment
FNDA:5,_recoverDefaultedAmount
FNDA:128,_maxCreditLineCheck
FNDA:87,_updateDueInfo
FNDA:259,_getCreditRecord
FNDA:128,_getCreditRecordStatic
FNDA:13,onlyPDSServiceAccount
FNDA:79,onlyEAServiceAccount
DA:136,39
DA:137,39
DA:138,39
DA:139,39
DA:140,39
DA:141,39
DA:142,39
DA:143,39
DA:145,39
DA:146,39
DA:147,39
DA:149,39
DA:161,14
DA:163,13
DA:165,12
DA:168,12
DA:170,8
DA:171,1
DA:174,9
DA:177,9
DA:179,5
DA:182,5
DA:183,4
DA:184,4
DA:190,5
DA:192,9
DA:201,51
DA:203,51
DA:204,50
DA:206,50
DA:207,45
DA:208,39
DA:221,1
DA:225,1
DA:226,1
DA:227,1
DA:251,37
DA:253,37
DA:273,11
DA:274,10
DA:291,51
DA:308,13
DA:311,13
DA:313,13
DA:315,12
DA:316,5
DA:322,12
DA:325,5
DA:327,5
DA:329,5
DA:331,5
DA:333,5
DA:335,5
DA:339,87
DA:347,73
DA:351,3
DA:359,22
DA:360,22
DA:375,6
DA:395,67
DA:396,67
DA:398,67
DA:400,67
DA:418,69
DA:420,67
DA:421,2
DA:428,54
DA:429,1
DA:431,53
DA:432,1
DA:446,58
DA:449,48
DA:453,48
DA:456,48
DA:460,10
DA:461,4
DA:462,4
DA:463,1
DA:466,9
DA:477,7
DA:481,5
DA:491,5
DA:494,53
DA:496,53
DA:500,52
DA:503,52
DA:505,52
DA:521,82
DA:523,81
DA:525,77
DA:527,77
DA:530,4
DA:531,4
DA:532,3
DA:533,3
DA:534,3
DA:540,1
DA:545,76
DA:547,74
DA:554,74
DA:555,74
DA:557,74
DA:558,28
DA:559,28
DA:562,74
DA:564,74
DA:603,46
DA:605,44
DA:607,43
DA:609,43
DA:614,5
DA:615,3
DA:617,1
DA:620,39
DA:623,10
DA:628,39
DA:634,39
DA:640,39
DA:643,6
DA:644,2
DA:653,37
DA:656,37
DA:658,37
DA:659,18
DA:660,4
DA:661,4
DA:663,4
DA:664,2
DA:666,2
DA:667,2
DA:670,14
DA:673,14
DA:675,14
DA:676,14
DA:677,14
DA:678,14
DA:681,14
DA:685,18
DA:687,16
DA:700,18
DA:701,3
DA:704,19
DA:705,19
DA:707,19
DA:708,2
DA:718,17
DA:719,17
DA:723,19
DA:724,19
DA:725,19
DA:726,19
DA:727,19
DA:730,19
DA:731,8
DA:732,8
DA:736,37
DA:738,37
DA:740,31
DA:741,31
DA:752,37
DA:761,5
DA:763,5
DA:764,4
DA:765,4
DA:766,2
DA:768,2
DA:769,2
DA:771,4
DA:772,4
DA:773,4
DA:778,1
DA:784,128
DA:785,3
DA:805,87
DA:806,87
DA:807,87
DA:812,87
DA:813,87
DA:814,87
DA:822,87
DA:823,82
DA:825,82
DA:826,81
DA:827,6
DA:829,81
DA:833,82
DA:834,29
DA:841,53
DA:848,82
DA:849,56
DA:851,26
DA:855,82
DA:858,82
DA:859,17
DA:862,82
DA:864,82
DA:870,259
DA:879,128
DA:884,13
DA:885,1
DA:890,79
DA:891,3
LF:202
LH:202
BRDA:168,1,0,4
BRDA:168,1,1,8
BRDA:170,2,0,1
BRDA:170,2,1,7
BRDA:177,3,0,5
BRDA:177,3,1,4
BRDA:182,4,0,4
BRDA:182,4,1,1
BRDA:203,5,0,1
BRDA:203,5,1,50
BRDA:251,6,0,1
BRDA:251,6,1,36
BRDA:273,7,0,10
BRDA:273,7,1,1
BRDA:274,8,0,1
BRDA:274,8,1,9
BRDA:313,9,0,1
BRDA:313,9,1,12
BRDA:315,10,0,5
BRDA:315,10,1,7
BRDA:322,11,0,7
BRDA:322,11,1,5
BRDA:351,12,0,2
BRDA:351,12,1,1
BRDA:363,13,0,6
BRDA:363,13,1,16
BRDA:377,14,0,1
BRDA:377,14,1,1
BRDA:379,15,0,2
BRDA:379,15,1,4
BRDA:396,16,0,5
BRDA:396,16,1,62
BRDA:420,17,0,2
BRDA:420,17,1,65
BRDA:422,18,0,54
BRDA:422,18,1,11
BRDA:428,19,0,1
BRDA:428,19,1,53
BRDA:431,20,0,1
BRDA:431,20,1,52
BRDA:446,21,0,48
BRDA:446,21,1,10
BRDA:460,22,0,4
BRDA:460,22,1,6
BRDA:462,23,0,1
BRDA:462,23,1,3
BRDA:466,24,0,2
BRDA:466,24,1,7
BRDA:477,25,0,2
BRDA:477,25,1,5
BRDA:500,26,0,52
BRDA:500,26,1,0
BRDA:521,27,0,1
BRDA:521,27,1,81
BRDA:527,28,0,4
BRDA:527,28,1,73
BRDA:531,29,0,3
BRDA:531,29,1,1
BRDA:557,30,0,28
BRDA:557,30,1,46
BRDA:605,31,0,1
BRDA:605,31,1,43
BRDA:609,32,0,5
BRDA:609,32,1,38
BRDA:610,33,0,1
BRDA:610,33,1,1
BRDA:610,34,0,1
BRDA:610,34,1,3
BRDA:614,35,0,3
BRDA:614,35,1,2
BRDA:616,36,0,1
BRDA:616,36,1,1
BRDA:620,37,0,10
BRDA:620,37,1,29
BRDA:640,38,0,6
BRDA:640,38,1,33
BRDA:643,39,0,2
BRDA:643,39,1,4
BRDA:644,40,0,2
BRDA:644,40,1,0
BRDA:658,41,0,18
BRDA:658,41,1,19
BRDA:659,42,0,4
BRDA:659,42,1,14
BRDA:663,43,0,2
BRDA:663,43,1,2
BRDA:681,44,0,1
BRDA:681,44,1,13
BRDA:685,45,0,16
BRDA:685,45,1,2
BRDA:700,46,0,3
BRDA:700,46,1,15
BRDA:707,47,0,2
BRDA:707,47,1,17
BRDA:719,48,0,1
BRDA:719,48,1,16
BRDA:720,49,0,12
BRDA:720,49,1,4
BRDA:730,50,0,8
BRDA:730,50,1,11
BRDA:738,51,0,31
BRDA:738,51,1,6
BRDA:763,52,0,4
BRDA:763,52,1,1
BRDA:765,53,0,2
BRDA:765,53,1,2
BRDA:784,54,0,3
BRDA:784,54,1,125
BRDA:806,55,0,48
BRDA:806,55,1,39
BRDA:807,56,0,20
BRDA:807,56,1,67
BRDA:822,57,0,82
BRDA:822,57,1,5
BRDA:825,58,0,81
BRDA:825,58,1,1
BRDA:826,59,0,6
BRDA:826,59,1,75
BRDA:829,60,0,56
BRDA:829,60,1,25
BRDA:830,61,0,1
BRDA:830,61,1,24
BRDA:833,62,0,29
BRDA:833,62,1,53
BRDA:848,63,0,56
BRDA:848,63,1,26
BRDA:855,64,0,17
BRDA:855,64,1,65
BRDA:858,65,0,17
BRDA:858,65,1,65
BRDA:859,66,0,16
BRDA:859,66,1,1
BRDA:884,67,0,1
BRDA:884,67,1,12
BRDA:890,68,0,3
BRDA:890,68,1,76
BRF:136
BRH:134
end_of_record
TN:
SF:/Users/jpeng/dev/huma-contracts/contracts/BaseCreditPoolStorage.sol
FNF:0
FNH:0
LF:0
LH:0
BRF:0
BRH:0
end_of_record
TN:
SF:/Users/jpeng/dev/huma-contracts/contracts/BaseFeeManager.sol
FN:67,setFees
FN:92,setMinPrincipalRateInBps
FN:109,calcCorrection
FN:125,calcFrontLoadingFee
FN:145,calcLateFee
FN:163,distBorrowingAmount
FN:200,getDueInfo
FN:319,getFees
FNF:8
FNH:8
FNDA:94,setFees
FNDA:151,setMinPrincipalRateInBps
FNDA:60,calcCorrection
FNDA:53,calcFrontLoadingFee
FNDA:60,calcLateFee
FNDA:53,distBorrowingAmount
FNDA:124,getDueInfo
FNDA:3,getFees
DA:68,94
DA:69,94
DA:70,94
DA:71,94
DA:72,94
DA:73,94
DA:94,151
DA:95,150
DA:96,150
DA:115,60
DA:117,60
DA:132,53
DA:133,53
DA:134,53
DA:150,60
DA:151,59
DA:152,59
DA:169,53
DA:171,53
DA:173,52
DA:175,52
DA:217,124
DA:218,20
DA:223,104
DA:224,51
DA:230,51
DA:232,53
DA:245,104
DA:246,104
DA:248,104
DA:250,146
DA:251,60
DA:258,146
DA:261,146
DA:265,146
DA:266,16
DA:267,16
DA:268,12
DA:273,12
DA:274,12
DA:276,16
DA:280,146
DA:289,146
DA:291,146
DA:292,146
DA:293,146
DA:294,146
DA:298,104
DA:299,28
DA:300,28
DA:303,104
DA:332,3
LF:52
LH:52
BRDA:67,1,0,94
BRDA:67,1,1,1
BRDA:92,2,0,151
BRDA:92,2,1,1
BRDA:94,3,0,1
BRDA:94,3,1,150
BRDA:133,4,0,53
BRDA:133,4,1,0
BRDA:150,5,0,59
BRDA:150,5,1,1
BRDA:152,6,0,59
BRDA:152,6,1,0
BRDA:171,7,0,1
BRDA:171,7,1,52
BRDA:217,8,0,20
BRDA:217,8,1,104
BRDA:223,9,0,51
BRDA:223,9,1,53
BRDA:250,10,0,60
BRDA:250,10,1,86
BRDA:265,11,0,16
BRDA:265,11,1,130
BRDA:267,12,0,12
BRDA:267,12,1,4
BRDA:298,13,0,28
BRDA:298,13,1,76
BRF:26
BRH:24
end_of_record
TN:
SF:/Users/jpeng/dev/huma-contracts/contracts/BasePool.sol
FN:47,constructor
FN:51,initialize
FN:76,deposit
FN:85,makeInitialDeposit
FN:98,withdraw
FN:124,withdrawAll
FN:128,_deposit
FN:146,distributeIncome
FN:161,distributeLosses
FN:176,reverseIncome
FN:191,addApprovedLender
FN:200,disablePool
FN:209,enablePool
FN:222,removeApprovedLender
FN:231,setPoolConfig
FN:254,updateCoreData
FN:263,getCoreData
FN:280,isApprovedLender
FN:285,isPoolOn
FN:291,lastDepositTime
FN:296,poolConfig
FN:301,totalPoolValue
FN:309,_safeApproveForPoolConfig
FN:320,_updateCoreData
FN:343,_protocolAndPoolOn
FN:349,_onlyApprovedLender
FN:354,_onlyOwnerOrHumaMasterAdmin
FN:359,_onlyPoolOperator
FNF:28
FNH:28
FNDA:426,constructor
FNDA:138,initialize
FNDA:147,deposit
FNDA:276,makeInitialDeposit
FNDA:11,withdraw
FNDA:1,withdrawAll
FNDA:421,_deposit
FNDA:112,distributeIncome
FNDA:5,distributeLosses
FNDA:13,reverseIncome
FNDA:418,addApprovedLender
FNDA:4,disablePool
FNDA:138,enablePool
FNDA:3,removeApprovedLender
FNDA:4,setPoolConfig
FNDA:3,updateCoreData
FNDA:2,getCoreData
FNDA:2,isApprovedLender
FNDA:140,isPoolOn
FNDA:2,lastDepositTime
FNDA:2,poolConfig
FNDA:777,totalPoolValue
FNDA:142,_safeApproveForPoolConfig
FNDA:140,_updateCoreData
FNDA:433,_protocolAndPoolOn
FNDA:420,_onlyApprovedLender
FNDA:145,_onlyOwnerOrHumaMasterAdmin
FNDA:425,_onlyPoolOperator
DA:48,426
DA:52,138
DA:53,138
DA:56,138
DA:59,138
DA:77,147
DA:78,145
DA:86,276
DA:87,276
DA:99,11
DA:100,10
DA:101,9
DA:106,8
DA:107,8
DA:109,7
DA:110,7
DA:111,7
DA:113,7
DA:114,3
DA:116,2
DA:118,5
DA:125,1
DA:129,421
DA:130,420
DA:132,418
DA:133,1
DA:135,417
DA:136,417
DA:137,417
DA:138,417
DA:140,417
DA:147,112
DA:148,112
DA:162,5
DA:164,5
DA:177,13
DA:178,13
DA:192,418
DA:193,417
DA:194,417
DA:201,4
DA:202,4
DA:203,4
DA:210,138
DA:212,138
DA:214,138
DA:215,138
DA:223,3
DA:224,2
DA:225,2
DA:232,4
DA:233,3
DA:234,3
DA:237,2
DA:239,2
DA:240,2
DA:242,2
DA:245,2
DA:247,2
DA:255,3
DA:256,2
DA:273,2
DA:274,2
DA:275,2
DA:276,2
DA:281,2
DA:286,140
DA:292,2
DA:297,2
DA:302,777
DA:310,142
DA:311,142
DA:314,142
DA:315,142
DA:321,140
DA:327,140
DA:328,140
DA:329,140
DA:330,140
DA:332,140
DA:344,433
DA:345,424
DA:350,420
DA:355,145
DA:360,425
LF:85
LH:85
BRDA:51,1,0,138
BRDA:51,1,1,1
BRDA:100,2,0,1
BRDA:100,2,1,9
BRDA:101,3,0,1
BRDA:101,3,1,8
BRDA:107,4,0,1
BRDA:107,4,1,7
BRDA:113,5,0,3
BRDA:113,5,1,4
BRDA:115,6,0,2
BRDA:115,6,1,2
BRDA:129,7,0,1
BRDA:129,7,1,420
BRDA:132,8,0,1
BRDA:132,8,1,417
BRDA:162,9,0,5
BRDA:162,9,1,0
BRDA:178,10,0,13
BRDA:178,10,1,0
BRDA:234,11,0,1
BRDA:234,11,1,2
BRDA:286,12,0,2
BRDA:286,12,1,138
BRDA:314,13,0,142
BRDA:314,13,1,0
BRDA:314,14,0,2
BRDA:314,14,1,140
BRDA:344,15,0,9
BRDA:344,15,1,424
BRDA:345,16,0,4
BRDA:345,16,1,420
BRDA:350,17,0,2
BRDA:350,17,1,418
BRDA:360,18,0,2
BRDA:360,18,1,423
BRF:36
BRH:33
end_of_record
TN:
SF:/Users/jpeng/dev/huma-contracts/contracts/BasePoolConfig.sol
FN:148,initialize
FN:188,addPoolOperator
FN:197,distributeIncome
FN:220,reverseIncome
FN:247,setAPR
FN:254,setCreditApprovalExpiration
FN:260,setEARewardsAndLiquidity
FN:274,setEvaluationAgent
FN:304,setFeeManager
FN:311,setHumaConfig
FN:322,setMaxCreditLine
FN:330,setPool
FN:341,setPoolDefaultGracePeriod
FN:351,setPoolLiquidityCap
FN:358,setPoolOwnerRewardsAndLiquidity
FN:368,setPoolPayPeriod
FN:378,setPoolName
FN:384,setPoolOwnerTreasury
FN:391,setPoolToken
FN:406,setReceivableRequiredInBps
FN:417,setWithdrawalLockoutPeriod
FN:423,withdrawEAFee
FN:434,withdrawPoolOwnerFee
FN:444,withdrawProtocolFee
FN:458,accruedIncome
FN:480,checkLiquidityRequirementForPoolOwner
FN:488,checkLiquidityRequirementForEA
FN:496,checkLiquidityRequirement
FN:501,creditApprovalExpirationInSeconds
FN:505,getCoreData
FN:528,getPoolSummary
FN:559,isPoolOwnerTreasuryOrEA
FN:564,isOperator
FN:568,maxCreditLine
FN:572,onlyPoolOwner
FN:576,onlyPoolOwnerTreasury
FN:581,onlyPoolOwnerOrEA
FN:586,onlyPoolOwnerTreasuryOrEA
FN:590,payPeriodInDays
FN:594,poolAprInBps
FN:598,poolDefaultGracePeriodInSeconds
FN:602,poolLiquidityCap
FN:606,receivableRequiredInBps
FN:617,removePoolOperator
FN:626,rewardsAndLiquidityRateForEA
FN:634,rewardsAndLiquidityRateForPoolOwner
FN:645,withdrawalLockoutPeriodInSeconds
FN:651,onlyOwnerOrHumaMasterAdmin
FN:657,_withdrawEAFee
FN:669,_onlyOwnerOrHumaMasterAdmin
FNF:50
FNH:50
FNDA:147,initialize
FNDA:280,addPoolOperator
FNDA:113,distributeIncome
FNDA:14,reverseIncome
FNDA:202,setAPR
FNDA:7,setCreditApprovalExpiration
FNDA:177,setEARewardsAndLiquidity
FNDA:143,setEvaluationAgent
FNDA:4,setFeeManager
FNDA:4,setHumaConfig
FNDA:175,setMaxCreditLine
FNDA:138,setPool
FNDA:98,setPoolDefaultGracePeriod
FNDA:140,setPoolLiquidityCap
FNDA:177,setPoolOwnerRewardsAndLiquidity
FNDA:4,setPoolPayPeriod
FNDA:2,setPoolName
FNDA:141,setPoolOwnerTreasury
FNDA:3,setPoolToken
FNDA:37,setReceivableRequiredInBps
FNDA:94,setWithdrawalLockoutPeriod
FNDA:4,withdrawEAFee
FNDA:4,withdrawPoolOwnerFee
FNDA:4,withdrawProtocolFee
FNDA:31,accruedIncome
FNDA:140,checkLiquidityRequirementForPoolOwner
FNDA:143,checkLiquidityRequirementForEA
FNDA:138,checkLiquidityRequirement
FNDA:67,creditApprovalExpirationInSeconds
FNDA:140,getCoreData
FNDA:141,getPoolSummary
FNDA:276,isPoolOwnerTreasuryOrEA
FNDA:430,isOperator
FNDA:129,maxCreditLine
FNDA:5,onlyPoolOwner
FNDA:4,onlyPoolOwnerTreasury
FNDA:4,onlyPoolOwnerOrEA
FNDA:276,onlyPoolOwnerTreasuryOrEA
FNDA:2,payPeriodInDays
FNDA:52,poolAprInBps
FNDA:26,poolDefaultGracePeriodInSeconds
FNDA:419,poolLiquidityCap
FNDA:40,receivableRequiredInBps
FNDA:3,removePoolOperator
FNDA:1,rewardsAndLiquidityRateForEA
FNDA:1,rewardsAndLiquidityRateForPoolOwner
FNDA:13,withdrawalLockoutPeriodInSeconds
FNDA:1692,onlyOwnerOrHumaMasterAdmin
FNDA:2,_withdrawEAFee
FNDA:1545,_onlyOwnerOrHumaMasterAdmin
DA:149,147
DA:150,147
DA:151,146
DA:152,145
DA:153,144
DA:155,144
DA:157,144
DA:158,144
DA:159,1
DA:160,143
DA:162,143
DA:164,143
DA:165,143
DA:172,143
DA:173,143
DA:174,143
DA:175,143
DA:176,143
DA:177,143
DA:178,143
DA:189,280
DA:190,279
DA:192,278
DA:194,278
DA:198,113
DA:199,1
DA:202,112
DA:203,112
DA:205,112
DA:207,112
DA:209,112
DA:211,112
DA:213,112
DA:215,112
DA:217,112
DA:221,14
DA:222,1
DA:225,13
DA:226,13
DA:228,13
DA:230,13
DA:232,13
DA:234,13
DA:236,13
DA:238,13
DA:240,13
DA:248,202
DA:249,202
DA:250,201
DA:251,201
DA:255,7
DA:256,6
DA:257,6
DA:261,177
DA:263,176
DA:264,2
DA:265,174
DA:266,174
DA:267,174
DA:275,143
DA:276,142
DA:278,141
DA:279,1
DA:282,140
DA:283,2
DA:290,139
DA:291,139
DA:292,139
DA:294,139
DA:295,1
DA:296,1
DA:297,1
DA:301,139
DA:305,4
DA:306,3
DA:307,2
DA:308,2
DA:312,4
DA:313,3
DA:314,2
DA:315,2
DA:323,175
DA:324,175
DA:325,174
DA:326,173
DA:327,173
DA:331,138
DA:332,138
DA:333,138
DA:334,138
DA:342,98
DA:343,98
DA:344,98
DA:352,140
DA:353,140
DA:354,139
DA:355,139
DA:359,177
DA:360,176
DA:361,2
DA:363,174
DA:364,174
DA:365,174
DA:369,4
DA:370,3
DA:371,2
DA:372,2
DA:379,2
DA:380,1
DA:381,1
DA:385,141
DA:386,140
DA:387,139
DA:388,139
DA:392,3
DA:393,2
DA:394,1
DA:395,1
DA:396,1
DA:397,1
DA:407,37
DA:409,37
DA:410,37
DA:418,94
DA:419,94
DA:420,94
DA:426,4
DA:427,3
DA:428,3
DA:429,2
DA:431,1
DA:435,4
DA:436,3
DA:437,3
DA:438,2
DA:439,1
DA:440,1
DA:441,1
DA:445,4
DA:446,3
DA:447,2
DA:448,1
DA:449,1
DA:453,1
DA:454,1
DA:455,1
DA:470,31
DA:481,140
DA:489,143
DA:497,138
DA:498,138
DA:502,67
DA:515,140
DA:516,140
DA:517,140
DA:518,140
DA:544,141
DA:545,141
DA:560,276
DA:565,430
DA:569,129
DA:573,5
DA:577,4
DA:582,4
DA:587,276
DA:591,2
DA:595,52
DA:599,26
DA:603,419
DA:607,40
DA:618,3
DA:619,2
DA:621,1
DA:623,1
DA:631,1
DA:639,1
DA:646,13
DA:652,1692
DA:653,12
DA:662,2
DA:663,2
DA:665,2
DA:670,1545
LF:183
LH:183
BRDA:148,1,0,148
BRDA:148,1,1,1
BRDA:148,2,0,147
BRDA:148,2,1,1
BRDA:150,3,0,1
BRDA:150,3,1,146
BRDA:151,4,0,1
BRDA:151,4,1,145
BRDA:152,5,0,1
BRDA:152,5,1,144
BRDA:158,6,0,1
BRDA:158,6,1,143
BRDA:188,7,0,280
BRDA:188,7,1,1
BRDA:189,8,0,1
BRDA:189,8,1,279
BRDA:190,9,0,1
BRDA:190,9,1,278
BRDA:198,10,0,1
BRDA:198,10,1,112
BRDA:221,11,0,1
BRDA:221,11,1,13
BRDA:249,12,0,1
BRDA:249,12,1,201
BRDA:263,13,0,2
BRDA:263,13,1,174
BRDA:263,14,0,1
BRDA:263,14,1,1
BRDA:275,15,0,1
BRDA:275,15,1,142
BRDA:278,16,0,1
BRDA:278,16,1,140
BRDA:282,17,0,2
BRDA:282,17,1,138
BRDA:294,18,0,1
BRDA:294,18,1,138
BRDA:296,19,0,1
BRDA:296,19,1,0
BRDA:306,20,0,1
BRDA:306,20,1,2
BRDA:313,21,0,1
BRDA:313,21,1,2
BRDA:324,22,0,1
BRDA:324,22,1,174
BRDA:325,23,0,1
BRDA:325,23,1,173
BRDA:332,24,0,0
BRDA:332,24,1,138
BRDA:353,25,0,1
BRDA:353,25,1,139
BRDA:360,26,0,2
BRDA:360,26,1,174
BRDA:360,27,0,1
BRDA:360,27,1,1
BRDA:370,28,0,1
BRDA:370,28,1,2
BRDA:386,29,0,1
BRDA:386,29,1,139
BRDA:393,30,0,1
BRDA:393,30,1,1
BRDA:427,31,0,0
BRDA:427,31,1,3
BRDA:428,32,0,2
BRDA:428,32,1,1
BRDA:436,33,0,0
BRDA:436,33,1,3
BRDA:437,34,0,2
BRDA:437,34,1,1
BRDA:445,35,0,1
BRDA:445,35,1,3
BRDA:446,36,0,2
BRDA:446,36,1,1
BRDA:481,37,0,1
BRDA:481,37,1,139
BRDA:489,38,0,2
BRDA:489,38,1,141
BRDA:560,39,0,138
BRDA:560,39,1,138
BRDA:573,40,0,1
BRDA:573,40,1,4
BRDA:577,41,0,1
BRDA:577,41,1,3
BRDA:582,42,0,1
BRDA:582,42,1,3
BRDA:587,43,0,0
BRDA:587,43,1,276
BRDA:617,44,0,3
BRDA:617,44,1,2
BRDA:618,45,0,1
BRDA:618,45,1,2
BRDA:619,46,0,1
BRDA:619,46,1,1
BRDA:652,47,0,12
BRDA:652,47,1,1680
BRF:94
BRH:89
end_of_record
TN:
SF:/Users/jpeng/dev/huma-contracts/contracts/BasePoolStorage.sol
FNF:0
FNH:0
LF:0
LH:0
BRF:0
BRH:0
end_of_record
TN:
SF:/Users/jpeng/dev/huma-contracts/contracts/Errors.sol
FNF:0
FNH:0
LF:0
LH:0
BRF:0
BRH:0
end_of_record
TN:
SF:/Users/jpeng/dev/huma-contracts/contracts/EvaluationAgentNFT.sol
FN:17,constructor
FN:25,mintNFT
FN:35,burn
FN:41,transferFrom
FN:49,safeTransferFrom
FN:57,safeTransferFrom
FN:66,setTokenURI
FNF:7
FNH:7
FNDA:138,constructor
FNDA:142,mintNFT
FNDA:2,burn
FNDA:1,transferFrom
FNDA:1,safeTransferFrom
FNDA:1,safeTransferFrom
FNDA:1,setTokenURI
DA:26,142
DA:28,142
DA:29,142
DA:31,142
DA:32,142
DA:36,2
DA:37,1
DA:38,1
DA:67,1
DA:68,1
LF:10
LH:10
BRDA:36,1,0,1
BRDA:36,1,1,1
BRDA:66,2,0,1
BRDA:66,2,1,2
BRF:4
BRH:4
end_of_record
TN:
SF:/Users/jpeng/dev/huma-contracts/contracts/HDT/HDT.sol
FN:18,constructor
FN:31,initialize
FN:46,setPool
FN:51,decimals
FN:58,totalAssets
FN:70,mintAmount
FN:86,burnAmount
FN:94,convertToShares
FN:101,convertToAssets
FN:113,withdrawableFundsOf
FN:126,assetToken
FN:133,pool
FN:140,onlyPool
FNF:13
FNH:13
FNDA:417,constructor
FNDA:139,initialize
FNDA:139,setPool
FNDA:1,decimals
FNDA:751,totalAssets
FNDA:417,mintAmount
FNDA:7,burnAmount
FNDA:424,convertToShares
FNDA:327,convertToAssets
FNDA:327,withdrawableFundsOf
FNDA:146,assetToken
FNDA:2,pool
FNDA:426,onlyPool
DA:19,417
DA:32,139
DA:33,139
DA:35,139
DA:37,139
DA:39,139
DA:47,139
DA:48,139
DA:52,1
DA:59,751
DA:73,417
DA:74,417
DA:75,417
DA:89,7
DA:90,7
DA:91,7
DA:95,424
DA:96,424
DA:98,424
DA:102,327
DA:103,327
DA:105,327
DA:120,327
DA:127,146
DA:134,2
DA:141,426
DA:142,424
LF:27
LH:27
BRDA:31,1,0,139
BRDA:31,1,1,1
BRDA:32,2,0,0
BRDA:32,2,1,139
BRDA:46,3,0,139
BRDA:46,3,1,1
BRDA:70,4,0,417
BRDA:70,4,1,1
BRDA:74,5,0,0
BRDA:74,5,1,417
BRDA:86,6,0,7
BRDA:86,6,1,1
BRDA:90,7,0,0
BRDA:90,7,1,7
BRDA:98,8,0,138
BRDA:98,8,1,286
BRDA:105,9,0,0
BRDA:105,9,1,327
BRDA:141,10,0,2
BRDA:141,10,1,424
BRF:20
BRH:16
end_of_record
TN:
SF:/Users/jpeng/dev/huma-contracts/contracts/HDT/HDTStorage.sol
FNF:0
FNH:0
LF:0
LH:0
BRF:0
BRH:0
end_of_record
TN:
SF:/Users/jpeng/dev/huma-contracts/contracts/HDT/interfaces/IHDT.sol
FNF:0
FNH:0
LF:0
LH:0
BRF:0
BRH:0
end_of_record
TN:
SF:/Users/jpeng/dev/huma-contracts/contracts/HumaConfig.sol
FN:84,onlyPausers
FN:95,constructor
FN:110,addPauser
FN:126,addPoolAdmin
FN:139,pause
FN:150,removePauser
FN:166,removePoolAdmin
FN:178,setEANFTContractAddress
FN:188,setEAServiceAccount
FN:200,setHumaTreasury
FN:215,setLiquidityAsset
FN:229,setPDSServiceAccount
FN:241,setProtocolDefaultGracePeriod
FN:254,setTreasuryFee
FN:264,unpause
FN:269,isAssetValid
FN:274,isPauser
FN:279,isPoolAdmin
FNF:18
FNH:18
FNDA:14,onlyPausers
FNDA:135,constructor
FNDA:92,addPauser
FNDA:4,addPoolAdmin
FNDA:12,pause
FNDA:3,removePauser
FNDA:3,removePoolAdmin
FNDA:46,setEANFTContractAddress
FNDA:46,setEAServiceAccount
FNDA:47,setHumaTreasury
FNDA:48,setLiquidityAsset
FNDA:46,setPDSServiceAccount
FNDA:3,setProtocolDefaultGracePeriod
FNDA:80,setTreasuryFee
FNDA:12,unpause
FNDA:146,isAssetValid
FNDA:5,isPauser
FNDA:3,isPoolAdmin
DA:85,14
DA:86,12
DA:96,135
DA:98,135
DA:100,135
DA:111,92
DA:112,91
DA:114,90
DA:116,90
DA:127,4
DA:128,3
DA:130,2
DA:132,2
DA:140,12
DA:151,3
DA:152,2
DA:154,1
DA:156,1
DA:167,3
DA:168,2
DA:170,1
DA:172,1
DA:179,46
DA:180,45
DA:181,45
DA:189,46
DA:190,45
DA:191,45
DA:201,47
DA:202,46
DA:203,45
DA:204,45
DA:216,48
DA:217,46
DA:218,46
DA:220,2
DA:221,2
DA:230,46
DA:231,45
DA:232,45
DA:242,3
DA:243,2
DA:244,1
DA:245,1
DA:255,80
DA:256,79
DA:257,79
DA:258,79
DA:265,12
DA:270,146
DA:275,5
DA:280,3
LF:52
LH:52
BRDA:85,1,0,2
BRDA:85,1,1,12
BRDA:110,2,0,92
BRDA:110,2,1,1
BRDA:111,3,0,1
BRDA:111,3,1,91
BRDA:112,4,0,1
BRDA:112,4,1,90
BRDA:126,5,0,4
BRDA:126,5,1,1
BRDA:127,6,0,1
BRDA:127,6,1,3
BRDA:128,7,0,1
BRDA:128,7,1,2
BRDA:139,8,0,12
BRDA:139,8,1,2
BRDA:150,9,0,3
BRDA:150,9,1,2
BRDA:151,10,0,1
BRDA:151,10,1,2
BRDA:152,11,0,1
BRDA:152,11,1,1
BRDA:166,12,0,3
BRDA:166,12,1,2
BRDA:167,13,0,1
BRDA:167,13,1,2
BRDA:168,14,0,1
BRDA:168,14,1,1
BRDA:178,15,0,46
BRDA:178,15,1,1
BRDA:179,16,0,1
BRDA:179,16,1,45
BRDA:188,17,0,46
BRDA:188,17,1,1
BRDA:189,18,0,1
BRDA:189,18,1,45
BRDA:200,19,0,47
BRDA:200,19,1,1
BRDA:201,20,0,1
BRDA:201,20,1,46
BRDA:202,21,0,45
BRDA:202,21,1,1
BRDA:215,22,0,48
BRDA:215,22,1,1
BRDA:216,23,0,46
BRDA:216,23,1,2
BRDA:229,24,0,46
BRDA:229,24,1,1
BRDA:230,25,0,1
BRDA:230,25,1,45
BRDA:241,26,0,3
BRDA:241,26,1,2
BRDA:242,27,0,2
BRDA:242,27,1,1
BRDA:254,28,0,80
BRDA:254,28,1,2
BRDA:255,29,0,1
BRDA:255,29,1,79
BRDA:264,30,0,12
BRDA:264,30,1,1
BRF:60
BRH:60
end_of_record
TN:
SF:/Users/jpeng/dev/huma-contracts/contracts/interfaces/ICredit.sol
FNF:0
FNH:0
LF:0
LH:0
BRF:0
BRH:0
end_of_record
TN:
SF:/Users/jpeng/dev/huma-contracts/contracts/interfaces/IFeeManager.sol
FNF:0
FNH:0
LF:0
LH:0
BRF:0
BRH:0
end_of_record
TN:
SF:/Users/jpeng/dev/huma-contracts/contracts/interfaces/ILiquidityProvider.sol
FNF:0
FNH:0
LF:0
LH:0
BRF:0
BRH:0
end_of_record
TN:
SF:/Users/jpeng/dev/huma-contracts/contracts/interfaces/IPool.sol
FNF:0
FNH:0
LF:0
LH:0
BRF:0
BRH:0
end_of_record
TN:
SF:/Users/jpeng/dev/huma-contracts/contracts/interfaces/IReceivable.sol
FNF:0
FNH:0
LF:0
LH:0
BRF:0
BRH:0
end_of_record
TN:
SF:/Users/jpeng/dev/huma-contracts/contracts/libraries/BaseStructs.sol
FNF:0
FNH:0
LF:0
LH:0
BRF:0
BRH:0
end_of_record
TN:
SF:/Users/jpeng/dev/huma-contracts/contracts/mock/InvoiceNFT.sol
FN:36,constructor
FN:41,getCurrentTokenId
FN:45,payOwner
FN:54,mintNFT
FN:66,setTokenURI
FN:71,getNFTIds
FN:75,getTokenIdIndex
FN:79,_afterTokenTransfer
FNF:8
FNH:5
FNDA:6,constructor
FNDA:0,getCurrentTokenId
FNDA:0,payOwner
FNDA:23,mintNFT
FNDA:0,setTokenURI
FNDA:9,getNFTIds
FNDA:20,getTokenIdIndex
FNDA:41,_afterTokenTransfer
DA:37,6
DA:38,6
DA:42,0
DA:46,0
DA:47,0
DA:49,0
DA:51,0
DA:55,23
DA:56,23
DA:58,23
DA:59,23
DA:60,23
DA:62,23
DA:63,23
DA:67,0
DA:68,0
DA:72,9
DA:76,20
DA:84,41
DA:85,18
DA:86,18
DA:87,18
DA:88,18
DA:89,18
DA:90,18
DA:91,18
DA:92,3
DA:93,3
DA:95,18
DA:99,41
DA:100,41
DA:101,41
DA:102,41
LF:33
LH:26
BRDA:37,1,0,0
BRDA:37,1,1,6
BRDA:84,2,0,18
BRDA:84,2,1,23
BRDA:86,3,0,18
BRDA:86,3,1,0
BRDA:90,4,0,18
BRDA:90,4,1,0
BRDA:91,5,0,3
BRDA:91,5,1,15
BRDA:99,6,0,41
BRDA:99,6,1,0
BRF:12
BRH:8
end_of_record
TN:
SF:/Users/jpeng/dev/huma-contracts/contracts/mock/MockBaseCreditPoolV2.sol
FN:9,changeCreditLine
FN:17,getCreditLine
FN:21,creditRecordMapping
FN:25,onlyEAServiceAccount
FNF:4
FNH:3
FNDA:1,changeCreditLine
FNDA:1,getCreditLine
FNDA:0,creditRecordMapping
FNDA:1,onlyEAServiceAccount
DA:10,1
DA:11,1
DA:13,1
DA:14,1
DA:18,1
DA:22,0
DA:26,1
DA:27,0
LF:8
LH:6
BRDA:13,1,0,0
BRDA:13,1,1,1
BRDA:26,2,0,0
BRDA:26,2,1,1
BRF:4
BRH:2
end_of_record
TN:
SF:/Users/jpeng/dev/huma-contracts/contracts/mock/TestToken.sol
FN:8,constructor
FN:12,give1000To
FN:16,give100000To
FN:20,mint
FN:24,burn
FN:28,decimals
FN:32,supportsInterface
FNF:7
FNH:6
FNDA:138,constructor
FNDA:416,give1000To
FNDA:0,give100000To
FNDA:21,mint
FNDA:3,burn
FNDA:834,decimals
FNDA:24,supportsInterface
DA:9,138
DA:13,416
DA:17,0
DA:21,21
DA:25,3
DA:29,834
DA:33,24
LF:7
LH:6
BRDA:33,1,0,3
BRDA:33,1,1,8
BRF:2
BRH:2
end_of_record
TN:
SF:/Users/jpeng/dev/huma-contracts/contracts/openzeppelin/TimelockController.sol
FNF:0
FNH:0
LF:0
LH:0
BRF:0
BRH:0
end_of_record
TN:
SF:/Users/jpeng/dev/huma-contracts/contracts/openzeppelin/TransparentUpgradeableProxy.sol
FNF:0
FNH:0
LF:0
LH:0
BRF:0
BRH:0
end_of_record
TN:
SF:/Users/jpeng/dev/huma-contracts/contracts/ReceivableFactoringPool.sol
FN:61,approveCredit
FN:92,changeCreditLine
FN:101,drawdown
FN:112,drawdownWithReceivable
FN:144,markPaymentInvalid
FN:149,onERC721Received
FN:163,onReceivedPayment
FN:177,processPaymentAfterReview
FN:196,isPaymentProcessed
FN:206,isPaymentUnderReview
FN:211,receivableInfoMapping
FN:219,receivableOwnershipMapping
FN:228,_disperseRemainingFunds
FN:233,_flagForReview
FN:242,_markPaymentInvalid
FN:247,_processReceivedPayment
FN:280,_setReceivableInfo
FN:309,_transferReceivableAsset
FN:345,_checkReceivableAssetFor
FN:364,_checkReceivableRequirement
FNF:20
FNH:20
FNDA:35,approveCredit
FNDA:6,changeCreditLine
FNDA:1,drawdown
FNDA:19,drawdownWithReceivable
FNDA:1,markPaymentInvalid
FNDA:12,onERC721Received
FNDA:11,onReceivedPayment
FNDA:5,processPaymentAfterReview
FNDA:7,isPaymentProcessed
FNDA:6,isPaymentUnderReview
FNDA:3,receivableInfoMapping
FNDA:1,receivableOwnershipMapping
FNDA:4,_disperseRemainingFunds
FNDA:3,_flagForReview
FNDA:2,_markPaymentInvalid
FNDA:12,_processReceivedPayment
FNDA:37,_setReceivableInfo
FNDA:16,_transferReceivableAsset
FNDA:6,_checkReceivableAssetFor
FNDA:40,_checkReceivableRequirement
DA:71,35
DA:73,34
DA:76,33
DA:78,32
DA:81,31
DA:93,6
DA:94,6
DA:105,1
DA:117,19
DA:118,19
DA:119,19
DA:121,18
DA:123,17
DA:125,16
DA:127,13
DA:128,13
DA:145,1
DA:146,1
DA:155,12
DA:168,11
DA:169,10
DA:178,5
DA:179,4
DA:181,4
DA:183,3
DA:184,3
DA:185,1
DA:187,2
DA:203,7
DA:207,6
DA:208,6
DA:216,3
DA:220,1
DA:229,4
DA:230,4
DA:238,3
DA:239,3
DA:243,2
DA:244,2
DA:253,12
DA:255,11
DA:257,9
DA:263,9
DA:264,6
DA:266,6
DA:269,6
DA:271,6
DA:273,3
DA:287,37
DA:293,36
DA:298,36
DA:315,16
DA:317,16
DA:319,16
DA:320,15
DA:323,13
DA:328,13
DA:329,1
DA:331,12
DA:334,2
DA:336,1
DA:351,6
DA:352,6
DA:368,40
LF:64
LH:64
BRDA:76,1,0,1
BRDA:76,1,1,32
BRDA:121,2,0,1
BRDA:121,2,1,17
BRDA:123,3,0,1
BRDA:123,3,1,16
BRDA:181,4,0,1
BRDA:181,4,1,3
BRDA:184,5,0,1
BRDA:184,5,1,2
BRDA:255,6,0,2
BRDA:255,6,1,9
BRDA:263,7,0,6
BRDA:263,7,1,3
BRDA:266,8,0,4
BRDA:266,8,1,2
BRDA:269,9,0,5
BRDA:269,9,1,1
BRDA:287,10,0,1
BRDA:287,10,1,36
BRDA:319,11,0,1
BRDA:319,11,1,15
BRDA:320,12,0,13
BRDA:320,12,1,2
BRDA:328,13,0,1
BRDA:328,13,1,12
BRDA:334,14,0,1
BRDA:334,14,1,1
BRDA:368,15,0,1
BRDA:368,15,1,39
BRF:30
BRH:30
end_of_record
TN:
SF:/Users/jpeng/dev/huma-contracts/contracts/ReceivableFactoringPoolStorage.sol
FNF:0
FNH:0
LF:0
LH:0
BRF:0
BRH:0
end_of_record
