TN:
SF:/Users/richard/Huma/huma-contracts/contracts/BaseCreditPool.sol
FN:129,approveCredit
FN:160,changeCreditLine
FN:200,drawdown
FN:216,extendCreditLineDuration
FN:243,makePayment
FN:265,refreshAccount
FN:283,requestCredit
FN:305,triggerDefault
FN:336,creditRecordMapping
FN:340,creditRecordStaticMapping
FN:348,isApproved
FN:356,isDefaultReady
FN:372,isLate
FN:381,_approveCredit
FN:411,_checkDrawdownEligibility
FN:439,_drawdown
FN:511,_initiateCredit
FN:582,_makePayment
FN:728,_recoverDefaultedAmount
FN:751,_maxCreditLineCheck
FN:768,_updateDueInfo
FN:837,_getCreditRecord
FN:842,_getCreditRecordStatic
FN:851,onlyPDSServiceAccount
FN:857,onlyEAServiceAccount
FNF:25
FNH:25
FNDA:39,approveCredit
FNDA:14,changeCreditLine
FNDA:51,drawdown
FNDA:1,extendCreditLineDuration
FNDA:37,makePayment
FNDA:11,refreshAccount
FNDA:51,requestCredit
FNDA:13,triggerDefault
FNDA:78,creditRecordMapping
FNDA:64,creditRecordStaticMapping
FNDA:3,isApproved
FNDA:22,isDefaultReady
FNDA:6,isLate
FNDA:64,_approveCredit
FNDA:66,_checkDrawdownEligibility
FNDA:55,_drawdown
FNDA:79,_initiateCredit
FNDA:40,_makePayment
FNDA:5,_recoverDefaultedAmount
FNDA:125,_maxCreditLineCheck
FNDA:84,_updateDueInfo
FNDA:247,_getCreditRecord
FNDA:123,_getCreditRecordStatic
FNDA:8,onlyPDSServiceAccount
FNDA:76,onlyEAServiceAccount
DA:136,39
DA:137,39
DA:138,39
DA:139,39
DA:140,39
DA:141,39
DA:142,39
DA:143,39
DA:145,39
DA:146,39
DA:147,39
DA:149,39
DA:161,14
DA:163,13
DA:165,12
DA:168,12
DA:170,8
DA:171,1
DA:174,9
DA:177,9
DA:179,5
DA:182,5
DA:183,4
DA:184,4
DA:190,5
DA:192,9
DA:201,51
DA:203,51
DA:204,50
DA:206,50
DA:207,45
DA:208,39
DA:221,1
DA:225,1
DA:226,1
DA:227,1
DA:249,37
DA:251,37
DA:271,11
DA:272,10
DA:289,51
DA:306,13
DA:309,13
DA:311,13
DA:313,12
DA:314,5
DA:320,12
DA:323,5
DA:325,5
DA:327,5
DA:329,5
DA:331,5
DA:333,5
DA:337,78
DA:345,64
DA:349,3
DA:357,22
DA:358,22
DA:373,6
DA:393,64
DA:394,64
DA:396,64
DA:398,64
DA:416,66
DA:418,64
DA:419,2
DA:426,51
DA:427,1
DA:429,50
DA:430,1
DA:444,55
DA:447,45
DA:451,45
DA:454,45
DA:458,10
DA:459,4
DA:460,4
DA:461,1
DA:464,9
DA:475,7
DA:479,5
DA:489,5
DA:492,50
DA:494,50
DA:498,49
DA:501,49
DA:503,49
DA:519,79
DA:521,78
DA:523,74
DA:525,74
DA:528,4
DA:529,4
DA:530,3
DA:531,3
DA:532,3
DA:538,1
DA:543,73
DA:545,71
DA:552,71
DA:553,71
DA:555,71
DA:556,25
DA:557,25
DA:560,71
DA:562,71
DA:587,40
DA:589,38
DA:591,37
DA:593,37
DA:598,3
DA:601,34
DA:604,10
DA:609,34
DA:615,34
DA:621,34
DA:624,34
DA:626,34
DA:627,18
DA:628,4
DA:629,4
DA:631,4
DA:632,2
DA:634,2
DA:635,2
DA:638,14
DA:641,14
DA:643,14
DA:644,14
DA:645,14
DA:646,14
DA:649,14
DA:653,18
DA:655,16
DA:668,18
DA:669,3
DA:672,16
DA:673,16
DA:675,16
DA:676,2
DA:686,14
DA:687,14
DA:691,16
DA:692,16
DA:693,16
DA:694,16
DA:695,16
DA:698,16
DA:699,5
DA:700,5
DA:704,34
DA:706,34
DA:708,31
DA:709,31
DA:720,34
DA:729,5
DA:731,5
DA:732,4
DA:733,4
DA:734,2
DA:736,2
DA:737,2
DA:739,4
DA:740,4
DA:741,4
DA:746,1
DA:752,125
DA:753,3
DA:773,84
DA:774,84
DA:775,84
DA:780,84
DA:781,84
DA:782,84
DA:790,84
DA:791,79
DA:793,79
DA:794,78
DA:795,6
DA:797,78
DA:801,79
DA:802,29
DA:809,50
DA:816,79
DA:817,56
DA:819,23
DA:823,79
DA:826,79
DA:827,17
DA:830,79
DA:832,79
DA:838,247
DA:847,123
DA:852,8
DA:853,1
DA:858,76
DA:859,3
LF:197
LH:197
BRDA:168,1,0,4
BRDA:168,1,1,8
BRDA:170,2,0,1
BRDA:170,2,1,7
BRDA:177,3,0,5
BRDA:177,3,1,4
BRDA:182,4,0,4
BRDA:182,4,1,1
BRDA:203,5,0,1
BRDA:203,5,1,50
BRDA:249,6,0,1
BRDA:249,6,1,36
BRDA:271,7,0,10
BRDA:271,7,1,1
BRDA:272,8,0,1
BRDA:272,8,1,9
BRDA:311,9,0,1
BRDA:311,9,1,12
BRDA:313,10,0,5
BRDA:313,10,1,7
BRDA:320,11,0,7
BRDA:320,11,1,5
BRDA:349,12,0,2
BRDA:349,12,1,1
BRDA:361,13,0,6
BRDA:361,13,1,16
BRDA:375,14,0,1
BRDA:375,14,1,1
BRDA:377,15,0,2
BRDA:377,15,1,4
BRDA:394,16,0,5
BRDA:394,16,1,59
BRDA:418,17,0,2
BRDA:418,17,1,62
BRDA:420,18,0,51
BRDA:420,18,1,11
BRDA:426,19,0,1
BRDA:426,19,1,50
BRDA:429,20,0,1
BRDA:429,20,1,49
BRDA:444,21,0,45
BRDA:444,21,1,10
BRDA:458,22,0,4
BRDA:458,22,1,6
BRDA:460,23,0,1
BRDA:460,23,1,3
BRDA:464,24,0,2
BRDA:464,24,1,7
BRDA:475,25,0,2
BRDA:475,25,1,5
BRDA:498,26,0,49
BRDA:498,26,1,0
BRDA:519,27,0,1
BRDA:519,27,1,78
BRDA:525,28,0,4
BRDA:525,28,1,70
BRDA:529,29,0,3
BRDA:529,29,1,1
BRDA:555,30,0,25
BRDA:555,30,1,46
BRDA:589,31,0,1
BRDA:589,31,1,37
BRDA:593,32,0,3
BRDA:593,32,1,34
BRDA:594,33,0,1
BRDA:594,33,1,1
BRDA:594,34,0,1
BRDA:594,34,1,1
BRDA:601,35,0,10
BRDA:601,35,1,24
BRDA:626,36,0,18
BRDA:626,36,1,16
BRDA:627,37,0,4
BRDA:627,37,1,14
BRDA:631,38,0,2
BRDA:631,38,1,2
BRDA:649,39,0,1
BRDA:649,39,1,13
BRDA:653,40,0,16
BRDA:653,40,1,2
BRDA:668,41,0,3
BRDA:668,41,1,15
BRDA:675,42,0,2
BRDA:675,42,1,14
BRDA:687,43,0,1
BRDA:687,43,1,13
BRDA:688,44,0,12
BRDA:688,44,1,1
BRDA:698,45,0,5
BRDA:698,45,1,11
BRDA:706,46,0,31
BRDA:706,46,1,3
BRDA:731,47,0,4
BRDA:731,47,1,1
BRDA:733,48,0,2
BRDA:733,48,1,2
BRDA:752,49,0,3
BRDA:752,49,1,122
BRDA:774,50,0,45
BRDA:774,50,1,39
BRDA:775,51,0,20
BRDA:775,51,1,64
BRDA:790,52,0,79
BRDA:790,52,1,5
BRDA:793,53,0,78
BRDA:793,53,1,1
BRDA:794,54,0,6
BRDA:794,54,1,72
BRDA:797,55,0,56
BRDA:797,55,1,22
BRDA:798,56,0,1
BRDA:798,56,1,21
BRDA:801,57,0,29
BRDA:801,57,1,50
BRDA:816,58,0,56
BRDA:816,58,1,23
BRDA:823,59,0,17
BRDA:823,59,1,62
BRDA:826,60,0,17
BRDA:826,60,1,62
BRDA:827,61,0,16
BRDA:827,61,1,1
BRDA:852,62,0,1
BRDA:852,62,1,7
BRDA:858,63,0,3
BRDA:858,63,1,73
BRF:126
BRH:125
end_of_record
TN:
SF:/Users/richard/Huma/huma-contracts/contracts/BaseCreditPoolStorage.sol
FNF:0
FNH:0
LF:0
LH:0
BRF:0
BRH:0
end_of_record
TN:
SF:/Users/richard/Huma/huma-contracts/contracts/BaseFeeManager.sol
FN:67,setFees
FN:92,setMinPrincipalRateInBps
FN:109,calcCorrection
FN:125,calcFrontLoadingFee
FN:145,calcLateFee
FN:163,distBorrowingAmount
FN:200,getDueInfo
FN:319,getFees
FNF:8
FNH:8
FNDA:88,setFees
FNDA:144,setMinPrincipalRateInBps
FNDA:55,calcCorrection
FNDA:50,calcFrontLoadingFee
FNDA:60,calcLateFee
FNDA:50,distBorrowingAmount
FNDA:121,getDueInfo
FNDA:3,getFees
DA:68,88
DA:69,88
DA:70,88
DA:71,88
DA:72,88
DA:73,88
DA:94,144
DA:95,143
DA:96,143
DA:115,55
DA:117,55
DA:132,50
DA:133,50
DA:134,50
DA:150,60
DA:151,59
DA:152,59
DA:169,50
DA:171,50
DA:173,49
DA:175,49
DA:217,121
DA:218,20
DA:223,101
DA:224,51
DA:230,51
DA:232,50
DA:245,101
DA:246,101
DA:248,101
DA:250,143
DA:251,60
DA:258,143
DA:261,143
DA:265,143
DA:266,16
DA:267,16
DA:268,12
DA:273,12
DA:274,12
DA:276,16
DA:280,143
DA:289,143
DA:291,143
DA:292,143
DA:293,143
DA:294,143
DA:298,101
DA:299,25
DA:300,25
DA:303,101
DA:332,3
LF:52
LH:52
BRDA:67,1,0,88
BRDA:67,1,1,1
BRDA:92,2,0,144
BRDA:92,2,1,1
BRDA:94,3,0,1
BRDA:94,3,1,143
BRDA:133,4,0,50
BRDA:133,4,1,0
BRDA:150,5,0,59
BRDA:150,5,1,1
BRDA:152,6,0,59
BRDA:152,6,1,0
BRDA:171,7,0,1
BRDA:171,7,1,49
BRDA:217,8,0,20
BRDA:217,8,1,101
BRDA:223,9,0,51
BRDA:223,9,1,50
BRDA:250,10,0,60
BRDA:250,10,1,83
BRDA:265,11,0,16
BRDA:265,11,1,127
BRDA:267,12,0,12
BRDA:267,12,1,4
BRDA:298,13,0,25
BRDA:298,13,1,76
BRF:26
BRH:24
end_of_record
TN:
SF:/Users/richard/Huma/huma-contracts/contracts/BasePool.sol
FN:47,constructor
FN:51,initialize
FN:69,deposit
FN:78,makeInitialDeposit
FN:91,withdraw
FN:117,withdrawAll
FN:121,_deposit
FN:139,distributeIncome
FN:154,distributeLosses
FN:169,reverseIncome
FN:184,addApprovedLender
FN:193,disablePool
FN:202,enablePool
FN:215,removeApprovedLender
FN:224,setPoolConfig
FN:247,updateCoreData
FN:256,getCoreData
FN:273,isApprovedLender
FN:278,isPoolOn
FN:284,lastDepositTime
FN:289,poolConfig
FN:294,totalPoolValue
FN:302,_safeApproveForPoolConfig
FN:313,_updateCoreData
FN:336,_protocolAndPoolOn
FN:342,_onlyApprovedLender
FN:347,_onlyOwnerOrHumaMasterAdmin
FN:352,_onlyPoolOperator
FNF:28
FNH:28
FNDA:405,constructor
FNDA:131,initialize
FNDA:140,deposit
FNDA:262,makeInitialDeposit
FNDA:11,withdraw
FNDA:1,withdrawAll
FNDA:400,_deposit
FNDA:109,distributeIncome
FNDA:5,distributeLosses
FNDA:13,reverseIncome
FNDA:397,addApprovedLender
FNDA:4,disablePool
FNDA:131,enablePool
FNDA:3,removeApprovedLender
FNDA:4,setPoolConfig
FNDA:3,updateCoreData
FNDA:2,getCoreData
FNDA:2,isApprovedLender
FNDA:133,isPoolOn
FNDA:2,lastDepositTime
FNDA:2,poolConfig
FNDA:733,totalPoolValue
FNDA:135,_safeApproveForPoolConfig
FNDA:133,_updateCoreData
FNDA:409,_protocolAndPoolOn
FNDA:399,_onlyApprovedLender
FNDA:142,_onlyOwnerOrHumaMasterAdmin
FNDA:400,_onlyPoolOperator
DA:48,405
DA:52,131
DA:53,131
DA:56,131
DA:59,131
DA:70,140
DA:71,138
DA:79,262
DA:80,262
DA:92,11
DA:93,10
DA:94,9
DA:99,8
DA:100,8
DA:102,7
DA:103,7
DA:104,7
DA:106,7
DA:107,3
DA:109,2
DA:111,5
DA:118,1
DA:122,400
DA:123,399
DA:125,397
DA:126,1
DA:128,396
DA:129,396
DA:130,396
DA:131,396
DA:133,396
DA:140,109
DA:141,109
DA:155,5
DA:157,5
DA:170,13
DA:171,13
DA:185,397
DA:186,396
DA:187,396
DA:194,4
DA:195,4
DA:196,4
DA:203,131
DA:205,131
DA:207,131
DA:208,131
DA:216,3
DA:217,2
DA:218,2
DA:225,4
DA:226,3
DA:227,3
DA:230,2
DA:232,2
DA:233,2
DA:235,2
DA:238,2
DA:240,2
DA:248,3
DA:249,2
DA:266,2
DA:267,2
DA:268,2
DA:269,2
DA:274,2
DA:279,133
DA:285,2
DA:290,2
DA:295,733
DA:303,135
DA:304,135
DA:307,135
DA:308,135
DA:314,133
DA:320,133
DA:321,133
DA:322,133
DA:323,133
DA:325,133
DA:337,409
DA:338,400
DA:343,399
DA:348,142
DA:353,400
LF:85
LH:85
BRDA:51,1,0,131
BRDA:51,1,1,1
BRDA:93,2,0,1
BRDA:93,2,1,9
BRDA:94,3,0,1
BRDA:94,3,1,8
BRDA:100,4,0,1
BRDA:100,4,1,7
BRDA:106,5,0,3
BRDA:106,5,1,4
BRDA:108,6,0,2
BRDA:108,6,1,2
BRDA:122,7,0,1
BRDA:122,7,1,399
BRDA:125,8,0,1
BRDA:125,8,1,396
BRDA:155,9,0,5
BRDA:155,9,1,0
BRDA:171,10,0,13
BRDA:171,10,1,0
BRDA:227,11,0,1
BRDA:227,11,1,2
BRDA:279,12,0,2
BRDA:279,12,1,131
BRDA:307,13,0,135
BRDA:307,13,1,0
BRDA:307,14,0,2
BRDA:307,14,1,133
BRDA:337,15,0,9
BRDA:337,15,1,400
BRDA:338,16,0,4
BRDA:338,16,1,396
BRDA:343,17,0,2
BRDA:343,17,1,397
BRDA:353,18,0,2
BRDA:353,18,1,398
BRF:36
BRH:33
end_of_record
TN:
SF:/Users/richard/Huma/huma-contracts/contracts/BasePoolConfig.sol
FN:148,initialize
FN:188,addPoolOperator
FN:197,distributeIncome
FN:220,reverseIncome
FN:247,setAPR
FN:254,setCreditApprovalExpiration
FN:260,setEARewardsAndLiquidity
FN:274,setEvaluationAgent
FN:304,setFeeManager
FN:311,setHumaConfig
FN:322,setMaxCreditLine
FN:329,setPool
FN:340,setPoolDefaultGracePeriod
FN:350,setPoolLiquidityCap
FN:357,setPoolOwnerRewardsAndLiquidity
FN:367,setPoolPayPeriod
FN:377,setPoolName
FN:383,setPoolOwnerTreasury
FN:390,setPoolToken
FN:405,setReceivableRequiredInBps
FN:416,setWithdrawalLockoutPeriod
FN:422,withdrawEAFee
FN:432,withdrawPoolOwnerFee
FN:442,withdrawProtocolFee
FN:456,accruedIncome
FN:478,checkLiquidityRequirementForPoolOwner
FN:486,checkLiquidityRequirementForEA
FN:494,checkLiquidityRequirement
FN:499,creditApprovalExpirationInSeconds
FN:503,getCoreData
FN:526,getPoolSummary
FN:557,isPoolOwnerOrEA
FN:562,isOperator
FN:566,maxCreditLine
FN:570,onlyPoolOwnerTreasury
FN:575,onlyPoolOwnerOrEA
FN:579,payPeriodInDays
FN:583,poolAprInBps
FN:587,poolDefaultGracePeriodInSeconds
FN:591,poolLiquidityCap
FN:595,receivableRequiredInBps
FN:606,removePoolOperator
FN:615,rewardsAndLiquidityRateForEA
FN:623,rewardsAndLiquidityRateForPoolOwner
FN:634,withdrawalLockoutPeriodInSeconds
FN:640,onlyOwnerOrHumaMasterAdmin
FN:646,_withdrawEAFee
FN:658,_onlyOwnerOrHumaMasterAdmin
FNF:48
FNH:48
FNDA:140,initialize
FNDA:135,addPoolOperator
FNDA:110,distributeIncome
FNDA:14,reverseIncome
FNDA:189,setAPR
FNDA:7,setCreditApprovalExpiration
FNDA:167,setEARewardsAndLiquidity
FNDA:136,setEvaluationAgent
FNDA:4,setFeeManager
FNDA:4,setHumaConfig
FNDA:164,setMaxCreditLine
FNDA:131,setPool
FNDA:91,setPoolDefaultGracePeriod
FNDA:133,setPoolLiquidityCap
FNDA:167,setPoolOwnerRewardsAndLiquidity
FNDA:4,setPoolPayPeriod
FNDA:2,setPoolName
FNDA:134,setPoolOwnerTreasury
FNDA:3,setPoolToken
FNDA:34,setReceivableRequiredInBps
FNDA:87,setWithdrawalLockoutPeriod
FNDA:4,withdrawEAFee
FNDA:4,withdrawPoolOwnerFee
FNDA:4,withdrawProtocolFee
FNDA:31,accruedIncome
FNDA:133,checkLiquidityRequirementForPoolOwner
FNDA:136,checkLiquidityRequirementForEA
FNDA:131,checkLiquidityRequirement
FNDA:64,creditApprovalExpirationInSeconds
FNDA:133,getCoreData
FNDA:134,getPoolSummary
FNDA:266,isPoolOwnerOrEA
FNDA:405,isOperator
FNDA:126,maxCreditLine
FNDA:4,onlyPoolOwnerTreasury
FNDA:4,onlyPoolOwnerOrEA
FNDA:2,payPeriodInDays
FNDA:52,poolAprInBps
FNDA:26,poolDefaultGracePeriodInSeconds
FNDA:398,poolLiquidityCap
FNDA:37,receivableRequiredInBps
FNDA:3,removePoolOperator
FNDA:1,rewardsAndLiquidityRateForEA
FNDA:1,rewardsAndLiquidityRateForPoolOwner
FNDA:13,withdrawalLockoutPeriodInSeconds
FNDA:1600,onlyOwnerOrHumaMasterAdmin
FNDA:2,_withdrawEAFee
FNDA:1456,_onlyOwnerOrHumaMasterAdmin
DA:149,140
DA:150,140
DA:151,139
DA:152,138
DA:153,137
DA:155,137
DA:157,137
DA:158,137
DA:159,1
DA:160,136
DA:162,136
DA:164,136
DA:165,136
DA:172,136
DA:173,136
DA:174,136
DA:175,136
DA:176,136
DA:177,136
DA:178,136
DA:189,135
DA:190,134
DA:192,133
DA:194,133
DA:198,110
DA:199,1
DA:202,109
DA:203,109
DA:205,109
DA:207,109
DA:209,109
DA:211,109
DA:213,109
DA:215,109
DA:217,109
DA:221,14
DA:222,1
DA:225,13
DA:226,13
DA:228,13
DA:230,13
DA:232,13
DA:234,13
DA:236,13
DA:238,13
DA:240,13
DA:248,189
DA:249,189
DA:250,188
DA:251,188
DA:255,7
DA:256,6
DA:257,6
DA:261,167
DA:263,166
DA:264,2
DA:265,164
DA:266,164
DA:267,164
DA:275,136
DA:276,135
DA:278,134
DA:279,1
DA:282,133
DA:283,2
DA:290,132
DA:291,132
DA:292,132
DA:294,132
DA:295,1
DA:296,1
DA:297,1
DA:301,132
DA:305,4
DA:306,3
DA:307,2
DA:308,2
DA:312,4
DA:313,3
DA:314,2
DA:315,2
DA:323,164
DA:324,164
DA:325,163
DA:326,163
DA:330,131
DA:331,131
DA:332,131
DA:333,131
DA:341,91
DA:342,91
DA:343,91
DA:351,133
DA:352,133
DA:353,132
DA:354,132
DA:358,167
DA:359,166
DA:360,2
DA:362,164
DA:363,164
DA:364,164
DA:368,4
DA:369,3
DA:370,2
DA:371,2
DA:378,2
DA:379,1
DA:380,1
DA:384,134
DA:385,133
DA:386,132
DA:387,132
DA:391,3
DA:392,2
DA:393,1
DA:394,1
DA:395,1
DA:396,1
DA:406,34
DA:408,34
DA:409,34
DA:417,87
DA:418,87
DA:419,87
DA:424,4
DA:425,3
DA:426,3
DA:427,2
DA:429,1
DA:433,4
DA:434,3
DA:435,3
DA:436,2
DA:437,1
DA:438,1
DA:439,1
DA:443,4
DA:444,3
DA:445,2
DA:446,1
DA:447,1
DA:451,1
DA:452,1
DA:453,1
DA:468,31
DA:479,133
DA:487,136
DA:495,131
DA:496,131
DA:500,64
DA:513,133
DA:514,133
DA:515,133
DA:516,133
DA:542,134
DA:543,134
DA:558,266
DA:563,405
DA:567,126
DA:571,4
DA:576,4
DA:580,2
DA:584,52
DA:588,26
DA:592,398
DA:596,37
DA:607,3
DA:608,2
DA:610,1
DA:612,1
DA:620,1
DA:628,1
DA:635,13
DA:641,1600
DA:642,12
DA:651,2
DA:652,2
DA:654,2
DA:659,1456
LF:180
LH:180
BRDA:148,1,0,141
BRDA:148,1,1,1
BRDA:148,2,0,140
BRDA:148,2,1,1
BRDA:150,3,0,1
BRDA:150,3,1,139
BRDA:151,4,0,1
BRDA:151,4,1,138
BRDA:152,5,0,1
BRDA:152,5,1,137
BRDA:158,6,0,1
BRDA:158,6,1,136
BRDA:188,7,0,135
BRDA:188,7,1,1
BRDA:189,8,0,1
BRDA:189,8,1,134
BRDA:190,9,0,1
BRDA:190,9,1,133
BRDA:198,10,0,1
BRDA:198,10,1,109
BRDA:221,11,0,1
BRDA:221,11,1,13
BRDA:249,12,0,1
BRDA:249,12,1,188
BRDA:263,13,0,2
BRDA:263,13,1,164
BRDA:263,14,0,1
BRDA:263,14,1,1
BRDA:275,15,0,1
BRDA:275,15,1,135
BRDA:278,16,0,1
BRDA:278,16,1,133
BRDA:282,17,0,2
BRDA:282,17,1,131
BRDA:294,18,0,1
BRDA:294,18,1,131
BRDA:296,19,0,1
BRDA:296,19,1,0
BRDA:306,20,0,1
BRDA:306,20,1,2
BRDA:313,21,0,1
BRDA:313,21,1,2
BRDA:324,22,0,1
BRDA:324,22,1,163
BRDA:331,23,0,0
BRDA:331,23,1,131
BRDA:352,24,0,1
BRDA:352,24,1,132
BRDA:359,25,0,2
BRDA:359,25,1,164
BRDA:359,26,0,1
BRDA:359,26,1,1
BRDA:369,27,0,1
BRDA:369,27,1,2
BRDA:385,28,0,1
BRDA:385,28,1,132
BRDA:392,29,0,1
BRDA:392,29,1,1
BRDA:425,30,0,0
BRDA:425,30,1,3
BRDA:426,31,0,2
BRDA:426,31,1,1
BRDA:434,32,0,0
BRDA:434,32,1,3
BRDA:435,33,0,2
BRDA:435,33,1,1
BRDA:443,34,0,1
BRDA:443,34,1,3
BRDA:444,35,0,2
BRDA:444,35,1,1
BRDA:479,36,0,1
BRDA:479,36,1,132
BRDA:487,37,0,2
BRDA:487,37,1,134
BRDA:558,38,0,0
BRDA:558,38,1,134
BRDA:571,39,0,1
BRDA:571,39,1,3
BRDA:576,40,0,1
BRDA:576,40,1,3
BRDA:606,41,0,3
BRDA:606,41,1,2
BRDA:607,42,0,1
BRDA:607,42,1,2
BRDA:608,43,0,1
BRDA:608,43,1,1
BRDA:641,44,0,12
BRDA:641,44,1,1588
BRF:88
BRH:83
end_of_record
TN:
SF:/Users/richard/Huma/huma-contracts/contracts/BasePoolStorage.sol
FNF:0
FNH:0
LF:0
LH:0
BRF:0
BRH:0
end_of_record
TN:
SF:/Users/richard/Huma/huma-contracts/contracts/Errors.sol
FNF:0
FNH:0
LF:0
LH:0
BRF:0
BRH:0
end_of_record
TN:
SF:/Users/richard/Huma/huma-contracts/contracts/EvaluationAgentNFT.sol
FN:17,constructor
FN:19,mintNFT
FN:29,burn
FN:36,transferFrom
FN:44,safeTransferFrom
FN:52,safeTransferFrom
FN:61,setTokenURI
FNF:7
FNH:7
FNDA:138,constructor
FNDA:135,mintNFT
FNDA:2,burn
FNDA:1,transferFrom
FNDA:1,safeTransferFrom
FNDA:1,safeTransferFrom
FNDA:1,setTokenURI
DA:20,135
DA:22,135
DA:23,135
DA:25,135
DA:26,135
DA:30,2
DA:31,1
DA:32,1
DA:33,1
DA:62,1
DA:63,1
LF:11
LH:11
BRDA:30,1,0,1
BRDA:30,1,1,1
BRDA:61,2,0,1
BRDA:61,2,1,2
BRF:4
BRH:4
end_of_record
TN:
SF:/Users/richard/Huma/huma-contracts/contracts/HDT/HDT.sol
FN:18,constructor
FN:31,initialize
FN:46,setPool
FN:51,decimals
FN:58,totalAssets
FN:70,mintAmount
FN:86,burnAmount
FN:94,convertToShares
FN:101,convertToAssets
FN:113,withdrawableFundsOf
FN:126,assetToken
FN:133,pool
FN:140,onlyPool
FNF:13
FNH:13
FNDA:396,constructor
FNDA:132,initialize
FNDA:132,setPool
FNDA:1,decimals
FNDA:716,totalAssets
FNDA:396,mintAmount
FNDA:7,burnAmount
FNDA:403,convertToShares
FNDA:313,convertToAssets
FNDA:313,withdrawableFundsOf
FNDA:139,assetToken
FNDA:2,pool
FNDA:403,onlyPool
DA:19,396
DA:32,132
DA:33,132
DA:35,132
DA:37,132
DA:39,132
DA:47,132
DA:48,132
DA:52,1
DA:59,716
DA:73,396
DA:74,396
DA:75,396
DA:89,7
DA:90,7
DA:91,7
DA:95,403
DA:96,403
DA:98,403
DA:102,313
DA:103,313
DA:105,313
DA:120,313
DA:127,139
DA:134,2
DA:141,403
DA:142,403
LF:27
LH:27
BRDA:31,1,0,132
BRDA:31,1,1,0
BRDA:32,2,0,0
BRDA:32,2,1,132
BRDA:46,3,0,132
BRDA:46,3,1,0
BRDA:70,4,0,396
BRDA:70,4,1,0
BRDA:74,5,0,0
BRDA:74,5,1,396
BRDA:86,6,0,7
BRDA:86,6,1,0
BRDA:90,7,0,0
BRDA:90,7,1,7
BRDA:98,8,0,131
BRDA:98,8,1,272
BRDA:105,9,0,0
BRDA:105,9,1,313
BRDA:141,10,0,0
BRDA:141,10,1,403
BRF:20
BRH:11
end_of_record
TN:
SF:/Users/richard/Huma/huma-contracts/contracts/HDT/HDTStorage.sol
FNF:0
FNH:0
LF:0
LH:0
BRF:0
BRH:0
end_of_record
TN:
SF:/Users/richard/Huma/huma-contracts/contracts/HDT/interfaces/IHDT.sol
FNF:0
FNH:0
LF:0
LH:0
BRF:0
BRH:0
end_of_record
TN:
SF:/Users/richard/Huma/huma-contracts/contracts/HumaConfig.sol
FN:84,onlyPausers
FN:95,constructor
FN:110,addPauser
FN:126,addPoolAdmin
FN:139,pause
FN:150,removePauser
FN:166,removePoolAdmin
FN:178,setEANFTContractAddress
FN:188,setEAServiceAccount
FN:200,setHumaTreasury
FN:215,setLiquidityAsset
FN:229,setPDSServiceAccount
FN:241,setProtocolDefaultGracePeriod
FN:254,setTreasuryFee
FN:264,unpause
FN:269,isAssetValid
FN:274,isPauser
FN:279,isPoolAdmin
FNF:18
FNH:18
FNDA:14,onlyPausers
FNDA:135,constructor
FNDA:92,addPauser
FNDA:4,addPoolAdmin
FNDA:12,pause
FNDA:3,removePauser
FNDA:3,removePoolAdmin
FNDA:46,setEANFTContractAddress
FNDA:46,setEAServiceAccount
FNDA:47,setHumaTreasury
FNDA:48,setLiquidityAsset
FNDA:46,setPDSServiceAccount
FNDA:3,setProtocolDefaultGracePeriod
FNDA:77,setTreasuryFee
FNDA:12,unpause
FNDA:139,isAssetValid
FNDA:5,isPauser
FNDA:3,isPoolAdmin
DA:85,14
DA:86,12
DA:96,135
DA:98,135
DA:100,135
DA:111,92
DA:112,91
DA:114,90
DA:116,90
DA:127,4
DA:128,3
DA:130,2
DA:132,2
DA:140,12
DA:151,3
DA:152,2
DA:154,1
DA:156,1
DA:167,3
DA:168,2
DA:170,1
DA:172,1
DA:179,46
DA:180,45
DA:181,45
DA:189,46
DA:190,45
DA:191,45
DA:201,47
DA:202,46
DA:203,45
DA:204,45
DA:216,48
DA:217,46
DA:218,46
DA:220,2
DA:221,2
DA:230,46
DA:231,45
DA:232,45
DA:242,3
DA:243,2
DA:244,1
DA:245,1
DA:255,77
DA:256,76
DA:257,76
DA:258,76
DA:265,12
DA:270,139
DA:275,5
DA:280,3
LF:52
LH:52
BRDA:85,1,0,2
BRDA:85,1,1,12
BRDA:110,2,0,92
BRDA:110,2,1,1
BRDA:111,3,0,1
BRDA:111,3,1,91
BRDA:112,4,0,1
BRDA:112,4,1,90
BRDA:126,5,0,4
BRDA:126,5,1,1
BRDA:127,6,0,1
BRDA:127,6,1,3
BRDA:128,7,0,1
BRDA:128,7,1,2
BRDA:139,8,0,12
BRDA:139,8,1,2
BRDA:150,9,0,3
BRDA:150,9,1,2
BRDA:151,10,0,1
BRDA:151,10,1,2
BRDA:152,11,0,1
BRDA:152,11,1,1
BRDA:166,12,0,3
BRDA:166,12,1,2
BRDA:167,13,0,1
BRDA:167,13,1,2
BRDA:168,14,0,1
BRDA:168,14,1,1
BRDA:178,15,0,46
BRDA:178,15,1,1
BRDA:179,16,0,1
BRDA:179,16,1,45
BRDA:188,17,0,46
BRDA:188,17,1,1
BRDA:189,18,0,1
BRDA:189,18,1,45
BRDA:200,19,0,47
BRDA:200,19,1,1
BRDA:201,20,0,1
BRDA:201,20,1,46
BRDA:202,21,0,45
BRDA:202,21,1,1
BRDA:215,22,0,48
BRDA:215,22,1,1
BRDA:216,23,0,46
BRDA:216,23,1,2
BRDA:229,24,0,46
BRDA:229,24,1,1
BRDA:230,25,0,1
BRDA:230,25,1,45
BRDA:241,26,0,3
BRDA:241,26,1,2
BRDA:242,27,0,2
BRDA:242,27,1,1
BRDA:254,28,0,77
BRDA:254,28,1,2
BRDA:255,29,0,1
BRDA:255,29,1,76
BRDA:264,30,0,12
BRDA:264,30,1,1
BRF:60
BRH:60
end_of_record
TN:
SF:/Users/richard/Huma/huma-contracts/contracts/interfaces/ICredit.sol
FNF:0
FNH:0
LF:0
LH:0
BRF:0
BRH:0
end_of_record
TN:
SF:/Users/richard/Huma/huma-contracts/contracts/interfaces/IFeeManager.sol
FNF:0
FNH:0
LF:0
LH:0
BRF:0
BRH:0
end_of_record
TN:
SF:/Users/richard/Huma/huma-contracts/contracts/interfaces/ILiquidityProvider.sol
FNF:0
FNH:0
LF:0
LH:0
BRF:0
BRH:0
end_of_record
TN:
SF:/Users/richard/Huma/huma-contracts/contracts/interfaces/IPool.sol
FNF:0
FNH:0
LF:0
LH:0
BRF:0
BRH:0
end_of_record
TN:
SF:/Users/richard/Huma/huma-contracts/contracts/interfaces/IReceivable.sol
FNF:0
FNH:0
LF:0
LH:0
BRF:0
BRH:0
end_of_record
TN:
SF:/Users/richard/Huma/huma-contracts/contracts/libraries/BaseStructs.sol
FNF:0
FNH:0
LF:0
LH:0
BRF:0
BRH:0
end_of_record
TN:
SF:/Users/richard/Huma/huma-contracts/contracts/mock/InvoiceNFT.sol
FN:36,constructor
FN:41,getCurrentTokenId
FN:45,payOwner
FN:54,mintNFT
FN:66,setTokenURI
FN:71,getNFTIds
FN:75,getTokenIdIndex
FN:79,_afterTokenTransfer
FNF:8
FNH:5
FNDA:6,constructor
FNDA:0,getCurrentTokenId
FNDA:0,payOwner
FNDA:20,mintNFT
FNDA:0,setTokenURI
FNDA:9,getNFTIds
FNDA:20,getTokenIdIndex
FNDA:35,_afterTokenTransfer
DA:37,6
DA:38,6
DA:42,0
DA:46,0
DA:47,0
DA:49,0
DA:51,0
DA:55,20
DA:56,20
DA:58,20
DA:59,20
DA:60,20
DA:62,20
DA:63,20
DA:67,0
DA:68,0
DA:72,9
DA:76,20
DA:84,35
DA:85,15
DA:86,15
DA:87,15
DA:88,15
DA:89,15
DA:90,15
DA:91,15
DA:92,3
DA:93,3
DA:95,15
DA:99,35
DA:100,35
DA:101,35
DA:102,35
LF:33
LH:26
BRDA:37,1,0,0
BRDA:37,1,1,6
BRDA:84,2,0,15
BRDA:84,2,1,20
BRDA:86,3,0,15
BRDA:86,3,1,0
BRDA:90,4,0,15
BRDA:90,4,1,0
BRDA:91,5,0,3
BRDA:91,5,1,12
BRDA:99,6,0,35
BRDA:99,6,1,0
BRF:12
BRH:8
end_of_record
TN:
SF:/Users/richard/Huma/huma-contracts/contracts/mock/MockBaseCreditPoolV2.sol
FN:9,changeCreditLine
FN:17,getCreditLine
FN:21,creditRecordMapping
FN:25,onlyEAServiceAccount
FNF:4
FNH:3
FNDA:1,changeCreditLine
FNDA:1,getCreditLine
FNDA:0,creditRecordMapping
FNDA:1,onlyEAServiceAccount
DA:10,1
DA:11,1
DA:13,1
DA:14,1
DA:18,1
DA:22,0
DA:26,1
DA:27,0
LF:8
LH:6
BRDA:13,1,0,0
BRDA:13,1,1,1
BRDA:26,2,0,0
BRDA:26,2,1,1
BRF:4
BRH:2
end_of_record
TN:
SF:/Users/richard/Huma/huma-contracts/contracts/mock/TestToken.sol
FN:8,constructor
FN:12,give1000To
FN:16,give100000To
FN:20,mint
FN:24,burn
FN:28,decimals
FN:32,supportsInterface
FNF:7
FNH:6
FNDA:138,constructor
FNDA:395,give1000To
FNDA:0,give100000To
FNDA:18,mint
FNDA:3,burn
FNDA:799,decimals
FNDA:24,supportsInterface
DA:9,138
DA:13,395
DA:17,0
DA:21,18
DA:25,3
DA:29,799
DA:33,24
LF:7
LH:6
BRDA:33,1,0,3
BRDA:33,1,1,8
BRF:2
BRH:2
end_of_record
TN:
SF:/Users/richard/Huma/huma-contracts/contracts/openzeppelin/TimelockController.sol
FNF:0
FNH:0
LF:0
LH:0
BRF:0
BRH:0
end_of_record
TN:
SF:/Users/richard/Huma/huma-contracts/contracts/openzeppelin/TransparentUpgradeableProxy.sol
FNF:0
FNH:0
LF:0
LH:0
BRF:0
BRH:0
end_of_record
TN:
SF:/Users/richard/Huma/huma-contracts/contracts/ReceivableFactoringPool.sol
FN:51,changeCreditLine
FN:60,drawdown
FN:71,drawdownWithReceivable
FN:96,onERC721Received
FN:110,onReceivedPayment
FN:140,markPaymentInvalid
FN:160,approveCredit
FN:183,isPaymentProcessed
FN:193,receivableInfoMapping
FN:201,receivableOwnershipMapping
FN:210,_checkReceivableAssetFor
FN:228,_disperseRemainingFunds
FN:239,_checkReceivableRequirement
FN:252,_setReceivableInfo
FN:281,_transferReceivableAsset
FNF:15
FNH:15
FNDA:6,changeCreditLine
FNDA:1,drawdown
FNDA:16,drawdownWithReceivable
FNDA:9,onERC721Received
FNDA:7,onReceivedPayment
FNDA:1,markPaymentInvalid
FNDA:32,approveCredit
FNDA:1,isPaymentProcessed
FNDA:3,receivableInfoMapping
FNDA:1,receivableOwnershipMapping
FNDA:6,_checkReceivableAssetFor
FNDA:1,_disperseRemainingFunds
FNDA:37,_checkReceivableRequirement
FNDA:31,_setReceivableInfo
FNDA:13,_transferReceivableAsset
DA:52,6
DA:53,6
DA:64,1
DA:76,16
DA:77,16
DA:78,16
DA:80,15
DA:82,14
DA:84,13
DA:86,10
DA:87,10
DA:102,9
DA:115,7
DA:116,6
DA:119,5
DA:121,3
DA:123,3
DA:125,3
DA:128,3
DA:130,3
DA:141,1
DA:143,1
DA:144,1
DA:170,32
DA:172,31
DA:175,30
DA:177,29
DA:180,28
DA:190,1
DA:198,3
DA:202,1
DA:216,6
DA:217,6
DA:229,1
DA:230,1
DA:243,37
DA:259,31
DA:265,30
DA:270,30
DA:287,13
DA:289,13
DA:291,13
DA:292,12
DA:295,10
DA:300,10
DA:301,1
DA:303,9
DA:306,2
DA:308,1
LF:49
LH:49
BRDA:80,1,0,1
BRDA:80,1,1,14
BRDA:82,2,0,1
BRDA:82,2,1,13
BRDA:119,3,0,2
BRDA:119,3,1,3
BRDA:125,4,0,1
BRDA:125,4,1,2
BRDA:128,5,0,2
BRDA:128,5,1,1
BRDA:175,6,0,1
BRDA:175,6,1,29
BRDA:243,7,0,1
BRDA:243,7,1,36
BRDA:259,8,0,1
BRDA:259,8,1,30
BRDA:291,9,0,1
BRDA:291,9,1,12
BRDA:292,10,0,10
BRDA:292,10,1,2
BRDA:300,11,0,1
BRDA:300,11,1,9
BRDA:306,12,0,1
BRDA:306,12,1,1
BRF:24
BRH:24
end_of_record
TN:
SF:/Users/richard/Huma/huma-contracts/contracts/ReceivableFactoringPoolStorage.sol
FNF:0
FNH:0
LF:0
LH:0
BRF:0
BRH:0
end_of_record
